[WEB_SQL][PrenameService][2022-08-06 09:05:25][INFO]: <V1.models.teacherModel.TeacherModel object at 0x000001B4B66012A0>
[WEB_SQL][PrenameService][2022-08-06 09:05:25][INFO]: <V1.models.teacherModel.TeacherModel object at 0x000001B4B66012A0>
[WEB_SQL][PrenameService][2022-08-06 09:05:34][INFO]: <V1.models.teacherModel.TeacherModel object at 0x000001B4B6601210>
[WEB_SQL][PrenameService][2022-08-06 09:05:34][INFO]: <V1.models.teacherModel.TeacherModel object at 0x000001B4B6601210>
[WEB_SQL][PrenameService][2022-08-06 09:05:53][INFO]: <V1.models.teacherModel.TeacherModel object at 0x000001B4B6601450>
[WEB_SQL][PrenameService][2022-08-06 09:05:53][INFO]: <V1.models.teacherModel.TeacherModel object at 0x000001B4B6601450>
[WEB_SQL][PrenameService][2022-08-06 09:16:45][INFO]: <V1.models.teacherModel.TeacherModel object at 0x000001C3407011B0>
[WEB_SQL][PrenameService][2022-08-06 09:16:45][INFO]: <V1.models.teacherModel.TeacherModel object at 0x000001C3407011B0>
[WEB_SQL][PrenameService][2022-08-06 09:22:22][INFO]: <V1.models.teacherModel.TeacherModel object at 0x000001B9FB581780>
[WEB_SQL][PrenameService][2022-08-06 09:22:22][INFO]: <V1.models.teacherModel.TeacherModel object at 0x000001B9FB581780>
[WEB_SQL][PrenameService][2022-08-06 09:22:25][INFO]: <V1.models.teacherModel.TeacherModel object at 0x000001B9FB5819F0>
[WEB_SQL][PrenameService][2022-08-06 09:22:25][INFO]: <V1.models.teacherModel.TeacherModel object at 0x000001B9FB5819F0>
[WEB_SQL][PrenameService][2022-08-06 09:23:21][INFO]: <V1.models.teacherModel.TeacherModel object at 0x000001B9FB5824A0>
[WEB_SQL][PrenameService][2022-08-06 09:23:21][INFO]: <V1.models.teacherModel.TeacherModel object at 0x000001B9FB5824A0>
[WEB_SQL][PrenameService][2022-08-06 09:23:42][INFO]: <V1.models.teacherModel.TeacherModel object at 0x000001B9FB582F50>
[WEB_SQL][PrenameService][2022-08-06 09:23:42][INFO]: <V1.models.teacherModel.TeacherModel object at 0x000001B9FB582F50>
[WEB_SQL][PrenameService][2022-08-06 09:23:43][INFO]: <V1.models.teacherModel.TeacherModel object at 0x000001B9FB583640>
[WEB_SQL][PrenameService][2022-08-06 09:23:43][INFO]: <V1.models.teacherModel.TeacherModel object at 0x000001B9FB583640>
[WEB_SQL][PrenameService][2022-08-06 09:23:44][INFO]: <V1.models.teacherModel.TeacherModel object at 0x000001B9FB583D30>
[WEB_SQL][PrenameService][2022-08-06 09:23:44][INFO]: <V1.models.teacherModel.TeacherModel object at 0x000001B9FB583D30>
[WEB_SQL][PrenameService][2022-08-06 09:23:59][INFO]: <V1.models.teacherModel.TeacherModel object at 0x000001B9FB5E8820>
[WEB_SQL][PrenameService][2022-08-06 09:23:59][INFO]: <V1.models.teacherModel.TeacherModel object at 0x000001B9FB5E8820>
[WEB_SQL][PrenameService][2022-08-06 09:24:19][INFO]: <V1.models.teacherModel.TeacherModel object at 0x000001B9FB5E92D0>
[WEB_SQL][PrenameService][2022-08-06 09:24:19][INFO]: <V1.models.teacherModel.TeacherModel object at 0x000001B9FB5E92D0>
[WEB_SQL][PrenameService][2022-08-06 09:24:27][INFO]: <V1.models.teacherModel.TeacherModel object at 0x000001B9FB583CA0>
[WEB_SQL][PrenameService][2022-08-06 09:24:27][INFO]: <V1.models.teacherModel.TeacherModel object at 0x000001B9FB583CA0>
[WEB_SQL][PrenameService][2022-08-06 09:24:34][INFO]: <V1.models.teacherModel.TeacherModel object at 0x000001B9FB583070>
[WEB_SQL][PrenameService][2022-08-06 09:24:34][INFO]: <V1.models.teacherModel.TeacherModel object at 0x000001B9FB583070>
[WEB_SQL][PrenameService][2022-08-06 09:25:53][INFO]: <V1.models.teacherModel.TeacherModel object at 0x000001B9FB5825C0>
[WEB_SQL][PrenameService][2022-08-06 09:25:53][INFO]: <V1.models.teacherModel.TeacherModel object at 0x000001B9FB5825C0>
[WEB_SQL][PrenameService][2022-08-06 09:28:07][INFO]: <V1.models.teacherModel.TeacherModel object at 0x000001B9FB581750>
[WEB_SQL][PrenameService][2022-08-06 09:28:07][INFO]: <V1.models.teacherModel.TeacherModel object at 0x000001B9FB581750>
[WEB_SQL][PrenameService][2022-08-06 09:28:07][INFO]: <V1.models.teacherModel.TeacherModel object at 0x000001B9FB5811E0>
[WEB_SQL][PrenameService][2022-08-06 09:28:07][INFO]: <V1.models.teacherModel.TeacherModel object at 0x000001B9FB5811E0>
[WEB_SQL][PrenameService][2022-08-06 09:28:07][INFO]: <V1.models.teacherModel.TeacherModel object at 0x000001B9FB5E9570>
[WEB_SQL][PrenameService][2022-08-06 09:28:07][INFO]: <V1.models.teacherModel.TeacherModel object at 0x000001B9FB5E9570>
[WEB_SQL][PrenameService][2022-08-06 09:28:07][INFO]: <V1.models.teacherModel.TeacherModel object at 0x000001B9FB5E8610>
[WEB_SQL][PrenameService][2022-08-06 09:28:07][INFO]: <V1.models.teacherModel.TeacherModel object at 0x000001B9FB5E8610>
[WEB_SQL][PrenameService][2022-08-06 09:28:07][INFO]: <V1.models.teacherModel.TeacherModel object at 0x000001B9FB5E8670>
[WEB_SQL][PrenameService][2022-08-06 09:28:07][INFO]: <V1.models.teacherModel.TeacherModel object at 0x000001B9FB5E8670>
[WEB_SQL][PrenameService][2022-08-06 09:28:08][INFO]: <V1.models.teacherModel.TeacherModel object at 0x000001B9FB5E9BA0>
[WEB_SQL][PrenameService][2022-08-06 09:28:08][INFO]: <V1.models.teacherModel.TeacherModel object at 0x000001B9FB5E9BA0>
[WEB_SQL][PrenameService][2022-08-06 09:28:08][INFO]: <V1.models.teacherModel.TeacherModel object at 0x000001B9FB581B10>
[WEB_SQL][PrenameService][2022-08-06 09:28:08][INFO]: <V1.models.teacherModel.TeacherModel object at 0x000001B9FB581B10>
[WEB_SQL][PrenameService][2022-08-06 09:28:08][INFO]: <V1.models.teacherModel.TeacherModel object at 0x000001B9FB581C00>
[WEB_SQL][PrenameService][2022-08-06 09:28:08][INFO]: <V1.models.teacherModel.TeacherModel object at 0x000001B9FB581C00>
[WEB_SQL][PrenameService][2022-08-06 09:29:35][INFO]: <V1.models.teacherModel.TeacherModel object at 0x000001B9FB5827D0>
[WEB_SQL][PrenameService][2022-08-06 09:29:35][INFO]: <V1.models.teacherModel.TeacherModel object at 0x000001B9FB5827D0>
[WEB_SQL][PrenameService][2022-08-06 09:29:38][INFO]: <V1.models.teacherModel.TeacherModel object at 0x000001B9FB582B30>
[WEB_SQL][PrenameService][2022-08-06 09:29:38][INFO]: <V1.models.teacherModel.TeacherModel object at 0x000001B9FB582B30>
[WEB_SQL][PrenameService][2022-08-06 09:29:48][INFO]: <V1.models.teacherModel.TeacherModel object at 0x000001B9FB583820>
[WEB_SQL][PrenameService][2022-08-06 09:29:48][INFO]: <V1.models.teacherModel.TeacherModel object at 0x000001B9FB583820>
[WEB_SQL][PrenameService][2022-08-06 09:36:01][INFO]: <V1.models.teacherModel.TeacherModel object at 0x000001B9FB5E86D0>
[WEB_SQL][PrenameService][2022-08-06 09:36:01][INFO]: <V1.models.teacherModel.TeacherModel object at 0x000001B9FB5E86D0>
[WEB_SQL][PrenameService][2022-08-06 09:36:01][INFO]: <V1.models.teacherModel.TeacherModel object at 0x000001B9FB5E86D0>
[WEB_SQL][PrenameService][2022-08-06 09:36:01][INFO]: <V1.models.teacherModel.TeacherModel object at 0x000001B9FB5E86D0>
[WEB_SQL][PrenameService][2022-08-06 09:36:10][INFO]: <V1.models.teacherModel.TeacherModel object at 0x000001B9FB583E50>
[WEB_SQL][PrenameService][2022-08-06 09:36:10][INFO]: <V1.models.teacherModel.TeacherModel object at 0x000001B9FB583E50>
[WEB_SQL][PrenameService][2022-08-06 09:36:10][INFO]: <V1.models.teacherModel.TeacherModel object at 0x000001B9FB583E50>
[WEB_SQL][PrenameService][2022-08-06 09:36:10][INFO]: <V1.models.teacherModel.TeacherModel object at 0x000001B9FB583E50>
[WEB_SQL][PrenameService][2022-08-06 09:36:10][INFO]: <V1.models.teacherModel.TeacherModel object at 0x000001B9FB583E50>
[WEB_SQL][PrenameService][2022-08-06 09:36:10][INFO]: <V1.models.teacherModel.TeacherModel object at 0x000001B9FB583E50>
[WEB_SQL][PrenameService][2022-08-06 09:37:11][INFO]: <V1.models.teacherModel.TeacherModel object at 0x000001B9FB5838B0>
[WEB_SQL][PrenameService][2022-08-06 09:37:11][INFO]: <V1.models.teacherModel.TeacherModel object at 0x000001B9FB5838B0>
[WEB_SQL][PrenameService][2022-08-06 09:37:46][INFO]: <V1.models.teacherModel.TeacherModel object at 0x000001B9FB581C60>
[WEB_SQL][PrenameService][2022-08-06 09:37:46][INFO]: <V1.models.teacherModel.TeacherModel object at 0x000001B9FB581C60>
[WEB_SQL][PrenameService][2022-08-06 09:37:46][INFO]: <V1.models.teacherModel.TeacherModel object at 0x000001B9FB581C60>
[WEB_SQL][PrenameService][2022-08-06 09:37:46][INFO]: <V1.models.teacherModel.TeacherModel object at 0x000001B9FB581C60>
[WEB_SQL][PrenameService][2022-08-06 09:39:32][INFO]: <V1.models.teacherModel.TeacherModel object at 0x000001B9FB5E8190>
[WEB_SQL][PrenameService][2022-08-06 09:39:32][INFO]: <V1.models.teacherModel.TeacherModel object at 0x000001B9FB5E8190>
[WEB_SQL][PrenameService][2022-08-06 09:39:32][INFO]: <V1.models.teacherModel.TeacherModel object at 0x000001B9FB5E8190>
[WEB_SQL][PrenameService][2022-08-06 09:39:32][INFO]: <V1.models.teacherModel.TeacherModel object at 0x000001B9FB5E8190>
[WEB_SQL][PrenameService][2022-08-06 09:39:36][INFO]: <V1.models.teacherModel.TeacherModel object at 0x000001B9FB5E8B50>
[WEB_SQL][PrenameService][2022-08-06 09:39:36][INFO]: <V1.models.teacherModel.TeacherModel object at 0x000001B9FB5E8B50>
[WEB_SQL][PrenameService][2022-08-06 09:39:36][INFO]: <V1.models.teacherModel.TeacherModel object at 0x000001B9FB5E8B50>
[WEB_SQL][PrenameService][2022-08-06 09:39:36][INFO]: <V1.models.teacherModel.TeacherModel object at 0x000001B9FB5E8B50>
[WEB_SQL][PrenameService][2022-08-06 09:39:38][INFO]: <V1.models.teacherModel.TeacherModel object at 0x000001B9FB5E9F00>
[WEB_SQL][PrenameService][2022-08-06 09:39:38][INFO]: <V1.models.teacherModel.TeacherModel object at 0x000001B9FB5E9F00>
[WEB_SQL][PrenameService][2022-08-06 09:39:38][INFO]: <V1.models.teacherModel.TeacherModel object at 0x000001B9FB5E9F00>
[WEB_SQL][PrenameService][2022-08-06 09:39:38][INFO]: <V1.models.teacherModel.TeacherModel object at 0x000001B9FB5E9F00>
[WEB_SQL][PrenameService][2022-08-06 09:40:19][INFO]: <V1.models.teacherModel.TeacherModel object at 0x000001B9FB581720>
[WEB_SQL][PrenameService][2022-08-06 09:40:19][INFO]: <V1.models.teacherModel.TeacherModel object at 0x000001B9FB581720>
[WEB_SQL][PrenameService][2022-08-06 09:40:19][INFO]: <V1.models.teacherModel.TeacherModel object at 0x000001B9FB581720>
[WEB_SQL][PrenameService][2022-08-06 09:40:19][INFO]: <V1.models.teacherModel.TeacherModel object at 0x000001B9FB581720>
[WEB_SQL][PrenameService][2022-08-06 09:40:28][INFO]: <V1.models.teacherModel.TeacherModel object at 0x000001B9FB581F90>
[WEB_SQL][PrenameService][2022-08-06 09:40:28][INFO]: <V1.models.teacherModel.TeacherModel object at 0x000001B9FB581F90>
[WEB_SQL][PrenameService][2022-08-06 09:40:28][INFO]: <V1.models.teacherModel.TeacherModel object at 0x000001B9FB581F90>
[WEB_SQL][PrenameService][2022-08-06 09:40:28][INFO]: <V1.models.teacherModel.TeacherModel object at 0x000001B9FB581F90>
[WEB_SQL][PrenameService][2022-08-06 09:40:30][INFO]: <V1.models.teacherModel.TeacherModel object at 0x000001B9FB582380>
[WEB_SQL][PrenameService][2022-08-06 09:40:30][INFO]: <V1.models.teacherModel.TeacherModel object at 0x000001B9FB582380>
[WEB_SQL][PrenameService][2022-08-06 09:40:30][INFO]: <V1.models.teacherModel.TeacherModel object at 0x000001B9FB582380>
[WEB_SQL][PrenameService][2022-08-06 09:40:30][INFO]: <V1.models.teacherModel.TeacherModel object at 0x000001B9FB582380>
[WEB_SQL][PrenameService][2022-08-06 09:40:31][INFO]: <V1.models.teacherModel.TeacherModel object at 0x000001B9FB582C20>
[WEB_SQL][PrenameService][2022-08-06 09:40:31][INFO]: <V1.models.teacherModel.TeacherModel object at 0x000001B9FB582C20>
[WEB_SQL][PrenameService][2022-08-06 09:40:31][INFO]: <V1.models.teacherModel.TeacherModel object at 0x000001B9FB582C20>
[WEB_SQL][PrenameService][2022-08-06 09:40:31][INFO]: <V1.models.teacherModel.TeacherModel object at 0x000001B9FB582C20>
[WEB_SQL][PrenameService][2022-08-06 09:41:20][INFO]: <V1.models.teacherModel.TeacherModel object at 0x000001B9FB5839A0>
[WEB_SQL][PrenameService][2022-08-06 09:41:20][INFO]: <V1.models.teacherModel.TeacherModel object at 0x000001B9FB5839A0>
[WEB_SQL][PrenameService][2022-08-06 09:41:20][INFO]: <V1.models.teacherModel.TeacherModel object at 0x000001B9FB5839A0>
[WEB_SQL][PrenameService][2022-08-06 09:41:20][INFO]: <V1.models.teacherModel.TeacherModel object at 0x000001B9FB5839A0>
[WEB_SQL][PrenameService][2022-08-06 09:41:22][INFO]: <V1.models.teacherModel.TeacherModel object at 0x000001B9FB583A90>
[WEB_SQL][PrenameService][2022-08-06 09:41:22][INFO]: <V1.models.teacherModel.TeacherModel object at 0x000001B9FB583A90>
[WEB_SQL][PrenameService][2022-08-06 09:41:22][INFO]: <V1.models.teacherModel.TeacherModel object at 0x000001B9FB583A90>
[WEB_SQL][PrenameService][2022-08-06 09:41:22][INFO]: <V1.models.teacherModel.TeacherModel object at 0x000001B9FB583A90>
[WEB_SQL][PrenameService][2022-08-06 09:42:04][INFO]: <V1.models.teacherModel.TeacherModel object at 0x000001B9FB5E9D50>
[WEB_SQL][PrenameService][2022-08-06 09:42:04][INFO]: <V1.models.teacherModel.TeacherModel object at 0x000001B9FB5E9D50>
[WEB_SQL][PrenameService][2022-08-06 09:42:04][INFO]: <V1.models.teacherModel.TeacherModel object at 0x000001B9FB5E9D50>
[WEB_SQL][PrenameService][2022-08-06 09:42:04][INFO]: <V1.models.teacherModel.TeacherModel object at 0x000001B9FB5E9D50>
[WEB_SQL][PrenameService][2022-08-06 09:42:09][INFO]: <V1.models.teacherModel.TeacherModel object at 0x000001B9FB5E8B80>
[WEB_SQL][PrenameService][2022-08-06 09:42:09][INFO]: <V1.models.teacherModel.TeacherModel object at 0x000001B9FB5E8B80>
[WEB_SQL][PrenameService][2022-08-06 09:42:09][INFO]: <V1.models.teacherModel.TeacherModel object at 0x000001B9FB5E8B80>
[WEB_SQL][PrenameService][2022-08-06 09:42:09][INFO]: <V1.models.teacherModel.TeacherModel object at 0x000001B9FB5E8B80>
[WEB_SQL][PrenameService][2022-08-06 09:43:44][INFO]: <V1.models.teacherModel.TeacherModel object at 0x000001B9FB583AC0>
[WEB_SQL][PrenameService][2022-08-06 09:43:44][INFO]: <V1.models.teacherModel.TeacherModel object at 0x000001B9FB583AC0>
[WEB_SQL][PrenameService][2022-08-06 09:43:44][INFO]: <V1.models.teacherModel.TeacherModel object at 0x000001B9FB583AC0>
[WEB_SQL][PrenameService][2022-08-06 09:43:44][INFO]: <V1.models.teacherModel.TeacherModel object at 0x000001B9FB583AC0>
[WEB_SQL][PrenameService][2022-08-06 09:43:45][INFO]: <V1.models.teacherModel.TeacherModel object at 0x000001B9FB583EB0>
[WEB_SQL][PrenameService][2022-08-06 09:43:45][INFO]: <V1.models.teacherModel.TeacherModel object at 0x000001B9FB583EB0>
[WEB_SQL][PrenameService][2022-08-06 09:45:38][INFO]: <V1.models.teacherModel.TeacherModel object at 0x000001B9FB5E8550>
[WEB_SQL][PrenameService][2022-08-06 09:45:38][INFO]: <V1.models.teacherModel.TeacherModel object at 0x000001B9FB5E8550>
[WEB_SQL][PrenameService][2022-08-06 09:47:00][INFO]: <V1.models.teacherModel.TeacherModel object at 0x000001B9FB5E8C40>
[WEB_SQL][PrenameService][2022-08-06 09:47:00][INFO]: <V1.models.teacherModel.TeacherModel object at 0x000001B9FB5E8C40>
[WEB_SQL][PrenameService][2022-08-06 09:47:00][INFO]: <V1.models.teacherModel.TeacherModel object at 0x000001B9FB5E8C40>
[WEB_SQL][PrenameService][2022-08-06 09:47:00][INFO]: <V1.models.teacherModel.TeacherModel object at 0x000001B9FB5E8C40>
[WEB_SQL][PrenameService][2022-08-06 09:47:01][INFO]: <V1.models.teacherModel.TeacherModel object at 0x000001B9FB5E9C30>
[WEB_SQL][PrenameService][2022-08-06 09:47:01][INFO]: <V1.models.teacherModel.TeacherModel object at 0x000001B9FB5E9C30>
[WEB_SQL][PrenameService][2022-08-06 09:47:58][INFO]: <V1.models.teacherModel.TeacherModel object at 0x000001B9FB5E96C0>
[WEB_SQL][PrenameService][2022-08-06 09:47:58][INFO]: <V1.models.teacherModel.TeacherModel object at 0x000001B9FB5E96C0>
[WEB_SQL][PrenameService][2022-08-06 09:47:58][INFO]: <V1.models.teacherModel.TeacherModel object at 0x000001B9FB5E96C0>
[WEB_SQL][PrenameService][2022-08-06 09:47:58][INFO]: <V1.models.teacherModel.TeacherModel object at 0x000001B9FB5E96C0>
[WEB_SQL][PrenameService][2022-08-06 09:47:59][INFO]: <V1.models.teacherModel.TeacherModel object at 0x000001B9FB5838B0>
[WEB_SQL][PrenameService][2022-08-06 09:47:59][INFO]: <V1.models.teacherModel.TeacherModel object at 0x000001B9FB5838B0>
[WEB_SQL][PrenameService][2022-08-06 09:48:28][INFO]: <V1.models.teacherModel.TeacherModel object at 0x000001B9FB5832B0>
[WEB_SQL][PrenameService][2022-08-06 09:48:28][INFO]: <V1.models.teacherModel.TeacherModel object at 0x000001B9FB5832B0>
[WEB_SQL][PrenameService][2022-08-06 09:48:29][INFO]: <V1.models.teacherModel.TeacherModel object at 0x000001B9FB583790>
[WEB_SQL][PrenameService][2022-08-06 09:48:29][INFO]: <V1.models.teacherModel.TeacherModel object at 0x000001B9FB583790>
[WEB_SQL][PrenameService][2022-08-06 09:48:46][INFO]: <V1.models.teacherModel.TeacherModel object at 0x000001B9FB5819F0>
[WEB_SQL][PrenameService][2022-08-06 09:48:46][INFO]: <V1.models.teacherModel.TeacherModel object at 0x000001B9FB5819F0>
[WEB_SQL][PrenameService][2022-08-06 09:48:52][INFO]: <V1.models.teacherModel.TeacherModel object at 0x000001B9FB582BC0>
[WEB_SQL][PrenameService][2022-08-06 09:48:52][INFO]: <V1.models.teacherModel.TeacherModel object at 0x000001B9FB582BC0>
[WEB_SQL][PrenameService][2022-08-06 09:48:56][INFO]: <V1.models.teacherModel.TeacherModel object at 0x000001B9FB580C70>
[WEB_SQL][PrenameService][2022-08-06 09:48:56][INFO]: <V1.models.teacherModel.TeacherModel object at 0x000001B9FB580C70>
[WEB_SQL][PrenameService][2022-08-06 09:49:00][INFO]: <V1.models.teacherModel.TeacherModel object at 0x000001B9FB583280>
[WEB_SQL][PrenameService][2022-08-06 09:49:00][INFO]: <V1.models.teacherModel.TeacherModel object at 0x000001B9FB583280>
[WEB_SQL][PrenameService][2022-08-06 09:49:03][INFO]: <V1.models.teacherModel.TeacherModel object at 0x000001B9FB5E8DC0>
[WEB_SQL][PrenameService][2022-08-06 09:49:03][INFO]: <V1.models.teacherModel.TeacherModel object at 0x000001B9FB5E8DC0>
[WEB_SQL][PrenameService][2022-08-06 09:49:17][INFO]: <V1.models.teacherModel.TeacherModel object at 0x000001B9FB5EB220>
[WEB_SQL][PrenameService][2022-08-06 09:49:17][INFO]: <V1.models.teacherModel.TeacherModel object at 0x000001B9FB5EB220>
[WEB_SQL][PrenameService][2022-08-06 09:49:20][INFO]: <V1.models.teacherModel.TeacherModel object at 0x000001B9FB582DD0>
[WEB_SQL][PrenameService][2022-08-06 09:49:20][INFO]: <V1.models.teacherModel.TeacherModel object at 0x000001B9FB582DD0>
[WEB_SQL][PrenameService][2022-08-06 09:49:21][INFO]: <V1.models.teacherModel.TeacherModel object at 0x000001B9FB581ED0>
[WEB_SQL][PrenameService][2022-08-06 09:49:21][INFO]: <V1.models.teacherModel.TeacherModel object at 0x000001B9FB581ED0>
[WEB_SQL][PrenameService][2022-08-06 10:38:41][INFO]: <V1.models.teacherModel.TeacherModel object at 0x000001B9FB580EB0>
[WEB_SQL][PrenameService][2022-08-06 10:38:41][INFO]: <V1.models.teacherModel.TeacherModel object at 0x000001B9FB580EB0>
[WEB_SQL][PrenameService][2022-08-06 10:38:42][INFO]: <V1.models.teacherModel.TeacherModel object at 0x000001B9FB583D90>
[WEB_SQL][PrenameService][2022-08-06 10:38:42][INFO]: <V1.models.teacherModel.TeacherModel object at 0x000001B9FB583D90>
[WEB_SQL][PrenameService][2022-08-06 10:38:56][INFO]: <V1.models.teacherModel.TeacherModel object at 0x000001B9FB5836A0>
[WEB_SQL][PrenameService][2022-08-06 10:38:56][INFO]: <V1.models.teacherModel.TeacherModel object at 0x000001B9FB5836A0>
[WEB_SQL][PrenameService][2022-08-06 10:39:08][INFO]: <V1.models.teacherModel.TeacherModel object at 0x000001B9FB582770>
[WEB_SQL][PrenameService][2022-08-06 10:39:08][INFO]: <V1.models.teacherModel.TeacherModel object at 0x000001B9FB582770>
[WEB_SQL][PrenameService][2022-08-06 10:39:54][INFO]: <V1.models.teacherModel.TeacherModel object at 0x000001B9FB5EB190>
[WEB_SQL][PrenameService][2022-08-06 10:39:54][INFO]: <V1.models.teacherModel.TeacherModel object at 0x000001B9FB5EB190>
[WEB_SQL][PrenameService][2022-08-06 10:41:43][INFO]: <V1.models.teacherModel.TeacherModel object at 0x000001B9FB582AD0>
[WEB_SQL][PrenameService][2022-08-06 10:41:43][INFO]: <V1.models.teacherModel.TeacherModel object at 0x000001B9FB582AD0>
[WEB_SQL][PrenameService][2022-08-06 10:42:19][INFO]: <V1.models.teacherModel.TeacherModel object at 0x000001B9FB583CA0>
[WEB_SQL][PrenameService][2022-08-06 10:42:19][INFO]: <V1.models.teacherModel.TeacherModel object at 0x000001B9FB583CA0>
[WEB_SQL][PrenameService][2022-08-06 10:48:35][INFO]: <V1.models.teacherModel.TeacherModel object at 0x000001B9FB583BE0>
[WEB_SQL][PrenameService][2022-08-06 10:48:35][INFO]: <V1.models.teacherModel.TeacherModel object at 0x000001B9FB583BE0>
[WEB_SQL][PrenameService][2022-08-06 10:48:36][INFO]: <V1.models.teacherModel.TeacherModel object at 0x000001B9FB582800>
[WEB_SQL][PrenameService][2022-08-06 10:48:36][INFO]: <V1.models.teacherModel.TeacherModel object at 0x000001B9FB582800>
[WEB_SQL][PrenameService][2022-08-06 10:48:41][INFO]: <V1.models.teacherModel.TeacherModel object at 0x000001B9FB5E8520>
[WEB_SQL][PrenameService][2022-08-06 10:48:41][INFO]: <V1.models.teacherModel.TeacherModel object at 0x000001B9FB5E8520>
[WEB_SQL][PrenameService][2022-08-06 10:48:43][INFO]: <V1.models.teacherModel.TeacherModel object at 0x000001B9FB5824D0>
[WEB_SQL][PrenameService][2022-08-06 10:48:43][INFO]: <V1.models.teacherModel.TeacherModel object at 0x000001B9FB5824D0>
[WEB_SQL][PrenameService][2022-08-06 10:48:44][INFO]: <V1.models.teacherModel.TeacherModel object at 0x000001B9FB5E8FA0>
[WEB_SQL][PrenameService][2022-08-06 10:48:44][INFO]: <V1.models.teacherModel.TeacherModel object at 0x000001B9FB5E8FA0>
[WEB_SQL][PrenameService][2022-08-06 10:48:46][INFO]: <V1.models.teacherModel.TeacherModel object at 0x000001B9FB582710>
[WEB_SQL][PrenameService][2022-08-06 10:48:46][INFO]: <V1.models.teacherModel.TeacherModel object at 0x000001B9FB582710>
[WEB_SQL][PrenameService][2022-08-06 10:48:47][INFO]: <V1.models.teacherModel.TeacherModel object at 0x000001B9FB582B90>
[WEB_SQL][PrenameService][2022-08-06 10:48:47][INFO]: <V1.models.teacherModel.TeacherModel object at 0x000001B9FB582B90>
[WEB_SQL][PrenameService][2022-08-06 10:48:48][INFO]: <V1.models.teacherModel.TeacherModel object at 0x000001B9FB581840>
[WEB_SQL][PrenameService][2022-08-06 10:48:48][INFO]: <V1.models.teacherModel.TeacherModel object at 0x000001B9FB581840>
[WEB_SQL][PrenameService][2022-08-06 10:49:01][INFO]: <V1.models.teacherModel.TeacherModel object at 0x000001B9FB583DF0>
[WEB_SQL][PrenameService][2022-08-06 10:49:01][INFO]: <V1.models.teacherModel.TeacherModel object at 0x000001B9FB583DF0>
[WEB_SQL][PrenameService][2022-08-06 10:49:55][INFO]: <V1.models.teacherModel.TeacherModel object at 0x000001B9FB580BE0>
[WEB_SQL][PrenameService][2022-08-06 10:49:55][INFO]: <V1.models.teacherModel.TeacherModel object at 0x000001B9FB580BE0>
[WEB_SQL][PrenameService][2022-08-06 10:50:04][INFO]: <V1.models.teacherModel.TeacherModel object at 0x000001B9FB582680>
[WEB_SQL][PrenameService][2022-08-06 10:50:04][INFO]: <V1.models.teacherModel.TeacherModel object at 0x000001B9FB582680>
[WEB_SQL][PrenameService][2022-08-06 10:50:10][INFO]: <V1.models.teacherModel.TeacherModel object at 0x000001B9FB5830D0>
[WEB_SQL][PrenameService][2022-08-06 10:50:10][INFO]: <V1.models.teacherModel.TeacherModel object at 0x000001B9FB5830D0>
[WEB_SQL][PrenameService][2022-08-06 10:50:11][INFO]: <V1.models.teacherModel.TeacherModel object at 0x000001B9FB583D90>
[WEB_SQL][PrenameService][2022-08-06 10:50:11][INFO]: <V1.models.teacherModel.TeacherModel object at 0x000001B9FB583D90>
[WEB_SQL][PrenameService][2022-08-06 10:50:20][INFO]: <V1.models.teacherModel.TeacherModel object at 0x000001B9FB5E91B0>
[WEB_SQL][PrenameService][2022-08-06 10:50:20][INFO]: <V1.models.teacherModel.TeacherModel object at 0x000001B9FB5E91B0>
[WEB_SQL][PrenameService][2022-08-06 10:50:42][INFO]: <V1.models.teacherModel.TeacherModel object at 0x000001B9FB580FA0>
[WEB_SQL][PrenameService][2022-08-06 10:50:42][INFO]: <V1.models.teacherModel.TeacherModel object at 0x000001B9FB580FA0>
[WEB_SQL][PrenameService][2022-08-06 10:50:47][INFO]: <V1.models.teacherModel.TeacherModel object at 0x000001B9FB581AE0>
[WEB_SQL][PrenameService][2022-08-06 10:50:47][INFO]: <V1.models.teacherModel.TeacherModel object at 0x000001B9FB581AE0>
[WEB_SQL][UserRepository][2022-08-06 10:53:08][INFO]: QUERY : (SELECT u.user_id,u.user_username, u.user_firstname, u.user_lastname,u.user_prename,pt.prename_text, u.user_email, u.user_type,  IF((SELECT COUNT(*) FROM users u WHERE u.user_username='test_admin')>0,1,0) AS USER_EXIST , IF((SELECT COUNT(*) FROM users u WHERE u.user_username = 'test_admin' AND u.user_password='test_password' )>0, 1,0) AS USER_LOGIN FROM users u INNER JOIN prename_list pt ON pt.prename_id = u.user_prename WHERE u.enable='Y' AND pt.enable='Y' AND u.user_username='test_admin' AND u.user_password='test_password' LIMIT 1) 
[WEB_SQL][PrenameService][2022-08-06 10:53:09][INFO]: <V1.models.teacherModel.TeacherModel object at 0x000001B9FB5E9A80>
[WEB_SQL][PrenameService][2022-08-06 10:53:09][INFO]: <V1.models.teacherModel.TeacherModel object at 0x000001B9FB5E9A80>
[WEB_SQL][PrenameService][2022-08-06 10:53:11][INFO]: <V1.models.teacherModel.TeacherModel object at 0x000001B9FB582620>
[WEB_SQL][PrenameService][2022-08-06 10:53:11][INFO]: <V1.models.teacherModel.TeacherModel object at 0x000001B9FB582620>
[WEB_SQL][PrenameService][2022-08-06 10:54:28][INFO]: <V1.models.teacherModel.TeacherModel object at 0x000001B9FB5837F0>
[WEB_SQL][PrenameService][2022-08-06 10:54:28][INFO]: <V1.models.teacherModel.TeacherModel object at 0x000001B9FB5837F0>
[WEB_SQL][PrenameService][2022-08-06 10:54:31][INFO]: <V1.models.teacherModel.TeacherModel object at 0x000001B9FB580CD0>
[WEB_SQL][PrenameService][2022-08-06 10:54:31][INFO]: <V1.models.teacherModel.TeacherModel object at 0x000001B9FB580CD0>
[WEB_SQL][PrenameService][2022-08-06 10:54:47][INFO]: <V1.models.teacherModel.TeacherModel object at 0x000001B9FB583370>
[WEB_SQL][PrenameService][2022-08-06 10:54:47][INFO]: <V1.models.teacherModel.TeacherModel object at 0x000001B9FB583370>
[WEB_SQL][PrenameService][2022-08-06 10:54:51][INFO]: <V1.models.teacherModel.TeacherModel object at 0x000001B9FB5810C0>
[WEB_SQL][PrenameService][2022-08-06 10:54:51][INFO]: <V1.models.teacherModel.TeacherModel object at 0x000001B9FB5810C0>
[WEB_SQL][PrenameService][2022-08-06 10:54:58][INFO]: <V1.models.teacherModel.TeacherModel object at 0x000001B9FB583910>
[WEB_SQL][PrenameService][2022-08-06 10:54:58][INFO]: <V1.models.teacherModel.TeacherModel object at 0x000001B9FB583910>
[WEB_SQL][PrenameService][2022-08-06 10:56:30][INFO]: <V1.models.teacherModel.TeacherModel object at 0x000001B9FB5EA950>
[WEB_SQL][PrenameService][2022-08-06 10:56:30][INFO]: <V1.models.teacherModel.TeacherModel object at 0x000001B9FB5EA950>
[WEB_SQL][PrenameService][2022-08-06 10:56:31][INFO]: <V1.models.teacherModel.TeacherModel object at 0x000001B9FB582B30>
[WEB_SQL][PrenameService][2022-08-06 10:56:31][INFO]: <V1.models.teacherModel.TeacherModel object at 0x000001B9FB582B30>
[WEB_SQL][PrenameService][2022-08-06 10:57:50][INFO]: <V1.models.teacherModel.TeacherModel object at 0x000001B9FB5EB5E0>
[WEB_SQL][PrenameService][2022-08-06 10:57:50][INFO]: <V1.models.teacherModel.TeacherModel object at 0x000001B9FB5EB5E0>
[WEB_SQL][PrenameService][2022-08-06 10:57:52][INFO]: <V1.models.teacherModel.TeacherModel object at 0x000001B9FB5EA140>
[WEB_SQL][PrenameService][2022-08-06 10:57:52][INFO]: <V1.models.teacherModel.TeacherModel object at 0x000001B9FB5EA140>
[WEB_SQL][PrenameService][2022-08-06 10:57:58][INFO]: <V1.models.teacherModel.TeacherModel object at 0x000001B9FB5EAF50>
[WEB_SQL][PrenameService][2022-08-06 10:57:58][INFO]: <V1.models.teacherModel.TeacherModel object at 0x000001B9FB5EAF50>
[WEB_SQL][PrenameService][2022-08-06 10:57:59][INFO]: <V1.models.teacherModel.TeacherModel object at 0x000001B9FB583C70>
[WEB_SQL][PrenameService][2022-08-06 10:57:59][INFO]: <V1.models.teacherModel.TeacherModel object at 0x000001B9FB583C70>
[WEB_SQL][PrenameService][2022-08-06 10:58:00][INFO]: <V1.models.teacherModel.TeacherModel object at 0x000001B9FB582E00>
[WEB_SQL][PrenameService][2022-08-06 10:58:00][INFO]: <V1.models.teacherModel.TeacherModel object at 0x000001B9FB582E00>
[WEB_SQL][PrenameService][2022-08-06 10:58:20][INFO]: <V1.models.teacherModel.TeacherModel object at 0x000001B9FB583E80>
[WEB_SQL][PrenameService][2022-08-06 10:58:20][INFO]: <V1.models.teacherModel.TeacherModel object at 0x000001B9FB583E80>
[WEB_SQL][PrenameService][2022-08-06 10:58:26][INFO]: <V1.models.teacherModel.TeacherModel object at 0x000001B9FB581F60>
[WEB_SQL][PrenameService][2022-08-06 10:58:26][INFO]: <V1.models.teacherModel.TeacherModel object at 0x000001B9FB581F60>
[WEB_SQL][PrenameService][2022-08-06 10:58:33][INFO]: <V1.models.teacherModel.TeacherModel object at 0x000001B9FB582DA0>
[WEB_SQL][PrenameService][2022-08-06 10:58:33][INFO]: <V1.models.teacherModel.TeacherModel object at 0x000001B9FB582DA0>
[WEB_SQL][PrenameService][2022-08-06 10:58:47][INFO]: <V1.models.teacherModel.TeacherModel object at 0x000001B9FB5837F0>
[WEB_SQL][PrenameService][2022-08-06 10:58:47][INFO]: <V1.models.teacherModel.TeacherModel object at 0x000001B9FB5837F0>
[WEB_SQL][PrenameService][2022-08-06 10:58:58][INFO]: <V1.models.teacherModel.TeacherModel object at 0x000001B9FB5E9EA0>
[WEB_SQL][PrenameService][2022-08-06 10:58:58][INFO]: <V1.models.teacherModel.TeacherModel object at 0x000001B9FB5E9EA0>
[WEB_SQL][PrenameService][2022-08-06 10:59:05][INFO]: <V1.models.teacherModel.TeacherModel object at 0x000001B9FB5837F0>
[WEB_SQL][PrenameService][2022-08-06 10:59:05][INFO]: <V1.models.teacherModel.TeacherModel object at 0x000001B9FB5837F0>
[WEB_SQL][PrenameService][2022-08-06 10:59:07][INFO]: <V1.models.teacherModel.TeacherModel object at 0x000001B9FB5825F0>
[WEB_SQL][PrenameService][2022-08-06 10:59:07][INFO]: <V1.models.teacherModel.TeacherModel object at 0x000001B9FB5825F0>
[WEB_SQL][PrenameService][2022-08-06 10:59:26][INFO]: <V1.models.teacherModel.TeacherModel object at 0x000001B9FB580F40>
[WEB_SQL][PrenameService][2022-08-06 10:59:26][INFO]: <V1.models.teacherModel.TeacherModel object at 0x000001B9FB580F40>
[WEB_SQL][PrenameService][2022-08-06 10:59:27][INFO]: <V1.models.teacherModel.TeacherModel object at 0x000001B9FB582560>
[WEB_SQL][PrenameService][2022-08-06 10:59:27][INFO]: <V1.models.teacherModel.TeacherModel object at 0x000001B9FB582560>
[WEB_SQL][PrenameService][2022-08-06 10:59:30][INFO]: <V1.models.teacherModel.TeacherModel object at 0x000001B9FB581F60>
[WEB_SQL][PrenameService][2022-08-06 10:59:30][INFO]: <V1.models.teacherModel.TeacherModel object at 0x000001B9FB581F60>
[WEB_SQL][PrenameService][2022-08-06 11:03:53][INFO]: <V1.models.teacherModel.TeacherModel object at 0x000001B9FB582E60>
[WEB_SQL][PrenameService][2022-08-06 11:03:53][INFO]: <V1.models.teacherModel.TeacherModel object at 0x000001B9FB582E60>
[WEB_SQL][PrenameService][2022-08-06 11:03:53][INFO]: <V1.models.teacherModel.TeacherModel object at 0x000001B9FB582EC0>
[WEB_SQL][PrenameService][2022-08-06 11:03:53][INFO]: <V1.models.teacherModel.TeacherModel object at 0x000001B9FB582EC0>
[WEB_SQL][PrenameService][2022-08-06 11:03:53][INFO]: <V1.models.teacherModel.TeacherModel object at 0x000001B9FB5EB6A0>
[WEB_SQL][PrenameService][2022-08-06 11:03:53][INFO]: <V1.models.teacherModel.TeacherModel object at 0x000001B9FB5EB6A0>
[WEB_SQL][PrenameService][2022-08-06 11:03:55][INFO]: <V1.models.teacherModel.TeacherModel object at 0x000001B9FB5EAD40>
[WEB_SQL][PrenameService][2022-08-06 11:03:55][INFO]: <V1.models.teacherModel.TeacherModel object at 0x000001B9FB5EAD40>
[WEB_SQL][PrenameService][2022-08-06 11:03:56][INFO]: <V1.models.teacherModel.TeacherModel object at 0x000001B9FB5E89A0>
[WEB_SQL][PrenameService][2022-08-06 11:03:56][INFO]: <V1.models.teacherModel.TeacherModel object at 0x000001B9FB5E89A0>
[WEB_SQL][PrenameService][2022-08-06 11:03:58][INFO]: <V1.models.teacherModel.TeacherModel object at 0x000001B9FB583910>
[WEB_SQL][PrenameService][2022-08-06 11:03:58][INFO]: <V1.models.teacherModel.TeacherModel object at 0x000001B9FB583910>
[WEB_SQL][PrenameService][2022-08-06 11:04:10][INFO]: <V1.models.teacherModel.TeacherModel object at 0x000001B9FB583BB0>
[WEB_SQL][PrenameService][2022-08-06 11:04:10][INFO]: <V1.models.teacherModel.TeacherModel object at 0x000001B9FB583BB0>
[WEB_SQL][PrenameService][2022-08-06 11:04:10][INFO]: <V1.models.teacherModel.TeacherModel object at 0x000001B9FB583790>
[WEB_SQL][PrenameService][2022-08-06 11:04:10][INFO]: <V1.models.teacherModel.TeacherModel object at 0x000001B9FB583790>
[WEB_SQL][PrenameService][2022-08-06 11:04:21][INFO]: <V1.models.teacherModel.TeacherModel object at 0x000001B9FB5832E0>
[WEB_SQL][PrenameService][2022-08-06 11:04:21][INFO]: <V1.models.teacherModel.TeacherModel object at 0x000001B9FB5832E0>
[WEB_SQL][PrenameService][2022-08-06 11:04:22][INFO]: <V1.models.teacherModel.TeacherModel object at 0x000001B9FB581A20>
[WEB_SQL][PrenameService][2022-08-06 11:04:22][INFO]: <V1.models.teacherModel.TeacherModel object at 0x000001B9FB581A20>
[WEB_SQL][PrenameService][2022-08-06 11:04:29][INFO]: <V1.models.teacherModel.TeacherModel object at 0x000001B9FB583EE0>
[WEB_SQL][PrenameService][2022-08-06 11:04:29][INFO]: <V1.models.teacherModel.TeacherModel object at 0x000001B9FB583EE0>
[WEB_SQL][PrenameService][2022-08-06 11:05:08][INFO]: <V1.models.teacherModel.TeacherModel object at 0x000001B9FB582830>
[WEB_SQL][PrenameService][2022-08-06 11:05:08][INFO]: <V1.models.teacherModel.TeacherModel object at 0x000001B9FB582830>
[WEB_SQL][PrenameService][2022-08-06 11:05:09][INFO]: <V1.models.teacherModel.TeacherModel object at 0x000001B9FB5825F0>
[WEB_SQL][PrenameService][2022-08-06 11:05:09][INFO]: <V1.models.teacherModel.TeacherModel object at 0x000001B9FB5825F0>
[WEB_SQL][PrenameService][2022-08-06 11:06:18][INFO]: <V1.models.teacherModel.TeacherModel object at 0x000001B9FB5817E0>
[WEB_SQL][PrenameService][2022-08-06 11:06:18][INFO]: <V1.models.teacherModel.TeacherModel object at 0x000001B9FB5817E0>
[WEB_SQL][PrenameService][2022-08-06 11:08:25][INFO]: <V1.models.teacherModel.TeacherModel object at 0x000001B9FB581DB0>
[WEB_SQL][PrenameService][2022-08-06 11:08:25][INFO]: <V1.models.teacherModel.TeacherModel object at 0x000001B9FB581DB0>
[WEB_SQL][PrenameService][2022-08-06 11:08:26][INFO]: <V1.models.teacherModel.TeacherModel object at 0x000001B9FB581480>
[WEB_SQL][PrenameService][2022-08-06 11:08:26][INFO]: <V1.models.teacherModel.TeacherModel object at 0x000001B9FB581480>
[WEB_SQL][PrenameService][2022-08-06 11:08:39][INFO]: <V1.models.teacherModel.TeacherModel object at 0x000001B9FB5EA3E0>
[WEB_SQL][PrenameService][2022-08-06 11:08:39][INFO]: <V1.models.teacherModel.TeacherModel object at 0x000001B9FB5EA3E0>
[WEB_SQL][PrenameService][2022-08-06 11:18:58][INFO]: <V1.models.teacherModel.TeacherModel object at 0x000001B9FB5E9AB0>
[WEB_SQL][PrenameService][2022-08-06 11:18:58][INFO]: <V1.models.teacherModel.TeacherModel object at 0x000001B9FB5E9AB0>
[WEB_SQL][PrenameService][2022-08-06 11:19:37][INFO]: <V1.models.teacherModel.TeacherModel object at 0x000001B9FB580CD0>
[WEB_SQL][PrenameService][2022-08-06 11:19:37][INFO]: <V1.models.teacherModel.TeacherModel object at 0x000001B9FB580CD0>
[WEB_SQL][PrenameService][2022-08-06 11:19:57][INFO]: <V1.models.teacherModel.TeacherModel object at 0x000001B9FB5E9A50>
[WEB_SQL][PrenameService][2022-08-06 11:19:57][INFO]: <V1.models.teacherModel.TeacherModel object at 0x000001B9FB5E9A50>
[WEB_SQL][PrenameService][2022-08-06 11:20:33][INFO]: <V1.models.teacherModel.TeacherModel object at 0x000001B9FB5E8490>
[WEB_SQL][PrenameService][2022-08-06 11:20:33][INFO]: <V1.models.teacherModel.TeacherModel object at 0x000001B9FB5E8490>
[WEB_SQL][PrenameService][2022-08-06 11:21:58][INFO]: <V1.models.teacherModel.TeacherModel object at 0x000001B9FB5E9C90>
[WEB_SQL][PrenameService][2022-08-06 11:21:58][INFO]: <V1.models.teacherModel.TeacherModel object at 0x000001B9FB5E9C90>
[WEB_SQL][PrenameService][2022-08-06 11:22:00][INFO]: <V1.models.teacherModel.TeacherModel object at 0x000001B9FB5EB280>
[WEB_SQL][PrenameService][2022-08-06 11:22:00][INFO]: <V1.models.teacherModel.TeacherModel object at 0x000001B9FB5EB280>
[WEB_SQL][PrenameService][2022-08-06 11:22:19][INFO]: <V1.models.teacherModel.TeacherModel object at 0x000001B9FB5E8220>
[WEB_SQL][PrenameService][2022-08-06 11:22:19][INFO]: <V1.models.teacherModel.TeacherModel object at 0x000001B9FB5E8220>
[WEB_SQL][PrenameService][2022-08-06 11:22:20][INFO]: <V1.models.teacherModel.TeacherModel object at 0x000001B9FB5EBDC0>
[WEB_SQL][PrenameService][2022-08-06 11:22:20][INFO]: <V1.models.teacherModel.TeacherModel object at 0x000001B9FB5EBDC0>
[WEB_SQL][PrenameService][2022-08-06 11:22:30][INFO]: <V1.models.teacherModel.TeacherModel object at 0x000001B9FB5EA230>
[WEB_SQL][PrenameService][2022-08-06 11:22:30][INFO]: <V1.models.teacherModel.TeacherModel object at 0x000001B9FB5EA230>
[WEB_SQL][PrenameService][2022-08-06 11:22:31][INFO]: <V1.models.teacherModel.TeacherModel object at 0x000001B9FB5EA5C0>
[WEB_SQL][PrenameService][2022-08-06 11:22:31][INFO]: <V1.models.teacherModel.TeacherModel object at 0x000001B9FB5EA5C0>
[WEB_SQL][PrenameService][2022-08-06 11:23:44][INFO]: <V1.models.teacherModel.TeacherModel object at 0x000001B9FB5E8EE0>
[WEB_SQL][PrenameService][2022-08-06 11:23:44][INFO]: <V1.models.teacherModel.TeacherModel object at 0x000001B9FB5E8EE0>
[WEB_SQL][PrenameService][2022-08-06 11:23:55][INFO]: <V1.models.teacherModel.TeacherModel object at 0x000001B9FB5E81C0>
[WEB_SQL][PrenameService][2022-08-06 11:23:55][INFO]: <V1.models.teacherModel.TeacherModel object at 0x000001B9FB5E81C0>
[WEB_SQL][PrenameService][2022-08-06 11:23:57][INFO]: <V1.models.teacherModel.TeacherModel object at 0x000001B9FB5E8100>
[WEB_SQL][PrenameService][2022-08-06 11:23:57][INFO]: <V1.models.teacherModel.TeacherModel object at 0x000001B9FB5E8100>
[WEB_SQL][PrenameService][2022-08-06 11:24:30][INFO]: <V1.models.teacherModel.TeacherModel object at 0x000001B9FB5EACE0>
[WEB_SQL][PrenameService][2022-08-06 11:24:30][INFO]: <V1.models.teacherModel.TeacherModel object at 0x000001B9FB5EACE0>
[WEB_SQL][PrenameService][2022-08-06 11:25:23][INFO]: <V1.models.teacherModel.TeacherModel object at 0x000001B9FB5EB760>
[WEB_SQL][PrenameService][2022-08-06 11:25:23][INFO]: <V1.models.teacherModel.TeacherModel object at 0x000001B9FB5EB760>
[WEB_SQL][PrenameService][2022-08-06 11:25:37][INFO]: <V1.models.teacherModel.TeacherModel object at 0x000001B9FB5819C0>
[WEB_SQL][PrenameService][2022-08-06 11:25:37][INFO]: <V1.models.teacherModel.TeacherModel object at 0x000001B9FB5819C0>
[WEB_SQL][PrenameService][2022-08-06 11:25:38][INFO]: <V1.models.teacherModel.TeacherModel object at 0x000001B9FB5E9540>
[WEB_SQL][PrenameService][2022-08-06 11:25:38][INFO]: <V1.models.teacherModel.TeacherModel object at 0x000001B9FB5E9540>
[WEB_SQL][PrenameService][2022-08-06 11:26:03][INFO]: <V1.models.teacherModel.TeacherModel object at 0x000001B9FB5E9E70>
[WEB_SQL][PrenameService][2022-08-06 11:26:03][INFO]: <V1.models.teacherModel.TeacherModel object at 0x000001B9FB5E9E70>
[WEB_SQL][PrenameService][2022-08-06 11:26:04][INFO]: <V1.models.teacherModel.TeacherModel object at 0x000001B9FB5EB2B0>
[WEB_SQL][PrenameService][2022-08-06 11:26:04][INFO]: <V1.models.teacherModel.TeacherModel object at 0x000001B9FB5EB2B0>
[WEB_SQL][PrenameService][2022-08-06 11:26:05][INFO]: <V1.models.teacherModel.TeacherModel object at 0x000001B9FB5E9FC0>
[WEB_SQL][PrenameService][2022-08-06 11:26:05][INFO]: <V1.models.teacherModel.TeacherModel object at 0x000001B9FB5E9FC0>
[WEB_SQL][PrenameService][2022-08-06 11:26:44][INFO]: <V1.models.teacherModel.TeacherModel object at 0x000001B9FB5EB4C0>
[WEB_SQL][PrenameService][2022-08-06 11:26:44][INFO]: <V1.models.teacherModel.TeacherModel object at 0x000001B9FB5EB4C0>
[WEB_SQL][PrenameService][2022-08-06 11:26:45][INFO]: <V1.models.teacherModel.TeacherModel object at 0x000001B9FB5EA230>
[WEB_SQL][PrenameService][2022-08-06 11:26:45][INFO]: <V1.models.teacherModel.TeacherModel object at 0x000001B9FB5EA230>
[WEB_SQL][PrenameService][2022-08-06 11:26:55][INFO]: <V1.models.teacherModel.TeacherModel object at 0x000001B9FB5EAEF0>
[WEB_SQL][PrenameService][2022-08-06 11:26:55][INFO]: <V1.models.teacherModel.TeacherModel object at 0x000001B9FB5EAEF0>
[WEB_SQL][PrenameService][2022-08-06 11:26:56][INFO]: <V1.models.teacherModel.TeacherModel object at 0x000001B9FB5EABF0>
[WEB_SQL][PrenameService][2022-08-06 11:26:56][INFO]: <V1.models.teacherModel.TeacherModel object at 0x000001B9FB5EABF0>
[WEB_SQL][PrenameService][2022-08-06 11:27:02][INFO]: <V1.models.teacherModel.TeacherModel object at 0x000001B9FB5E85E0>
[WEB_SQL][PrenameService][2022-08-06 11:27:02][INFO]: <V1.models.teacherModel.TeacherModel object at 0x000001B9FB5E85E0>
[WEB_SQL][PrenameService][2022-08-06 11:27:04][INFO]: <V1.models.teacherModel.TeacherModel object at 0x000001B9FB5EAE30>
[WEB_SQL][PrenameService][2022-08-06 11:27:04][INFO]: <V1.models.teacherModel.TeacherModel object at 0x000001B9FB5EAE30>
[WEB_SQL][PrenameService][2022-08-06 11:27:05][INFO]: <V1.models.teacherModel.TeacherModel object at 0x000001B9FB580E50>
[WEB_SQL][PrenameService][2022-08-06 11:27:05][INFO]: <V1.models.teacherModel.TeacherModel object at 0x000001B9FB580E50>
[WEB_SQL][PrenameService][2022-08-06 11:27:37][INFO]: <V1.models.teacherModel.TeacherModel object at 0x000001B9FB580BB0>
[WEB_SQL][PrenameService][2022-08-06 11:27:37][INFO]: <V1.models.teacherModel.TeacherModel object at 0x000001B9FB580BB0>
[WEB_SQL][PrenameService][2022-08-06 11:27:38][INFO]: <V1.models.teacherModel.TeacherModel object at 0x000001B9FB5EB970>
[WEB_SQL][PrenameService][2022-08-06 11:27:38][INFO]: <V1.models.teacherModel.TeacherModel object at 0x000001B9FB5EB970>
[WEB_SQL][PrenameService][2022-08-06 11:28:14][INFO]: <V1.models.teacherModel.TeacherModel object at 0x000001B9FB5EB640>
[WEB_SQL][PrenameService][2022-08-06 11:28:14][INFO]: <V1.models.teacherModel.TeacherModel object at 0x000001B9FB5EB640>
[WEB_SQL][PrenameService][2022-08-06 11:28:28][INFO]: <V1.models.teacherModel.TeacherModel object at 0x000001B9FB5E9300>
[WEB_SQL][PrenameService][2022-08-06 11:28:28][INFO]: <V1.models.teacherModel.TeacherModel object at 0x000001B9FB5E9300>
[WEB_SQL][PrenameService][2022-08-06 11:28:33][INFO]: <V1.models.teacherModel.TeacherModel object at 0x000001B9FB5E8910>
[WEB_SQL][PrenameService][2022-08-06 11:28:33][INFO]: <V1.models.teacherModel.TeacherModel object at 0x000001B9FB5E8910>
[WEB_SQL][PrenameService][2022-08-06 11:28:37][INFO]: <V1.models.teacherModel.TeacherModel object at 0x000001B9FB5E82E0>
[WEB_SQL][PrenameService][2022-08-06 11:28:37][INFO]: <V1.models.teacherModel.TeacherModel object at 0x000001B9FB5E82E0>
[WEB_SQL][PrenameService][2022-08-06 11:28:41][INFO]: <V1.models.teacherModel.TeacherModel object at 0x000001B9FB5E8AC0>
[WEB_SQL][PrenameService][2022-08-06 11:28:41][INFO]: <V1.models.teacherModel.TeacherModel object at 0x000001B9FB5E8AC0>
[WEB_SQL][PrenameService][2022-08-06 11:28:49][INFO]: <V1.models.teacherModel.TeacherModel object at 0x000001B9FB5828F0>
[WEB_SQL][PrenameService][2022-08-06 11:28:49][INFO]: <V1.models.teacherModel.TeacherModel object at 0x000001B9FB5828F0>
[WEB_SQL][PrenameService][2022-08-06 11:28:53][INFO]: <V1.models.teacherModel.TeacherModel object at 0x000001B9FB5826B0>
[WEB_SQL][PrenameService][2022-08-06 11:28:53][INFO]: <V1.models.teacherModel.TeacherModel object at 0x000001B9FB5826B0>
[WEB_SQL][PrenameService][2022-08-06 11:28:56][INFO]: <V1.models.teacherModel.TeacherModel object at 0x000001B9FB5815A0>
[WEB_SQL][PrenameService][2022-08-06 11:28:56][INFO]: <V1.models.teacherModel.TeacherModel object at 0x000001B9FB5815A0>
[WEB_SQL][PrenameService][2022-08-06 11:29:00][INFO]: <V1.models.teacherModel.TeacherModel object at 0x000001B9FB5E98A0>
[WEB_SQL][PrenameService][2022-08-06 11:29:00][INFO]: <V1.models.teacherModel.TeacherModel object at 0x000001B9FB5E98A0>
[WEB_SQL][PrenameService][2022-08-06 11:29:03][INFO]: <V1.models.teacherModel.TeacherModel object at 0x000001B9FB5E8A00>
[WEB_SQL][PrenameService][2022-08-06 11:29:03][INFO]: <V1.models.teacherModel.TeacherModel object at 0x000001B9FB5E8A00>
[WEB_SQL][PrenameService][2022-08-06 11:29:42][INFO]: <V1.models.teacherModel.TeacherModel object at 0x000001B9FB5E95A0>
[WEB_SQL][PrenameService][2022-08-06 11:29:42][INFO]: <V1.models.teacherModel.TeacherModel object at 0x000001B9FB5E95A0>
[WEB_SQL][PrenameService][2022-08-06 11:30:42][INFO]: <V1.models.teacherModel.TeacherModel object at 0x000001B9FB5EAB90>
[WEB_SQL][PrenameService][2022-08-06 11:30:42][INFO]: <V1.models.teacherModel.TeacherModel object at 0x000001B9FB5EAB90>
[WEB_SQL][PrenameService][2022-08-06 11:31:25][INFO]: <V1.models.teacherModel.TeacherModel object at 0x000001B9FB5E9F60>
[WEB_SQL][PrenameService][2022-08-06 11:31:25][INFO]: <V1.models.teacherModel.TeacherModel object at 0x000001B9FB5E9F60>
[WEB_SQL][PrenameService][2022-08-06 11:31:32][INFO]: <V1.models.teacherModel.TeacherModel object at 0x000001B9FB5E95D0>
[WEB_SQL][PrenameService][2022-08-06 11:31:32][INFO]: <V1.models.teacherModel.TeacherModel object at 0x000001B9FB5E95D0>
[WEB_SQL][PrenameService][2022-08-06 11:31:34][INFO]: <V1.models.teacherModel.TeacherModel object at 0x000001B9FB5EAC20>
[WEB_SQL][PrenameService][2022-08-06 11:31:34][INFO]: <V1.models.teacherModel.TeacherModel object at 0x000001B9FB5EAC20>
[WEB_SQL][PrenameService][2022-08-06 11:31:36][INFO]: <V1.models.teacherModel.TeacherModel object at 0x000001B9FB581090>
[WEB_SQL][PrenameService][2022-08-06 11:31:36][INFO]: <V1.models.teacherModel.TeacherModel object at 0x000001B9FB581090>
[WEB_SQL][PrenameService][2022-08-06 11:31:40][INFO]: <V1.models.teacherModel.TeacherModel object at 0x000001B9FB5E9510>
[WEB_SQL][PrenameService][2022-08-06 11:31:40][INFO]: <V1.models.teacherModel.TeacherModel object at 0x000001B9FB5E9510>
[WEB_SQL][PrenameService][2022-08-06 11:33:18][INFO]: <V1.models.teacherModel.TeacherModel object at 0x000001B9FB5E98A0>
[WEB_SQL][PrenameService][2022-08-06 11:33:18][INFO]: <V1.models.teacherModel.TeacherModel object at 0x000001B9FB5E98A0>
[WEB_SQL][PrenameService][2022-08-06 11:33:19][INFO]: <V1.models.teacherModel.TeacherModel object at 0x000001B9FB5E9900>
[WEB_SQL][PrenameService][2022-08-06 11:33:19][INFO]: <V1.models.teacherModel.TeacherModel object at 0x000001B9FB5E9900>
[WEB_SQL][PrenameService][2022-08-06 11:33:25][INFO]: <V1.models.teacherModel.TeacherModel object at 0x000001B9FB583580>
[WEB_SQL][PrenameService][2022-08-06 11:33:25][INFO]: <V1.models.teacherModel.TeacherModel object at 0x000001B9FB583580>
[WEB_SQL][PrenameService][2022-08-06 11:33:26][INFO]: <V1.models.teacherModel.TeacherModel object at 0x000001B9FB5E82E0>
[WEB_SQL][PrenameService][2022-08-06 11:33:26][INFO]: <V1.models.teacherModel.TeacherModel object at 0x000001B9FB5E82E0>
[WEB_SQL][PrenameService][2022-08-06 11:34:04][INFO]: <V1.models.teacherModel.TeacherModel object at 0x000001B9FB5E8CA0>
[WEB_SQL][PrenameService][2022-08-06 11:34:04][INFO]: <V1.models.teacherModel.TeacherModel object at 0x000001B9FB5E8CA0>
[WEB_SQL][PrenameService][2022-08-06 11:34:06][INFO]: <V1.models.teacherModel.TeacherModel object at 0x000001B9FB5E8430>
[WEB_SQL][PrenameService][2022-08-06 11:34:06][INFO]: <V1.models.teacherModel.TeacherModel object at 0x000001B9FB5E8430>
[WEB_SQL][PrenameService][2022-08-06 11:34:16][INFO]: <V1.models.teacherModel.TeacherModel object at 0x000001B9FB5EA350>
[WEB_SQL][PrenameService][2022-08-06 11:34:16][INFO]: <V1.models.teacherModel.TeacherModel object at 0x000001B9FB5EA350>
[WEB_SQL][PrenameService][2022-08-06 11:34:32][INFO]: <V1.models.teacherModel.TeacherModel object at 0x000001B9FB5E8730>
[WEB_SQL][PrenameService][2022-08-06 11:34:32][INFO]: <V1.models.teacherModel.TeacherModel object at 0x000001B9FB5E8730>
[WEB_SQL][PrenameService][2022-08-06 11:34:33][INFO]: <V1.models.teacherModel.TeacherModel object at 0x000001B9FB5EA770>
[WEB_SQL][PrenameService][2022-08-06 11:34:33][INFO]: <V1.models.teacherModel.TeacherModel object at 0x000001B9FB5EA770>
[WEB_SQL][PrenameService][2022-08-06 11:34:39][INFO]: <V1.models.teacherModel.TeacherModel object at 0x000001B9FB5E97E0>
[WEB_SQL][PrenameService][2022-08-06 11:34:39][INFO]: <V1.models.teacherModel.TeacherModel object at 0x000001B9FB5E97E0>
[WEB_SQL][PrenameService][2022-08-06 11:34:52][INFO]: <V1.models.teacherModel.TeacherModel object at 0x000001B9FB5EAE60>
[WEB_SQL][PrenameService][2022-08-06 11:34:52][INFO]: <V1.models.teacherModel.TeacherModel object at 0x000001B9FB5EAE60>
[WEB_SQL][PrenameService][2022-08-06 11:34:55][INFO]: <V1.models.teacherModel.TeacherModel object at 0x000001B9FB583280>
[WEB_SQL][PrenameService][2022-08-06 11:34:55][INFO]: <V1.models.teacherModel.TeacherModel object at 0x000001B9FB583280>
[WEB_SQL][PrenameService][2022-08-06 11:35:10][INFO]: <V1.models.teacherModel.TeacherModel object at 0x000001B9FB5EA3E0>
[WEB_SQL][PrenameService][2022-08-06 11:35:10][INFO]: <V1.models.teacherModel.TeacherModel object at 0x000001B9FB5EA3E0>
[WEB_SQL][PrenameService][2022-08-06 11:35:12][INFO]: <V1.models.teacherModel.TeacherModel object at 0x000001B9FB5E80A0>
[WEB_SQL][PrenameService][2022-08-06 11:35:12][INFO]: <V1.models.teacherModel.TeacherModel object at 0x000001B9FB5E80A0>
[WEB_SQL][PrenameService][2022-08-06 11:35:23][INFO]: <V1.models.teacherModel.TeacherModel object at 0x000001B9FB5E9CC0>
[WEB_SQL][PrenameService][2022-08-06 11:35:23][INFO]: <V1.models.teacherModel.TeacherModel object at 0x000001B9FB5E9CC0>
[WEB_SQL][PrenameService][2022-08-06 11:35:24][INFO]: <V1.models.teacherModel.TeacherModel object at 0x000001B9FB5E8C40>
[WEB_SQL][PrenameService][2022-08-06 11:35:24][INFO]: <V1.models.teacherModel.TeacherModel object at 0x000001B9FB5E8C40>
[WEB_SQL][PrenameService][2022-08-06 11:36:23][INFO]: <V1.models.teacherModel.TeacherModel object at 0x000001B9FB5E8D90>
[WEB_SQL][PrenameService][2022-08-06 11:36:23][INFO]: <V1.models.teacherModel.TeacherModel object at 0x000001B9FB5E8D90>
[WEB_SQL][PrenameService][2022-08-06 11:36:27][INFO]: <V1.models.teacherModel.TeacherModel object at 0x000001B9FB5E8610>
[WEB_SQL][PrenameService][2022-08-06 11:36:27][INFO]: <V1.models.teacherModel.TeacherModel object at 0x000001B9FB5E8610>
[WEB_SQL][PrenameService][2022-08-06 11:37:17][INFO]: <V1.models.teacherModel.TeacherModel object at 0x000001B9FB5EBDC0>
[WEB_SQL][PrenameService][2022-08-06 11:37:17][INFO]: <V1.models.teacherModel.TeacherModel object at 0x000001B9FB5EBDC0>
[WEB_SQL][PrenameService][2022-08-06 11:37:18][INFO]: <V1.models.teacherModel.TeacherModel object at 0x000001B9FB583FD0>
[WEB_SQL][PrenameService][2022-08-06 11:37:18][INFO]: <V1.models.teacherModel.TeacherModel object at 0x000001B9FB583FD0>
