[WEB_SQL][PrenameService][2022-08-07 12:08:09][INFO]: <V1.models.teacherModel.TeacherModel object at 0x00000273AE6D1750>
[WEB_SQL][PrenameService][2022-08-07 12:08:09][INFO]: <V1.models.teacherModel.TeacherModel object at 0x00000273AE6D1750>
[WEB_SQL][PrenameService][2022-08-07 12:08:11][INFO]: <V1.models.teacherModel.TeacherModel object at 0x00000273AE6D1600>
[WEB_SQL][PrenameService][2022-08-07 12:08:11][INFO]: <V1.models.teacherModel.TeacherModel object at 0x00000273AE6D1600>
[WEB_SQL][PrenameService][2022-08-07 12:08:14][INFO]: <V1.models.teacherModel.TeacherModel object at 0x00000273AE6D34C0>
[WEB_SQL][PrenameService][2022-08-07 12:08:14][INFO]: <V1.models.teacherModel.TeacherModel object at 0x00000273AE6D34C0>
[WEB_SQL][PrenameService][2022-08-07 12:09:01][INFO]: <V1.models.teacherModel.TeacherModel object at 0x00000168FED11690>
[WEB_SQL][PrenameService][2022-08-07 12:09:01][INFO]: <V1.models.teacherModel.TeacherModel object at 0x00000168FED11690>
[WEB_SQL][TeacherRepository][2022-08-07 12:09:04][INFO]: teacherPhone : 999
[WEB_SQL][PrenameService][2022-08-07 12:09:05][INFO]: <V1.models.teacherModel.TeacherModel object at 0x00000168FED12980>
[WEB_SQL][PrenameService][2022-08-07 12:09:05][INFO]: <V1.models.teacherModel.TeacherModel object at 0x00000168FED12980>
[WEB_SQL][PrenameService][2022-08-07 12:11:58][INFO]: <V1.models.teacherModel.TeacherModel object at 0x000002215DC41690>
[WEB_SQL][PrenameService][2022-08-07 12:11:58][INFO]: <V1.models.teacherModel.TeacherModel object at 0x000002215DC41690>
[WEB_SQL][PrenameService][2022-08-07 12:12:02][INFO]: <V1.models.teacherModel.TeacherModel object at 0x000002215DC42980>
[WEB_SQL][PrenameService][2022-08-07 12:12:02][INFO]: <V1.models.teacherModel.TeacherModel object at 0x000002215DC42980>
[WEB_SQL][PrenameService][2022-08-07 12:12:04][INFO]: <V1.models.teacherModel.TeacherModel object at 0x000002215DC41ED0>
[WEB_SQL][PrenameService][2022-08-07 12:12:04][INFO]: <V1.models.teacherModel.TeacherModel object at 0x000002215DC41ED0>
[WEB_SQL][PrenameService][2022-08-07 12:12:07][INFO]: <V1.models.teacherModel.TeacherModel object at 0x000002215DC43EB0>
[WEB_SQL][PrenameService][2022-08-07 12:12:07][INFO]: <V1.models.teacherModel.TeacherModel object at 0x000002215DC43EB0>
[WEB_SQL][PrenameService][2022-08-07 12:14:11][INFO]: <V1.models.teacherModel.TeacherModel object at 0x0000028E5B2A1690>
[WEB_SQL][PrenameService][2022-08-07 12:14:11][INFO]: <V1.models.teacherModel.TeacherModel object at 0x0000028E5B2A1690>
[WEB_SQL][PrenameService][2022-08-07 12:14:23][INFO]: <V1.models.teacherModel.TeacherModel object at 0x0000028E5B2A2C80>
[WEB_SQL][PrenameService][2022-08-07 12:14:23][INFO]: <V1.models.teacherModel.TeacherModel object at 0x0000028E5B2A2C80>
[WEB_SQL][PrenameService][2022-08-07 12:17:36][INFO]: <V1.models.teacherModel.TeacherModel object at 0x00000265F55C1690>
[WEB_SQL][PrenameService][2022-08-07 12:17:36][INFO]: <V1.models.teacherModel.TeacherModel object at 0x00000265F55C1690>
[WEB_SQL][PrenameService][2022-08-07 12:17:41][INFO]: <V1.models.teacherModel.TeacherModel object at 0x00000265F55C2980>
[WEB_SQL][PrenameService][2022-08-07 12:17:41][INFO]: <V1.models.teacherModel.TeacherModel object at 0x00000265F55C2980>
[WEB_SQL][PrenameService][2022-08-07 12:17:42][INFO]: <V1.models.teacherModel.TeacherModel object at 0x00000265F55C1ED0>
[WEB_SQL][PrenameService][2022-08-07 12:17:42][INFO]: <V1.models.teacherModel.TeacherModel object at 0x00000265F55C1ED0>
[WEB_SQL][PrenameService][2022-08-07 12:17:49][INFO]: <V1.models.teacherModel.TeacherModel object at 0x00000265F55C3EB0>
[WEB_SQL][PrenameService][2022-08-07 12:17:49][INFO]: <V1.models.teacherModel.TeacherModel object at 0x00000265F55C3EB0>
[WEB_SQL][PrenameService][2022-08-07 12:18:01][INFO]: <V1.models.teacherModel.TeacherModel object at 0x00000265F55C3A30>
[WEB_SQL][PrenameService][2022-08-07 12:18:01][INFO]: <V1.models.teacherModel.TeacherModel object at 0x00000265F55C3A30>
[WEB_SQL][PrenameService][2022-08-07 12:18:01][INFO]: <V1.models.teacherModel.TeacherModel object at 0x00000265F55C3A30>
[WEB_SQL][PrenameService][2022-08-07 12:18:01][INFO]: <V1.models.teacherModel.TeacherModel object at 0x00000265F55C3A30>
[WEB_SQL][PrenameService][2022-08-07 12:19:06][INFO]: <V1.models.teacherModel.TeacherModel object at 0x00000265F55C3070>
[WEB_SQL][PrenameService][2022-08-07 12:19:06][INFO]: <V1.models.teacherModel.TeacherModel object at 0x00000265F55C3070>
[WEB_SQL][PrenameService][2022-08-07 12:19:06][INFO]: <V1.models.teacherModel.TeacherModel object at 0x00000265F55C3070>
[WEB_SQL][PrenameService][2022-08-07 12:19:06][INFO]: <V1.models.teacherModel.TeacherModel object at 0x00000265F55C3070>
[WEB_SQL][PrenameService][2022-08-07 12:19:10][INFO]: <V1.models.teacherModel.TeacherModel object at 0x00000265F55C2B30>
[WEB_SQL][PrenameService][2022-08-07 12:19:10][INFO]: <V1.models.teacherModel.TeacherModel object at 0x00000265F55C2B30>
[WEB_SQL][PrenameService][2022-08-07 12:19:10][INFO]: <V1.models.teacherModel.TeacherModel object at 0x00000265F55C2B30>
[WEB_SQL][PrenameService][2022-08-07 12:19:10][INFO]: <V1.models.teacherModel.TeacherModel object at 0x00000265F55C2B30>
[WEB_SQL][PrenameService][2022-08-07 12:19:45][INFO]: <V1.models.teacherModel.TeacherModel object at 0x00000265F55C1F60>
[WEB_SQL][PrenameService][2022-08-07 12:19:45][INFO]: <V1.models.teacherModel.TeacherModel object at 0x00000265F55C1F60>
[WEB_SQL][PrenameService][2022-08-07 12:19:45][INFO]: <V1.models.teacherModel.TeacherModel object at 0x00000265F55C1F60>
[WEB_SQL][PrenameService][2022-08-07 12:19:45][INFO]: <V1.models.teacherModel.TeacherModel object at 0x00000265F55C1F60>
[WEB_SQL][PrenameService][2022-08-07 12:19:47][INFO]: <V1.models.teacherModel.TeacherModel object at 0x00000265F5638A90>
[WEB_SQL][PrenameService][2022-08-07 12:19:47][INFO]: <V1.models.teacherModel.TeacherModel object at 0x00000265F5638A90>
[WEB_SQL][PrenameService][2022-08-07 12:19:47][INFO]: <V1.models.teacherModel.TeacherModel object at 0x00000265F5638A90>
[WEB_SQL][PrenameService][2022-08-07 12:19:47][INFO]: <V1.models.teacherModel.TeacherModel object at 0x00000265F5638A90>
[WEB_SQL][PrenameService][2022-08-07 12:19:49][INFO]: <V1.models.teacherModel.TeacherModel object at 0x00000265F56385B0>
[WEB_SQL][PrenameService][2022-08-07 12:19:49][INFO]: <V1.models.teacherModel.TeacherModel object at 0x00000265F56385B0>
[WEB_SQL][PrenameService][2022-08-07 12:19:49][INFO]: <V1.models.teacherModel.TeacherModel object at 0x00000265F56385B0>
[WEB_SQL][PrenameService][2022-08-07 12:19:49][INFO]: <V1.models.teacherModel.TeacherModel object at 0x00000265F56385B0>
[WEB_SQL][PrenameService][2022-08-07 12:19:59][INFO]: <V1.models.teacherModel.TeacherModel object at 0x00000265F5639420>
[WEB_SQL][PrenameService][2022-08-07 12:19:59][INFO]: <V1.models.teacherModel.TeacherModel object at 0x00000265F5639420>
[WEB_SQL][PrenameService][2022-08-07 12:19:59][INFO]: <V1.models.teacherModel.TeacherModel object at 0x00000265F5639420>
[WEB_SQL][PrenameService][2022-08-07 12:19:59][INFO]: <V1.models.teacherModel.TeacherModel object at 0x00000265F5639420>
[WEB_SQL][PrenameService][2022-08-07 12:20:05][INFO]: <V1.models.teacherModel.TeacherModel object at 0x00000265F5639ED0>
[WEB_SQL][PrenameService][2022-08-07 12:20:05][INFO]: <V1.models.teacherModel.TeacherModel object at 0x00000265F5639ED0>
[WEB_SQL][PrenameService][2022-08-07 12:20:05][INFO]: <V1.models.teacherModel.TeacherModel object at 0x00000265F5639ED0>
[WEB_SQL][PrenameService][2022-08-07 12:20:05][INFO]: <V1.models.teacherModel.TeacherModel object at 0x00000265F5639ED0>
[WEB_SQL][PrenameService][2022-08-07 12:20:42][INFO]: <V1.models.teacherModel.TeacherModel object at 0x00000265F55C1C90>
[WEB_SQL][PrenameService][2022-08-07 12:20:42][INFO]: <V1.models.teacherModel.TeacherModel object at 0x00000265F55C1C90>
[WEB_SQL][PrenameService][2022-08-07 12:20:42][INFO]: <V1.models.teacherModel.TeacherModel object at 0x00000265F55C1C90>
[WEB_SQL][PrenameService][2022-08-07 12:20:42][INFO]: <V1.models.teacherModel.TeacherModel object at 0x00000265F55C1C90>
[WEB_SQL][PrenameService][2022-08-07 12:21:00][INFO]: <V1.models.teacherModel.TeacherModel object at 0x00000265F55C0970>
[WEB_SQL][PrenameService][2022-08-07 12:21:00][INFO]: <V1.models.teacherModel.TeacherModel object at 0x00000265F55C0970>
[WEB_SQL][PrenameService][2022-08-07 12:21:00][INFO]: <V1.models.teacherModel.TeacherModel object at 0x00000265F55C0970>
[WEB_SQL][PrenameService][2022-08-07 12:21:00][INFO]: <V1.models.teacherModel.TeacherModel object at 0x00000265F55C0970>
[WEB_SQL][PrenameService][2022-08-07 12:21:08][INFO]: <V1.models.teacherModel.TeacherModel object at 0x00000265F55C25C0>
[WEB_SQL][PrenameService][2022-08-07 12:21:08][INFO]: <V1.models.teacherModel.TeacherModel object at 0x00000265F55C25C0>
[WEB_SQL][PrenameService][2022-08-07 12:21:08][INFO]: <V1.models.teacherModel.TeacherModel object at 0x00000265F55C25C0>
[WEB_SQL][PrenameService][2022-08-07 12:21:08][INFO]: <V1.models.teacherModel.TeacherModel object at 0x00000265F55C25C0>
[WEB_SQL][PrenameService][2022-08-07 12:21:14][INFO]: <V1.models.teacherModel.TeacherModel object at 0x00000265F55C3400>
[WEB_SQL][PrenameService][2022-08-07 12:21:14][INFO]: <V1.models.teacherModel.TeacherModel object at 0x00000265F55C3400>
[WEB_SQL][PrenameService][2022-08-07 12:21:14][INFO]: <V1.models.teacherModel.TeacherModel object at 0x00000265F55C3400>
[WEB_SQL][PrenameService][2022-08-07 12:21:14][INFO]: <V1.models.teacherModel.TeacherModel object at 0x00000265F55C3400>
[WEB_SQL][PrenameService][2022-08-07 12:21:25][INFO]: <V1.models.teacherModel.TeacherModel object at 0x00000265F5639FF0>
[WEB_SQL][PrenameService][2022-08-07 12:21:25][INFO]: <V1.models.teacherModel.TeacherModel object at 0x00000265F5639FF0>
[WEB_SQL][PrenameService][2022-08-07 12:21:25][INFO]: <V1.models.teacherModel.TeacherModel object at 0x00000265F5639FF0>
[WEB_SQL][PrenameService][2022-08-07 12:21:25][INFO]: <V1.models.teacherModel.TeacherModel object at 0x00000265F5639FF0>
[WEB_SQL][PrenameService][2022-08-07 12:21:30][INFO]: <V1.models.teacherModel.TeacherModel object at 0x00000265F56395A0>
[WEB_SQL][PrenameService][2022-08-07 12:21:30][INFO]: <V1.models.teacherModel.TeacherModel object at 0x00000265F56395A0>
[WEB_SQL][PrenameService][2022-08-07 12:21:30][INFO]: <V1.models.teacherModel.TeacherModel object at 0x00000265F56395A0>
[WEB_SQL][PrenameService][2022-08-07 12:21:30][INFO]: <V1.models.teacherModel.TeacherModel object at 0x00000265F56395A0>
[WEB_SQL][PrenameService][2022-08-07 12:22:38][INFO]: <V1.models.teacherModel.TeacherModel object at 0x00000265F5638310>
[WEB_SQL][PrenameService][2022-08-07 12:22:38][INFO]: <V1.models.teacherModel.TeacherModel object at 0x00000265F5638310>
[WEB_SQL][PrenameService][2022-08-07 12:22:38][INFO]: <V1.models.teacherModel.TeacherModel object at 0x00000265F5638310>
[WEB_SQL][PrenameService][2022-08-07 12:22:38][INFO]: <V1.models.teacherModel.TeacherModel object at 0x00000265F5638310>
[WEB_SQL][PrenameService][2022-08-07 12:22:47][INFO]: <V1.models.teacherModel.TeacherModel object at 0x00000265F55C3FA0>
[WEB_SQL][PrenameService][2022-08-07 12:22:47][INFO]: <V1.models.teacherModel.TeacherModel object at 0x00000265F55C3FA0>
[WEB_SQL][PrenameService][2022-08-07 12:22:47][INFO]: <V1.models.teacherModel.TeacherModel object at 0x00000265F55C3FA0>
[WEB_SQL][PrenameService][2022-08-07 12:22:47][INFO]: <V1.models.teacherModel.TeacherModel object at 0x00000265F55C3FA0>
[WEB_SQL][PrenameService][2022-08-07 12:23:25][INFO]: <V1.models.teacherModel.TeacherModel object at 0x00000265F55C3640>
[WEB_SQL][PrenameService][2022-08-07 12:23:25][INFO]: <V1.models.teacherModel.TeacherModel object at 0x00000265F55C3640>
[WEB_SQL][PrenameService][2022-08-07 12:23:25][INFO]: <V1.models.teacherModel.TeacherModel object at 0x00000265F55C3640>
[WEB_SQL][PrenameService][2022-08-07 12:23:25][INFO]: <V1.models.teacherModel.TeacherModel object at 0x00000265F55C3640>
[WEB_SQL][PrenameService][2022-08-07 12:23:27][INFO]: <V1.models.teacherModel.TeacherModel object at 0x00000265F55C22C0>
[WEB_SQL][PrenameService][2022-08-07 12:23:27][INFO]: <V1.models.teacherModel.TeacherModel object at 0x00000265F55C22C0>
[WEB_SQL][PrenameService][2022-08-07 12:23:27][INFO]: <V1.models.teacherModel.TeacherModel object at 0x00000265F55C22C0>
[WEB_SQL][PrenameService][2022-08-07 12:23:27][INFO]: <V1.models.teacherModel.TeacherModel object at 0x00000265F55C22C0>
[WEB_SQL][PrenameService][2022-08-07 12:23:55][INFO]: <V1.models.teacherModel.TeacherModel object at 0x00000265F55C1660>
[WEB_SQL][PrenameService][2022-08-07 12:23:55][INFO]: <V1.models.teacherModel.TeacherModel object at 0x00000265F55C1660>
[WEB_SQL][PrenameService][2022-08-07 12:23:55][INFO]: <V1.models.teacherModel.TeacherModel object at 0x00000265F55C1660>
[WEB_SQL][PrenameService][2022-08-07 12:23:55][INFO]: <V1.models.teacherModel.TeacherModel object at 0x00000265F55C1660>
[WEB_SQL][PrenameService][2022-08-07 12:23:57][INFO]: <V1.models.teacherModel.TeacherModel object at 0x00000265F55C2A10>
[WEB_SQL][PrenameService][2022-08-07 12:23:57][INFO]: <V1.models.teacherModel.TeacherModel object at 0x00000265F55C2A10>
[WEB_SQL][PrenameService][2022-08-07 12:23:57][INFO]: <V1.models.teacherModel.TeacherModel object at 0x00000265F55C2A10>
[WEB_SQL][PrenameService][2022-08-07 12:23:57][INFO]: <V1.models.teacherModel.TeacherModel object at 0x00000265F55C2A10>
[WEB_SQL][PrenameService][2022-08-07 12:24:05][INFO]: <V1.models.teacherModel.TeacherModel object at 0x00000265F56384C0>
[WEB_SQL][PrenameService][2022-08-07 12:24:05][INFO]: <V1.models.teacherModel.TeacherModel object at 0x00000265F56384C0>
[WEB_SQL][PrenameService][2022-08-07 12:24:05][INFO]: <V1.models.teacherModel.TeacherModel object at 0x00000265F56384C0>
[WEB_SQL][PrenameService][2022-08-07 12:24:05][INFO]: <V1.models.teacherModel.TeacherModel object at 0x00000265F56384C0>
[WEB_SQL][PrenameService][2022-08-07 12:24:11][INFO]: <V1.models.teacherModel.TeacherModel object at 0x00000265F5639CF0>
[WEB_SQL][PrenameService][2022-08-07 12:24:11][INFO]: <V1.models.teacherModel.TeacherModel object at 0x00000265F5639CF0>
[WEB_SQL][PrenameService][2022-08-07 12:24:11][INFO]: <V1.models.teacherModel.TeacherModel object at 0x00000265F5639CF0>
[WEB_SQL][PrenameService][2022-08-07 12:24:11][INFO]: <V1.models.teacherModel.TeacherModel object at 0x00000265F5639CF0>
[WEB_SQL][PrenameService][2022-08-07 12:25:43][INFO]: <V1.models.teacherModel.TeacherModel object at 0x00000265F55C09A0>
[WEB_SQL][PrenameService][2022-08-07 12:25:43][INFO]: <V1.models.teacherModel.TeacherModel object at 0x00000265F55C09A0>
[WEB_SQL][PrenameService][2022-08-07 12:25:43][INFO]: <V1.models.teacherModel.TeacherModel object at 0x00000265F55C09A0>
[WEB_SQL][PrenameService][2022-08-07 12:25:43][INFO]: <V1.models.teacherModel.TeacherModel object at 0x00000265F55C09A0>
[WEB_SQL][PrenameService][2022-08-07 12:25:44][INFO]: <V1.models.teacherModel.TeacherModel object at 0x00000265F55C21D0>
[WEB_SQL][PrenameService][2022-08-07 12:25:44][INFO]: <V1.models.teacherModel.TeacherModel object at 0x00000265F55C21D0>
[WEB_SQL][PrenameService][2022-08-07 12:25:44][INFO]: <V1.models.teacherModel.TeacherModel object at 0x00000265F55C21D0>
[WEB_SQL][PrenameService][2022-08-07 12:25:44][INFO]: <V1.models.teacherModel.TeacherModel object at 0x00000265F55C21D0>
[WEB_SQL][PrenameService][2022-08-07 12:25:47][INFO]: <V1.models.teacherModel.TeacherModel object at 0x00000265F55C2F20>
[WEB_SQL][PrenameService][2022-08-07 12:25:47][INFO]: <V1.models.teacherModel.TeacherModel object at 0x00000265F55C2F20>
[WEB_SQL][PrenameService][2022-08-07 12:25:47][INFO]: <V1.models.teacherModel.TeacherModel object at 0x00000265F55C2F20>
[WEB_SQL][PrenameService][2022-08-07 12:25:47][INFO]: <V1.models.teacherModel.TeacherModel object at 0x00000265F55C2F20>
[WEB_SQL][PrenameService][2022-08-07 12:25:49][INFO]: <V1.models.teacherModel.TeacherModel object at 0x00000265F55C3A00>
[WEB_SQL][PrenameService][2022-08-07 12:25:49][INFO]: <V1.models.teacherModel.TeacherModel object at 0x00000265F55C3A00>
[WEB_SQL][PrenameService][2022-08-07 12:25:49][INFO]: <V1.models.teacherModel.TeacherModel object at 0x00000265F55C3A00>
[WEB_SQL][PrenameService][2022-08-07 12:25:49][INFO]: <V1.models.teacherModel.TeacherModel object at 0x00000265F55C3A00>
[WEB_SQL][PrenameService][2022-08-07 12:25:52][INFO]: <V1.models.teacherModel.TeacherModel object at 0x00000265F563A110>
[WEB_SQL][PrenameService][2022-08-07 12:25:52][INFO]: <V1.models.teacherModel.TeacherModel object at 0x00000265F563A110>
[WEB_SQL][PrenameService][2022-08-07 12:25:52][INFO]: <V1.models.teacherModel.TeacherModel object at 0x00000265F563A110>
[WEB_SQL][PrenameService][2022-08-07 12:25:52][INFO]: <V1.models.teacherModel.TeacherModel object at 0x00000265F563A110>
[WEB_SQL][PrenameService][2022-08-07 12:26:07][INFO]: <V1.models.teacherModel.TeacherModel object at 0x00000265F5638AF0>
[WEB_SQL][PrenameService][2022-08-07 12:26:07][INFO]: <V1.models.teacherModel.TeacherModel object at 0x00000265F5638AF0>
[WEB_SQL][PrenameService][2022-08-07 12:26:07][INFO]: <V1.models.teacherModel.TeacherModel object at 0x00000265F5638AF0>
[WEB_SQL][PrenameService][2022-08-07 12:26:07][INFO]: <V1.models.teacherModel.TeacherModel object at 0x00000265F5638AF0>
[WEB_SQL][PrenameService][2022-08-07 12:27:11][INFO]: <V1.models.teacherModel.TeacherModel object at 0x00000265F55C3EB0>
[WEB_SQL][PrenameService][2022-08-07 12:27:11][INFO]: <V1.models.teacherModel.TeacherModel object at 0x00000265F55C3EB0>
[WEB_SQL][PrenameService][2022-08-07 12:27:11][INFO]: <V1.models.teacherModel.TeacherModel object at 0x00000265F55C3EB0>
[WEB_SQL][PrenameService][2022-08-07 12:27:11][INFO]: <V1.models.teacherModel.TeacherModel object at 0x00000265F55C3EB0>
[WEB_SQL][UserRouter][2022-08-07 12:27:14][ERROR]: UserRouter deleteUser() Exception : 400 Bad Request: Did not attempt to load JSON data because the request Content-Type was not 'application/json'.
[WEB_SQL][UserRouter][2022-08-07 12:27:51][ERROR]: UserRouter deleteUser() Exception : 400 Bad Request: Did not attempt to load JSON data because the request Content-Type was not 'application/json'.
[WEB_SQL][UserRouter][2022-08-07 12:30:51][ERROR]: UserRouter deleteUser() Exception : 400 Bad Request: Did not attempt to load JSON data because the request Content-Type was not 'application/json'.
[WEB_SQL][UserRouter][2022-08-07 12:32:16][INFO]: try1
[WEB_SQL][UserRouter][2022-08-07 12:32:16][ERROR]: UserRouter deleteUser() Exception : 400 Bad Request: Did not attempt to load JSON data because the request Content-Type was not 'application/json'.
[WEB_SQL][PrenameService][2022-08-07 12:33:10][INFO]: <V1.models.teacherModel.TeacherModel object at 0x0000020D213627A0>
[WEB_SQL][PrenameService][2022-08-07 12:33:10][INFO]: <V1.models.teacherModel.TeacherModel object at 0x0000020D213627A0>
[WEB_SQL][PrenameService][2022-08-07 12:33:10][INFO]: <V1.models.teacherModel.TeacherModel object at 0x0000020D213627A0>
[WEB_SQL][PrenameService][2022-08-07 12:33:10][INFO]: <V1.models.teacherModel.TeacherModel object at 0x0000020D213627A0>
[WEB_SQL][PrenameService][2022-08-07 12:33:19][INFO]: <V1.models.teacherModel.TeacherModel object at 0x0000020D21363190>
[WEB_SQL][PrenameService][2022-08-07 12:33:19][INFO]: <V1.models.teacherModel.TeacherModel object at 0x0000020D21363190>
[WEB_SQL][PrenameService][2022-08-07 12:33:19][INFO]: <V1.models.teacherModel.TeacherModel object at 0x0000020D21363190>
[WEB_SQL][PrenameService][2022-08-07 12:33:19][INFO]: <V1.models.teacherModel.TeacherModel object at 0x0000020D21363190>
[WEB_SQL][PrenameService][2022-08-07 12:33:23][INFO]: <V1.models.teacherModel.TeacherModel object at 0x0000020D21363880>
[WEB_SQL][PrenameService][2022-08-07 12:33:23][INFO]: <V1.models.teacherModel.TeacherModel object at 0x0000020D21363880>
[WEB_SQL][PrenameService][2022-08-07 12:33:23][INFO]: <V1.models.teacherModel.TeacherModel object at 0x0000020D21363880>
[WEB_SQL][PrenameService][2022-08-07 12:33:23][INFO]: <V1.models.teacherModel.TeacherModel object at 0x0000020D21363880>
[WEB_SQL][PrenameService][2022-08-07 12:33:25][INFO]: <V1.models.teacherModel.TeacherModel object at 0x0000020D21438370>
[WEB_SQL][PrenameService][2022-08-07 12:33:25][INFO]: <V1.models.teacherModel.TeacherModel object at 0x0000020D21438370>
[WEB_SQL][PrenameService][2022-08-07 12:33:25][INFO]: <V1.models.teacherModel.TeacherModel object at 0x0000020D21438370>
[WEB_SQL][PrenameService][2022-08-07 12:33:25][INFO]: <V1.models.teacherModel.TeacherModel object at 0x0000020D21438370>
[WEB_SQL][PrenameService][2022-08-07 12:33:32][INFO]: <V1.models.teacherModel.TeacherModel object at 0x0000020D21363340>
[WEB_SQL][PrenameService][2022-08-07 12:33:32][INFO]: <V1.models.teacherModel.TeacherModel object at 0x0000020D21363340>
[WEB_SQL][PrenameService][2022-08-07 12:33:32][INFO]: <V1.models.teacherModel.TeacherModel object at 0x0000020D21363340>
[WEB_SQL][PrenameService][2022-08-07 12:33:32][INFO]: <V1.models.teacherModel.TeacherModel object at 0x0000020D21363340>
[WEB_SQL][PrenameService][2022-08-07 12:33:34][INFO]: <V1.models.teacherModel.TeacherModel object at 0x0000020D21362EF0>
[WEB_SQL][PrenameService][2022-08-07 12:33:34][INFO]: <V1.models.teacherModel.TeacherModel object at 0x0000020D21362EF0>
[WEB_SQL][PrenameService][2022-08-07 12:33:34][INFO]: <V1.models.teacherModel.TeacherModel object at 0x0000020D21362EF0>
[WEB_SQL][PrenameService][2022-08-07 12:33:34][INFO]: <V1.models.teacherModel.TeacherModel object at 0x0000020D21362EF0>
[WEB_SQL][UserController][2022-08-07 12:35:41][ERROR]: UserController deleteUser Exception: {}
[WEB_SQL][UserEventRouter][2022-08-07 12:35:41][ERROR]: UserEventRouter deleteUser() Exception : (500, 'INTERNAL SERVER ERROR', "name 'body' is not defined")
[WEB_SQL][UserRouter][2022-08-07 12:35:41][ERROR]: UserRouter deleteUser() Exception : (500, 'INTERNAL SERVER ERROR', "name 'body' is not defined")
[WEB_SQL][UserController][2022-08-07 12:35:43][ERROR]: UserController deleteUser Exception: {}
[WEB_SQL][UserEventRouter][2022-08-07 12:35:43][ERROR]: UserEventRouter deleteUser() Exception : (500, 'INTERNAL SERVER ERROR', "name 'body' is not defined")
[WEB_SQL][UserRouter][2022-08-07 12:35:43][ERROR]: UserRouter deleteUser() Exception : (500, 'INTERNAL SERVER ERROR', "name 'body' is not defined")
[WEB_SQL][UserController][2022-08-07 12:35:49][ERROR]: UserController deleteUser Exception: {}
[WEB_SQL][UserEventRouter][2022-08-07 12:35:49][ERROR]: UserEventRouter deleteUser() Exception : (500, 'INTERNAL SERVER ERROR', "name 'body' is not defined")
[WEB_SQL][UserRouter][2022-08-07 12:35:49][ERROR]: UserRouter deleteUser() Exception : (500, 'INTERNAL SERVER ERROR', "name 'body' is not defined")
[WEB_SQL][UserController][2022-08-07 12:36:20][INFO]: userId : 25
[WEB_SQL][PrenameService][2022-08-07 12:36:22][INFO]: <V1.models.teacherModel.TeacherModel object at 0x000001177A5E1E10>
[WEB_SQL][PrenameService][2022-08-07 12:36:22][INFO]: <V1.models.teacherModel.TeacherModel object at 0x000001177A5E1E10>
[WEB_SQL][PrenameService][2022-08-07 12:38:15][INFO]: <V1.models.teacherModel.TeacherModel object at 0x000001907FF61510>
[WEB_SQL][PrenameService][2022-08-07 12:38:15][INFO]: <V1.models.teacherModel.TeacherModel object at 0x000001907FF61510>
[WEB_SQL][PrenameService][2022-08-07 12:38:15][INFO]: <V1.models.teacherModel.TeacherModel object at 0x000001907FF61510>
[WEB_SQL][PrenameService][2022-08-07 12:38:15][INFO]: <V1.models.teacherModel.TeacherModel object at 0x000001907FF61510>
[WEB_SQL][PrenameService][2022-08-07 12:38:19][INFO]: <V1.models.teacherModel.TeacherModel object at 0x000001907FF61930>
[WEB_SQL][PrenameService][2022-08-07 12:38:19][INFO]: <V1.models.teacherModel.TeacherModel object at 0x000001907FF61930>
[WEB_SQL][PrenameService][2022-08-07 12:38:29][INFO]: <V1.models.teacherModel.TeacherModel object at 0x000001907FF619C0>
[WEB_SQL][PrenameService][2022-08-07 12:38:29][INFO]: <V1.models.teacherModel.TeacherModel object at 0x000001907FF619C0>
[WEB_SQL][PrenameService][2022-08-07 12:38:31][INFO]: <V1.models.teacherModel.TeacherModel object at 0x000001907FF63E80>
[WEB_SQL][PrenameService][2022-08-07 12:38:31][INFO]: <V1.models.teacherModel.TeacherModel object at 0x000001907FF63E80>
