[WEB_SQL][UserRepository][2022-08-06 02:52:29][INFO]: QUERY : (SELECT u.user_id,u.user_username, u.user_firstname, u.user_lastname,u.user_prename,pt.prename_text, u.user_email, u.user_type,  IF((SELECT COUNT(*) FROM users u WHERE u.user_username='test_teacher')>0,1,0) AS USER_EXIST , IF((SELECT COUNT(*) FROM users u WHERE u.user_username = 'test_teacher' AND u.user_password='test_teacher' )>0, 1,0) AS USER_LOGIN FROM users u INNER JOIN prename_list pt ON pt.prename_id = u.user_prename WHERE u.enable='Y' AND pt.enable='Y' AND u.user_username='test_teacher' AND u.user_password='test_teacher' LIMIT 1) 
[WEB_SQL][UserService][2022-08-06 02:52:29][ERROR]: UserService userLogin() Exception: {}
[WEB_SQL][UserController][2022-08-06 02:52:29][ERROR]: UserController userLogin Exception: {"statusCode": 500, "message": "INTERNAL SERVER ERROR", "httpCode": [500], "stack": null}
[WEB_SQL][UserEventRouter][2022-08-06 02:52:29][ERROR]: UserEventRouter getAdmin() Exception : (500, 'INTERNAL SERVER ERROR', None)
[WEB_SQL][UserRouter][2022-08-06 02:52:29][ERROR]: UserRouter login() Exception : (500, 'INTERNAL SERVER ERROR', None)
[WEB_SQL][UserRepository][2022-08-06 02:52:31][INFO]: QUERY : (SELECT u.user_id,u.user_username, u.user_firstname, u.user_lastname,u.user_prename,pt.prename_text, u.user_email, u.user_type,  IF((SELECT COUNT(*) FROM users u WHERE u.user_username='test_teacher')>0,1,0) AS USER_EXIST , IF((SELECT COUNT(*) FROM users u WHERE u.user_username = 'test_teacher' AND u.user_password='test_teacher' )>0, 1,0) AS USER_LOGIN FROM users u INNER JOIN prename_list pt ON pt.prename_id = u.user_prename WHERE u.enable='Y' AND pt.enable='Y' AND u.user_username='test_teacher' AND u.user_password='test_teacher' LIMIT 1) 
[WEB_SQL][UserService][2022-08-06 02:52:31][ERROR]: UserService userLogin() Exception: {}
[WEB_SQL][UserController][2022-08-06 02:52:31][ERROR]: UserController userLogin Exception: {"statusCode": 500, "message": "INTERNAL SERVER ERROR", "httpCode": [500], "stack": null}
[WEB_SQL][UserEventRouter][2022-08-06 02:52:31][ERROR]: UserEventRouter getAdmin() Exception : (500, 'INTERNAL SERVER ERROR', None)
[WEB_SQL][UserRouter][2022-08-06 02:52:31][ERROR]: UserRouter login() Exception : (500, 'INTERNAL SERVER ERROR', None)
[WEB_SQL][UserRepository][2022-08-06 02:52:33][INFO]: QUERY : (SELECT u.user_id,u.user_username, u.user_firstname, u.user_lastname,u.user_prename,pt.prename_text, u.user_email, u.user_type,  IF((SELECT COUNT(*) FROM users u WHERE u.user_username='test_teacher')>0,1,0) AS USER_EXIST , IF((SELECT COUNT(*) FROM users u WHERE u.user_username = 'test_teacher' AND u.user_password='test_teacher' )>0, 1,0) AS USER_LOGIN FROM users u INNER JOIN prename_list pt ON pt.prename_id = u.user_prename WHERE u.enable='Y' AND pt.enable='Y' AND u.user_username='test_teacher' AND u.user_password='test_teacher' LIMIT 1) 
[WEB_SQL][UserService][2022-08-06 02:52:33][ERROR]: UserService userLogin() Exception: {}
[WEB_SQL][UserController][2022-08-06 02:52:33][ERROR]: UserController userLogin Exception: {"statusCode": 500, "message": "INTERNAL SERVER ERROR", "httpCode": [500], "stack": null}
[WEB_SQL][UserEventRouter][2022-08-06 02:52:33][ERROR]: UserEventRouter getAdmin() Exception : (500, 'INTERNAL SERVER ERROR', None)
[WEB_SQL][UserRouter][2022-08-06 02:52:33][ERROR]: UserRouter login() Exception : (500, 'INTERNAL SERVER ERROR', None)
[WEB_SQL][UserRepository][2022-08-06 02:52:36][INFO]: QUERY : (SELECT u.user_id,u.user_username, u.user_firstname, u.user_lastname,u.user_prename,pt.prename_text, u.user_email, u.user_type,  IF((SELECT COUNT(*) FROM users u WHERE u.user_username='test_teacher')>0,1,0) AS USER_EXIST , IF((SELECT COUNT(*) FROM users u WHERE u.user_username = 'test_teacher' AND u.user_password='test_teacher' )>0, 1,0) AS USER_LOGIN FROM users u INNER JOIN prename_list pt ON pt.prename_id = u.user_prename WHERE u.enable='Y' AND pt.enable='Y' AND u.user_username='test_teacher' AND u.user_password='test_teacher' LIMIT 1) 
[WEB_SQL][UserService][2022-08-06 02:52:36][ERROR]: UserService userLogin() Exception: {}
[WEB_SQL][UserController][2022-08-06 02:52:36][ERROR]: UserController userLogin Exception: {"statusCode": 500, "message": "INTERNAL SERVER ERROR", "httpCode": [500], "stack": null}
[WEB_SQL][UserEventRouter][2022-08-06 02:52:36][ERROR]: UserEventRouter getAdmin() Exception : (500, 'INTERNAL SERVER ERROR', None)
[WEB_SQL][UserRouter][2022-08-06 02:52:36][ERROR]: UserRouter login() Exception : (500, 'INTERNAL SERVER ERROR', None)
[WEB_SQL][UserRepository][2022-08-06 02:53:10][INFO]: QUERY : (SELECT u.user_id,u.user_username, u.user_firstname, u.user_lastname,u.user_prename,pt.prename_text, u.user_email, u.user_type,  IF((SELECT COUNT(*) FROM users u WHERE u.user_username='test_teacher')>0,1,0) AS USER_EXIST , IF((SELECT COUNT(*) FROM users u WHERE u.user_username = 'test_teacher' AND u.user_password='test_teacher' )>0, 1,0) AS USER_LOGIN FROM users u INNER JOIN prename_list pt ON pt.prename_id = u.user_prename WHERE u.enable='Y' AND pt.enable='Y' AND u.user_username='test_teacher' AND u.user_password='test_teacher' LIMIT 1) 
[WEB_SQL][UserService][2022-08-06 02:53:10][ERROR]: UserService userLogin() Exception: {}
[WEB_SQL][UserController][2022-08-06 02:53:10][ERROR]: UserController userLogin Exception: {"statusCode": 500, "message": "INTERNAL SERVER ERROR", "httpCode": [500], "stack": null}
[WEB_SQL][UserEventRouter][2022-08-06 02:53:10][ERROR]: UserEventRouter getAdmin() Exception : (500, 'INTERNAL SERVER ERROR', None)
[WEB_SQL][UserRouter][2022-08-06 02:53:10][ERROR]: UserRouter login() Exception : (500, 'INTERNAL SERVER ERROR', None)
[WEB_SQL][UserRepository][2022-08-06 02:53:26][INFO]: QUERY : (SELECT u.user_id,u.user_username, u.user_firstname, u.user_lastname,u.user_prename,pt.prename_text, u.user_email, u.user_type,  IF((SELECT COUNT(*) FROM users u WHERE u.user_username='test')>0,1,0) AS USER_EXIST , IF((SELECT COUNT(*) FROM users u WHERE u.user_username = 'test' AND u.user_password='test' )>0, 1,0) AS USER_LOGIN FROM users u INNER JOIN prename_list pt ON pt.prename_id = u.user_prename WHERE u.enable='Y' AND pt.enable='Y' AND u.user_username='test' AND u.user_password='test' LIMIT 1) 
[WEB_SQL][UserService][2022-08-06 02:53:26][ERROR]: UserService userLogin() Exception: {}
[WEB_SQL][UserController][2022-08-06 02:53:26][ERROR]: UserController userLogin Exception: {"statusCode": 500, "message": "INTERNAL SERVER ERROR", "httpCode": [500], "stack": null}
[WEB_SQL][UserEventRouter][2022-08-06 02:53:26][ERROR]: UserEventRouter getAdmin() Exception : (500, 'INTERNAL SERVER ERROR', None)
[WEB_SQL][UserRouter][2022-08-06 02:53:26][ERROR]: UserRouter login() Exception : (500, 'INTERNAL SERVER ERROR', None)
[WEB_SQL][UserRepository][2022-08-06 02:54:14][INFO]: QUERY : (SELECT u.user_id,u.user_username, u.user_firstname, u.user_lastname,u.user_prename,pt.prename_text, u.user_email, u.user_type,  IF((SELECT COUNT(*) FROM users u WHERE u.user_username='test')>0,1,0) AS USER_EXIST , IF((SELECT COUNT(*) FROM users u WHERE u.user_username = 'test' AND u.user_password='test' )>0, 1,0) AS USER_LOGIN FROM users u INNER JOIN prename_list pt ON pt.prename_id = u.user_prename WHERE u.enable='Y' AND pt.enable='Y' AND u.user_username='test' AND u.user_password='test' LIMIT 1) 
[WEB_SQL][UserService][2022-08-06 02:54:14][ERROR]: UserService userLogin() Exception: {}
[WEB_SQL][UserController][2022-08-06 02:54:14][ERROR]: UserController userLogin Exception: {"statusCode": 500, "message": "INTERNAL SERVER ERROR", "httpCode": [500], "stack": null}
[WEB_SQL][UserEventRouter][2022-08-06 02:54:14][ERROR]: UserEventRouter getAdmin() Exception : (500, 'INTERNAL SERVER ERROR', None)
[WEB_SQL][UserRouter][2022-08-06 02:54:14][ERROR]: UserRouter login() Exception : (500, 'INTERNAL SERVER ERROR', None)
[WEB_SQL][UserRepository][2022-08-06 02:57:56][INFO]: QUERY : (SELECT u.user_id,u.user_username, u.user_firstname, u.user_lastname,u.user_prename,pt.prename_text, u.user_email, u.user_type,  IF((SELECT COUNT(*) FROM users u WHERE u.user_username='test')>0,1,0) AS USER_EXIST , IF((SELECT COUNT(*) FROM users u WHERE u.user_username = 'test' AND u.user_password='test' )>0, 1,0) AS USER_LOGIN FROM users u INNER JOIN prename_list pt ON pt.prename_id = u.user_prename WHERE u.enable='Y' AND pt.enable='Y' AND u.user_username='test' AND u.user_password='test' LIMIT 1) 
[WEB_SQL][UserService][2022-08-06 02:57:56][ERROR]: UserService userLogin() Exception: {}
[WEB_SQL][UserController][2022-08-06 02:57:56][ERROR]: UserController userLogin Exception: {"statusCode": 500, "message": "INTERNAL SERVER ERROR", "httpCode": [500], "stack": null}
[WEB_SQL][UserEventRouter][2022-08-06 02:57:56][ERROR]: UserEventRouter getAdmin() Exception : (500, 'INTERNAL SERVER ERROR', None)
[WEB_SQL][UserRouter][2022-08-06 02:57:56][ERROR]: UserRouter login() Exception : (500, 'INTERNAL SERVER ERROR', None)
[WEB_SQL][UserRepository][2022-08-06 03:00:29][INFO]: QUERY : (SELECT u.user_id,u.user_username, u.user_firstname, u.user_lastname,u.user_prename,pt.prename_text, u.user_email, u.user_type,  IF((SELECT COUNT(*) FROM users u WHERE u.user_username='test')>0,1,0) AS USER_EXIST , IF((SELECT COUNT(*) FROM users u WHERE u.user_username = 'test' AND u.user_password='test' )>0, 1,0) AS USER_LOGIN FROM users u INNER JOIN prename_list pt ON pt.prename_id = u.user_prename WHERE u.enable='Y' AND pt.enable='Y' AND u.user_username='test' AND u.user_password='test' LIMIT 1) 
[WEB_SQL][UserService][2022-08-06 03:00:29][ERROR]: UserService userLogin() Exception: {}
[WEB_SQL][UserController][2022-08-06 03:00:29][ERROR]: UserController userLogin Exception: {"statusCode": 500, "message": "INTERNAL SERVER ERROR", "httpCode": [500], "stack": null}
[WEB_SQL][UserEventRouter][2022-08-06 03:00:29][ERROR]: UserEventRouter getAdmin() Exception : (500, 'INTERNAL SERVER ERROR', None)
[WEB_SQL][UserRouter][2022-08-06 03:00:29][ERROR]: UserRouter login() Exception : (500, 'INTERNAL SERVER ERROR', None)
[WEB_SQL][UserRepository][2022-08-06 03:04:00][INFO]: QUERY : (SELECT u.user_id,u.user_username, u.user_firstname, u.user_lastname,u.user_prename,pt.prename_text, u.user_email, u.user_type,  IF((SELECT COUNT(*) FROM users u WHERE u.user_username='test')>0,1,0) AS USER_EXIST , IF((SELECT COUNT(*) FROM users u WHERE u.user_username = 'test' AND u.user_password='test' )>0, 1,0) AS USER_LOGIN FROM users u INNER JOIN prename_list pt ON pt.prename_id = u.user_prename WHERE u.enable='Y' AND pt.enable='Y' AND u.user_username='test' AND u.user_password='test' LIMIT 1) 
[WEB_SQL][UserService][2022-08-06 03:04:00][ERROR]: UserService userLogin() Exception: {}
[WEB_SQL][UserController][2022-08-06 03:04:00][ERROR]: UserController userLogin Exception: {"statusCode": 500, "message": "INTERNAL SERVER ERROR", "httpCode": [500], "stack": null}
[WEB_SQL][UserEventRouter][2022-08-06 03:04:00][ERROR]: UserEventRouter getAdmin() Exception : (500, 'INTERNAL SERVER ERROR', None)
[WEB_SQL][UserRouter][2022-08-06 03:04:00][ERROR]: UserRouter login() Exception : (500, 'INTERNAL SERVER ERROR', None)
[WEB_SQL][UserRepository][2022-08-06 03:04:45][INFO]: QUERY : (SELECT u.user_id,u.user_username, u.user_firstname, u.user_lastname,u.user_prename,pt.prename_text, u.user_email, u.user_type,  IF((SELECT COUNT(*) FROM users u WHERE u.user_username='test_teacher')>0,1,0) AS USER_EXIST , IF((SELECT COUNT(*) FROM users u WHERE u.user_username = 'test_teacher' AND u.user_password='test_teacher' )>0, 1,0) AS USER_LOGIN FROM users u INNER JOIN prename_list pt ON pt.prename_id = u.user_prename WHERE u.enable='Y' AND pt.enable='Y' AND u.user_username='test_teacher' AND u.user_password='test_teacher' LIMIT 1) 
[WEB_SQL][UserService][2022-08-06 03:04:45][ERROR]: UserService userLogin() Exception: {}
[WEB_SQL][UserController][2022-08-06 03:04:45][ERROR]: UserController userLogin Exception: {"statusCode": 500, "message": "INTERNAL SERVER ERROR", "httpCode": [500], "stack": null}
[WEB_SQL][UserEventRouter][2022-08-06 03:04:45][ERROR]: UserEventRouter getAdmin() Exception : (500, 'INTERNAL SERVER ERROR', None)
[WEB_SQL][UserRouter][2022-08-06 03:04:45][ERROR]: UserRouter login() Exception : (500, 'INTERNAL SERVER ERROR', None)
[WEB_SQL][UserRepository][2022-08-06 03:10:16][INFO]: QUERY : (SELECT u.user_id,u.user_username, u.user_firstname, u.user_lastname,u.user_prename,pt.prename_text, u.user_email, u.user_type,  IF((SELECT COUNT(*) FROM users u WHERE u.user_username='test')>0,1,0) AS USER_EXIST , IF((SELECT COUNT(*) FROM users u WHERE u.user_username = 'test' AND u.user_password='test' )>0, 1,0) AS USER_LOGIN FROM users u INNER JOIN prename_list pt ON pt.prename_id = u.user_prename WHERE u.enable='Y' AND pt.enable='Y' AND u.user_username='test' AND u.user_password='test' LIMIT 1) 
[WEB_SQL][UserService][2022-08-06 03:10:16][ERROR]: UserService userLogin() Exception: {}
[WEB_SQL][UserController][2022-08-06 03:10:16][ERROR]: UserController userLogin Exception: {"statusCode": 500, "message": "INTERNAL SERVER ERROR", "httpCode": [500], "stack": null}
[WEB_SQL][UserEventRouter][2022-08-06 03:10:16][ERROR]: UserEventRouter getAdmin() Exception : (500, 'INTERNAL SERVER ERROR', None)
[WEB_SQL][UserRouter][2022-08-06 03:10:16][ERROR]: UserRouter login() Exception : (500, 'INTERNAL SERVER ERROR', None)
