[WEB_SQL][UserRepository][2022-08-03 12:37:02][INFO]: QUERY : (SELECT u.user_id,u.user_username, u.user_firstname, u.user_lastname,u.user_prename,pt.prename_text, u.user_email, u.user_type,  IF((SELECT COUNT(*) FROM users u WHERE u.user_username='test')>0,1,0) AS USER_EXIST , IF((SELECT COUNT(*) FROM users u WHERE u.user_username = 'test' AND u.user_password='test' )>0, 1,0) AS USER_LOGIN FROM users u INNER JOIN prename_list pt ON pt.prename_id = u.user_prename WHERE u.enable='Y' AND pt.enable='Y' AND u.user_username='test' AND u.user_password='test' LIMIT 1) 
[WEB_SQL][PrenameService][2022-08-03 12:37:03][INFO]: <V1.models.teacherModel.TeacherModel object at 0x000001D2B2E0CEE0>
[WEB_SQL][PrenameService][2022-08-03 12:37:03][INFO]: <V1.models.teacherModel.TeacherModel object at 0x000001D2B2E0CEE0>
[WEB_SQL][PrenameService][2022-08-03 12:37:05][INFO]: <V1.models.teacherModel.TeacherModel object at 0x000001D2B2E0D540>
[WEB_SQL][PrenameService][2022-08-03 12:37:05][INFO]: <V1.models.teacherModel.TeacherModel object at 0x000001D2B2E0D540>
[WEB_SQL][UserRepository][2022-08-03 12:37:13][INFO]: QUERY : (SELECT u.user_id,u.user_username, u.user_firstname, u.user_lastname,u.user_prename,pt.prename_text, u.user_email, u.user_type,  IF((SELECT COUNT(*) FROM users u WHERE u.user_username='test')>0,1,0) AS USER_EXIST , IF((SELECT COUNT(*) FROM users u WHERE u.user_username = 'test' AND u.user_password='test' )>0, 1,0) AS USER_LOGIN FROM users u INNER JOIN prename_list pt ON pt.prename_id = u.user_prename WHERE u.enable='Y' AND pt.enable='Y' AND u.user_username='test' AND u.user_password='test' LIMIT 1) 
[WEB_SQL][PrenameService][2022-08-03 12:37:13][INFO]: <V1.models.teacherModel.TeacherModel object at 0x000001D2B2E0CBE0>
[WEB_SQL][PrenameService][2022-08-03 12:37:13][INFO]: <V1.models.teacherModel.TeacherModel object at 0x000001D2B2E0CBE0>
[WEB_SQL][UserRepository][2022-08-03 12:41:50][INFO]: QUERY : (SELECT u.user_id,u.user_username, u.user_firstname, u.user_lastname,u.user_prename,pt.prename_text, u.user_email, u.user_type,  IF((SELECT COUNT(*) FROM users u WHERE u.user_username='test')>0,1,0) AS USER_EXIST , IF((SELECT COUNT(*) FROM users u WHERE u.user_username = 'test' AND u.user_password='test' )>0, 1,0) AS USER_LOGIN FROM users u INNER JOIN prename_list pt ON pt.prename_id = u.user_prename WHERE u.enable='Y' AND pt.enable='Y' AND u.user_username='test' AND u.user_password='test' LIMIT 1) 
[WEB_SQL][UserRepository][2022-08-03 12:42:28][INFO]: QUERY : (SELECT u.user_id,u.user_username, u.user_firstname, u.user_lastname,u.user_prename,pt.prename_text, u.user_email, u.user_type,  IF((SELECT COUNT(*) FROM users u WHERE u.user_username='test')>0,1,0) AS USER_EXIST , IF((SELECT COUNT(*) FROM users u WHERE u.user_username = 'test' AND u.user_password='test' )>0, 1,0) AS USER_LOGIN FROM users u INNER JOIN prename_list pt ON pt.prename_id = u.user_prename WHERE u.enable='Y' AND pt.enable='Y' AND u.user_username='test' AND u.user_password='test' LIMIT 1) 
[WEB_SQL][PrenameService][2022-08-03 12:42:28][INFO]: <V1.models.teacherModel.TeacherModel object at 0x000001D2B2E0F580>
[WEB_SQL][PrenameService][2022-08-03 12:42:28][INFO]: <V1.models.teacherModel.TeacherModel object at 0x000001D2B2E0F580>
[WEB_SQL][PrenameService][2022-08-03 12:42:57][INFO]: <V1.models.teacherModel.TeacherModel object at 0x000001D2B2E34070>
[WEB_SQL][PrenameService][2022-08-03 12:42:57][INFO]: <V1.models.teacherModel.TeacherModel object at 0x000001D2B2E34070>
[WEB_SQL][UserRepository][2022-08-03 12:43:01][INFO]: QUERY : (SELECT u.user_id,u.user_username, u.user_firstname, u.user_lastname,u.user_prename,pt.prename_text, u.user_email, u.user_type,  IF((SELECT COUNT(*) FROM users u WHERE u.user_username='test')>0,1,0) AS USER_EXIST , IF((SELECT COUNT(*) FROM users u WHERE u.user_username = 'test' AND u.user_password='test' )>0, 1,0) AS USER_LOGIN FROM users u INNER JOIN prename_list pt ON pt.prename_id = u.user_prename WHERE u.enable='Y' AND pt.enable='Y' AND u.user_username='test' AND u.user_password='test' LIMIT 1) 
[WEB_SQL][PrenameService][2022-08-03 12:43:01][INFO]: <V1.models.teacherModel.TeacherModel object at 0x000001D2B2E0F760>
[WEB_SQL][PrenameService][2022-08-03 12:43:01][INFO]: <V1.models.teacherModel.TeacherModel object at 0x000001D2B2E0F760>
[WEB_SQL][UserRepository][2022-08-03 01:20:35][INFO]: QUERY : (SELECT u.user_id,u.user_username, u.user_firstname, u.user_lastname,u.user_prename,pt.prename_text, u.user_email, u.user_type,  IF((SELECT COUNT(*) FROM users u WHERE u.user_username='test')>0,1,0) AS USER_EXIST , IF((SELECT COUNT(*) FROM users u WHERE u.user_username = 'test' AND u.user_password='test' )>0, 1,0) AS USER_LOGIN FROM users u INNER JOIN prename_list pt ON pt.prename_id = u.user_prename WHERE u.enable='Y' AND pt.enable='Y' AND u.user_username='test' AND u.user_password='test' LIMIT 1) 
[WEB_SQL][PrenameService][2022-08-03 01:20:35][INFO]: <V1.models.teacherModel.TeacherModel object at 0x000001D2B2E0C700>
[WEB_SQL][PrenameService][2022-08-03 01:20:35][INFO]: <V1.models.teacherModel.TeacherModel object at 0x000001D2B2E0C700>
[WEB_SQL][PrenameService][2022-08-03 01:20:43][INFO]: <V1.models.teacherModel.TeacherModel object at 0x000001D2B2E0CF40>
[WEB_SQL][PrenameService][2022-08-03 01:20:43][INFO]: <V1.models.teacherModel.TeacherModel object at 0x000001D2B2E0CF40>
[WEB_SQL][PrenameService][2022-08-03 01:20:43][INFO]: <V1.models.teacherModel.TeacherModel object at 0x000001D2B2E0D3C0>
[WEB_SQL][PrenameService][2022-08-03 01:20:43][INFO]: <V1.models.teacherModel.TeacherModel object at 0x000001D2B2E0D3C0>
[WEB_SQL][PrenameService][2022-08-03 01:20:44][INFO]: <V1.models.teacherModel.TeacherModel object at 0x000001D2B2D8FB50>
[WEB_SQL][PrenameService][2022-08-03 01:20:44][INFO]: <V1.models.teacherModel.TeacherModel object at 0x000001D2B2D8FB50>
[WEB_SQL][PrenameService][2022-08-03 01:20:45][INFO]: <V1.models.teacherModel.TeacherModel object at 0x000001D2B2E34760>
[WEB_SQL][PrenameService][2022-08-03 01:20:45][INFO]: <V1.models.teacherModel.TeacherModel object at 0x000001D2B2E34760>
[WEB_SQL][UserRepository][2022-08-03 01:22:03][INFO]: QUERY : (SELECT u.user_id,u.user_username, u.user_firstname, u.user_lastname,u.user_prename,pt.prename_text, u.user_email, u.user_type,  IF((SELECT COUNT(*) FROM users u WHERE u.user_username='test')>0,1,0) AS USER_EXIST , IF((SELECT COUNT(*) FROM users u WHERE u.user_username = 'test' AND u.user_password='test' )>0, 1,0) AS USER_LOGIN FROM users u INNER JOIN prename_list pt ON pt.prename_id = u.user_prename WHERE u.enable='Y' AND pt.enable='Y' AND u.user_username='test' AND u.user_password='test' LIMIT 1) 
[WEB_SQL][PrenameService][2022-08-03 01:22:03][INFO]: <V1.models.teacherModel.TeacherModel object at 0x000001D2B2E0CD30>
[WEB_SQL][PrenameService][2022-08-03 01:22:03][INFO]: <V1.models.teacherModel.TeacherModel object at 0x000001D2B2E0CD30>
[WEB_SQL][PrenameService][2022-08-03 01:22:04][INFO]: <V1.models.teacherModel.TeacherModel object at 0x000001D2B2E0CF10>
[WEB_SQL][PrenameService][2022-08-03 01:22:04][INFO]: <V1.models.teacherModel.TeacherModel object at 0x000001D2B2E0CF10>
[WEB_SQL][PrenameService][2022-08-03 01:22:05][INFO]: <V1.models.teacherModel.TeacherModel object at 0x000001D2B2E0CA30>
[WEB_SQL][PrenameService][2022-08-03 01:22:05][INFO]: <V1.models.teacherModel.TeacherModel object at 0x000001D2B2E0CA30>
[WEB_SQL][PrenameService][2022-08-03 01:22:05][INFO]: <V1.models.teacherModel.TeacherModel object at 0x000001D2B2E0D1E0>
[WEB_SQL][PrenameService][2022-08-03 01:22:05][INFO]: <V1.models.teacherModel.TeacherModel object at 0x000001D2B2E0D1E0>
[WEB_SQL][UserRepository][2022-08-03 01:22:14][INFO]: QUERY : (SELECT u.user_id,u.user_username, u.user_firstname, u.user_lastname,u.user_prename,pt.prename_text, u.user_email, u.user_type,  IF((SELECT COUNT(*) FROM users u WHERE u.user_username='test')>0,1,0) AS USER_EXIST , IF((SELECT COUNT(*) FROM users u WHERE u.user_username = 'test' AND u.user_password='test' )>0, 1,0) AS USER_LOGIN FROM users u INNER JOIN prename_list pt ON pt.prename_id = u.user_prename WHERE u.enable='Y' AND pt.enable='Y' AND u.user_username='test' AND u.user_password='test' LIMIT 1) 
[WEB_SQL][PrenameService][2022-08-03 01:22:14][INFO]: <V1.models.teacherModel.TeacherModel object at 0x000001D2B2E0F040>
[WEB_SQL][PrenameService][2022-08-03 01:22:14][INFO]: <V1.models.teacherModel.TeacherModel object at 0x000001D2B2E0F040>
[WEB_SQL][PrenameService][2022-08-03 01:22:16][INFO]: <V1.models.teacherModel.TeacherModel object at 0x000001D2B2E35480>
[WEB_SQL][PrenameService][2022-08-03 01:22:16][INFO]: <V1.models.teacherModel.TeacherModel object at 0x000001D2B2E35480>
[WEB_SQL][PrenameService][2022-08-03 01:22:16][INFO]: <V1.models.teacherModel.TeacherModel object at 0x000001D2B2E34C40>
[WEB_SQL][PrenameService][2022-08-03 01:22:16][INFO]: <V1.models.teacherModel.TeacherModel object at 0x000001D2B2E34C40>
[WEB_SQL][UserRepository][2022-08-03 01:24:34][INFO]: QUERY : (SELECT u.user_id,u.user_username, u.user_firstname, u.user_lastname,u.user_prename,pt.prename_text, u.user_email, u.user_type,  IF((SELECT COUNT(*) FROM users u WHERE u.user_username='test')>0,1,0) AS USER_EXIST , IF((SELECT COUNT(*) FROM users u WHERE u.user_username = 'test' AND u.user_password='test' )>0, 1,0) AS USER_LOGIN FROM users u INNER JOIN prename_list pt ON pt.prename_id = u.user_prename WHERE u.enable='Y' AND pt.enable='Y' AND u.user_username='test' AND u.user_password='test' LIMIT 1) 
[WEB_SQL][PrenameService][2022-08-03 01:24:34][INFO]: <V1.models.teacherModel.TeacherModel object at 0x000001D2B2E0F940>
[WEB_SQL][PrenameService][2022-08-03 01:24:34][INFO]: <V1.models.teacherModel.TeacherModel object at 0x000001D2B2E0F940>
[WEB_SQL][PrenameService][2022-08-03 01:24:40][INFO]: <V1.models.teacherModel.TeacherModel object at 0x000001D2B2E0E620>
[WEB_SQL][PrenameService][2022-08-03 01:24:40][INFO]: <V1.models.teacherModel.TeacherModel object at 0x000001D2B2E0E620>
