[WEB_SQL][UserRepository][2022-08-07 11:54:18][INFO]: QUERY : (SELECT u.user_id,u.user_username, u.user_firstname, u.user_lastname,u.user_prename,pt.prename_text, u.user_email, u.user_type,  IF((SELECT COUNT(*) FROM users u WHERE u.user_username='admin')>0,1,0) AS USER_EXIST , IF((SELECT COUNT(*) FROM users u WHERE u.user_username = 'admin' AND u.user_password='admin' )>0, 1,0) AS USER_LOGIN FROM users u INNER JOIN prename_list pt ON pt.prename_id = u.user_prename WHERE u.enable='Y' AND pt.enable='Y' AND u.user_username='admin' AND u.user_password='admin' LIMIT 1) 
[WEB_SQL][UserRepository][2022-08-07 11:54:31][INFO]: QUERY : (SELECT u.user_id,u.user_username, u.user_firstname, u.user_lastname,u.user_prename,pt.prename_text, u.user_email, u.user_type,  IF((SELECT COUNT(*) FROM users u WHERE u.user_username='admin')>0,1,0) AS USER_EXIST , IF((SELECT COUNT(*) FROM users u WHERE u.user_username = 'admin' AND u.user_password='admin' )>0, 1,0) AS USER_LOGIN FROM users u INNER JOIN prename_list pt ON pt.prename_id = u.user_prename WHERE u.enable='Y' AND pt.enable='Y' AND u.user_username='admin' AND u.user_password='admin' LIMIT 1) 
[WEB_SQL][UserRepository][2022-08-07 11:55:10][INFO]: QUERY : (SELECT u.user_id,u.user_username, u.user_firstname, u.user_lastname,u.user_prename,pt.prename_text, u.user_email, u.user_type,  IF((SELECT COUNT(*) FROM users u WHERE u.user_username='admin')>0,1,0) AS USER_EXIST , IF((SELECT COUNT(*) FROM users u WHERE u.user_username = 'admin' AND u.user_password='test_password' )>0, 1,0) AS USER_LOGIN FROM users u INNER JOIN prename_list pt ON pt.prename_id = u.user_prename WHERE u.enable='Y' AND pt.enable='Y' AND u.user_username='admin' AND u.user_password='test_password' LIMIT 1) 
[WEB_SQL][UserRepository][2022-08-07 11:55:26][INFO]: QUERY : (SELECT u.user_id,u.user_username, u.user_firstname, u.user_lastname,u.user_prename,pt.prename_text, u.user_email, u.user_type,  IF((SELECT COUNT(*) FROM users u WHERE u.user_username='test_password')>0,1,0) AS USER_EXIST , IF((SELECT COUNT(*) FROM users u WHERE u.user_username = 'test_password' AND u.user_password='test_password' )>0, 1,0) AS USER_LOGIN FROM users u INNER JOIN prename_list pt ON pt.prename_id = u.user_prename WHERE u.enable='Y' AND pt.enable='Y' AND u.user_username='test_password' AND u.user_password='test_password' LIMIT 1) 
[WEB_SQL][UserRepository][2022-08-07 11:55:35][INFO]: QUERY : (SELECT u.user_id,u.user_username, u.user_firstname, u.user_lastname,u.user_prename,pt.prename_text, u.user_email, u.user_type,  IF((SELECT COUNT(*) FROM users u WHERE u.user_username='test_admin')>0,1,0) AS USER_EXIST , IF((SELECT COUNT(*) FROM users u WHERE u.user_username = 'test_admin' AND u.user_password='test_password' )>0, 1,0) AS USER_LOGIN FROM users u INNER JOIN prename_list pt ON pt.prename_id = u.user_prename WHERE u.enable='Y' AND pt.enable='Y' AND u.user_username='test_admin' AND u.user_password='test_password' LIMIT 1) 
[WEB_SQL][PrenameService][2022-08-07 11:55:35][INFO]: <V1.models.teacherModel.TeacherModel object at 0x000001541F157220>
[WEB_SQL][PrenameService][2022-08-07 11:55:35][INFO]: <V1.models.teacherModel.TeacherModel object at 0x000001541F157220>
[WEB_SQL][PrenameService][2022-08-07 11:57:06][INFO]: <V1.models.teacherModel.TeacherModel object at 0x000001541F156260>
[WEB_SQL][PrenameService][2022-08-07 11:57:06][INFO]: <V1.models.teacherModel.TeacherModel object at 0x000001541F156260>
[WEB_SQL][PrenameService][2022-08-07 11:58:21][INFO]: <V1.models.teacherModel.TeacherModel object at 0x000001541F1D4DF0>
[WEB_SQL][PrenameService][2022-08-07 11:58:21][INFO]: <V1.models.teacherModel.TeacherModel object at 0x000001541F1D4DF0>
[WEB_SQL][PrenameService][2022-08-07 11:58:21][INFO]: <V1.models.teacherModel.TeacherModel object at 0x000001541F1D4DF0>
[WEB_SQL][PrenameService][2022-08-07 11:58:21][INFO]: <V1.models.teacherModel.TeacherModel object at 0x000001541F1D4DF0>
[WEB_SQL][PrenameService][2022-08-07 11:58:27][INFO]: <V1.models.teacherModel.TeacherModel object at 0x000001541F1D46A0>
[WEB_SQL][PrenameService][2022-08-07 11:58:27][INFO]: <V1.models.teacherModel.TeacherModel object at 0x000001541F1D46A0>
[WEB_SQL][PrenameService][2022-08-07 11:58:36][INFO]: <V1.models.teacherModel.TeacherModel object at 0x000001541F1D63B0>
[WEB_SQL][PrenameService][2022-08-07 11:58:36][INFO]: <V1.models.teacherModel.TeacherModel object at 0x000001541F1D63B0>
[WEB_SQL][PrenameService][2022-08-07 11:58:36][INFO]: <V1.models.teacherModel.TeacherModel object at 0x000001541F1D63B0>
[WEB_SQL][PrenameService][2022-08-07 11:58:36][INFO]: <V1.models.teacherModel.TeacherModel object at 0x000001541F1D63B0>
[WEB_SQL][PrenameService][2022-08-07 11:58:38][INFO]: <V1.models.teacherModel.TeacherModel object at 0x000001541F1558A0>
[WEB_SQL][PrenameService][2022-08-07 11:58:38][INFO]: <V1.models.teacherModel.TeacherModel object at 0x000001541F1558A0>
[WEB_SQL][PrenameService][2022-08-07 11:58:46][INFO]: <V1.models.teacherModel.TeacherModel object at 0x000001541F157010>
[WEB_SQL][PrenameService][2022-08-07 11:58:46][INFO]: <V1.models.teacherModel.TeacherModel object at 0x000001541F157010>
[WEB_SQL][PrenameService][2022-08-07 11:58:46][INFO]: <V1.models.teacherModel.TeacherModel object at 0x000001541F157010>
[WEB_SQL][PrenameService][2022-08-07 11:58:46][INFO]: <V1.models.teacherModel.TeacherModel object at 0x000001541F157010>
[WEB_SQL][PrenameService][2022-08-07 11:58:48][INFO]: <V1.models.teacherModel.TeacherModel object at 0x000001541F155840>
[WEB_SQL][PrenameService][2022-08-07 11:58:48][INFO]: <V1.models.teacherModel.TeacherModel object at 0x000001541F155840>
[WEB_SQL][UserRepository][2022-08-08 12:02:28][INFO]: QUERY : (SELECT u.user_id,u.user_username, u.user_firstname, u.user_lastname,u.user_prename,pt.prename_text, u.user_email, u.user_type,  IF((SELECT COUNT(*) FROM users u WHERE u.user_username='test_admin')>0,1,0) AS USER_EXIST , IF((SELECT COUNT(*) FROM users u WHERE u.user_username = 'test_admin' AND u.user_password='test_password' )>0, 1,0) AS USER_LOGIN FROM users u INNER JOIN prename_list pt ON pt.prename_id = u.user_prename WHERE u.enable='Y' AND pt.enable='Y' AND u.user_username='test_admin' AND u.user_password='test_password' LIMIT 1) 
[WEB_SQL][PrenameService][2022-08-08 12:02:28][INFO]: <V1.models.teacherModel.TeacherModel object at 0x000001541F1D4DF0>
[WEB_SQL][PrenameService][2022-08-08 12:02:28][INFO]: <V1.models.teacherModel.TeacherModel object at 0x000001541F1D4DF0>
[WEB_SQL][PrenameService][2022-08-08 12:02:28][INFO]: <V1.models.teacherModel.TeacherModel object at 0x000001541F1D4DF0>
[WEB_SQL][PrenameService][2022-08-08 12:02:28][INFO]: <V1.models.teacherModel.TeacherModel object at 0x000001541F1D4DF0>
[WEB_SQL][UserRepository][2022-08-08 12:02:33][INFO]: QUERY : (SELECT u.user_id,u.user_username, u.user_firstname, u.user_lastname,u.user_prename,pt.prename_text, u.user_email, u.user_type,  IF((SELECT COUNT(*) FROM users u WHERE u.user_username='test_admin')>0,1,0) AS USER_EXIST , IF((SELECT COUNT(*) FROM users u WHERE u.user_username = 'test_admin' AND u.user_password='test_password' )>0, 1,0) AS USER_LOGIN FROM users u INNER JOIN prename_list pt ON pt.prename_id = u.user_prename WHERE u.enable='Y' AND pt.enable='Y' AND u.user_username='test_admin' AND u.user_password='test_password' LIMIT 1) 
[WEB_SQL][PrenameService][2022-08-08 12:02:33][INFO]: <V1.models.teacherModel.TeacherModel object at 0x000001541F155FF0>
[WEB_SQL][PrenameService][2022-08-08 12:02:33][INFO]: <V1.models.teacherModel.TeacherModel object at 0x000001541F155FF0>
[WEB_SQL][PrenameService][2022-08-08 12:02:33][INFO]: <V1.models.teacherModel.TeacherModel object at 0x000001541F155FF0>
[WEB_SQL][PrenameService][2022-08-08 12:02:33][INFO]: <V1.models.teacherModel.TeacherModel object at 0x000001541F155FF0>
[WEB_SQL][PrenameService][2022-08-08 12:02:41][INFO]: <V1.models.teacherModel.TeacherModel object at 0x000001541F1556C0>
[WEB_SQL][PrenameService][2022-08-08 12:02:41][INFO]: <V1.models.teacherModel.TeacherModel object at 0x000001541F1556C0>
[WEB_SQL][PrenameService][2022-08-08 12:02:44][INFO]: <V1.models.teacherModel.TeacherModel object at 0x000001541F156800>
[WEB_SQL][PrenameService][2022-08-08 12:02:44][INFO]: <V1.models.teacherModel.TeacherModel object at 0x000001541F156800>
[WEB_SQL][PrenameService][2022-08-08 12:02:44][INFO]: <V1.models.teacherModel.TeacherModel object at 0x000001541F156800>
[WEB_SQL][PrenameService][2022-08-08 12:02:44][INFO]: <V1.models.teacherModel.TeacherModel object at 0x000001541F156800>
[WEB_SQL][PrenameService][2022-08-08 12:02:45][INFO]: <V1.models.teacherModel.TeacherModel object at 0x000001541F156B30>
[WEB_SQL][PrenameService][2022-08-08 12:02:45][INFO]: <V1.models.teacherModel.TeacherModel object at 0x000001541F156B30>
[WEB_SQL][PrenameService][2022-08-08 12:02:48][INFO]: <V1.models.teacherModel.TeacherModel object at 0x000001541F1D6560>
[WEB_SQL][PrenameService][2022-08-08 12:02:48][INFO]: <V1.models.teacherModel.TeacherModel object at 0x000001541F1D6560>
[WEB_SQL][PrenameService][2022-08-08 12:02:48][INFO]: <V1.models.teacherModel.TeacherModel object at 0x000001541F1D6560>
[WEB_SQL][PrenameService][2022-08-08 12:02:48][INFO]: <V1.models.teacherModel.TeacherModel object at 0x000001541F1D6560>
[WEB_SQL][PrenameService][2022-08-08 12:08:19][INFO]: <V1.models.teacherModel.TeacherModel object at 0x000001541F1D42B0>
[WEB_SQL][PrenameService][2022-08-08 12:08:19][INFO]: <V1.models.teacherModel.TeacherModel object at 0x000001541F1D42B0>
[WEB_SQL][PrenameService][2022-08-08 12:08:19][INFO]: <V1.models.teacherModel.TeacherModel object at 0x000001541F1D42B0>
[WEB_SQL][PrenameService][2022-08-08 12:08:19][INFO]: <V1.models.teacherModel.TeacherModel object at 0x000001541F1D42B0>
[WEB_SQL][PrenameService][2022-08-08 12:08:20][INFO]: <V1.models.teacherModel.TeacherModel object at 0x000001541F1D5480>
[WEB_SQL][PrenameService][2022-08-08 12:08:20][INFO]: <V1.models.teacherModel.TeacherModel object at 0x000001541F1D5480>
[WEB_SQL][PrenameService][2022-08-08 12:08:20][INFO]: <V1.models.teacherModel.TeacherModel object at 0x000001541F1D5480>
[WEB_SQL][PrenameService][2022-08-08 12:08:20][INFO]: <V1.models.teacherModel.TeacherModel object at 0x000001541F1D5480>
[WEB_SQL][PrenameService][2022-08-08 12:38:33][INFO]: <V1.models.teacherModel.TeacherModel object at 0x000001541F1D5D50>
[WEB_SQL][PrenameService][2022-08-08 12:38:33][INFO]: <V1.models.teacherModel.TeacherModel object at 0x000001541F1D5D50>
[WEB_SQL][PrenameService][2022-08-08 12:38:33][INFO]: <V1.models.teacherModel.TeacherModel object at 0x000001541F1D5D50>
[WEB_SQL][PrenameService][2022-08-08 12:38:33][INFO]: <V1.models.teacherModel.TeacherModel object at 0x000001541F1D5D50>
[WEB_SQL][PrenameService][2022-08-08 12:38:44][INFO]: <V1.models.teacherModel.TeacherModel object at 0x000001541F1558A0>
[WEB_SQL][PrenameService][2022-08-08 12:38:44][INFO]: <V1.models.teacherModel.TeacherModel object at 0x000001541F1558A0>
[WEB_SQL][PrenameService][2022-08-08 12:38:44][INFO]: <V1.models.teacherModel.TeacherModel object at 0x000001541F1558A0>
[WEB_SQL][PrenameService][2022-08-08 12:38:44][INFO]: <V1.models.teacherModel.TeacherModel object at 0x000001541F1558A0>
[WEB_SQL][UserRepository][2022-08-08 12:44:07][INFO]: QUERY : (SELECT u.user_id,u.user_username, u.user_firstname, u.user_lastname,u.user_prename,pt.prename_text, u.user_email, u.user_type,  IF((SELECT COUNT(*) FROM users u WHERE u.user_username='teacher')>0,1,0) AS USER_EXIST , IF((SELECT COUNT(*) FROM users u WHERE u.user_username = 'teacher' AND u.user_password='teacher' )>0, 1,0) AS USER_LOGIN FROM users u INNER JOIN prename_list pt ON pt.prename_id = u.user_prename WHERE u.enable='Y' AND pt.enable='Y' AND u.user_username='teacher' AND u.user_password='teacher' LIMIT 1) 
[WEB_SQL][UserRepository][2022-08-08 12:44:13][INFO]: QUERY : (SELECT u.user_id,u.user_username, u.user_firstname, u.user_lastname,u.user_prename,pt.prename_text, u.user_email, u.user_type,  IF((SELECT COUNT(*) FROM users u WHERE u.user_username='test_teacher')>0,1,0) AS USER_EXIST , IF((SELECT COUNT(*) FROM users u WHERE u.user_username = 'test_teacher' AND u.user_password='test_teacher' )>0, 1,0) AS USER_LOGIN FROM users u INNER JOIN prename_list pt ON pt.prename_id = u.user_prename WHERE u.enable='Y' AND pt.enable='Y' AND u.user_username='test_teacher' AND u.user_password='test_teacher' LIMIT 1) 
[WEB_SQL][UserRepository][2022-08-08 12:46:11][INFO]: QUERY : (SELECT u.user_id,u.user_username, u.user_firstname, u.user_lastname,u.user_prename,pt.prename_text, u.user_email, u.user_type,  IF((SELECT COUNT(*) FROM users u WHERE u.user_username='test_teacher')>0,1,0) AS USER_EXIST , IF((SELECT COUNT(*) FROM users u WHERE u.user_username = 'test_teacher' AND u.user_password='test_teacher' )>0, 1,0) AS USER_LOGIN FROM users u INNER JOIN prename_list pt ON pt.prename_id = u.user_prename WHERE u.enable='Y' AND pt.enable='Y' AND u.user_username='test_teacher' AND u.user_password='test_teacher' LIMIT 1) 
[WEB_SQL][UserRepository][2022-08-08 12:46:48][INFO]: QUERY : (SELECT u.user_id,u.user_username, u.user_firstname, u.user_lastname,u.user_prename,pt.prename_text, u.user_email, u.user_type,  IF((SELECT COUNT(*) FROM users u WHERE u.user_username='test_admin')>0,1,0) AS USER_EXIST , IF((SELECT COUNT(*) FROM users u WHERE u.user_username = 'test_admin' AND u.user_password='test_password' )>0, 1,0) AS USER_LOGIN FROM users u INNER JOIN prename_list pt ON pt.prename_id = u.user_prename WHERE u.enable='Y' AND pt.enable='Y' AND u.user_username='test_admin' AND u.user_password='test_password' LIMIT 1) 
[WEB_SQL][PrenameService][2022-08-08 12:46:48][INFO]: <V1.models.teacherModel.TeacherModel object at 0x000001541F1567D0>
[WEB_SQL][PrenameService][2022-08-08 12:46:48][INFO]: <V1.models.teacherModel.TeacherModel object at 0x000001541F1567D0>
[WEB_SQL][PrenameService][2022-08-08 12:46:48][INFO]: <V1.models.teacherModel.TeacherModel object at 0x000001541F1567D0>
[WEB_SQL][PrenameService][2022-08-08 12:46:48][INFO]: <V1.models.teacherModel.TeacherModel object at 0x000001541F1567D0>
[WEB_SQL][PrenameService][2022-08-08 12:49:18][INFO]: <V1.models.teacherModel.TeacherModel object at 0x000001541F1D51B0>
[WEB_SQL][PrenameService][2022-08-08 12:49:18][INFO]: <V1.models.teacherModel.TeacherModel object at 0x000001541F1D51B0>
[WEB_SQL][PrenameService][2022-08-08 12:49:18][INFO]: <V1.models.teacherModel.TeacherModel object at 0x000001541F1D51B0>
[WEB_SQL][PrenameService][2022-08-08 12:49:18][INFO]: <V1.models.teacherModel.TeacherModel object at 0x000001541F1D51B0>
[WEB_SQL][PrenameService][2022-08-08 01:17:21][INFO]: <V1.models.teacherModel.TeacherModel object at 0x000001541F1D5AB0>
[WEB_SQL][PrenameService][2022-08-08 01:17:21][INFO]: <V1.models.teacherModel.TeacherModel object at 0x000001541F1D5AB0>
[WEB_SQL][PrenameService][2022-08-08 01:17:21][INFO]: <V1.models.teacherModel.TeacherModel object at 0x000001541F1D5AB0>
[WEB_SQL][PrenameService][2022-08-08 01:17:21][INFO]: <V1.models.teacherModel.TeacherModel object at 0x000001541F1D5AB0>
[WEB_SQL][PrenameService][2022-08-08 01:22:16][INFO]: <V1.models.teacherModel.TeacherModel object at 0x000001541F1D7370>
[WEB_SQL][PrenameService][2022-08-08 01:22:16][INFO]: <V1.models.teacherModel.TeacherModel object at 0x000001541F1D7370>
[WEB_SQL][PrenameService][2022-08-08 01:22:16][INFO]: <V1.models.teacherModel.TeacherModel object at 0x000001541F1D7370>
[WEB_SQL][PrenameService][2022-08-08 01:22:16][INFO]: <V1.models.teacherModel.TeacherModel object at 0x000001541F1D7370>
[WEB_SQL][PrenameService][2022-08-08 01:22:16][INFO]: <V1.models.teacherModel.TeacherModel object at 0x000001541F1D5270>
[WEB_SQL][PrenameService][2022-08-08 01:22:16][INFO]: <V1.models.teacherModel.TeacherModel object at 0x000001541F1D5270>
[WEB_SQL][PrenameService][2022-08-08 01:22:16][INFO]: <V1.models.teacherModel.TeacherModel object at 0x000001541F1D5270>
[WEB_SQL][PrenameService][2022-08-08 01:22:16][INFO]: <V1.models.teacherModel.TeacherModel object at 0x000001541F1D5270>
[WEB_SQL][PrenameService][2022-08-08 01:22:23][INFO]: <V1.models.teacherModel.TeacherModel object at 0x000001541F155F00>
[WEB_SQL][PrenameService][2022-08-08 01:22:23][INFO]: <V1.models.teacherModel.TeacherModel object at 0x000001541F155F00>
[WEB_SQL][PrenameService][2022-08-08 01:22:23][INFO]: <V1.models.teacherModel.TeacherModel object at 0x000001541F155F00>
[WEB_SQL][PrenameService][2022-08-08 01:22:23][INFO]: <V1.models.teacherModel.TeacherModel object at 0x000001541F155F00>
[WEB_SQL][PrenameService][2022-08-08 01:22:28][INFO]: <V1.models.teacherModel.TeacherModel object at 0x000001541F157010>
[WEB_SQL][PrenameService][2022-08-08 01:22:28][INFO]: <V1.models.teacherModel.TeacherModel object at 0x000001541F157010>
[WEB_SQL][PrenameService][2022-08-08 01:22:28][INFO]: <V1.models.teacherModel.TeacherModel object at 0x000001541F157010>
[WEB_SQL][PrenameService][2022-08-08 01:22:28][INFO]: <V1.models.teacherModel.TeacherModel object at 0x000001541F157010>
[WEB_SQL][PrenameService][2022-08-08 01:22:41][INFO]: <V1.models.teacherModel.TeacherModel object at 0x000001541F156710>
[WEB_SQL][PrenameService][2022-08-08 01:22:41][INFO]: <V1.models.teacherModel.TeacherModel object at 0x000001541F156710>
[WEB_SQL][PrenameService][2022-08-08 01:22:41][INFO]: <V1.models.teacherModel.TeacherModel object at 0x000001541F156710>
[WEB_SQL][PrenameService][2022-08-08 01:22:41][INFO]: <V1.models.teacherModel.TeacherModel object at 0x000001541F156710>
[WEB_SQL][PrenameService][2022-08-08 01:22:50][INFO]: <V1.models.teacherModel.TeacherModel object at 0x000001541F1D70D0>
[WEB_SQL][PrenameService][2022-08-08 01:22:50][INFO]: <V1.models.teacherModel.TeacherModel object at 0x000001541F1D70D0>
[WEB_SQL][PrenameService][2022-08-08 01:22:50][INFO]: <V1.models.teacherModel.TeacherModel object at 0x000001541F1D70D0>
[WEB_SQL][PrenameService][2022-08-08 01:22:50][INFO]: <V1.models.teacherModel.TeacherModel object at 0x000001541F1D70D0>
[WEB_SQL][PrenameService][2022-08-08 01:22:55][INFO]: <V1.models.teacherModel.TeacherModel object at 0x000001541F1D7430>
[WEB_SQL][PrenameService][2022-08-08 01:22:55][INFO]: <V1.models.teacherModel.TeacherModel object at 0x000001541F1D7430>
[WEB_SQL][PrenameService][2022-08-08 01:22:55][INFO]: <V1.models.teacherModel.TeacherModel object at 0x000001541F1D7430>
[WEB_SQL][PrenameService][2022-08-08 01:22:55][INFO]: <V1.models.teacherModel.TeacherModel object at 0x000001541F1D7430>
[WEB_SQL][PrenameService][2022-08-08 01:23:11][INFO]: <V1.models.teacherModel.TeacherModel object at 0x000001541F1D4C40>
[WEB_SQL][PrenameService][2022-08-08 01:23:11][INFO]: <V1.models.teacherModel.TeacherModel object at 0x000001541F1D4C40>
[WEB_SQL][PrenameService][2022-08-08 01:23:11][INFO]: <V1.models.teacherModel.TeacherModel object at 0x000001541F1D4C40>
[WEB_SQL][PrenameService][2022-08-08 01:23:11][INFO]: <V1.models.teacherModel.TeacherModel object at 0x000001541F1D4C40>
[WEB_SQL][PrenameService][2022-08-08 01:23:17][INFO]: <V1.models.teacherModel.TeacherModel object at 0x000001541F1D43D0>
[WEB_SQL][PrenameService][2022-08-08 01:23:17][INFO]: <V1.models.teacherModel.TeacherModel object at 0x000001541F1D43D0>
[WEB_SQL][PrenameService][2022-08-08 01:23:17][INFO]: <V1.models.teacherModel.TeacherModel object at 0x000001541F1D43D0>
[WEB_SQL][PrenameService][2022-08-08 01:23:17][INFO]: <V1.models.teacherModel.TeacherModel object at 0x000001541F1D43D0>
[WEB_SQL][PrenameService][2022-08-08 01:23:29][INFO]: <V1.models.teacherModel.TeacherModel object at 0x000001541F1D7D90>
[WEB_SQL][PrenameService][2022-08-08 01:23:29][INFO]: <V1.models.teacherModel.TeacherModel object at 0x000001541F1D7D90>
[WEB_SQL][PrenameService][2022-08-08 01:23:29][INFO]: <V1.models.teacherModel.TeacherModel object at 0x000001541F1D7D90>
[WEB_SQL][PrenameService][2022-08-08 01:23:29][INFO]: <V1.models.teacherModel.TeacherModel object at 0x000001541F1D7D90>
[WEB_SQL][PrenameService][2022-08-08 01:23:38][INFO]: <V1.models.teacherModel.TeacherModel object at 0x000001541F1566E0>
[WEB_SQL][PrenameService][2022-08-08 01:23:38][INFO]: <V1.models.teacherModel.TeacherModel object at 0x000001541F1566E0>
[WEB_SQL][PrenameService][2022-08-08 01:23:38][INFO]: <V1.models.teacherModel.TeacherModel object at 0x000001541F1566E0>
[WEB_SQL][PrenameService][2022-08-08 01:23:38][INFO]: <V1.models.teacherModel.TeacherModel object at 0x000001541F1566E0>
[WEB_SQL][PrenameService][2022-08-08 01:23:44][INFO]: <V1.models.teacherModel.TeacherModel object at 0x000001541F156D40>
[WEB_SQL][PrenameService][2022-08-08 01:23:44][INFO]: <V1.models.teacherModel.TeacherModel object at 0x000001541F156D40>
[WEB_SQL][PrenameService][2022-08-08 01:23:44][INFO]: <V1.models.teacherModel.TeacherModel object at 0x000001541F156D40>
[WEB_SQL][PrenameService][2022-08-08 01:23:44][INFO]: <V1.models.teacherModel.TeacherModel object at 0x000001541F156D40>
[WEB_SQL][PrenameService][2022-08-08 01:23:47][INFO]: <V1.models.teacherModel.TeacherModel object at 0x000001541F156080>
[WEB_SQL][PrenameService][2022-08-08 01:23:47][INFO]: <V1.models.teacherModel.TeacherModel object at 0x000001541F156080>
[WEB_SQL][PrenameService][2022-08-08 01:23:47][INFO]: <V1.models.teacherModel.TeacherModel object at 0x000001541F156080>
[WEB_SQL][PrenameService][2022-08-08 01:23:47][INFO]: <V1.models.teacherModel.TeacherModel object at 0x000001541F156080>
[WEB_SQL][PrenameService][2022-08-08 01:23:50][INFO]: <V1.models.teacherModel.TeacherModel object at 0x000001541F1D4E50>
[WEB_SQL][PrenameService][2022-08-08 01:23:50][INFO]: <V1.models.teacherModel.TeacherModel object at 0x000001541F1D4E50>
[WEB_SQL][PrenameService][2022-08-08 01:23:50][INFO]: <V1.models.teacherModel.TeacherModel object at 0x000001541F1D4E50>
[WEB_SQL][PrenameService][2022-08-08 01:23:50][INFO]: <V1.models.teacherModel.TeacherModel object at 0x000001541F1D4E50>
[WEB_SQL][PrenameService][2022-08-08 01:23:59][INFO]: <V1.models.teacherModel.TeacherModel object at 0x000001541F1D5810>
[WEB_SQL][PrenameService][2022-08-08 01:23:59][INFO]: <V1.models.teacherModel.TeacherModel object at 0x000001541F1D5810>
[WEB_SQL][PrenameService][2022-08-08 01:23:59][INFO]: <V1.models.teacherModel.TeacherModel object at 0x000001541F1D5810>
[WEB_SQL][PrenameService][2022-08-08 01:23:59][INFO]: <V1.models.teacherModel.TeacherModel object at 0x000001541F1D5810>
[WEB_SQL][PrenameService][2022-08-08 01:24:02][INFO]: <V1.models.teacherModel.TeacherModel object at 0x000001541F1D68F0>
[WEB_SQL][PrenameService][2022-08-08 01:24:02][INFO]: <V1.models.teacherModel.TeacherModel object at 0x000001541F1D68F0>
[WEB_SQL][PrenameService][2022-08-08 01:24:02][INFO]: <V1.models.teacherModel.TeacherModel object at 0x000001541F1D68F0>
[WEB_SQL][PrenameService][2022-08-08 01:24:02][INFO]: <V1.models.teacherModel.TeacherModel object at 0x000001541F1D68F0>
[WEB_SQL][PrenameService][2022-08-08 01:25:18][INFO]: <V1.models.teacherModel.TeacherModel object at 0x000001541F1D4130>
[WEB_SQL][PrenameService][2022-08-08 01:25:18][INFO]: <V1.models.teacherModel.TeacherModel object at 0x000001541F1D4130>
[WEB_SQL][PrenameService][2022-08-08 01:25:18][INFO]: <V1.models.teacherModel.TeacherModel object at 0x000001541F1D4130>
[WEB_SQL][PrenameService][2022-08-08 01:25:18][INFO]: <V1.models.teacherModel.TeacherModel object at 0x000001541F1D4130>
[WEB_SQL][PrenameService][2022-08-08 01:25:28][INFO]: <V1.models.teacherModel.TeacherModel object at 0x000001541F157D30>
[WEB_SQL][PrenameService][2022-08-08 01:25:28][INFO]: <V1.models.teacherModel.TeacherModel object at 0x000001541F157D30>
[WEB_SQL][PrenameService][2022-08-08 01:25:28][INFO]: <V1.models.teacherModel.TeacherModel object at 0x000001541F157D30>
[WEB_SQL][PrenameService][2022-08-08 01:25:28][INFO]: <V1.models.teacherModel.TeacherModel object at 0x000001541F157D30>
[WEB_SQL][PrenameService][2022-08-08 01:26:35][INFO]: <V1.models.teacherModel.TeacherModel object at 0x000001541F1565C0>
[WEB_SQL][PrenameService][2022-08-08 01:26:35][INFO]: <V1.models.teacherModel.TeacherModel object at 0x000001541F1565C0>
[WEB_SQL][PrenameService][2022-08-08 01:26:35][INFO]: <V1.models.teacherModel.TeacherModel object at 0x000001541F1565C0>
[WEB_SQL][PrenameService][2022-08-08 01:26:35][INFO]: <V1.models.teacherModel.TeacherModel object at 0x000001541F1565C0>
[WEB_SQL][PrenameService][2022-08-08 01:26:37][INFO]: <V1.models.teacherModel.TeacherModel object at 0x000001541F157220>
[WEB_SQL][PrenameService][2022-08-08 01:26:37][INFO]: <V1.models.teacherModel.TeacherModel object at 0x000001541F157220>
[WEB_SQL][PrenameService][2022-08-08 01:26:37][INFO]: <V1.models.teacherModel.TeacherModel object at 0x000001541F157220>
[WEB_SQL][PrenameService][2022-08-08 01:26:37][INFO]: <V1.models.teacherModel.TeacherModel object at 0x000001541F157220>
[WEB_SQL][PrenameService][2022-08-08 01:26:38][INFO]: <V1.models.teacherModel.TeacherModel object at 0x000001541F157B20>
[WEB_SQL][PrenameService][2022-08-08 01:26:38][INFO]: <V1.models.teacherModel.TeacherModel object at 0x000001541F157B20>
[WEB_SQL][PrenameService][2022-08-08 01:26:38][INFO]: <V1.models.teacherModel.TeacherModel object at 0x000001541F157B20>
[WEB_SQL][PrenameService][2022-08-08 01:26:38][INFO]: <V1.models.teacherModel.TeacherModel object at 0x000001541F157B20>
[WEB_SQL][PrenameService][2022-08-08 01:26:45][INFO]: <V1.models.teacherModel.TeacherModel object at 0x000001541F1D7070>
[WEB_SQL][PrenameService][2022-08-08 01:26:45][INFO]: <V1.models.teacherModel.TeacherModel object at 0x000001541F1D7070>
[WEB_SQL][PrenameService][2022-08-08 01:26:45][INFO]: <V1.models.teacherModel.TeacherModel object at 0x000001541F1D7070>
[WEB_SQL][PrenameService][2022-08-08 01:26:45][INFO]: <V1.models.teacherModel.TeacherModel object at 0x000001541F1D7070>
[WEB_SQL][PrenameService][2022-08-08 01:26:50][INFO]: <V1.models.teacherModel.TeacherModel object at 0x000001541F1D6B90>
[WEB_SQL][PrenameService][2022-08-08 01:26:50][INFO]: <V1.models.teacherModel.TeacherModel object at 0x000001541F1D6B90>
[WEB_SQL][PrenameService][2022-08-08 01:26:50][INFO]: <V1.models.teacherModel.TeacherModel object at 0x000001541F1D6B90>
[WEB_SQL][PrenameService][2022-08-08 01:26:50][INFO]: <V1.models.teacherModel.TeacherModel object at 0x000001541F1D6B90>
[WEB_SQL][PrenameService][2022-08-08 01:26:53][INFO]: <V1.models.teacherModel.TeacherModel object at 0x000001541F1D59C0>
[WEB_SQL][PrenameService][2022-08-08 01:26:53][INFO]: <V1.models.teacherModel.TeacherModel object at 0x000001541F1D59C0>
[WEB_SQL][PrenameService][2022-08-08 01:26:53][INFO]: <V1.models.teacherModel.TeacherModel object at 0x000001541F1D59C0>
[WEB_SQL][PrenameService][2022-08-08 01:26:53][INFO]: <V1.models.teacherModel.TeacherModel object at 0x000001541F1D59C0>
[WEB_SQL][PrenameService][2022-08-08 01:26:56][INFO]: <V1.models.teacherModel.TeacherModel object at 0x000001541F1D4580>
[WEB_SQL][PrenameService][2022-08-08 01:26:56][INFO]: <V1.models.teacherModel.TeacherModel object at 0x000001541F1D4580>
[WEB_SQL][PrenameService][2022-08-08 01:26:56][INFO]: <V1.models.teacherModel.TeacherModel object at 0x000001541F1D4580>
[WEB_SQL][PrenameService][2022-08-08 01:26:56][INFO]: <V1.models.teacherModel.TeacherModel object at 0x000001541F1D4580>
[WEB_SQL][PrenameService][2022-08-08 01:27:10][INFO]: <V1.models.teacherModel.TeacherModel object at 0x000001541F1F8040>
[WEB_SQL][PrenameService][2022-08-08 01:27:10][INFO]: <V1.models.teacherModel.TeacherModel object at 0x000001541F1F8040>
[WEB_SQL][PrenameService][2022-08-08 01:27:10][INFO]: <V1.models.teacherModel.TeacherModel object at 0x000001541F1F8040>
[WEB_SQL][PrenameService][2022-08-08 01:27:10][INFO]: <V1.models.teacherModel.TeacherModel object at 0x000001541F1F8040>
[WEB_SQL][PrenameService][2022-08-08 01:27:23][INFO]: <V1.models.teacherModel.TeacherModel object at 0x000001541F1D43D0>
[WEB_SQL][PrenameService][2022-08-08 01:27:23][INFO]: <V1.models.teacherModel.TeacherModel object at 0x000001541F1D43D0>
[WEB_SQL][PrenameService][2022-08-08 01:27:23][INFO]: <V1.models.teacherModel.TeacherModel object at 0x000001541F1D43D0>
[WEB_SQL][PrenameService][2022-08-08 01:27:23][INFO]: <V1.models.teacherModel.TeacherModel object at 0x000001541F1D43D0>
[WEB_SQL][PrenameService][2022-08-08 01:27:29][INFO]: <V1.models.teacherModel.TeacherModel object at 0x000001541F1D4730>
[WEB_SQL][PrenameService][2022-08-08 01:27:29][INFO]: <V1.models.teacherModel.TeacherModel object at 0x000001541F1D4730>
[WEB_SQL][PrenameService][2022-08-08 01:27:29][INFO]: <V1.models.teacherModel.TeacherModel object at 0x000001541F1D4730>
[WEB_SQL][PrenameService][2022-08-08 01:27:29][INFO]: <V1.models.teacherModel.TeacherModel object at 0x000001541F1D4730>
[WEB_SQL][PrenameService][2022-08-08 01:27:37][INFO]: <V1.models.teacherModel.TeacherModel object at 0x000001541F1D70A0>
[WEB_SQL][PrenameService][2022-08-08 01:27:37][INFO]: <V1.models.teacherModel.TeacherModel object at 0x000001541F1D70A0>
[WEB_SQL][PrenameService][2022-08-08 01:27:37][INFO]: <V1.models.teacherModel.TeacherModel object at 0x000001541F1D70A0>
[WEB_SQL][PrenameService][2022-08-08 01:27:37][INFO]: <V1.models.teacherModel.TeacherModel object at 0x000001541F1D70A0>
[WEB_SQL][PrenameService][2022-08-08 01:27:39][INFO]: <V1.models.teacherModel.TeacherModel object at 0x000001541F1D6F80>
[WEB_SQL][PrenameService][2022-08-08 01:27:39][INFO]: <V1.models.teacherModel.TeacherModel object at 0x000001541F1D6F80>
[WEB_SQL][PrenameService][2022-08-08 01:27:39][INFO]: <V1.models.teacherModel.TeacherModel object at 0x000001541F1D6F80>
[WEB_SQL][PrenameService][2022-08-08 01:27:39][INFO]: <V1.models.teacherModel.TeacherModel object at 0x000001541F1D6F80>
[WEB_SQL][PrenameService][2022-08-08 01:27:42][INFO]: <V1.models.teacherModel.TeacherModel object at 0x000001541F155600>
[WEB_SQL][PrenameService][2022-08-08 01:27:42][INFO]: <V1.models.teacherModel.TeacherModel object at 0x000001541F155600>
[WEB_SQL][PrenameService][2022-08-08 01:27:42][INFO]: <V1.models.teacherModel.TeacherModel object at 0x000001541F155600>
[WEB_SQL][PrenameService][2022-08-08 01:27:42][INFO]: <V1.models.teacherModel.TeacherModel object at 0x000001541F155600>
[WEB_SQL][PrenameService][2022-08-08 01:27:48][INFO]: <V1.models.teacherModel.TeacherModel object at 0x000001541F157340>
[WEB_SQL][PrenameService][2022-08-08 01:27:48][INFO]: <V1.models.teacherModel.TeacherModel object at 0x000001541F157340>
[WEB_SQL][PrenameService][2022-08-08 01:27:48][INFO]: <V1.models.teacherModel.TeacherModel object at 0x000001541F157340>
[WEB_SQL][PrenameService][2022-08-08 01:27:48][INFO]: <V1.models.teacherModel.TeacherModel object at 0x000001541F157340>
[WEB_SQL][PrenameService][2022-08-08 01:28:07][INFO]: <V1.models.teacherModel.TeacherModel object at 0x000001541F156050>
[WEB_SQL][PrenameService][2022-08-08 01:28:07][INFO]: <V1.models.teacherModel.TeacherModel object at 0x000001541F156050>
[WEB_SQL][PrenameService][2022-08-08 01:28:07][INFO]: <V1.models.teacherModel.TeacherModel object at 0x000001541F156050>
[WEB_SQL][PrenameService][2022-08-08 01:28:07][INFO]: <V1.models.teacherModel.TeacherModel object at 0x000001541F156050>
[WEB_SQL][PrenameService][2022-08-08 01:28:12][INFO]: <V1.models.teacherModel.TeacherModel object at 0x000001541F1572B0>
[WEB_SQL][PrenameService][2022-08-08 01:28:12][INFO]: <V1.models.teacherModel.TeacherModel object at 0x000001541F1572B0>
[WEB_SQL][PrenameService][2022-08-08 01:28:12][INFO]: <V1.models.teacherModel.TeacherModel object at 0x000001541F1572B0>
[WEB_SQL][PrenameService][2022-08-08 01:28:12][INFO]: <V1.models.teacherModel.TeacherModel object at 0x000001541F1572B0>
[WEB_SQL][PrenameService][2022-08-08 01:28:13][INFO]: <V1.models.teacherModel.TeacherModel object at 0x000001541F157DF0>
[WEB_SQL][PrenameService][2022-08-08 01:28:13][INFO]: <V1.models.teacherModel.TeacherModel object at 0x000001541F157DF0>
[WEB_SQL][PrenameService][2022-08-08 01:28:13][INFO]: <V1.models.teacherModel.TeacherModel object at 0x000001541F157DF0>
[WEB_SQL][PrenameService][2022-08-08 01:28:13][INFO]: <V1.models.teacherModel.TeacherModel object at 0x000001541F157DF0>
[WEB_SQL][PrenameService][2022-08-08 01:28:19][INFO]: <V1.models.teacherModel.TeacherModel object at 0x000001541F156290>
[WEB_SQL][PrenameService][2022-08-08 01:28:19][INFO]: <V1.models.teacherModel.TeacherModel object at 0x000001541F156290>
[WEB_SQL][PrenameService][2022-08-08 01:28:19][INFO]: <V1.models.teacherModel.TeacherModel object at 0x000001541F156290>
[WEB_SQL][PrenameService][2022-08-08 01:28:19][INFO]: <V1.models.teacherModel.TeacherModel object at 0x000001541F156290>
[WEB_SQL][PrenameService][2022-08-08 01:28:20][INFO]: <V1.models.teacherModel.TeacherModel object at 0x000001541F156E60>
[WEB_SQL][PrenameService][2022-08-08 01:28:20][INFO]: <V1.models.teacherModel.TeacherModel object at 0x000001541F156E60>
[WEB_SQL][PrenameService][2022-08-08 01:28:20][INFO]: <V1.models.teacherModel.TeacherModel object at 0x000001541F156E60>
[WEB_SQL][PrenameService][2022-08-08 01:28:20][INFO]: <V1.models.teacherModel.TeacherModel object at 0x000001541F156E60>
[WEB_SQL][PrenameService][2022-08-08 01:28:28][INFO]: <V1.models.teacherModel.TeacherModel object at 0x000001541F1D59F0>
[WEB_SQL][PrenameService][2022-08-08 01:28:28][INFO]: <V1.models.teacherModel.TeacherModel object at 0x000001541F1D59F0>
[WEB_SQL][PrenameService][2022-08-08 01:28:28][INFO]: <V1.models.teacherModel.TeacherModel object at 0x000001541F1D59F0>
[WEB_SQL][PrenameService][2022-08-08 01:28:28][INFO]: <V1.models.teacherModel.TeacherModel object at 0x000001541F1D59F0>
[WEB_SQL][PrenameService][2022-08-08 01:29:03][INFO]: <V1.models.teacherModel.TeacherModel object at 0x000001541F1D5210>
[WEB_SQL][PrenameService][2022-08-08 01:29:03][INFO]: <V1.models.teacherModel.TeacherModel object at 0x000001541F1D5210>
[WEB_SQL][PrenameService][2022-08-08 01:29:03][INFO]: <V1.models.teacherModel.TeacherModel object at 0x000001541F1D5210>
[WEB_SQL][PrenameService][2022-08-08 01:29:03][INFO]: <V1.models.teacherModel.TeacherModel object at 0x000001541F1D5210>
[WEB_SQL][PrenameService][2022-08-08 01:29:10][INFO]: <V1.models.teacherModel.TeacherModel object at 0x000001541F1D68F0>
[WEB_SQL][PrenameService][2022-08-08 01:29:10][INFO]: <V1.models.teacherModel.TeacherModel object at 0x000001541F1D68F0>
[WEB_SQL][PrenameService][2022-08-08 01:29:10][INFO]: <V1.models.teacherModel.TeacherModel object at 0x000001541F1D68F0>
[WEB_SQL][PrenameService][2022-08-08 01:29:10][INFO]: <V1.models.teacherModel.TeacherModel object at 0x000001541F1D68F0>
[WEB_SQL][PrenameService][2022-08-08 01:29:54][INFO]: <V1.models.teacherModel.TeacherModel object at 0x000001541F1D6230>
[WEB_SQL][PrenameService][2022-08-08 01:29:54][INFO]: <V1.models.teacherModel.TeacherModel object at 0x000001541F1D6230>
[WEB_SQL][PrenameService][2022-08-08 01:29:54][INFO]: <V1.models.teacherModel.TeacherModel object at 0x000001541F1D6230>
[WEB_SQL][PrenameService][2022-08-08 01:29:54][INFO]: <V1.models.teacherModel.TeacherModel object at 0x000001541F1D6230>
[WEB_SQL][PrenameService][2022-08-08 01:30:20][INFO]: <V1.models.teacherModel.TeacherModel object at 0x000001541F1D4400>
[WEB_SQL][PrenameService][2022-08-08 01:30:20][INFO]: <V1.models.teacherModel.TeacherModel object at 0x000001541F1D4400>
[WEB_SQL][PrenameService][2022-08-08 01:30:20][INFO]: <V1.models.teacherModel.TeacherModel object at 0x000001541F1D4400>
[WEB_SQL][PrenameService][2022-08-08 01:30:20][INFO]: <V1.models.teacherModel.TeacherModel object at 0x000001541F1D4400>
[WEB_SQL][PrenameService][2022-08-08 01:30:28][INFO]: <V1.models.teacherModel.TeacherModel object at 0x000001541F1D6230>
[WEB_SQL][PrenameService][2022-08-08 01:30:28][INFO]: <V1.models.teacherModel.TeacherModel object at 0x000001541F1D6230>
[WEB_SQL][PrenameService][2022-08-08 01:30:28][INFO]: <V1.models.teacherModel.TeacherModel object at 0x000001541F1D6230>
[WEB_SQL][PrenameService][2022-08-08 01:30:28][INFO]: <V1.models.teacherModel.TeacherModel object at 0x000001541F1D6230>
[WEB_SQL][PrenameService][2022-08-08 01:30:50][INFO]: <V1.models.teacherModel.TeacherModel object at 0x000001541F1D6320>
[WEB_SQL][PrenameService][2022-08-08 01:30:50][INFO]: <V1.models.teacherModel.TeacherModel object at 0x000001541F1D6320>
[WEB_SQL][PrenameService][2022-08-08 01:30:50][INFO]: <V1.models.teacherModel.TeacherModel object at 0x000001541F1D6320>
[WEB_SQL][PrenameService][2022-08-08 01:30:50][INFO]: <V1.models.teacherModel.TeacherModel object at 0x000001541F1D6320>
[WEB_SQL][PrenameService][2022-08-08 01:30:54][INFO]: <V1.models.teacherModel.TeacherModel object at 0x000001541F1D7970>
[WEB_SQL][PrenameService][2022-08-08 01:30:54][INFO]: <V1.models.teacherModel.TeacherModel object at 0x000001541F1D7970>
[WEB_SQL][PrenameService][2022-08-08 01:30:54][INFO]: <V1.models.teacherModel.TeacherModel object at 0x000001541F1D7970>
[WEB_SQL][PrenameService][2022-08-08 01:30:54][INFO]: <V1.models.teacherModel.TeacherModel object at 0x000001541F1D7970>
[WEB_SQL][PrenameService][2022-08-08 01:30:57][INFO]: <V1.models.teacherModel.TeacherModel object at 0x000001541F1D6920>
[WEB_SQL][PrenameService][2022-08-08 01:30:57][INFO]: <V1.models.teacherModel.TeacherModel object at 0x000001541F1D6920>
[WEB_SQL][PrenameService][2022-08-08 01:30:57][INFO]: <V1.models.teacherModel.TeacherModel object at 0x000001541F1D6920>
[WEB_SQL][PrenameService][2022-08-08 01:30:57][INFO]: <V1.models.teacherModel.TeacherModel object at 0x000001541F1D6920>
[WEB_SQL][PrenameService][2022-08-08 01:30:59][INFO]: <V1.models.teacherModel.TeacherModel object at 0x000001541F1D7040>
[WEB_SQL][PrenameService][2022-08-08 01:30:59][INFO]: <V1.models.teacherModel.TeacherModel object at 0x000001541F1D7040>
[WEB_SQL][PrenameService][2022-08-08 01:30:59][INFO]: <V1.models.teacherModel.TeacherModel object at 0x000001541F1D7040>
[WEB_SQL][PrenameService][2022-08-08 01:30:59][INFO]: <V1.models.teacherModel.TeacherModel object at 0x000001541F1D7040>
[WEB_SQL][PrenameService][2022-08-08 01:31:04][INFO]: <V1.models.teacherModel.TeacherModel object at 0x000001541F1D4070>
[WEB_SQL][PrenameService][2022-08-08 01:31:04][INFO]: <V1.models.teacherModel.TeacherModel object at 0x000001541F1D4070>
[WEB_SQL][PrenameService][2022-08-08 01:31:04][INFO]: <V1.models.teacherModel.TeacherModel object at 0x000001541F1D4070>
[WEB_SQL][PrenameService][2022-08-08 01:31:04][INFO]: <V1.models.teacherModel.TeacherModel object at 0x000001541F1D4070>
[WEB_SQL][PrenameService][2022-08-08 01:32:19][INFO]: <V1.models.teacherModel.TeacherModel object at 0x000001541F156EF0>
[WEB_SQL][PrenameService][2022-08-08 01:32:19][INFO]: <V1.models.teacherModel.TeacherModel object at 0x000001541F156EF0>
[WEB_SQL][PrenameService][2022-08-08 01:32:19][INFO]: <V1.models.teacherModel.TeacherModel object at 0x000001541F156EF0>
[WEB_SQL][PrenameService][2022-08-08 01:32:19][INFO]: <V1.models.teacherModel.TeacherModel object at 0x000001541F156EF0>
[WEB_SQL][PrenameService][2022-08-08 01:36:22][INFO]: <V1.models.teacherModel.TeacherModel object at 0x000001541F1D5270>
[WEB_SQL][PrenameService][2022-08-08 01:36:22][INFO]: <V1.models.teacherModel.TeacherModel object at 0x000001541F1D5270>
[WEB_SQL][PrenameService][2022-08-08 01:36:22][INFO]: <V1.models.teacherModel.TeacherModel object at 0x000001541F1D5270>
[WEB_SQL][PrenameService][2022-08-08 01:36:22][INFO]: <V1.models.teacherModel.TeacherModel object at 0x000001541F1D5270>
[WEB_SQL][PrenameService][2022-08-08 01:36:29][INFO]: <V1.models.teacherModel.TeacherModel object at 0x000001541F1D7C10>
[WEB_SQL][PrenameService][2022-08-08 01:36:29][INFO]: <V1.models.teacherModel.TeacherModel object at 0x000001541F1D7C10>
[WEB_SQL][PrenameService][2022-08-08 01:36:29][INFO]: <V1.models.teacherModel.TeacherModel object at 0x000001541F1D7C10>
[WEB_SQL][PrenameService][2022-08-08 01:36:29][INFO]: <V1.models.teacherModel.TeacherModel object at 0x000001541F1D7C10>
[WEB_SQL][PrenameService][2022-08-08 01:42:13][INFO]: <V1.models.teacherModel.TeacherModel object at 0x000001541F155600>
[WEB_SQL][PrenameService][2022-08-08 01:42:13][INFO]: <V1.models.teacherModel.TeacherModel object at 0x000001541F155600>
[WEB_SQL][PrenameService][2022-08-08 01:42:13][INFO]: <V1.models.teacherModel.TeacherModel object at 0x000001541F155600>
[WEB_SQL][PrenameService][2022-08-08 01:42:13][INFO]: <V1.models.teacherModel.TeacherModel object at 0x000001541F155600>
[WEB_SQL][PrenameService][2022-08-08 01:42:20][INFO]: <V1.models.teacherModel.TeacherModel object at 0x000001541F1D4D90>
[WEB_SQL][PrenameService][2022-08-08 01:42:20][INFO]: <V1.models.teacherModel.TeacherModel object at 0x000001541F1D4D90>
[WEB_SQL][PrenameService][2022-08-08 01:42:20][INFO]: <V1.models.teacherModel.TeacherModel object at 0x000001541F1D4D90>
[WEB_SQL][PrenameService][2022-08-08 01:42:20][INFO]: <V1.models.teacherModel.TeacherModel object at 0x000001541F1D4D90>
[WEB_SQL][PrenameService][2022-08-08 01:45:18][INFO]: <V1.models.teacherModel.TeacherModel object at 0x000001541F1D6EF0>
[WEB_SQL][PrenameService][2022-08-08 01:45:18][INFO]: <V1.models.teacherModel.TeacherModel object at 0x000001541F1D6EF0>
[WEB_SQL][PrenameService][2022-08-08 01:45:18][INFO]: <V1.models.teacherModel.TeacherModel object at 0x000001541F1D6EF0>
[WEB_SQL][PrenameService][2022-08-08 01:45:18][INFO]: <V1.models.teacherModel.TeacherModel object at 0x000001541F1D6EF0>
[WEB_SQL][PrenameService][2022-08-08 01:45:21][INFO]: <V1.models.teacherModel.TeacherModel object at 0x000001541F1D6530>
[WEB_SQL][PrenameService][2022-08-08 01:45:21][INFO]: <V1.models.teacherModel.TeacherModel object at 0x000001541F1D6530>
[WEB_SQL][PrenameService][2022-08-08 01:45:21][INFO]: <V1.models.teacherModel.TeacherModel object at 0x000001541F1D6530>
[WEB_SQL][PrenameService][2022-08-08 01:45:21][INFO]: <V1.models.teacherModel.TeacherModel object at 0x000001541F1D6530>
[WEB_SQL][PrenameService][2022-08-08 01:45:25][INFO]: <V1.models.teacherModel.TeacherModel object at 0x000001541F157E50>
[WEB_SQL][PrenameService][2022-08-08 01:45:25][INFO]: <V1.models.teacherModel.TeacherModel object at 0x000001541F157E50>
[WEB_SQL][PrenameService][2022-08-08 01:45:25][INFO]: <V1.models.teacherModel.TeacherModel object at 0x000001541F157E50>
[WEB_SQL][PrenameService][2022-08-08 01:45:25][INFO]: <V1.models.teacherModel.TeacherModel object at 0x000001541F157E50>
[WEB_SQL][PrenameService][2022-08-08 01:48:20][INFO]: <V1.models.teacherModel.TeacherModel object at 0x000001541F1D5DE0>
[WEB_SQL][PrenameService][2022-08-08 01:48:20][INFO]: <V1.models.teacherModel.TeacherModel object at 0x000001541F1D5DE0>
[WEB_SQL][PrenameService][2022-08-08 01:48:20][INFO]: <V1.models.teacherModel.TeacherModel object at 0x000001541F1D5DE0>
[WEB_SQL][PrenameService][2022-08-08 01:48:20][INFO]: <V1.models.teacherModel.TeacherModel object at 0x000001541F1D5DE0>
[WEB_SQL][PrenameService][2022-08-08 01:51:16][INFO]: <V1.models.teacherModel.TeacherModel object at 0x000001541F157D30>
[WEB_SQL][PrenameService][2022-08-08 01:51:16][INFO]: <V1.models.teacherModel.TeacherModel object at 0x000001541F157D30>
[WEB_SQL][PrenameService][2022-08-08 01:51:16][INFO]: <V1.models.teacherModel.TeacherModel object at 0x000001541F157D30>
[WEB_SQL][PrenameService][2022-08-08 01:51:16][INFO]: <V1.models.teacherModel.TeacherModel object at 0x000001541F157D30>
[WEB_SQL][PrenameService][2022-08-08 01:51:31][INFO]: <V1.models.teacherModel.TeacherModel object at 0x000001541F155B40>
[WEB_SQL][PrenameService][2022-08-08 01:51:31][INFO]: <V1.models.teacherModel.TeacherModel object at 0x000001541F155B40>
[WEB_SQL][PrenameService][2022-08-08 01:51:31][INFO]: <V1.models.teacherModel.TeacherModel object at 0x000001541F155B40>
[WEB_SQL][PrenameService][2022-08-08 01:51:31][INFO]: <V1.models.teacherModel.TeacherModel object at 0x000001541F155B40>
[WEB_SQL][PrenameService][2022-08-08 01:51:34][INFO]: <V1.models.teacherModel.TeacherModel object at 0x000001541F1D4A90>
[WEB_SQL][PrenameService][2022-08-08 01:51:34][INFO]: <V1.models.teacherModel.TeacherModel object at 0x000001541F1D4A90>
[WEB_SQL][PrenameService][2022-08-08 01:51:34][INFO]: <V1.models.teacherModel.TeacherModel object at 0x000001541F1D4A90>
[WEB_SQL][PrenameService][2022-08-08 01:51:34][INFO]: <V1.models.teacherModel.TeacherModel object at 0x000001541F1D4A90>
[WEB_SQL][PrenameService][2022-08-08 01:51:49][INFO]: <V1.models.teacherModel.TeacherModel object at 0x000001541F1D6DA0>
[WEB_SQL][PrenameService][2022-08-08 01:51:49][INFO]: <V1.models.teacherModel.TeacherModel object at 0x000001541F1D6DA0>
[WEB_SQL][PrenameService][2022-08-08 01:51:49][INFO]: <V1.models.teacherModel.TeacherModel object at 0x000001541F1D6DA0>
[WEB_SQL][PrenameService][2022-08-08 01:51:49][INFO]: <V1.models.teacherModel.TeacherModel object at 0x000001541F1D6DA0>
[WEB_SQL][PrenameService][2022-08-08 01:52:03][INFO]: <V1.models.teacherModel.TeacherModel object at 0x000001541F1D6FE0>
[WEB_SQL][PrenameService][2022-08-08 01:52:03][INFO]: <V1.models.teacherModel.TeacherModel object at 0x000001541F1D6FE0>
[WEB_SQL][PrenameService][2022-08-08 01:52:03][INFO]: <V1.models.teacherModel.TeacherModel object at 0x000001541F1D6FE0>
[WEB_SQL][PrenameService][2022-08-08 01:52:03][INFO]: <V1.models.teacherModel.TeacherModel object at 0x000001541F1D6FE0>
[WEB_SQL][PrenameService][2022-08-08 01:57:49][INFO]: <V1.models.teacherModel.TeacherModel object at 0x000001541F1D6800>
[WEB_SQL][PrenameService][2022-08-08 01:57:49][INFO]: <V1.models.teacherModel.TeacherModel object at 0x000001541F1D6800>
[WEB_SQL][PrenameService][2022-08-08 01:57:49][INFO]: <V1.models.teacherModel.TeacherModel object at 0x000001541F1D6800>
[WEB_SQL][PrenameService][2022-08-08 01:57:49][INFO]: <V1.models.teacherModel.TeacherModel object at 0x000001541F1D6800>
[WEB_SQL][PrenameService][2022-08-08 02:00:17][INFO]: <V1.models.teacherModel.TeacherModel object at 0x000001541F1D66B0>
[WEB_SQL][PrenameService][2022-08-08 02:00:17][INFO]: <V1.models.teacherModel.TeacherModel object at 0x000001541F1D66B0>
[WEB_SQL][PrenameService][2022-08-08 02:00:17][INFO]: <V1.models.teacherModel.TeacherModel object at 0x000001541F1D66B0>
[WEB_SQL][PrenameService][2022-08-08 02:00:17][INFO]: <V1.models.teacherModel.TeacherModel object at 0x000001541F1D66B0>
[WEB_SQL][UserRepository][2022-08-08 02:00:33][INFO]: QUERY : (SELECT u.user_id,u.user_username, u.user_firstname, u.user_lastname,u.user_prename,pt.prename_text, u.user_email, u.user_type,  IF((SELECT COUNT(*) FROM users u WHERE u.user_username='teacher')>0,1,0) AS USER_EXIST , IF((SELECT COUNT(*) FROM users u WHERE u.user_username = 'teacher' AND u.user_password='teacher' )>0, 1,0) AS USER_LOGIN FROM users u INNER JOIN prename_list pt ON pt.prename_id = u.user_prename WHERE u.enable='Y' AND pt.enable='Y' AND u.user_username='teacher' AND u.user_password='teacher' LIMIT 1) 
[WEB_SQL][UserRepository][2022-08-08 02:00:39][INFO]: QUERY : (SELECT u.user_id,u.user_username, u.user_firstname, u.user_lastname,u.user_prename,pt.prename_text, u.user_email, u.user_type,  IF((SELECT COUNT(*) FROM users u WHERE u.user_username='test_teacher')>0,1,0) AS USER_EXIST , IF((SELECT COUNT(*) FROM users u WHERE u.user_username = 'test_teacher' AND u.user_password='test_teacher' )>0, 1,0) AS USER_LOGIN FROM users u INNER JOIN prename_list pt ON pt.prename_id = u.user_prename WHERE u.enable='Y' AND pt.enable='Y' AND u.user_username='test_teacher' AND u.user_password='test_teacher' LIMIT 1) 
[WEB_SQL][UserController][2022-08-08 02:20:14][ERROR]: UserController createUser Exception: {"statusCode": 400, "message": "\u0e02\u0e49\u0e2d\u0e21\u0e39\u0e25\u0e44\u0e21\u0e48\u0e16\u0e39\u0e01\u0e15\u0e49\u0e2d\u0e07", "httpCode": 400, "stack": {"code": 400, "msg": "payload \u0e27\u0e48\u0e32\u0e07 \u0e01\u0e23\u0e38\u0e13\u0e32\u0e43\u0e2a\u0e48\u0e02\u0e49\u0e2d\u0e21\u0e39\u0e25\u0e43\u0e2b\u0e49\u0e16\u0e39\u0e01\u0e15\u0e49\u0e2d\u0e07"}}
[WEB_SQL][UserEventRouter][2022-08-08 02:20:14][ERROR]: UserEventRouter createUser() Exception : (400, 'ข้อมูลไม่ถูกต้อง', {'code': 400, 'msg': 'payload ว่าง กรุณาใส่ข้อมูลให้ถูกต้อง'})
[WEB_SQL][UserRouter][2022-08-08 02:20:14][ERROR]: UserRouter createUser() Exception : (400, 'ข้อมูลไม่ถูกต้อง', {'code': 400, 'msg': 'payload ว่าง กรุณาใส่ข้อมูลให้ถูกต้อง'})
[WEB_SQL][UserController][2022-08-08 02:20:15][ERROR]: UserController createUser Exception: {"statusCode": 400, "message": "\u0e02\u0e49\u0e2d\u0e21\u0e39\u0e25\u0e44\u0e21\u0e48\u0e16\u0e39\u0e01\u0e15\u0e49\u0e2d\u0e07", "httpCode": 400, "stack": {"code": 400, "msg": "payload \u0e27\u0e48\u0e32\u0e07 \u0e01\u0e23\u0e38\u0e13\u0e32\u0e43\u0e2a\u0e48\u0e02\u0e49\u0e2d\u0e21\u0e39\u0e25\u0e43\u0e2b\u0e49\u0e16\u0e39\u0e01\u0e15\u0e49\u0e2d\u0e07"}}
[WEB_SQL][UserEventRouter][2022-08-08 02:20:15][ERROR]: UserEventRouter createUser() Exception : (400, 'ข้อมูลไม่ถูกต้อง', {'code': 400, 'msg': 'payload ว่าง กรุณาใส่ข้อมูลให้ถูกต้อง'})
[WEB_SQL][UserRouter][2022-08-08 02:20:15][ERROR]: UserRouter createUser() Exception : (400, 'ข้อมูลไม่ถูกต้อง', {'code': 400, 'msg': 'payload ว่าง กรุณาใส่ข้อมูลให้ถูกต้อง'})
[WEB_SQL][UserController][2022-08-08 02:20:16][ERROR]: UserController createUser Exception: {"statusCode": 400, "message": "\u0e02\u0e49\u0e2d\u0e21\u0e39\u0e25\u0e44\u0e21\u0e48\u0e16\u0e39\u0e01\u0e15\u0e49\u0e2d\u0e07", "httpCode": 400, "stack": {"code": 400, "msg": "payload \u0e27\u0e48\u0e32\u0e07 \u0e01\u0e23\u0e38\u0e13\u0e32\u0e43\u0e2a\u0e48\u0e02\u0e49\u0e2d\u0e21\u0e39\u0e25\u0e43\u0e2b\u0e49\u0e16\u0e39\u0e01\u0e15\u0e49\u0e2d\u0e07"}}
[WEB_SQL][UserEventRouter][2022-08-08 02:20:16][ERROR]: UserEventRouter createUser() Exception : (400, 'ข้อมูลไม่ถูกต้อง', {'code': 400, 'msg': 'payload ว่าง กรุณาใส่ข้อมูลให้ถูกต้อง'})
[WEB_SQL][UserRouter][2022-08-08 02:20:16][ERROR]: UserRouter createUser() Exception : (400, 'ข้อมูลไม่ถูกต้อง', {'code': 400, 'msg': 'payload ว่าง กรุณาใส่ข้อมูลให้ถูกต้อง'})
[WEB_SQL][UserController][2022-08-08 02:20:16][ERROR]: UserController createUser Exception: {"statusCode": 400, "message": "\u0e02\u0e49\u0e2d\u0e21\u0e39\u0e25\u0e44\u0e21\u0e48\u0e16\u0e39\u0e01\u0e15\u0e49\u0e2d\u0e07", "httpCode": 400, "stack": {"code": 400, "msg": "payload \u0e27\u0e48\u0e32\u0e07 \u0e01\u0e23\u0e38\u0e13\u0e32\u0e43\u0e2a\u0e48\u0e02\u0e49\u0e2d\u0e21\u0e39\u0e25\u0e43\u0e2b\u0e49\u0e16\u0e39\u0e01\u0e15\u0e49\u0e2d\u0e07"}}
[WEB_SQL][UserEventRouter][2022-08-08 02:20:16][ERROR]: UserEventRouter createUser() Exception : (400, 'ข้อมูลไม่ถูกต้อง', {'code': 400, 'msg': 'payload ว่าง กรุณาใส่ข้อมูลให้ถูกต้อง'})
[WEB_SQL][UserRouter][2022-08-08 02:20:16][ERROR]: UserRouter createUser() Exception : (400, 'ข้อมูลไม่ถูกต้อง', {'code': 400, 'msg': 'payload ว่าง กรุณาใส่ข้อมูลให้ถูกต้อง'})
[WEB_SQL][UserController][2022-08-08 02:20:16][ERROR]: UserController createUser Exception: {"statusCode": 400, "message": "\u0e02\u0e49\u0e2d\u0e21\u0e39\u0e25\u0e44\u0e21\u0e48\u0e16\u0e39\u0e01\u0e15\u0e49\u0e2d\u0e07", "httpCode": 400, "stack": {"code": 400, "msg": "payload \u0e27\u0e48\u0e32\u0e07 \u0e01\u0e23\u0e38\u0e13\u0e32\u0e43\u0e2a\u0e48\u0e02\u0e49\u0e2d\u0e21\u0e39\u0e25\u0e43\u0e2b\u0e49\u0e16\u0e39\u0e01\u0e15\u0e49\u0e2d\u0e07"}}
[WEB_SQL][UserEventRouter][2022-08-08 02:20:16][ERROR]: UserEventRouter createUser() Exception : (400, 'ข้อมูลไม่ถูกต้อง', {'code': 400, 'msg': 'payload ว่าง กรุณาใส่ข้อมูลให้ถูกต้อง'})
[WEB_SQL][UserRouter][2022-08-08 02:20:16][ERROR]: UserRouter createUser() Exception : (400, 'ข้อมูลไม่ถูกต้อง', {'code': 400, 'msg': 'payload ว่าง กรุณาใส่ข้อมูลให้ถูกต้อง'})
[WEB_SQL][UserRepository][2022-08-08 02:20:45][INFO]: QUERY : (SELECT u.user_id,u.user_username, u.user_firstname, u.user_lastname,u.user_prename,pt.prename_text, u.user_email, u.user_type,  IF((SELECT COUNT(*) FROM users u WHERE u.user_username='test_admin')>0,1,0) AS USER_EXIST , IF((SELECT COUNT(*) FROM users u WHERE u.user_username = 'test_admin' AND u.user_password='test_password' )>0, 1,0) AS USER_LOGIN FROM users u INNER JOIN prename_list pt ON pt.prename_id = u.user_prename WHERE u.enable='Y' AND pt.enable='Y' AND u.user_username='test_admin' AND u.user_password='test_password' LIMIT 1) 
[WEB_SQL][PrenameService][2022-08-08 02:20:45][INFO]: <V1.models.teacherModel.TeacherModel object at 0x000001541F1D60B0>
[WEB_SQL][PrenameService][2022-08-08 02:20:45][INFO]: <V1.models.teacherModel.TeacherModel object at 0x000001541F1D60B0>
[WEB_SQL][PrenameService][2022-08-08 02:20:45][INFO]: <V1.models.teacherModel.TeacherModel object at 0x000001541F1D60B0>
[WEB_SQL][PrenameService][2022-08-08 02:20:45][INFO]: <V1.models.teacherModel.TeacherModel object at 0x000001541F1D60B0>
[WEB_SQL][PrenameService][2022-08-08 02:20:52][INFO]: <V1.models.teacherModel.TeacherModel object at 0x000001541F1F8850>
[WEB_SQL][PrenameService][2022-08-08 02:20:52][INFO]: <V1.models.teacherModel.TeacherModel object at 0x000001541F1F8850>
[WEB_SQL][PrenameService][2022-08-08 02:20:52][INFO]: <V1.models.teacherModel.TeacherModel object at 0x000001541F1F8850>
[WEB_SQL][PrenameService][2022-08-08 02:20:52][INFO]: <V1.models.teacherModel.TeacherModel object at 0x000001541F1F8850>
[WEB_SQL][PrenameService][2022-08-08 02:21:08][INFO]: <V1.models.teacherModel.TeacherModel object at 0x000001541F156A70>
[WEB_SQL][PrenameService][2022-08-08 02:21:08][INFO]: <V1.models.teacherModel.TeacherModel object at 0x000001541F156A70>
[WEB_SQL][PrenameService][2022-08-08 02:21:08][INFO]: <V1.models.teacherModel.TeacherModel object at 0x000001541F156A70>
[WEB_SQL][PrenameService][2022-08-08 02:21:08][INFO]: <V1.models.teacherModel.TeacherModel object at 0x000001541F156A70>
[WEB_SQL][PrenameService][2022-08-08 02:21:12][INFO]: <V1.models.teacherModel.TeacherModel object at 0x000001541F157250>
[WEB_SQL][PrenameService][2022-08-08 02:21:12][INFO]: <V1.models.teacherModel.TeacherModel object at 0x000001541F157250>
[WEB_SQL][PrenameService][2022-08-08 02:21:12][INFO]: <V1.models.teacherModel.TeacherModel object at 0x000001541F157250>
[WEB_SQL][PrenameService][2022-08-08 02:21:12][INFO]: <V1.models.teacherModel.TeacherModel object at 0x000001541F157250>
