[WEB_SQL][SubjectRepository][2022-08-07 01:40:53][ERROR]: UserRepository createSubject Exception: {"msg": "You have an error in your SQL syntax; check the manual that corresponds to your MariaDB server version for the right syntax to use near 'group, enable) VALUES('','','','55','2564','2','2','\u0e40\u0e1b\u0e34\u0e14')' at line 1", "_full_msg": "1064 (42000): You have an error in your SQL syntax; check the manual that corresponds to your MariaDB server version for the right syntax to use near 'group, enable) VALUES('','','','55','2564','2','2','\u0e40\u0e1b\u0e34\u0e14')' at line 1", "errno": 1064, "sqlstate": "42000"}
[WEB_SQL][SubjectService][2022-08-07 01:40:53][ERROR]: SubjectService createSubject() Exception: {"statusCode": 500, "message": "INTERNAL SERVER ERROR", "httpCode": [500], "stack": "1064 (42000): You have an error in your SQL syntax; check the manual that corresponds to your MariaDB server version for the right syntax to use near 'group, enable) VALUES('','','','55','2564','2','2','\u0e40\u0e1b\u0e34\u0e14')' at line 1"}
[WEB_SQL][SubjectController][2022-08-07 01:40:53][ERROR]: SubjectController getSubjects Exception: {"statusCode": 500, "message": "INTERNAL SERVER ERROR", "httpCode": [500], "stack": "1064 (42000): You have an error in your SQL syntax; check the manual that corresponds to your MariaDB server version for the right syntax to use near 'group, enable) VALUES('','','','55','2564','2','2','\u0e40\u0e1b\u0e34\u0e14')' at line 1"}
[WEB_SQL][SubjectEventRouter][2022-08-07 01:40:53][ERROR]: SubjectEventRouter createSubjects() Exception : (500, 'INTERNAL SERVER ERROR', "1064 (42000): You have an error in your SQL syntax; check the manual that corresponds to your MariaDB server version for the right syntax to use near 'group, enable) VALUES('','','','55','2564','2','2','เปิด')' at line 1")
[WEB_SQL][SubjectRouter][2022-08-07 01:40:53][ERROR]: SubjectRouter subject() Exception : (500, 'INTERNAL SERVER ERROR', "1064 (42000): You have an error in your SQL syntax; check the manual that corresponds to your MariaDB server version for the right syntax to use near 'group, enable) VALUES('','','','55','2564','2','2','เปิด')' at line 1")
[WEB_SQL][SubjectRepository][2022-08-07 01:46:07][ERROR]: UserRepository createSubject Exception: {"msg": "Not all parameters were used in the SQL statement", "_full_msg": "Not all parameters were used in the SQL statement", "errno": -1, "sqlstate": null}
[WEB_SQL][SubjectService][2022-08-07 01:46:07][ERROR]: SubjectService createSubject() Exception: {"statusCode": 500, "message": "INTERNAL SERVER ERROR", "httpCode": [500], "stack": "Not all parameters were used in the SQL statement"}
[WEB_SQL][SubjectController][2022-08-07 01:46:07][ERROR]: SubjectController getSubjects Exception: {"statusCode": 500, "message": "INTERNAL SERVER ERROR", "httpCode": [500], "stack": "Not all parameters were used in the SQL statement"}
[WEB_SQL][SubjectEventRouter][2022-08-07 01:46:07][ERROR]: SubjectEventRouter createSubjects() Exception : (500, 'INTERNAL SERVER ERROR', 'Not all parameters were used in the SQL statement')
[WEB_SQL][SubjectRouter][2022-08-07 01:46:07][ERROR]: SubjectRouter subject() Exception : (500, 'INTERNAL SERVER ERROR', 'Not all parameters were used in the SQL statement')
[WEB_SQL][SubjectRepository][2022-08-07 01:47:04][ERROR]: UserRepository createSubject Exception: {"msg": "Not all parameters were used in the SQL statement", "_full_msg": "Not all parameters were used in the SQL statement", "errno": -1, "sqlstate": null}
[WEB_SQL][SubjectService][2022-08-07 01:47:04][ERROR]: SubjectService createSubject() Exception: {"statusCode": 500, "message": "INTERNAL SERVER ERROR", "httpCode": [500], "stack": "Not all parameters were used in the SQL statement"}
[WEB_SQL][SubjectController][2022-08-07 01:47:04][ERROR]: SubjectController getSubjects Exception: {"statusCode": 500, "message": "INTERNAL SERVER ERROR", "httpCode": [500], "stack": "Not all parameters were used in the SQL statement"}
[WEB_SQL][SubjectEventRouter][2022-08-07 01:47:04][ERROR]: SubjectEventRouter createSubjects() Exception : (500, 'INTERNAL SERVER ERROR', 'Not all parameters were used in the SQL statement')
[WEB_SQL][SubjectRouter][2022-08-07 01:47:04][ERROR]: SubjectRouter subject() Exception : (500, 'INTERNAL SERVER ERROR', 'Not all parameters were used in the SQL statement')
[WEB_SQL][SubjectRepository][2022-08-07 01:50:49][ERROR]: UserRepository createSubject Exception: {"msg": "Not all parameters were used in the SQL statement", "_full_msg": "Not all parameters were used in the SQL statement", "errno": -1, "sqlstate": null}
[WEB_SQL][SubjectService][2022-08-07 01:50:49][ERROR]: SubjectService createSubject() Exception: {"statusCode": 500, "message": "INTERNAL SERVER ERROR", "httpCode": [500], "stack": "Not all parameters were used in the SQL statement"}
[WEB_SQL][SubjectController][2022-08-07 01:50:49][ERROR]: SubjectController getSubjects Exception: {"statusCode": 500, "message": "INTERNAL SERVER ERROR", "httpCode": [500], "stack": "Not all parameters were used in the SQL statement"}
[WEB_SQL][SubjectEventRouter][2022-08-07 01:50:49][ERROR]: SubjectEventRouter createSubjects() Exception : (500, 'INTERNAL SERVER ERROR', 'Not all parameters were used in the SQL statement')
[WEB_SQL][SubjectRouter][2022-08-07 01:50:49][ERROR]: SubjectRouter subject() Exception : (500, 'INTERNAL SERVER ERROR', 'Not all parameters were used in the SQL statement')
[WEB_SQL][SubjectRepository][2022-08-07 01:56:09][ERROR]: UserRepository createSubject Exception: {"msg": "Not all parameters were used in the SQL statement", "_full_msg": "Not all parameters were used in the SQL statement", "errno": -1, "sqlstate": null}
[WEB_SQL][SubjectService][2022-08-07 01:56:09][ERROR]: SubjectService createSubject() Exception: {"statusCode": 500, "message": "INTERNAL SERVER ERROR", "httpCode": [500], "stack": "Not all parameters were used in the SQL statement"}
[WEB_SQL][SubjectController][2022-08-07 01:56:09][ERROR]: SubjectController getSubjects Exception: {"statusCode": 500, "message": "INTERNAL SERVER ERROR", "httpCode": [500], "stack": "Not all parameters were used in the SQL statement"}
[WEB_SQL][SubjectEventRouter][2022-08-07 01:56:09][ERROR]: SubjectEventRouter createSubjects() Exception : (500, 'INTERNAL SERVER ERROR', 'Not all parameters were used in the SQL statement')
[WEB_SQL][SubjectRouter][2022-08-07 01:56:09][ERROR]: SubjectRouter subject() Exception : (500, 'INTERNAL SERVER ERROR', 'Not all parameters were used in the SQL statement')
[WEB_SQL][SubjectRepository][2022-08-07 01:57:18][ERROR]: UserRepository createSubject Exception: {"msg": "Not all parameters were used in the SQL statement", "_full_msg": "Not all parameters were used in the SQL statement", "errno": -1, "sqlstate": null}
[WEB_SQL][SubjectService][2022-08-07 01:57:18][ERROR]: SubjectService createSubject() Exception: {"statusCode": 500, "message": "INTERNAL SERVER ERROR", "httpCode": [500], "stack": "Not all parameters were used in the SQL statement"}
[WEB_SQL][SubjectController][2022-08-07 01:57:18][ERROR]: SubjectController getSubjects Exception: {"statusCode": 500, "message": "INTERNAL SERVER ERROR", "httpCode": [500], "stack": "Not all parameters were used in the SQL statement"}
[WEB_SQL][SubjectEventRouter][2022-08-07 01:57:18][ERROR]: SubjectEventRouter createSubjects() Exception : (500, 'INTERNAL SERVER ERROR', 'Not all parameters were used in the SQL statement')
[WEB_SQL][SubjectRouter][2022-08-07 01:57:18][ERROR]: SubjectRouter subject() Exception : (500, 'INTERNAL SERVER ERROR', 'Not all parameters were used in the SQL statement')
[WEB_SQL][SubjectRepository][2022-08-07 01:58:45][ERROR]: UserRepository createSubject Exception: {"msg": "Not all parameters were used in the SQL statement", "_full_msg": "Not all parameters were used in the SQL statement", "errno": -1, "sqlstate": null}
[WEB_SQL][SubjectService][2022-08-07 01:58:45][ERROR]: SubjectService createSubject() Exception: {"statusCode": 500, "message": "INTERNAL SERVER ERROR", "httpCode": [500], "stack": "Not all parameters were used in the SQL statement"}
[WEB_SQL][SubjectController][2022-08-07 01:58:45][ERROR]: SubjectController getSubjects Exception: {"statusCode": 500, "message": "INTERNAL SERVER ERROR", "httpCode": [500], "stack": "Not all parameters were used in the SQL statement"}
[WEB_SQL][SubjectEventRouter][2022-08-07 01:58:45][ERROR]: SubjectEventRouter createSubjects() Exception : (500, 'INTERNAL SERVER ERROR', 'Not all parameters were used in the SQL statement')
[WEB_SQL][SubjectRouter][2022-08-07 01:58:45][ERROR]: SubjectRouter subject() Exception : (500, 'INTERNAL SERVER ERROR', 'Not all parameters were used in the SQL statement')
[WEB_SQL][SubjectRepository][2022-08-07 01:58:49][ERROR]: UserRepository createSubject Exception: {"msg": "Not all parameters were used in the SQL statement", "_full_msg": "Not all parameters were used in the SQL statement", "errno": -1, "sqlstate": null}
[WEB_SQL][SubjectService][2022-08-07 01:58:49][ERROR]: SubjectService createSubject() Exception: {"statusCode": 500, "message": "INTERNAL SERVER ERROR", "httpCode": [500], "stack": "Not all parameters were used in the SQL statement"}
[WEB_SQL][SubjectController][2022-08-07 01:58:49][ERROR]: SubjectController getSubjects Exception: {"statusCode": 500, "message": "INTERNAL SERVER ERROR", "httpCode": [500], "stack": "Not all parameters were used in the SQL statement"}
[WEB_SQL][SubjectEventRouter][2022-08-07 01:58:49][ERROR]: SubjectEventRouter createSubjects() Exception : (500, 'INTERNAL SERVER ERROR', 'Not all parameters were used in the SQL statement')
[WEB_SQL][SubjectRouter][2022-08-07 01:58:49][ERROR]: SubjectRouter subject() Exception : (500, 'INTERNAL SERVER ERROR', 'Not all parameters were used in the SQL statement')
