[WEB_SQL][UserRepository][2022-08-07 11:30:13][INFO]: QUERY : (SELECT u.user_id,u.user_username, u.user_firstname, u.user_lastname,u.user_prename,pt.prename_text, u.user_email, u.user_type,  IF((SELECT COUNT(*) FROM users u WHERE u.user_username='teacher')>0,1,0) AS USER_EXIST , IF((SELECT COUNT(*) FROM users u WHERE u.user_username = 'teacher' AND u.user_password='teacher' )>0, 1,0) AS USER_LOGIN FROM users u INNER JOIN prename_list pt ON pt.prename_id = u.user_prename WHERE u.enable='Y' AND pt.enable='Y' AND u.user_username='teacher' AND u.user_password='teacher' LIMIT 1) 
[WEB_SQL][UserRepository][2022-08-07 11:30:20][INFO]: QUERY : (SELECT u.user_id,u.user_username, u.user_firstname, u.user_lastname,u.user_prename,pt.prename_text, u.user_email, u.user_type,  IF((SELECT COUNT(*) FROM users u WHERE u.user_username='admin')>0,1,0) AS USER_EXIST , IF((SELECT COUNT(*) FROM users u WHERE u.user_username = 'admin' AND u.user_password='admin' )>0, 1,0) AS USER_LOGIN FROM users u INNER JOIN prename_list pt ON pt.prename_id = u.user_prename WHERE u.enable='Y' AND pt.enable='Y' AND u.user_username='admin' AND u.user_password='admin' LIMIT 1) 
[WEB_SQL][PrenameService][2022-08-07 11:30:21][INFO]: <V1.models.teacherModel.TeacherModel object at 0x00000201860D7B80>
[WEB_SQL][PrenameService][2022-08-07 11:30:21][INFO]: <V1.models.teacherModel.TeacherModel object at 0x00000201860D7B80>
[WEB_SQL][PrenameService][2022-08-07 11:30:21][INFO]: <V1.models.teacherModel.TeacherModel object at 0x00000201860D7B80>
[WEB_SQL][PrenameService][2022-08-07 11:30:21][INFO]: <V1.models.teacherModel.TeacherModel object at 0x00000201860D7B80>
[WEB_SQL][UserRepository][2022-08-07 11:31:53][INFO]: QUERY : (SELECT u.user_id,u.user_username, u.user_firstname, u.user_lastname,u.user_prename,pt.prename_text, u.user_email, u.user_type,  IF((SELECT COUNT(*) FROM users u WHERE u.user_username='admin')>0,1,0) AS USER_EXIST , IF((SELECT COUNT(*) FROM users u WHERE u.user_username = 'admin' AND u.user_password='admin' )>0, 1,0) AS USER_LOGIN FROM users u INNER JOIN prename_list pt ON pt.prename_id = u.user_prename WHERE u.enable='Y' AND pt.enable='Y' AND u.user_username='admin' AND u.user_password='admin' LIMIT 1) 
[WEB_SQL][PrenameService][2022-08-07 11:31:53][INFO]: <V1.models.teacherModel.TeacherModel object at 0x00000201860D5540>
[WEB_SQL][PrenameService][2022-08-07 11:31:53][INFO]: <V1.models.teacherModel.TeacherModel object at 0x00000201860D5540>
[WEB_SQL][PrenameService][2022-08-07 11:31:53][INFO]: <V1.models.teacherModel.TeacherModel object at 0x00000201860D5540>
[WEB_SQL][PrenameService][2022-08-07 11:31:53][INFO]: <V1.models.teacherModel.TeacherModel object at 0x00000201860D5540>
[WEB_SQL][UserRepository][2022-08-07 11:32:24][INFO]: QUERY : (SELECT u.user_id,u.user_username, u.user_firstname, u.user_lastname,u.user_prename,pt.prename_text, u.user_email, u.user_type,  IF((SELECT COUNT(*) FROM users u WHERE u.user_username='teacher')>0,1,0) AS USER_EXIST , IF((SELECT COUNT(*) FROM users u WHERE u.user_username = 'teacher' AND u.user_password='teacher' )>0, 1,0) AS USER_LOGIN FROM users u INNER JOIN prename_list pt ON pt.prename_id = u.user_prename WHERE u.enable='Y' AND pt.enable='Y' AND u.user_username='teacher' AND u.user_password='teacher' LIMIT 1) 
[WEB_SQL][UserRepository][2022-08-07 11:38:59][INFO]: QUERY : (SELECT u.user_id,u.user_username, u.user_firstname, u.user_lastname,u.user_prename,pt.prename_text, u.user_email, u.user_type,  IF((SELECT COUNT(*) FROM users u WHERE u.user_username='admin')>0,1,0) AS USER_EXIST , IF((SELECT COUNT(*) FROM users u WHERE u.user_username = 'admin' AND u.user_password='admin' )>0, 1,0) AS USER_LOGIN FROM users u INNER JOIN prename_list pt ON pt.prename_id = u.user_prename WHERE u.enable='Y' AND pt.enable='Y' AND u.user_username='admin' AND u.user_password='admin' LIMIT 1) 
[WEB_SQL][PrenameService][2022-08-07 11:38:59][INFO]: <V1.models.teacherModel.TeacherModel object at 0x00000201861521A0>
[WEB_SQL][PrenameService][2022-08-07 11:38:59][INFO]: <V1.models.teacherModel.TeacherModel object at 0x00000201861521A0>
[WEB_SQL][PrenameService][2022-08-07 11:38:59][INFO]: <V1.models.teacherModel.TeacherModel object at 0x00000201861521A0>
[WEB_SQL][PrenameService][2022-08-07 11:38:59][INFO]: <V1.models.teacherModel.TeacherModel object at 0x00000201861521A0>
[WEB_SQL][PrenameService][2022-08-07 11:39:01][INFO]: <V1.models.teacherModel.TeacherModel object at 0x00000201860D57E0>
[WEB_SQL][PrenameService][2022-08-07 11:39:01][INFO]: <V1.models.teacherModel.TeacherModel object at 0x00000201860D57E0>
[WEB_SQL][PrenameService][2022-08-07 11:39:01][INFO]: <V1.models.teacherModel.TeacherModel object at 0x00000201860D57E0>
[WEB_SQL][PrenameService][2022-08-07 11:39:01][INFO]: <V1.models.teacherModel.TeacherModel object at 0x00000201860D57E0>
[WEB_SQL][PrenameService][2022-08-07 11:39:09][INFO]: <V1.models.teacherModel.TeacherModel object at 0x00000201860D68C0>
[WEB_SQL][PrenameService][2022-08-07 11:39:09][INFO]: <V1.models.teacherModel.TeacherModel object at 0x00000201860D68C0>
[WEB_SQL][PrenameService][2022-08-07 11:39:09][INFO]: <V1.models.teacherModel.TeacherModel object at 0x00000201860D68C0>
[WEB_SQL][PrenameService][2022-08-07 11:39:09][INFO]: <V1.models.teacherModel.TeacherModel object at 0x00000201860D68C0>
[WEB_SQL][UserRepository][2022-08-07 11:40:20][INFO]: QUERY : (SELECT u.user_id,u.user_username, u.user_firstname, u.user_lastname,u.user_prename,pt.prename_text, u.user_email, u.user_type,  IF((SELECT COUNT(*) FROM users u WHERE u.user_username='admin')>0,1,0) AS USER_EXIST , IF((SELECT COUNT(*) FROM users u WHERE u.user_username = 'admin' AND u.user_password='admin' )>0, 1,0) AS USER_LOGIN FROM users u INNER JOIN prename_list pt ON pt.prename_id = u.user_prename WHERE u.enable='Y' AND pt.enable='Y' AND u.user_username='admin' AND u.user_password='admin' LIMIT 1) 
[WEB_SQL][PrenameService][2022-08-07 11:40:21][INFO]: <V1.models.teacherModel.TeacherModel object at 0x0000020186151DE0>
[WEB_SQL][PrenameService][2022-08-07 11:40:21][INFO]: <V1.models.teacherModel.TeacherModel object at 0x0000020186151DE0>
[WEB_SQL][PrenameService][2022-08-07 11:40:21][INFO]: <V1.models.teacherModel.TeacherModel object at 0x0000020186151DE0>
[WEB_SQL][PrenameService][2022-08-07 11:40:21][INFO]: <V1.models.teacherModel.TeacherModel object at 0x0000020186151DE0>
[WEB_SQL][PrenameService][2022-08-07 11:41:03][INFO]: <V1.models.teacherModel.TeacherModel object at 0x0000020186151330>
[WEB_SQL][PrenameService][2022-08-07 11:41:03][INFO]: <V1.models.teacherModel.TeacherModel object at 0x0000020186151330>
[WEB_SQL][PrenameService][2022-08-07 11:41:03][INFO]: <V1.models.teacherModel.TeacherModel object at 0x0000020186151330>
[WEB_SQL][PrenameService][2022-08-07 11:41:03][INFO]: <V1.models.teacherModel.TeacherModel object at 0x0000020186151330>
[WEB_SQL][PrenameService][2022-08-07 11:43:11][INFO]: <V1.models.teacherModel.TeacherModel object at 0x000002018600EE60>
[WEB_SQL][PrenameService][2022-08-07 11:43:11][INFO]: <V1.models.teacherModel.TeacherModel object at 0x000002018600EE60>
[WEB_SQL][PrenameService][2022-08-07 11:43:11][INFO]: <V1.models.teacherModel.TeacherModel object at 0x000002018600EE60>
[WEB_SQL][PrenameService][2022-08-07 11:43:11][INFO]: <V1.models.teacherModel.TeacherModel object at 0x000002018600EE60>
[WEB_SQL][PrenameService][2022-08-07 11:43:15][INFO]: <V1.models.teacherModel.TeacherModel object at 0x0000020186152A70>
[WEB_SQL][PrenameService][2022-08-07 11:43:15][INFO]: <V1.models.teacherModel.TeacherModel object at 0x0000020186152A70>
[WEB_SQL][PrenameService][2022-08-07 11:43:15][INFO]: <V1.models.teacherModel.TeacherModel object at 0x0000020186152A70>
[WEB_SQL][PrenameService][2022-08-07 11:43:15][INFO]: <V1.models.teacherModel.TeacherModel object at 0x0000020186152A70>
[WEB_SQL][PrenameService][2022-08-07 11:43:17][INFO]: <V1.models.teacherModel.TeacherModel object at 0x00000201860D5E40>
[WEB_SQL][PrenameService][2022-08-07 11:43:17][INFO]: <V1.models.teacherModel.TeacherModel object at 0x00000201860D5E40>
[WEB_SQL][PrenameService][2022-08-07 11:43:17][INFO]: <V1.models.teacherModel.TeacherModel object at 0x00000201860D5E40>
[WEB_SQL][PrenameService][2022-08-07 11:43:17][INFO]: <V1.models.teacherModel.TeacherModel object at 0x00000201860D5E40>
[WEB_SQL][PrenameService][2022-08-07 11:43:21][INFO]: <V1.models.teacherModel.TeacherModel object at 0x00000201860D6E90>
[WEB_SQL][PrenameService][2022-08-07 11:43:21][INFO]: <V1.models.teacherModel.TeacherModel object at 0x00000201860D6E90>
[WEB_SQL][PrenameService][2022-08-07 11:43:21][INFO]: <V1.models.teacherModel.TeacherModel object at 0x00000201860D6E90>
[WEB_SQL][PrenameService][2022-08-07 11:43:21][INFO]: <V1.models.teacherModel.TeacherModel object at 0x00000201860D6E90>
[WEB_SQL][UserRepository][2022-08-07 11:43:58][INFO]: QUERY : (SELECT u.user_id,u.user_username, u.user_firstname, u.user_lastname,u.user_prename,pt.prename_text, u.user_email, u.user_type,  IF((SELECT COUNT(*) FROM users u WHERE u.user_username='admin')>0,1,0) AS USER_EXIST , IF((SELECT COUNT(*) FROM users u WHERE u.user_username = 'admin' AND u.user_password='admin' )>0, 1,0) AS USER_LOGIN FROM users u INNER JOIN prename_list pt ON pt.prename_id = u.user_prename WHERE u.enable='Y' AND pt.enable='Y' AND u.user_username='admin' AND u.user_password='admin' LIMIT 1) 
[WEB_SQL][PrenameService][2022-08-07 11:43:58][INFO]: <V1.models.teacherModel.TeacherModel object at 0x00000201861502B0>
[WEB_SQL][PrenameService][2022-08-07 11:43:58][INFO]: <V1.models.teacherModel.TeacherModel object at 0x00000201861502B0>
[WEB_SQL][PrenameService][2022-08-07 11:43:58][INFO]: <V1.models.teacherModel.TeacherModel object at 0x00000201861502B0>
[WEB_SQL][PrenameService][2022-08-07 11:43:58][INFO]: <V1.models.teacherModel.TeacherModel object at 0x00000201861502B0>
[WEB_SQL][PrenameService][2022-08-07 11:44:02][INFO]: <V1.models.teacherModel.TeacherModel object at 0x0000020186150D90>
[WEB_SQL][PrenameService][2022-08-07 11:44:02][INFO]: <V1.models.teacherModel.TeacherModel object at 0x0000020186150D90>
[WEB_SQL][PrenameService][2022-08-07 11:44:02][INFO]: <V1.models.teacherModel.TeacherModel object at 0x0000020186150D90>
[WEB_SQL][PrenameService][2022-08-07 11:44:02][INFO]: <V1.models.teacherModel.TeacherModel object at 0x0000020186150D90>
[WEB_SQL][PrenameService][2022-08-07 11:44:09][INFO]: <V1.models.teacherModel.TeacherModel object at 0x00000201860D7490>
[WEB_SQL][PrenameService][2022-08-07 11:44:09][INFO]: <V1.models.teacherModel.TeacherModel object at 0x00000201860D7490>
[WEB_SQL][PrenameService][2022-08-07 11:44:09][INFO]: <V1.models.teacherModel.TeacherModel object at 0x00000201860D7490>
[WEB_SQL][PrenameService][2022-08-07 11:44:09][INFO]: <V1.models.teacherModel.TeacherModel object at 0x00000201860D7490>
[WEB_SQL][PrenameService][2022-08-07 11:44:11][INFO]: <V1.models.teacherModel.TeacherModel object at 0x00000201860D5D50>
[WEB_SQL][PrenameService][2022-08-07 11:44:11][INFO]: <V1.models.teacherModel.TeacherModel object at 0x00000201860D5D50>
[WEB_SQL][PrenameService][2022-08-07 11:44:11][INFO]: <V1.models.teacherModel.TeacherModel object at 0x00000201860D5D50>
[WEB_SQL][PrenameService][2022-08-07 11:44:11][INFO]: <V1.models.teacherModel.TeacherModel object at 0x00000201860D5D50>
[WEB_SQL][PrenameService][2022-08-07 11:44:13][INFO]: <V1.models.teacherModel.TeacherModel object at 0x00000201860D54B0>
[WEB_SQL][PrenameService][2022-08-07 11:44:13][INFO]: <V1.models.teacherModel.TeacherModel object at 0x00000201860D54B0>
[WEB_SQL][PrenameService][2022-08-07 11:44:13][INFO]: <V1.models.teacherModel.TeacherModel object at 0x00000201860D54B0>
[WEB_SQL][PrenameService][2022-08-07 11:44:13][INFO]: <V1.models.teacherModel.TeacherModel object at 0x00000201860D54B0>
[WEB_SQL][PrenameService][2022-08-07 11:44:40][INFO]: <V1.models.teacherModel.TeacherModel object at 0x00000201860D7040>
[WEB_SQL][PrenameService][2022-08-07 11:44:40][INFO]: <V1.models.teacherModel.TeacherModel object at 0x00000201860D7040>
[WEB_SQL][PrenameService][2022-08-07 11:44:40][INFO]: <V1.models.teacherModel.TeacherModel object at 0x00000201860D7040>
[WEB_SQL][PrenameService][2022-08-07 11:44:40][INFO]: <V1.models.teacherModel.TeacherModel object at 0x00000201860D7040>
[WEB_SQL][PrenameService][2022-08-07 11:44:43][INFO]: <V1.models.teacherModel.TeacherModel object at 0x00000201860D7AF0>
[WEB_SQL][PrenameService][2022-08-07 11:44:43][INFO]: <V1.models.teacherModel.TeacherModel object at 0x00000201860D7AF0>
[WEB_SQL][PrenameService][2022-08-07 11:44:43][INFO]: <V1.models.teacherModel.TeacherModel object at 0x00000201860D7AF0>
[WEB_SQL][PrenameService][2022-08-07 11:44:43][INFO]: <V1.models.teacherModel.TeacherModel object at 0x00000201860D7AF0>
[WEB_SQL][PrenameService][2022-08-07 11:45:23][INFO]: <V1.models.teacherModel.TeacherModel object at 0x0000020186150D30>
[WEB_SQL][PrenameService][2022-08-07 11:45:23][INFO]: <V1.models.teacherModel.TeacherModel object at 0x0000020186150D30>
[WEB_SQL][PrenameService][2022-08-07 11:45:23][INFO]: <V1.models.teacherModel.TeacherModel object at 0x0000020186150D30>
[WEB_SQL][PrenameService][2022-08-07 11:45:23][INFO]: <V1.models.teacherModel.TeacherModel object at 0x0000020186150D30>
[WEB_SQL][PrenameService][2022-08-07 11:45:46][INFO]: <V1.models.teacherModel.TeacherModel object at 0x00000201860D7BE0>
[WEB_SQL][PrenameService][2022-08-07 11:45:46][INFO]: <V1.models.teacherModel.TeacherModel object at 0x00000201860D7BE0>
[WEB_SQL][PrenameService][2022-08-07 11:45:46][INFO]: <V1.models.teacherModel.TeacherModel object at 0x00000201860D7BE0>
[WEB_SQL][PrenameService][2022-08-07 11:45:46][INFO]: <V1.models.teacherModel.TeacherModel object at 0x00000201860D7BE0>
[WEB_SQL][PrenameService][2022-08-07 11:45:53][INFO]: <V1.models.teacherModel.TeacherModel object at 0x0000020186152C80>
[WEB_SQL][PrenameService][2022-08-07 11:45:53][INFO]: <V1.models.teacherModel.TeacherModel object at 0x0000020186152C80>
[WEB_SQL][PrenameService][2022-08-07 11:45:53][INFO]: <V1.models.teacherModel.TeacherModel object at 0x0000020186152C80>
[WEB_SQL][PrenameService][2022-08-07 11:45:53][INFO]: <V1.models.teacherModel.TeacherModel object at 0x0000020186152C80>
[WEB_SQL][PrenameService][2022-08-07 11:45:56][INFO]: <V1.models.teacherModel.TeacherModel object at 0x00000201860D6170>
[WEB_SQL][PrenameService][2022-08-07 11:45:56][INFO]: <V1.models.teacherModel.TeacherModel object at 0x00000201860D6170>
[WEB_SQL][PrenameService][2022-08-07 11:45:56][INFO]: <V1.models.teacherModel.TeacherModel object at 0x00000201860D6170>
[WEB_SQL][PrenameService][2022-08-07 11:45:56][INFO]: <V1.models.teacherModel.TeacherModel object at 0x00000201860D6170>
[WEB_SQL][PrenameService][2022-08-07 11:46:01][INFO]: <V1.models.teacherModel.TeacherModel object at 0x00000201860D6F80>
[WEB_SQL][PrenameService][2022-08-07 11:46:01][INFO]: <V1.models.teacherModel.TeacherModel object at 0x00000201860D6F80>
[WEB_SQL][PrenameService][2022-08-07 11:46:01][INFO]: <V1.models.teacherModel.TeacherModel object at 0x00000201860D6F80>
[WEB_SQL][PrenameService][2022-08-07 11:46:01][INFO]: <V1.models.teacherModel.TeacherModel object at 0x00000201860D6F80>
[WEB_SQL][UserRepository][2022-08-07 11:48:20][INFO]: QUERY : (SELECT u.user_id,u.user_username, u.user_firstname, u.user_lastname,u.user_prename,pt.prename_text, u.user_email, u.user_type,  IF((SELECT COUNT(*) FROM users u WHERE u.user_username='teacher')>0,1,0) AS USER_EXIST , IF((SELECT COUNT(*) FROM users u WHERE u.user_username = 'teacher' AND u.user_password='teacher' )>0, 1,0) AS USER_LOGIN FROM users u INNER JOIN prename_list pt ON pt.prename_id = u.user_prename WHERE u.enable='Y' AND pt.enable='Y' AND u.user_username='teacher' AND u.user_password='teacher' LIMIT 1) 
