[WEB_SQL][UserService][2022-08-06 05:00:14][ERROR]: UserService userLogin() Exception: {}
[WEB_SQL][UserController][2022-08-06 05:00:14][ERROR]: UserController userLogin Exception: {"statusCode": 500, "message": "INTERNAL SERVER ERROR", "httpCode": [500], "stack": null}
[WEB_SQL][UserEventRouter][2022-08-06 05:00:14][ERROR]: UserEventRouter getAdmin() Exception : (500, 'INTERNAL SERVER ERROR', None)
[WEB_SQL][UserRouter][2022-08-06 05:00:14][ERROR]: UserRouter login() Exception : (500, 'INTERNAL SERVER ERROR', None)
[WEB_SQL][UserService][2022-08-06 05:00:27][ERROR]: UserService userLogin() Exception: {}
[WEB_SQL][UserController][2022-08-06 05:00:27][ERROR]: UserController userLogin Exception: {"statusCode": 500, "message": "INTERNAL SERVER ERROR", "httpCode": [500], "stack": null}
[WEB_SQL][UserEventRouter][2022-08-06 05:00:27][ERROR]: UserEventRouter getAdmin() Exception : (500, 'INTERNAL SERVER ERROR', None)
[WEB_SQL][UserRouter][2022-08-06 05:00:27][ERROR]: UserRouter login() Exception : (500, 'INTERNAL SERVER ERROR', None)
[WEB_SQL][UserService][2022-08-06 05:00:32][ERROR]: UserService userLogin() Exception: {}
[WEB_SQL][UserController][2022-08-06 05:00:32][ERROR]: UserController userLogin Exception: {"statusCode": 500, "message": "INTERNAL SERVER ERROR", "httpCode": [500], "stack": null}
[WEB_SQL][UserEventRouter][2022-08-06 05:00:32][ERROR]: UserEventRouter getAdmin() Exception : (500, 'INTERNAL SERVER ERROR', None)
[WEB_SQL][UserRouter][2022-08-06 05:00:32][ERROR]: UserRouter login() Exception : (500, 'INTERNAL SERVER ERROR', None)
[WEB_SQL][UserRepository][2022-08-06 05:01:07][INFO]: QUERY : (SELECT u.user_id,u.user_username, u.user_firstname, u.user_lastname,u.user_prename,pt.prename_text, u.user_email, u.user_type,  IF((SELECT COUNT(*) FROM users u WHERE u.user_username='test')>0,1,0) AS USER_EXIST , IF((SELECT COUNT(*) FROM users u WHERE u.user_username = 'test' AND u.user_password='test' )>0, 1,0) AS USER_LOGIN FROM users u INNER JOIN prename_list pt ON pt.prename_id = u.user_prename WHERE u.enable='Y' AND pt.enable='Y' AND u.user_username='test' AND u.user_password='test' LIMIT 1) 
[WEB_SQL][UserRepository][2022-08-06 05:01:07][INFO]: item : [{'user_id': 1, 'user_username': 'test', 'user_firstname': 't', 'user_lastname': 't', 'user_prename': 1, 'prename_text': 'นาย', 'user_email': None, 'user_type': 'ADMIN', 'USER_EXIST': 1, 'USER_LOGIN': 1}]
[WEB_SQL][UserRepository][2022-08-06 05:01:07][ERROR]: UserRepository userLogin Exception: {}
[WEB_SQL][UserService][2022-08-06 05:01:07][ERROR]: UserService userLogin() Exception: {"statusCode": 500, "message": "INTERNAL SERVER ERROR", "httpCode": [500], "stack": "list indices must be integers or slices, not str"}
[WEB_SQL][UserController][2022-08-06 05:01:07][ERROR]: UserController userLogin Exception: {"statusCode": 500, "message": "INTERNAL SERVER ERROR", "httpCode": [500], "stack": "list indices must be integers or slices, not str"}
[WEB_SQL][UserEventRouter][2022-08-06 05:01:07][ERROR]: UserEventRouter getAdmin() Exception : (500, 'INTERNAL SERVER ERROR', 'list indices must be integers or slices, not str')
[WEB_SQL][UserRouter][2022-08-06 05:01:07][ERROR]: UserRouter login() Exception : (500, 'INTERNAL SERVER ERROR', 'list indices must be integers or slices, not str')
[WEB_SQL][UserRepository][2022-08-06 05:02:41][INFO]: QUERY : (SELECT u.user_id,u.user_username, u.user_firstname, u.user_lastname,u.user_prename,pt.prename_text, u.user_email, u.user_type,  IF((SELECT COUNT(*) FROM users u WHERE u.user_username='test')>0,1,0) AS USER_EXIST , IF((SELECT COUNT(*) FROM users u WHERE u.user_username = 'test' AND u.user_password='test' )>0, 1,0) AS USER_LOGIN FROM users u INNER JOIN prename_list pt ON pt.prename_id = u.user_prename WHERE u.enable='Y' AND pt.enable='Y' AND u.user_username='test' AND u.user_password='test' LIMIT 1) 
[WEB_SQL][UserRepository][2022-08-06 05:02:41][INFO]: item : [{'user_id': 1, 'user_username': 'test', 'user_firstname': 't', 'user_lastname': 't', 'user_prename': 1, 'prename_text': 'นาย', 'user_email': None, 'user_type': 'ADMIN', 'USER_EXIST': 1, 'USER_LOGIN': 1}]
[WEB_SQL][UserRepository][2022-08-06 05:02:41][ERROR]: UserRepository userLogin Exception: {}
[WEB_SQL][UserService][2022-08-06 05:02:41][ERROR]: UserService userLogin() Exception: {"statusCode": 500, "message": "INTERNAL SERVER ERROR", "httpCode": [500], "stack": "list indices must be integers or slices, not str"}
[WEB_SQL][UserController][2022-08-06 05:02:41][ERROR]: UserController userLogin Exception: {"statusCode": 500, "message": "INTERNAL SERVER ERROR", "httpCode": [500], "stack": "list indices must be integers or slices, not str"}
[WEB_SQL][UserEventRouter][2022-08-06 05:02:41][ERROR]: UserEventRouter getAdmin() Exception : (500, 'INTERNAL SERVER ERROR', 'list indices must be integers or slices, not str')
[WEB_SQL][UserRouter][2022-08-06 05:02:41][ERROR]: UserRouter login() Exception : (500, 'INTERNAL SERVER ERROR', 'list indices must be integers or slices, not str')
[WEB_SQL][UserRepository][2022-08-06 05:03:04][INFO]: QUERY : (SELECT u.user_id,u.user_username, u.user_firstname, u.user_lastname,u.user_prename,pt.prename_text, u.user_email, u.user_type,  IF((SELECT COUNT(*) FROM users u WHERE u.user_username='test')>0,1,0) AS USER_EXIST , IF((SELECT COUNT(*) FROM users u WHERE u.user_username = 'test' AND u.user_password='test' )>0, 1,0) AS USER_LOGIN FROM users u INNER JOIN prename_list pt ON pt.prename_id = u.user_prename WHERE u.enable='Y' AND pt.enable='Y' AND u.user_username='test' AND u.user_password='test' LIMIT 1) 
[WEB_SQL][UserRepository][2022-08-06 05:03:04][INFO]: item : [{'user_id': 1, 'user_username': 'test', 'user_firstname': 't', 'user_lastname': 't', 'user_prename': 1, 'prename_text': 'นาย', 'user_email': None, 'user_type': 'ADMIN', 'USER_EXIST': 1, 'USER_LOGIN': 1}]
[WEB_SQL][UserRepository][2022-08-06 05:03:04][ERROR]: UserRepository userLogin Exception: {}
[WEB_SQL][UserService][2022-08-06 05:03:04][ERROR]: UserService userLogin() Exception: {"statusCode": 500, "message": "INTERNAL SERVER ERROR", "httpCode": [500], "stack": "list indices must be integers or slices, not str"}
[WEB_SQL][UserController][2022-08-06 05:03:04][ERROR]: UserController userLogin Exception: {"statusCode": 500, "message": "INTERNAL SERVER ERROR", "httpCode": [500], "stack": "list indices must be integers or slices, not str"}
[WEB_SQL][UserEventRouter][2022-08-06 05:03:04][ERROR]: UserEventRouter getAdmin() Exception : (500, 'INTERNAL SERVER ERROR', 'list indices must be integers or slices, not str')
[WEB_SQL][UserRouter][2022-08-06 05:03:04][ERROR]: UserRouter login() Exception : (500, 'INTERNAL SERVER ERROR', 'list indices must be integers or slices, not str')
[WEB_SQL][UserRepository][2022-08-06 05:04:44][INFO]: QUERY : (SELECT u.user_id,u.user_username, u.user_firstname, u.user_lastname,u.user_prename,pt.prename_text, u.user_email, u.user_type,  IF((SELECT COUNT(*) FROM users u WHERE u.user_username='test')>0,1,0) AS USER_EXIST , IF((SELECT COUNT(*) FROM users u WHERE u.user_username = 'test' AND u.user_password='test' )>0, 1,0) AS USER_LOGIN FROM users u INNER JOIN prename_list pt ON pt.prename_id = u.user_prename WHERE u.enable='Y' AND pt.enable='Y' AND u.user_username='test' AND u.user_password='test' LIMIT 1) 
[WEB_SQL][UserRepository][2022-08-06 05:04:44][INFO]: item : [{'user_id': 1, 'user_username': 'test', 'user_firstname': 't', 'user_lastname': 't', 'user_prename': 1, 'prename_text': 'นาย', 'user_email': None, 'user_type': 'ADMIN', 'USER_EXIST': 1, 'USER_LOGIN': 1}]
[WEB_SQL][UserRepository][2022-08-06 05:04:44][ERROR]: UserRepository userLogin Exception: {}
[WEB_SQL][UserService][2022-08-06 05:04:44][ERROR]: UserService userLogin() Exception: {"statusCode": 500, "message": "INTERNAL SERVER ERROR", "httpCode": [500], "stack": "list indices must be integers or slices, not str"}
[WEB_SQL][UserController][2022-08-06 05:04:44][ERROR]: UserController userLogin Exception: {"statusCode": 500, "message": "INTERNAL SERVER ERROR", "httpCode": [500], "stack": "list indices must be integers or slices, not str"}
[WEB_SQL][UserEventRouter][2022-08-06 05:04:44][ERROR]: UserEventRouter getAdmin() Exception : (500, 'INTERNAL SERVER ERROR', 'list indices must be integers or slices, not str')
[WEB_SQL][UserRouter][2022-08-06 05:04:44][ERROR]: UserRouter login() Exception : (500, 'INTERNAL SERVER ERROR', 'list indices must be integers or slices, not str')
[WEB_SQL][UserRepository][2022-08-06 05:05:38][INFO]: QUERY : (SELECT u.user_id,u.user_username, u.user_firstname, u.user_lastname,u.user_prename,pt.prename_text, u.user_email, u.user_type,  IF((SELECT COUNT(*) FROM users u WHERE u.user_username='test')>0,1,0) AS USER_EXIST , IF((SELECT COUNT(*) FROM users u WHERE u.user_username = 'test' AND u.user_password='test' )>0, 1,0) AS USER_LOGIN FROM users u INNER JOIN prename_list pt ON pt.prename_id = u.user_prename WHERE u.enable='Y' AND pt.enable='Y' AND u.user_username='test' AND u.user_password='test' LIMIT 1) 
[WEB_SQL][UserRepository][2022-08-06 05:05:38][INFO]: item : {'user_id': 1, 'user_username': 'test', 'user_firstname': 't', 'user_lastname': 't', 'user_prename': 1, 'prename_text': 'นาย', 'user_email': None, 'user_type': 'ADMIN', 'USER_EXIST': 1, 'USER_LOGIN': 1}
[WEB_SQL][UserRepository][2022-08-06 05:05:38][ERROR]: UserRepository userLogin Exception: {}
[WEB_SQL][UserService][2022-08-06 05:05:38][ERROR]: UserService userLogin() Exception: {"statusCode": 500, "message": "INTERNAL SERVER ERROR", "httpCode": [500], "stack": "list indices must be integers or slices, not str"}
[WEB_SQL][UserController][2022-08-06 05:05:38][ERROR]: UserController userLogin Exception: {"statusCode": 500, "message": "INTERNAL SERVER ERROR", "httpCode": [500], "stack": "list indices must be integers or slices, not str"}
[WEB_SQL][UserEventRouter][2022-08-06 05:05:38][ERROR]: UserEventRouter getAdmin() Exception : (500, 'INTERNAL SERVER ERROR', 'list indices must be integers or slices, not str')
[WEB_SQL][UserRouter][2022-08-06 05:05:38][ERROR]: UserRouter login() Exception : (500, 'INTERNAL SERVER ERROR', 'list indices must be integers or slices, not str')
[WEB_SQL][UserRepository][2022-08-06 05:07:29][INFO]: QUERY : (SELECT u.user_id,u.user_username, u.user_firstname, u.user_lastname,u.user_prename,pt.prename_text, u.user_email, u.user_type,  IF((SELECT COUNT(*) FROM users u WHERE u.user_username='test')>0,1,0) AS USER_EXIST , IF((SELECT COUNT(*) FROM users u WHERE u.user_username = 'test' AND u.user_password='test' )>0, 1,0) AS USER_LOGIN FROM users u INNER JOIN prename_list pt ON pt.prename_id = u.user_prename WHERE u.enable='Y' AND pt.enable='Y' AND u.user_username='test' AND u.user_password='test' LIMIT 1) 
[WEB_SQL][UserRepository][2022-08-06 05:07:29][INFO]: item : {'user_id': 1, 'user_username': 'test', 'user_firstname': 't', 'user_lastname': 't', 'user_prename': 1, 'prename_text': 'นาย', 'user_email': None, 'user_type': 'ADMIN', 'USER_EXIST': 1, 'USER_LOGIN': 1}
[WEB_SQL][UserRepository][2022-08-06 05:07:29][ERROR]: UserRepository userLogin Exception: {}
[WEB_SQL][UserService][2022-08-06 05:07:29][ERROR]: UserService userLogin() Exception: {"statusCode": 500, "message": "INTERNAL SERVER ERROR", "httpCode": [500], "stack": "list indices must be integers or slices, not str"}
[WEB_SQL][UserController][2022-08-06 05:07:29][ERROR]: UserController userLogin Exception: {"statusCode": 500, "message": "INTERNAL SERVER ERROR", "httpCode": [500], "stack": "list indices must be integers or slices, not str"}
[WEB_SQL][UserEventRouter][2022-08-06 05:07:29][ERROR]: UserEventRouter getAdmin() Exception : (500, 'INTERNAL SERVER ERROR', 'list indices must be integers or slices, not str')
[WEB_SQL][UserRouter][2022-08-06 05:07:29][ERROR]: UserRouter login() Exception : (500, 'INTERNAL SERVER ERROR', 'list indices must be integers or slices, not str')
[WEB_SQL][UserRepository][2022-08-06 05:08:26][INFO]: QUERY : (SELECT u.user_id,u.user_username, u.user_firstname, u.user_lastname,u.user_prename,pt.prename_text, u.user_email, u.user_type,  IF((SELECT COUNT(*) FROM users u WHERE u.user_username='test')>0,1,0) AS USER_EXIST , IF((SELECT COUNT(*) FROM users u WHERE u.user_username = 'test' AND u.user_password='test' )>0, 1,0) AS USER_LOGIN FROM users u INNER JOIN prename_list pt ON pt.prename_id = u.user_prename WHERE u.enable='Y' AND pt.enable='Y' AND u.user_username='test' AND u.user_password='test' LIMIT 1) 
[WEB_SQL][UserRepository][2022-08-06 05:08:26][INFO]: item : 1
[WEB_SQL][UserRepository][2022-08-06 05:08:26][ERROR]: UserRepository userLogin Exception: {}
[WEB_SQL][UserService][2022-08-06 05:08:26][ERROR]: UserService userLogin() Exception: {"statusCode": 500, "message": "INTERNAL SERVER ERROR", "httpCode": [500], "stack": "list indices must be integers or slices, not str"}
[WEB_SQL][UserController][2022-08-06 05:08:26][ERROR]: UserController userLogin Exception: {"statusCode": 500, "message": "INTERNAL SERVER ERROR", "httpCode": [500], "stack": "list indices must be integers or slices, not str"}
[WEB_SQL][UserEventRouter][2022-08-06 05:08:26][ERROR]: UserEventRouter getAdmin() Exception : (500, 'INTERNAL SERVER ERROR', 'list indices must be integers or slices, not str')
[WEB_SQL][UserRouter][2022-08-06 05:08:26][ERROR]: UserRouter login() Exception : (500, 'INTERNAL SERVER ERROR', 'list indices must be integers or slices, not str')
[WEB_SQL][UserRepository][2022-08-06 05:08:52][INFO]: QUERY : (SELECT u.user_id,u.user_username, u.user_firstname, u.user_lastname,u.user_prename,pt.prename_text, u.user_email, u.user_type,  IF((SELECT COUNT(*) FROM users u WHERE u.user_username='test')>0,1,0) AS USER_EXIST , IF((SELECT COUNT(*) FROM users u WHERE u.user_username = 'test' AND u.user_password='test' )>0, 1,0) AS USER_LOGIN FROM users u INNER JOIN prename_list pt ON pt.prename_id = u.user_prename WHERE u.enable='Y' AND pt.enable='Y' AND u.user_username='test' AND u.user_password='test' LIMIT 1) 
[WEB_SQL][UserRepository][2022-08-06 05:08:52][INFO]: item[0] : 1
[WEB_SQL][UserRepository][2022-08-06 05:08:52][ERROR]: UserRepository userLogin Exception: {}
[WEB_SQL][UserService][2022-08-06 05:08:52][ERROR]: UserService userLogin() Exception: {"statusCode": 500, "message": "INTERNAL SERVER ERROR", "httpCode": [500], "stack": "list indices must be integers or slices, not str"}
[WEB_SQL][UserController][2022-08-06 05:08:52][ERROR]: UserController userLogin Exception: {"statusCode": 500, "message": "INTERNAL SERVER ERROR", "httpCode": [500], "stack": "list indices must be integers or slices, not str"}
[WEB_SQL][UserEventRouter][2022-08-06 05:08:52][ERROR]: UserEventRouter getAdmin() Exception : (500, 'INTERNAL SERVER ERROR', 'list indices must be integers or slices, not str')
[WEB_SQL][UserRouter][2022-08-06 05:08:52][ERROR]: UserRouter login() Exception : (500, 'INTERNAL SERVER ERROR', 'list indices must be integers or slices, not str')
[WEB_SQL][UserRepository][2022-08-06 05:10:12][INFO]: QUERY : (SELECT u.user_id,u.user_username, u.user_firstname, u.user_lastname,u.user_prename,pt.prename_text, u.user_email, u.user_type,  IF((SELECT COUNT(*) FROM users u WHERE u.user_username='test')>0,1,0) AS USER_EXIST , IF((SELECT COUNT(*) FROM users u WHERE u.user_username = 'test' AND u.user_password='test' )>0, 1,0) AS USER_LOGIN FROM users u INNER JOIN prename_list pt ON pt.prename_id = u.user_prename WHERE u.enable='Y' AND pt.enable='Y' AND u.user_username='test' AND u.user_password='test' LIMIT 1) 
[WEB_SQL][UserService][2022-08-06 05:10:12][ERROR]: UserService userLogin() Exception: {}
[WEB_SQL][UserController][2022-08-06 05:10:12][ERROR]: UserController userLogin Exception: {"statusCode": 500, "message": "INTERNAL SERVER ERROR", "httpCode": [500], "stack": null}
[WEB_SQL][UserEventRouter][2022-08-06 05:10:12][ERROR]: UserEventRouter getAdmin() Exception : (500, 'INTERNAL SERVER ERROR', None)
[WEB_SQL][UserRouter][2022-08-06 05:10:12][ERROR]: UserRouter login() Exception : (500, 'INTERNAL SERVER ERROR', None)
[WEB_SQL][UserRepository][2022-08-06 05:11:35][INFO]: QUERY : (SELECT u.user_id,u.user_username, u.user_firstname, u.user_lastname,u.user_prename,pt.prename_text, u.user_email, u.user_type,  IF((SELECT COUNT(*) FROM users u WHERE u.user_username='test')>0,1,0) AS USER_EXIST , IF((SELECT COUNT(*) FROM users u WHERE u.user_username = 'test' AND u.user_password='test' )>0, 1,0) AS USER_LOGIN FROM users u INNER JOIN prename_list pt ON pt.prename_id = u.user_prename WHERE u.enable='Y' AND pt.enable='Y' AND u.user_username='test' AND u.user_password='test' LIMIT 1) 
[WEB_SQL][UserRepository][2022-08-06 05:11:35][INFO]: 1
[WEB_SQL][UserRepository][2022-08-06 05:11:35][INFO]: 1
[WEB_SQL][UserRepository][2022-08-06 05:11:35][INFO]: test
[WEB_SQL][UserRepository][2022-08-06 05:11:35][INFO]: 1
[WEB_SQL][UserRepository][2022-08-06 05:11:35][INFO]: ADMIN
[WEB_SQL][UserRepository][2022-08-06 05:11:35][INFO]: t
[WEB_SQL][UserRepository][2022-08-06 05:11:35][INFO]: t
[WEB_SQL][UserRepository][2022-08-06 05:11:35][INFO]: None
[WEB_SQL][UserRepository][2022-08-06 05:11:35][INFO]: 1
[WEB_SQL][UserRepository][2022-08-06 05:11:35][INFO]: นาย
[WEB_SQL][UserService][2022-08-06 05:11:35][ERROR]: UserService userLogin() Exception: {}
[WEB_SQL][UserController][2022-08-06 05:11:35][ERROR]: UserController userLogin Exception: {"statusCode": 500, "message": "INTERNAL SERVER ERROR", "httpCode": [500], "stack": null}
[WEB_SQL][UserEventRouter][2022-08-06 05:11:35][ERROR]: UserEventRouter getAdmin() Exception : (500, 'INTERNAL SERVER ERROR', None)
[WEB_SQL][UserRouter][2022-08-06 05:11:35][ERROR]: UserRouter login() Exception : (500, 'INTERNAL SERVER ERROR', None)
[WEB_SQL][UserRepository][2022-08-06 05:11:58][INFO]: QUERY : (SELECT u.user_id,u.user_username, u.user_firstname, u.user_lastname,u.user_prename,pt.prename_text, u.user_email, u.user_type,  IF((SELECT COUNT(*) FROM users u WHERE u.user_username='test')>0,1,0) AS USER_EXIST , IF((SELECT COUNT(*) FROM users u WHERE u.user_username = 'test' AND u.user_password='test' )>0, 1,0) AS USER_LOGIN FROM users u INNER JOIN prename_list pt ON pt.prename_id = u.user_prename WHERE u.enable='Y' AND pt.enable='Y' AND u.user_username='test' AND u.user_password='test' LIMIT 1) 
[WEB_SQL][UserRepository][2022-08-06 05:11:58][ERROR]: UserRepository userLogin Exception: {}
[WEB_SQL][UserService][2022-08-06 05:11:58][ERROR]: UserService userLogin() Exception: {"statusCode": 500, "message": "INTERNAL SERVER ERROR", "httpCode": [500], "stack": "name 'item1' is not defined"}
[WEB_SQL][UserController][2022-08-06 05:11:58][ERROR]: UserController userLogin Exception: {"statusCode": 500, "message": "INTERNAL SERVER ERROR", "httpCode": [500], "stack": "name 'item1' is not defined"}
[WEB_SQL][UserEventRouter][2022-08-06 05:11:58][ERROR]: UserEventRouter getAdmin() Exception : (500, 'INTERNAL SERVER ERROR', "name 'item1' is not defined")
[WEB_SQL][UserRouter][2022-08-06 05:11:58][ERROR]: UserRouter login() Exception : (500, 'INTERNAL SERVER ERROR', "name 'item1' is not defined")
[WEB_SQL][UserRepository][2022-08-06 05:12:08][INFO]: QUERY : (SELECT u.user_id,u.user_username, u.user_firstname, u.user_lastname,u.user_prename,pt.prename_text, u.user_email, u.user_type,  IF((SELECT COUNT(*) FROM users u WHERE u.user_username='test')>0,1,0) AS USER_EXIST , IF((SELECT COUNT(*) FROM users u WHERE u.user_username = 'test' AND u.user_password='test' )>0, 1,0) AS USER_LOGIN FROM users u INNER JOIN prename_list pt ON pt.prename_id = u.user_prename WHERE u.enable='Y' AND pt.enable='Y' AND u.user_username='test' AND u.user_password='test' LIMIT 1) 
[WEB_SQL][UserRepository][2022-08-06 05:12:08][INFO]: 1
[WEB_SQL][UserRepository][2022-08-06 05:12:08][INFO]: 1
[WEB_SQL][UserRepository][2022-08-06 05:12:08][INFO]: test
[WEB_SQL][UserRepository][2022-08-06 05:12:08][INFO]: 1
[WEB_SQL][UserRepository][2022-08-06 05:12:08][INFO]: ADMIN
[WEB_SQL][UserRepository][2022-08-06 05:12:08][INFO]: t
[WEB_SQL][UserRepository][2022-08-06 05:12:08][INFO]: t
[WEB_SQL][UserRepository][2022-08-06 05:12:08][INFO]: None
[WEB_SQL][UserRepository][2022-08-06 05:12:08][INFO]: 1
[WEB_SQL][UserRepository][2022-08-06 05:12:08][INFO]: นาย
[WEB_SQL][UserService][2022-08-06 05:12:08][ERROR]: UserService userLogin() Exception: {}
[WEB_SQL][UserController][2022-08-06 05:12:08][ERROR]: UserController userLogin Exception: {"statusCode": 500, "message": "INTERNAL SERVER ERROR", "httpCode": [500], "stack": null}
[WEB_SQL][UserEventRouter][2022-08-06 05:12:08][ERROR]: UserEventRouter getAdmin() Exception : (500, 'INTERNAL SERVER ERROR', None)
[WEB_SQL][UserRouter][2022-08-06 05:12:08][ERROR]: UserRouter login() Exception : (500, 'INTERNAL SERVER ERROR', None)
[WEB_SQL][UserRepository][2022-08-06 05:13:00][INFO]: QUERY : (SELECT u.user_id,u.user_username, u.user_firstname, u.user_lastname,u.user_prename,pt.prename_text, u.user_email, u.user_type,  IF((SELECT COUNT(*) FROM users u WHERE u.user_username='test')>0,1,0) AS USER_EXIST , IF((SELECT COUNT(*) FROM users u WHERE u.user_username = 'test' AND u.user_password='test' )>0, 1,0) AS USER_LOGIN FROM users u INNER JOIN prename_list pt ON pt.prename_id = u.user_prename WHERE u.enable='Y' AND pt.enable='Y' AND u.user_username='test' AND u.user_password='test' LIMIT 1) 
[WEB_SQL][UserRepository][2022-08-06 05:13:00][ERROR]: UserRepository userLogin Exception: {}
[WEB_SQL][UserService][2022-08-06 05:13:00][ERROR]: UserService userLogin() Exception: {"statusCode": 500, "message": "INTERNAL SERVER ERROR", "httpCode": [500], "stack": "list indices must be integers or slices, not str"}
[WEB_SQL][UserController][2022-08-06 05:13:00][ERROR]: UserController userLogin Exception: {"statusCode": 500, "message": "INTERNAL SERVER ERROR", "httpCode": [500], "stack": "list indices must be integers or slices, not str"}
[WEB_SQL][UserEventRouter][2022-08-06 05:13:00][ERROR]: UserEventRouter getAdmin() Exception : (500, 'INTERNAL SERVER ERROR', 'list indices must be integers or slices, not str')
[WEB_SQL][UserRouter][2022-08-06 05:13:00][ERROR]: UserRouter login() Exception : (500, 'INTERNAL SERVER ERROR', 'list indices must be integers or slices, not str')
[WEB_SQL][UserRepository][2022-08-06 05:14:10][INFO]: QUERY : (SELECT u.user_id,u.user_username, u.user_firstname, u.user_lastname,u.user_prename,pt.prename_text, u.user_email, u.user_type,  IF((SELECT COUNT(*) FROM users u WHERE u.user_username='test')>0,1,0) AS USER_EXIST , IF((SELECT COUNT(*) FROM users u WHERE u.user_username = 'test' AND u.user_password='test' )>0, 1,0) AS USER_LOGIN FROM users u INNER JOIN prename_list pt ON pt.prename_id = u.user_prename WHERE u.enable='Y' AND pt.enable='Y' AND u.user_username='test' AND u.user_password='test' LIMIT 1) 
[WEB_SQL][UserRepository][2022-08-06 05:14:10][INFO]: 1
[WEB_SQL][UserRepository][2022-08-06 05:14:10][INFO]: 1
[WEB_SQL][UserRepository][2022-08-06 05:14:10][INFO]: test
[WEB_SQL][UserRepository][2022-08-06 05:14:10][INFO]: 1
[WEB_SQL][UserRepository][2022-08-06 05:14:10][INFO]: ADMIN
[WEB_SQL][UserRepository][2022-08-06 05:14:10][INFO]: t
[WEB_SQL][UserRepository][2022-08-06 05:14:10][INFO]: t
[WEB_SQL][UserRepository][2022-08-06 05:14:10][INFO]: None
[WEB_SQL][UserRepository][2022-08-06 05:14:10][INFO]: 1
[WEB_SQL][UserRepository][2022-08-06 05:14:10][INFO]: นาย
[WEB_SQL][UserRepository][2022-08-06 05:14:10][INFO]: if item
[WEB_SQL][UserRepository][2022-08-06 05:14:10][INFO]: if item2
[WEB_SQL][UserService][2022-08-06 05:14:10][ERROR]: UserService userLogin() Exception: {}
[WEB_SQL][UserController][2022-08-06 05:14:10][ERROR]: UserController userLogin Exception: {"statusCode": 500, "message": "INTERNAL SERVER ERROR", "httpCode": [500], "stack": null}
[WEB_SQL][UserEventRouter][2022-08-06 05:14:10][ERROR]: UserEventRouter getAdmin() Exception : (500, 'INTERNAL SERVER ERROR', None)
[WEB_SQL][UserRouter][2022-08-06 05:14:10][ERROR]: UserRouter login() Exception : (500, 'INTERNAL SERVER ERROR', None)
[WEB_SQL][UserRepository][2022-08-06 05:14:27][INFO]: QUERY : (SELECT u.user_id,u.user_username, u.user_firstname, u.user_lastname,u.user_prename,pt.prename_text, u.user_email, u.user_type,  IF((SELECT COUNT(*) FROM users u WHERE u.user_username='test')>0,1,0) AS USER_EXIST , IF((SELECT COUNT(*) FROM users u WHERE u.user_username = 'test' AND u.user_password='test' )>0, 1,0) AS USER_LOGIN FROM users u INNER JOIN prename_list pt ON pt.prename_id = u.user_prename WHERE u.enable='Y' AND pt.enable='Y' AND u.user_username='test' AND u.user_password='test' LIMIT 1) 
[WEB_SQL][UserRepository][2022-08-06 05:14:27][INFO]: 1
[WEB_SQL][UserRepository][2022-08-06 05:14:27][INFO]: 1
[WEB_SQL][UserRepository][2022-08-06 05:14:27][INFO]: test
[WEB_SQL][UserRepository][2022-08-06 05:14:27][INFO]: 1
[WEB_SQL][UserRepository][2022-08-06 05:14:27][INFO]: ADMIN
[WEB_SQL][UserRepository][2022-08-06 05:14:27][INFO]: t
[WEB_SQL][UserRepository][2022-08-06 05:14:27][INFO]: t
[WEB_SQL][UserRepository][2022-08-06 05:14:27][INFO]: None
[WEB_SQL][UserRepository][2022-08-06 05:14:27][INFO]: 1
[WEB_SQL][UserRepository][2022-08-06 05:14:27][INFO]: นาย
[WEB_SQL][UserRepository][2022-08-06 05:14:27][INFO]: if item
[WEB_SQL][UserRepository][2022-08-06 05:14:27][INFO]: if item2
[WEB_SQL][UserService][2022-08-06 05:14:27][ERROR]: UserService userLogin() Exception: {}
[WEB_SQL][UserController][2022-08-06 05:14:27][ERROR]: UserController userLogin Exception: {"statusCode": 500, "message": "INTERNAL SERVER ERROR", "httpCode": [500], "stack": null}
[WEB_SQL][UserEventRouter][2022-08-06 05:14:27][ERROR]: UserEventRouter getAdmin() Exception : (500, 'INTERNAL SERVER ERROR', None)
[WEB_SQL][UserRouter][2022-08-06 05:14:27][ERROR]: UserRouter login() Exception : (500, 'INTERNAL SERVER ERROR', None)
[WEB_SQL][UserRepository][2022-08-06 05:14:33][INFO]: QUERY : (SELECT u.user_id,u.user_username, u.user_firstname, u.user_lastname,u.user_prename,pt.prename_text, u.user_email, u.user_type,  IF((SELECT COUNT(*) FROM users u WHERE u.user_username='test')>0,1,0) AS USER_EXIST , IF((SELECT COUNT(*) FROM users u WHERE u.user_username = 'test' AND u.user_password='test' )>0, 1,0) AS USER_LOGIN FROM users u INNER JOIN prename_list pt ON pt.prename_id = u.user_prename WHERE u.enable='Y' AND pt.enable='Y' AND u.user_username='test' AND u.user_password='test' LIMIT 1) 
[WEB_SQL][UserRepository][2022-08-06 05:14:33][INFO]: 1
[WEB_SQL][UserRepository][2022-08-06 05:14:33][INFO]: 1
[WEB_SQL][UserRepository][2022-08-06 05:14:33][INFO]: test
[WEB_SQL][UserRepository][2022-08-06 05:14:33][INFO]: 1
[WEB_SQL][UserRepository][2022-08-06 05:14:33][INFO]: ADMIN
[WEB_SQL][UserRepository][2022-08-06 05:14:33][INFO]: t
[WEB_SQL][UserRepository][2022-08-06 05:14:33][INFO]: t
[WEB_SQL][UserRepository][2022-08-06 05:14:33][INFO]: None
[WEB_SQL][UserRepository][2022-08-06 05:14:33][INFO]: 1
[WEB_SQL][UserRepository][2022-08-06 05:14:33][INFO]: นาย
[WEB_SQL][UserRepository][2022-08-06 05:14:33][INFO]: if item
[WEB_SQL][UserRepository][2022-08-06 05:14:33][INFO]: if item2
[WEB_SQL][UserService][2022-08-06 05:14:33][ERROR]: UserService userLogin() Exception: {}
[WEB_SQL][UserController][2022-08-06 05:14:33][ERROR]: UserController userLogin Exception: {"statusCode": 500, "message": "INTERNAL SERVER ERROR", "httpCode": [500], "stack": null}
[WEB_SQL][UserEventRouter][2022-08-06 05:14:33][ERROR]: UserEventRouter getAdmin() Exception : (500, 'INTERNAL SERVER ERROR', None)
[WEB_SQL][UserRouter][2022-08-06 05:14:33][ERROR]: UserRouter login() Exception : (500, 'INTERNAL SERVER ERROR', None)
[WEB_SQL][UserRepository][2022-08-06 05:15:13][INFO]: QUERY : (SELECT u.user_id,u.user_username, u.user_firstname, u.user_lastname,u.user_prename,pt.prename_text, u.user_email, u.user_type,  IF((SELECT COUNT(*) FROM users u WHERE u.user_username='test')>0,1,0) AS USER_EXIST , IF((SELECT COUNT(*) FROM users u WHERE u.user_username = 'test' AND u.user_password='test' )>0, 1,0) AS USER_LOGIN FROM users u INNER JOIN prename_list pt ON pt.prename_id = u.user_prename WHERE u.enable='Y' AND pt.enable='Y' AND u.user_username='test' AND u.user_password='test' LIMIT 1) 
[WEB_SQL][UserRepository][2022-08-06 05:15:13][INFO]: 1
[WEB_SQL][UserRepository][2022-08-06 05:15:13][INFO]: 1
[WEB_SQL][UserRepository][2022-08-06 05:15:13][INFO]: test
[WEB_SQL][UserRepository][2022-08-06 05:15:13][INFO]: 1
[WEB_SQL][UserRepository][2022-08-06 05:15:13][INFO]: ADMIN
[WEB_SQL][UserRepository][2022-08-06 05:15:13][INFO]: t
[WEB_SQL][UserRepository][2022-08-06 05:15:13][INFO]: t
[WEB_SQL][UserRepository][2022-08-06 05:15:13][INFO]: None
[WEB_SQL][UserRepository][2022-08-06 05:15:13][INFO]: 1
[WEB_SQL][UserRepository][2022-08-06 05:15:13][INFO]: นาย
[WEB_SQL][UserRepository][2022-08-06 05:15:13][INFO]: if item
[WEB_SQL][UserRepository][2022-08-06 05:15:13][INFO]: {'isUserExist': True, 'isLoginSuccess': True, 'userData': {'username': 'test', 'userId': 1, 'userType': 'ADMIN', 'firstname': 't', 'lastname': 't', 'email': None, 'prenameId': 1, 'prenameText': 'นาย'}}
[WEB_SQL][UserService][2022-08-06 05:15:13][ERROR]: UserService userLogin() Exception: {}
[WEB_SQL][UserController][2022-08-06 05:15:13][ERROR]: UserController userLogin Exception: {"statusCode": 500, "message": "INTERNAL SERVER ERROR", "httpCode": [500], "stack": null}
[WEB_SQL][UserEventRouter][2022-08-06 05:15:13][ERROR]: UserEventRouter getAdmin() Exception : (500, 'INTERNAL SERVER ERROR', None)
[WEB_SQL][UserRouter][2022-08-06 05:15:13][ERROR]: UserRouter login() Exception : (500, 'INTERNAL SERVER ERROR', None)
[WEB_SQL][UserRepository][2022-08-06 05:15:59][INFO]: QUERY : (SELECT u.user_id,u.user_username, u.user_firstname, u.user_lastname,u.user_prename,pt.prename_text, u.user_email, u.user_type,  IF((SELECT COUNT(*) FROM users u WHERE u.user_username='test')>0,1,0) AS USER_EXIST , IF((SELECT COUNT(*) FROM users u WHERE u.user_username = 'test' AND u.user_password='test' )>0, 1,0) AS USER_LOGIN FROM users u INNER JOIN prename_list pt ON pt.prename_id = u.user_prename WHERE u.enable='Y' AND pt.enable='Y' AND u.user_username='test' AND u.user_password='test' LIMIT 1) 
[WEB_SQL][UserRepository][2022-08-06 05:15:59][INFO]: 1
[WEB_SQL][UserRepository][2022-08-06 05:15:59][INFO]: 1
[WEB_SQL][UserRepository][2022-08-06 05:15:59][INFO]: test
[WEB_SQL][UserRepository][2022-08-06 05:15:59][INFO]: 1
[WEB_SQL][UserRepository][2022-08-06 05:15:59][INFO]: ADMIN
[WEB_SQL][UserRepository][2022-08-06 05:15:59][INFO]: t
[WEB_SQL][UserRepository][2022-08-06 05:15:59][INFO]: t
[WEB_SQL][UserRepository][2022-08-06 05:15:59][INFO]: None
[WEB_SQL][UserRepository][2022-08-06 05:15:59][INFO]: 1
[WEB_SQL][UserRepository][2022-08-06 05:15:59][INFO]: นาย
[WEB_SQL][UserRepository][2022-08-06 05:15:59][INFO]: if item
[WEB_SQL][UserRepository][2022-08-06 05:15:59][INFO]: {'isUserExist': True, 'isLoginSuccess': True, 'userData': {'username': 'test', 'userId': 1, 'userType': 'ADMIN', 'firstname': 't', 'lastname': 't', 'email': None, 'prenameId': 1, 'prenameText': 'นาย'}}
[WEB_SQL][UserService][2022-08-06 05:15:59][ERROR]: UserService userLogin() Exception: {}
[WEB_SQL][UserController][2022-08-06 05:15:59][ERROR]: UserController userLogin Exception: {"statusCode": 500, "message": "INTERNAL SERVER ERROR", "httpCode": [500], "stack": null}
[WEB_SQL][UserEventRouter][2022-08-06 05:15:59][ERROR]: UserEventRouter getAdmin() Exception : (500, 'INTERNAL SERVER ERROR', None)
[WEB_SQL][UserRouter][2022-08-06 05:15:59][ERROR]: UserRouter login() Exception : (500, 'INTERNAL SERVER ERROR', None)
[WEB_SQL][UserRepository][2022-08-06 05:16:21][INFO]: QUERY : (SELECT u.user_id,u.user_username, u.user_firstname, u.user_lastname,u.user_prename,pt.prename_text, u.user_email, u.user_type,  IF((SELECT COUNT(*) FROM users u WHERE u.user_username='test')>0,1,0) AS USER_EXIST , IF((SELECT COUNT(*) FROM users u WHERE u.user_username = 'test' AND u.user_password='test' )>0, 1,0) AS USER_LOGIN FROM users u INNER JOIN prename_list pt ON pt.prename_id = u.user_prename WHERE u.enable='Y' AND pt.enable='Y' AND u.user_username='test' AND u.user_password='test' LIMIT 1) 
[WEB_SQL][UserRepository][2022-08-06 05:16:21][INFO]: 1
[WEB_SQL][UserRepository][2022-08-06 05:16:21][INFO]: 1
[WEB_SQL][UserRepository][2022-08-06 05:16:21][INFO]: test
[WEB_SQL][UserRepository][2022-08-06 05:16:21][INFO]: 1
[WEB_SQL][UserRepository][2022-08-06 05:16:21][INFO]: ADMIN
[WEB_SQL][UserRepository][2022-08-06 05:16:21][INFO]: t
[WEB_SQL][UserRepository][2022-08-06 05:16:21][INFO]: t
[WEB_SQL][UserRepository][2022-08-06 05:16:21][INFO]: None
[WEB_SQL][UserRepository][2022-08-06 05:16:21][INFO]: 1
[WEB_SQL][UserRepository][2022-08-06 05:16:21][INFO]: นาย
[WEB_SQL][UserRepository][2022-08-06 05:16:21][INFO]: if item
[WEB_SQL][UserRepository][2022-08-06 05:16:21][INFO]: {'isUserExist': True, 'isLoginSuccess': True, 'userData': {'username': 'test', 'userId': 1, 'userType': 'ADMIN', 'firstname': 't', 'lastname': 't', 'email': None, 'prenameId': 1, 'prenameText': 'นาย'}}
[WEB_SQL][UserService][2022-08-06 05:16:21][ERROR]: UserService userLogin() Exception: {}
[WEB_SQL][UserController][2022-08-06 05:16:21][ERROR]: UserController userLogin Exception: {"statusCode": 500, "message": "INTERNAL SERVER ERROR", "httpCode": [500], "stack": null}
[WEB_SQL][UserEventRouter][2022-08-06 05:16:21][ERROR]: UserEventRouter getAdmin() Exception : (500, 'INTERNAL SERVER ERROR', None)
[WEB_SQL][UserRouter][2022-08-06 05:16:21][ERROR]: UserRouter login() Exception : (500, 'INTERNAL SERVER ERROR', None)
[WEB_SQL][UserRepository][2022-08-06 05:17:01][INFO]: QUERY : (SELECT u.user_id,u.user_username, u.user_firstname, u.user_lastname,u.user_prename,pt.prename_text, u.user_email, u.user_type,  IF((SELECT COUNT(*) FROM users u WHERE u.user_username='test')>0,1,0) AS USER_EXIST , IF((SELECT COUNT(*) FROM users u WHERE u.user_username = 'test' AND u.user_password='test' )>0, 1,0) AS USER_LOGIN FROM users u INNER JOIN prename_list pt ON pt.prename_id = u.user_prename WHERE u.enable='Y' AND pt.enable='Y' AND u.user_username='test' AND u.user_password='test' LIMIT 1) 
[WEB_SQL][UserRepository][2022-08-06 05:17:01][INFO]: 1
[WEB_SQL][UserRepository][2022-08-06 05:17:01][INFO]: 1
[WEB_SQL][UserRepository][2022-08-06 05:17:01][INFO]: test
[WEB_SQL][UserRepository][2022-08-06 05:17:01][INFO]: 1
[WEB_SQL][UserRepository][2022-08-06 05:17:01][INFO]: ADMIN
[WEB_SQL][UserRepository][2022-08-06 05:17:01][INFO]: t
[WEB_SQL][UserRepository][2022-08-06 05:17:01][INFO]: t
[WEB_SQL][UserRepository][2022-08-06 05:17:01][INFO]: None
[WEB_SQL][UserRepository][2022-08-06 05:17:01][INFO]: 1
[WEB_SQL][UserRepository][2022-08-06 05:17:01][INFO]: นาย
[WEB_SQL][UserRepository][2022-08-06 05:17:01][INFO]: if item
[WEB_SQL][UserRepository][2022-08-06 05:17:01][INFO]: {'isUserExist': True, 'isLoginSuccess': True, 'userData': {'username': 'test', 'userId': 1, 'userType': 'ADMIN', 'firstname': 't', 'lastname': 't', 'email': None, 'prenameId': 1, 'prenameText': 'นาย'}}
[WEB_SQL][UserService][2022-08-06 05:17:01][ERROR]: 88UserService userLogin() Exception: {}
[WEB_SQL][UserController][2022-08-06 05:17:01][ERROR]: UserController userLogin Exception: {"statusCode": 500, "message": "INTERNAL SERVER ERROR", "httpCode": [500], "stack": null}
[WEB_SQL][UserEventRouter][2022-08-06 05:17:01][ERROR]: UserEventRouter getAdmin() Exception : (500, 'INTERNAL SERVER ERROR', None)
[WEB_SQL][UserRouter][2022-08-06 05:17:01][ERROR]: UserRouter login() Exception : (500, 'INTERNAL SERVER ERROR', None)
[WEB_SQL][UserRepository][2022-08-06 05:18:04][INFO]: QUERY : (SELECT u.user_id,u.user_username, u.user_firstname, u.user_lastname,u.user_prename,pt.prename_text, u.user_email, u.user_type,  IF((SELECT COUNT(*) FROM users u WHERE u.user_username='test')>0,1,0) AS USER_EXIST , IF((SELECT COUNT(*) FROM users u WHERE u.user_username = 'test' AND u.user_password='test' )>0, 1,0) AS USER_LOGIN FROM users u INNER JOIN prename_list pt ON pt.prename_id = u.user_prename WHERE u.enable='Y' AND pt.enable='Y' AND u.user_username='test' AND u.user_password='test' LIMIT 1) 
[WEB_SQL][UserRepository][2022-08-06 05:18:04][INFO]: 333{'isUserExist': True, 'isLoginSuccess': True, 'userData': {'username': 'test', 'userId': 1, 'userType': 'ADMIN', 'firstname': 't', 'lastname': 't', 'email': None, 'prenameId': 1, 'prenameText': 'นาย'}}
[WEB_SQL][UserService][2022-08-06 05:18:04][ERROR]: 88UserService userLogin() Exception: {}
[WEB_SQL][UserController][2022-08-06 05:18:04][ERROR]: UserController userLogin Exception: {"statusCode": 500, "message": "INTERNAL SERVER ERROR", "httpCode": [500], "stack": null}
[WEB_SQL][UserEventRouter][2022-08-06 05:18:04][ERROR]: UserEventRouter getAdmin() Exception : (500, 'INTERNAL SERVER ERROR', None)
[WEB_SQL][UserRouter][2022-08-06 05:18:04][ERROR]: UserRouter login() Exception : (500, 'INTERNAL SERVER ERROR', None)
[WEB_SQL][UserRepository][2022-08-06 05:18:22][INFO]: QUERY : (SELECT u.user_id,u.user_username, u.user_firstname, u.user_lastname,u.user_prename,pt.prename_text, u.user_email, u.user_type,  IF((SELECT COUNT(*) FROM users u WHERE u.user_username='test')>0,1,0) AS USER_EXIST , IF((SELECT COUNT(*) FROM users u WHERE u.user_username = 'test' AND u.user_password='test' )>0, 1,0) AS USER_LOGIN FROM users u INNER JOIN prename_list pt ON pt.prename_id = u.user_prename WHERE u.enable='Y' AND pt.enable='Y' AND u.user_username='test' AND u.user_password='test' LIMIT 1) 
[WEB_SQL][UserRepository][2022-08-06 05:18:22][ERROR]: 555UserRepository userLogin Exception: {}
[WEB_SQL][UserService][2022-08-06 05:18:22][ERROR]: 88UserService userLogin() Exception: {"statusCode": 500, "message": "INTERNAL SERVER ERROR", "httpCode": [500], "stack": "list indices must be integers or slices, not str"}
[WEB_SQL][UserController][2022-08-06 05:18:22][ERROR]: UserController userLogin Exception: {"statusCode": 500, "message": "INTERNAL SERVER ERROR", "httpCode": [500], "stack": "list indices must be integers or slices, not str"}
[WEB_SQL][UserEventRouter][2022-08-06 05:18:22][ERROR]: UserEventRouter getAdmin() Exception : (500, 'INTERNAL SERVER ERROR', 'list indices must be integers or slices, not str')
[WEB_SQL][UserRouter][2022-08-06 05:18:22][ERROR]: UserRouter login() Exception : (500, 'INTERNAL SERVER ERROR', 'list indices must be integers or slices, not str')
[WEB_SQL][UserRepository][2022-08-06 05:18:46][INFO]: QUERY : (SELECT u.user_id,u.user_username, u.user_firstname, u.user_lastname,u.user_prename,pt.prename_text, u.user_email, u.user_type,  IF((SELECT COUNT(*) FROM users u WHERE u.user_username='test')>0,1,0) AS USER_EXIST , IF((SELECT COUNT(*) FROM users u WHERE u.user_username = 'test' AND u.user_password='test' )>0, 1,0) AS USER_LOGIN FROM users u INNER JOIN prename_list pt ON pt.prename_id = u.user_prename WHERE u.enable='Y' AND pt.enable='Y' AND u.user_username='test' AND u.user_password='test' LIMIT 1) 
[WEB_SQL][UserRepository][2022-08-06 05:18:46][INFO]: 333{'isUserExist': True, 'isLoginSuccess': True, 'userData': {'username': 'test', 'userId': 1, 'userType': 'ADMIN', 'firstname': 't', 'lastname': 't', 'email': None, 'prenameId': 1, 'prenameText': 'นาย'}}
[WEB_SQL][UserService][2022-08-06 05:18:46][ERROR]: 88UserService userLogin() Exception: {}
[WEB_SQL][UserController][2022-08-06 05:18:46][ERROR]: UserController userLogin Exception: {"statusCode": 500, "message": "INTERNAL SERVER ERROR", "httpCode": [500], "stack": null}
[WEB_SQL][UserEventRouter][2022-08-06 05:18:46][ERROR]: UserEventRouter getAdmin() Exception : (500, 'INTERNAL SERVER ERROR', None)
[WEB_SQL][UserRouter][2022-08-06 05:18:46][ERROR]: UserRouter login() Exception : (500, 'INTERNAL SERVER ERROR', None)
[WEB_SQL][UserRepository][2022-08-06 05:21:17][INFO]: QUERY : (SELECT u.user_id,u.user_username, u.user_firstname, u.user_lastname,u.user_prename,pt.prename_text, u.user_email, u.user_type,  IF((SELECT COUNT(*) FROM users u WHERE u.user_username='test')>0,1,0) AS USER_EXIST , IF((SELECT COUNT(*) FROM users u WHERE u.user_username = 'test' AND u.user_password='test' )>0, 1,0) AS USER_LOGIN FROM users u INNER JOIN prename_list pt ON pt.prename_id = u.user_prename WHERE u.enable='Y' AND pt.enable='Y' AND u.user_username='test' AND u.user_password='test' LIMIT 1) 
[WEB_SQL][UserService][2022-08-06 05:21:17][INFO]: 88{'isUserExist': True, 'isLoginSuccess': True, 'userData': {'username': 'test', 'userId': 1, 'userType': 'ADMIN', 'firstname': 't', 'lastname': 't', 'email': None, 'prenameId': 1, 'prenameText': 'นาย'}}
[WEB_SQL][UserRepository][2022-08-06 05:21:42][INFO]: QUERY : (SELECT u.user_id,u.user_username, u.user_firstname, u.user_lastname,u.user_prename,pt.prename_text, u.user_email, u.user_type,  IF((SELECT COUNT(*) FROM users u WHERE u.user_username='test')>0,1,0) AS USER_EXIST , IF((SELECT COUNT(*) FROM users u WHERE u.user_username = 'test' AND u.user_password='test' )>0, 1,0) AS USER_LOGIN FROM users u INNER JOIN prename_list pt ON pt.prename_id = u.user_prename WHERE u.enable='Y' AND pt.enable='Y' AND u.user_username='test' AND u.user_password='test' LIMIT 1) 
[WEB_SQL][UserRepository][2022-08-06 05:21:52][INFO]: QUERY : (SELECT u.user_id,u.user_username, u.user_firstname, u.user_lastname,u.user_prename,pt.prename_text, u.user_email, u.user_type,  IF((SELECT COUNT(*) FROM users u WHERE u.user_username='test')>0,1,0) AS USER_EXIST , IF((SELECT COUNT(*) FROM users u WHERE u.user_username = 'test' AND u.user_password='test' )>0, 1,0) AS USER_LOGIN FROM users u INNER JOIN prename_list pt ON pt.prename_id = u.user_prename WHERE u.enable='Y' AND pt.enable='Y' AND u.user_username='test' AND u.user_password='test' LIMIT 1) 
[WEB_SQL][PrenameService][2022-08-06 05:21:57][INFO]: result : [{'prename_id': 1, 'prename_text': 'นาย', 'enable': 'Y', 'created_at': datetime.datetime(2022, 4, 20, 0, 54, 26), 'updated_at': datetime.datetime(2022, 4, 20, 0, 54, 26)}, {'prename_id': 2, 'prename_text': 'นาง', 'enable': 'Y', 'created_at': datetime.datetime(2022, 4, 20, 0, 54, 26), 'updated_at': datetime.datetime(2022, 4, 20, 0, 54, 26)}, {'prename_id': 3, 'prename_text': 'นางสาว', 'enable': 'Y', 'created_at': datetime.datetime(2022, 4, 20, 0, 54, 55), 'updated_at': datetime.datetime(2022, 4, 20, 0, 54, 55)}, {'prename_id': 4, 'prename_text': 'อ.ดร', 'enable': 'Y', 'created_at': datetime.datetime(2022, 4, 20, 0, 54, 55), 'updated_at': datetime.datetime(2022, 4, 20, 0, 54, 55)}, {'prename_id': 5, 'prename_text': 'ผศ.ดร', 'enable': 'Y', 'created_at': datetime.datetime(2022, 4, 20, 0, 55, 29), 'updated_at': datetime.datetime(2022, 4, 20, 0, 55, 29)}, {'prename_id': 6, 'prename_text': 'ศ.ดร', 'enable': 'Y', 'created_at': datetime.datetime(2022, 4, 20, 0, 55, 29), 'updated_at': datetime.datetime(2022, 4, 20, 0, 55, 29)}]
[WEB_SQL][PrenameService][2022-08-06 05:21:57][INFO]: result : [{'prename_id': 1, 'prename_text': 'นาย', 'enable': 'Y', 'created_at': datetime.datetime(2022, 4, 20, 0, 54, 26), 'updated_at': datetime.datetime(2022, 4, 20, 0, 54, 26)}, {'prename_id': 2, 'prename_text': 'นาง', 'enable': 'Y', 'created_at': datetime.datetime(2022, 4, 20, 0, 54, 26), 'updated_at': datetime.datetime(2022, 4, 20, 0, 54, 26)}, {'prename_id': 3, 'prename_text': 'นางสาว', 'enable': 'Y', 'created_at': datetime.datetime(2022, 4, 20, 0, 54, 55), 'updated_at': datetime.datetime(2022, 4, 20, 0, 54, 55)}, {'prename_id': 4, 'prename_text': 'อ.ดร', 'enable': 'Y', 'created_at': datetime.datetime(2022, 4, 20, 0, 54, 55), 'updated_at': datetime.datetime(2022, 4, 20, 0, 54, 55)}, {'prename_id': 5, 'prename_text': 'ผศ.ดร', 'enable': 'Y', 'created_at': datetime.datetime(2022, 4, 20, 0, 55, 29), 'updated_at': datetime.datetime(2022, 4, 20, 0, 55, 29)}, {'prename_id': 6, 'prename_text': 'ศ.ดร', 'enable': 'Y', 'created_at': datetime.datetime(2022, 4, 20, 0, 55, 29), 'updated_at': datetime.datetime(2022, 4, 20, 0, 55, 29)}]
[WEB_SQL][PrenameService][2022-08-06 05:21:57][INFO]: resultList : []
[WEB_SQL][PrenameService][2022-08-06 05:21:57][INFO]: resultList : []
[WEB_SQL][PrenameService][2022-08-06 05:21:57][INFO]: {'prename_id': 1, 'prename_text': 'นาย', 'enable': 'Y', 'created_at': datetime.datetime(2022, 4, 20, 0, 54, 26), 'updated_at': datetime.datetime(2022, 4, 20, 0, 54, 26)}
[WEB_SQL][PrenameService][2022-08-06 05:21:57][INFO]: {'prename_id': 1, 'prename_text': 'นาย', 'enable': 'Y', 'created_at': datetime.datetime(2022, 4, 20, 0, 54, 26), 'updated_at': datetime.datetime(2022, 4, 20, 0, 54, 26)}
[WEB_SQL][PrenameService][2022-08-06 05:21:57][INFO]: {'prenameId': 1, 'prenameText': 'นาย'}
[WEB_SQL][PrenameService][2022-08-06 05:21:57][INFO]: {'prenameId': 1, 'prenameText': 'นาย'}
[WEB_SQL][PrenameService][2022-08-06 05:21:57][INFO]: {'prename_id': 2, 'prename_text': 'นาง', 'enable': 'Y', 'created_at': datetime.datetime(2022, 4, 20, 0, 54, 26), 'updated_at': datetime.datetime(2022, 4, 20, 0, 54, 26)}
[WEB_SQL][PrenameService][2022-08-06 05:21:57][INFO]: {'prename_id': 2, 'prename_text': 'นาง', 'enable': 'Y', 'created_at': datetime.datetime(2022, 4, 20, 0, 54, 26), 'updated_at': datetime.datetime(2022, 4, 20, 0, 54, 26)}
[WEB_SQL][PrenameService][2022-08-06 05:21:57][INFO]: {'prenameId': 2, 'prenameText': 'นาง'}
[WEB_SQL][PrenameService][2022-08-06 05:21:57][INFO]: {'prenameId': 2, 'prenameText': 'นาง'}
[WEB_SQL][PrenameService][2022-08-06 05:21:57][INFO]: {'prename_id': 3, 'prename_text': 'นางสาว', 'enable': 'Y', 'created_at': datetime.datetime(2022, 4, 20, 0, 54, 55), 'updated_at': datetime.datetime(2022, 4, 20, 0, 54, 55)}
[WEB_SQL][PrenameService][2022-08-06 05:21:57][INFO]: {'prename_id': 3, 'prename_text': 'นางสาว', 'enable': 'Y', 'created_at': datetime.datetime(2022, 4, 20, 0, 54, 55), 'updated_at': datetime.datetime(2022, 4, 20, 0, 54, 55)}
[WEB_SQL][PrenameService][2022-08-06 05:21:57][INFO]: {'prenameId': 3, 'prenameText': 'นางสาว'}
[WEB_SQL][PrenameService][2022-08-06 05:21:57][INFO]: {'prenameId': 3, 'prenameText': 'นางสาว'}
[WEB_SQL][PrenameService][2022-08-06 05:21:57][INFO]: {'prename_id': 4, 'prename_text': 'อ.ดร', 'enable': 'Y', 'created_at': datetime.datetime(2022, 4, 20, 0, 54, 55), 'updated_at': datetime.datetime(2022, 4, 20, 0, 54, 55)}
[WEB_SQL][PrenameService][2022-08-06 05:21:57][INFO]: {'prename_id': 4, 'prename_text': 'อ.ดร', 'enable': 'Y', 'created_at': datetime.datetime(2022, 4, 20, 0, 54, 55), 'updated_at': datetime.datetime(2022, 4, 20, 0, 54, 55)}
[WEB_SQL][PrenameService][2022-08-06 05:21:57][INFO]: {'prenameId': 4, 'prenameText': 'อ.ดร'}
[WEB_SQL][PrenameService][2022-08-06 05:21:57][INFO]: {'prenameId': 4, 'prenameText': 'อ.ดร'}
[WEB_SQL][PrenameService][2022-08-06 05:21:57][INFO]: {'prename_id': 5, 'prename_text': 'ผศ.ดร', 'enable': 'Y', 'created_at': datetime.datetime(2022, 4, 20, 0, 55, 29), 'updated_at': datetime.datetime(2022, 4, 20, 0, 55, 29)}
[WEB_SQL][PrenameService][2022-08-06 05:21:57][INFO]: {'prename_id': 5, 'prename_text': 'ผศ.ดร', 'enable': 'Y', 'created_at': datetime.datetime(2022, 4, 20, 0, 55, 29), 'updated_at': datetime.datetime(2022, 4, 20, 0, 55, 29)}
[WEB_SQL][PrenameService][2022-08-06 05:21:57][INFO]: {'prenameId': 5, 'prenameText': 'ผศ.ดร'}
[WEB_SQL][PrenameService][2022-08-06 05:21:57][INFO]: {'prenameId': 5, 'prenameText': 'ผศ.ดร'}
[WEB_SQL][PrenameService][2022-08-06 05:21:57][INFO]: {'prename_id': 6, 'prename_text': 'ศ.ดร', 'enable': 'Y', 'created_at': datetime.datetime(2022, 4, 20, 0, 55, 29), 'updated_at': datetime.datetime(2022, 4, 20, 0, 55, 29)}
[WEB_SQL][PrenameService][2022-08-06 05:21:57][INFO]: {'prename_id': 6, 'prename_text': 'ศ.ดร', 'enable': 'Y', 'created_at': datetime.datetime(2022, 4, 20, 0, 55, 29), 'updated_at': datetime.datetime(2022, 4, 20, 0, 55, 29)}
[WEB_SQL][PrenameService][2022-08-06 05:21:57][INFO]: {'prenameId': 6, 'prenameText': 'ศ.ดร'}
[WEB_SQL][PrenameService][2022-08-06 05:21:57][INFO]: {'prenameId': 6, 'prenameText': 'ศ.ดร'}
[WEB_SQL][PrenameService][2022-08-06 05:23:12][INFO]: result : {'prename_id': 1, 'prename_text': 'นาย', 'enable': 'Y', 'created_at': datetime.datetime(2022, 4, 20, 0, 54, 26), 'updated_at': datetime.datetime(2022, 4, 20, 0, 54, 26)}
[WEB_SQL][PrenameService][2022-08-06 05:23:12][INFO]: result : {'prename_id': 1, 'prename_text': 'นาย', 'enable': 'Y', 'created_at': datetime.datetime(2022, 4, 20, 0, 54, 26), 'updated_at': datetime.datetime(2022, 4, 20, 0, 54, 26)}
[WEB_SQL][PrenameService][2022-08-06 05:23:12][INFO]: resultList : []
[WEB_SQL][PrenameService][2022-08-06 05:23:12][INFO]: resultList : []
[WEB_SQL][PrenameService][2022-08-06 05:23:12][INFO]: prename_id
[WEB_SQL][PrenameService][2022-08-06 05:23:12][INFO]: prename_id
[WEB_SQL][PrenameService][2022-08-06 05:23:12][ERROR]: PrenameService getPrenames() Exception: {}
[WEB_SQL][PrenameService][2022-08-06 05:23:12][ERROR]: PrenameService getPrenames() Exception: {}
[WEB_SQL][PrenameController][2022-08-06 05:23:12][ERROR]: PrenameController getPrenames Exception: {"statusCode": 500, "message": "INTERNAL SERVER ERROR", "httpCode": [500], "stack": null}
[WEB_SQL][PrenameEventRouter][2022-08-06 05:23:12][ERROR]: PrenameEventRouter getPrenames() Exception : (500, 'INTERNAL SERVER ERROR', None)
[WEB_SQL][PrenameRouter][2022-08-06 05:23:12][ERROR]: PrenameRouter prenames() Exception : (500, 'INTERNAL SERVER ERROR', None)
[WEB_SQL][PrenameService][2022-08-06 05:23:23][INFO]: result : [{'prename_id': 1, 'prename_text': 'นาย', 'enable': 'Y', 'created_at': datetime.datetime(2022, 4, 20, 0, 54, 26), 'updated_at': datetime.datetime(2022, 4, 20, 0, 54, 26)}, {'prename_id': 2, 'prename_text': 'นาง', 'enable': 'Y', 'created_at': datetime.datetime(2022, 4, 20, 0, 54, 26), 'updated_at': datetime.datetime(2022, 4, 20, 0, 54, 26)}, {'prename_id': 3, 'prename_text': 'นางสาว', 'enable': 'Y', 'created_at': datetime.datetime(2022, 4, 20, 0, 54, 55), 'updated_at': datetime.datetime(2022, 4, 20, 0, 54, 55)}, {'prename_id': 4, 'prename_text': 'อ.ดร', 'enable': 'Y', 'created_at': datetime.datetime(2022, 4, 20, 0, 54, 55), 'updated_at': datetime.datetime(2022, 4, 20, 0, 54, 55)}, {'prename_id': 5, 'prename_text': 'ผศ.ดร', 'enable': 'Y', 'created_at': datetime.datetime(2022, 4, 20, 0, 55, 29), 'updated_at': datetime.datetime(2022, 4, 20, 0, 55, 29)}, {'prename_id': 6, 'prename_text': 'ศ.ดร', 'enable': 'Y', 'created_at': datetime.datetime(2022, 4, 20, 0, 55, 29), 'updated_at': datetime.datetime(2022, 4, 20, 0, 55, 29)}]
[WEB_SQL][PrenameService][2022-08-06 05:23:23][INFO]: result : [{'prename_id': 1, 'prename_text': 'นาย', 'enable': 'Y', 'created_at': datetime.datetime(2022, 4, 20, 0, 54, 26), 'updated_at': datetime.datetime(2022, 4, 20, 0, 54, 26)}, {'prename_id': 2, 'prename_text': 'นาง', 'enable': 'Y', 'created_at': datetime.datetime(2022, 4, 20, 0, 54, 26), 'updated_at': datetime.datetime(2022, 4, 20, 0, 54, 26)}, {'prename_id': 3, 'prename_text': 'นางสาว', 'enable': 'Y', 'created_at': datetime.datetime(2022, 4, 20, 0, 54, 55), 'updated_at': datetime.datetime(2022, 4, 20, 0, 54, 55)}, {'prename_id': 4, 'prename_text': 'อ.ดร', 'enable': 'Y', 'created_at': datetime.datetime(2022, 4, 20, 0, 54, 55), 'updated_at': datetime.datetime(2022, 4, 20, 0, 54, 55)}, {'prename_id': 5, 'prename_text': 'ผศ.ดร', 'enable': 'Y', 'created_at': datetime.datetime(2022, 4, 20, 0, 55, 29), 'updated_at': datetime.datetime(2022, 4, 20, 0, 55, 29)}, {'prename_id': 6, 'prename_text': 'ศ.ดร', 'enable': 'Y', 'created_at': datetime.datetime(2022, 4, 20, 0, 55, 29), 'updated_at': datetime.datetime(2022, 4, 20, 0, 55, 29)}]
[WEB_SQL][PrenameService][2022-08-06 05:23:23][INFO]: resultList : []
[WEB_SQL][PrenameService][2022-08-06 05:23:23][INFO]: resultList : []
[WEB_SQL][PrenameService][2022-08-06 05:23:23][INFO]: {'prename_id': 1, 'prename_text': 'นาย', 'enable': 'Y', 'created_at': datetime.datetime(2022, 4, 20, 0, 54, 26), 'updated_at': datetime.datetime(2022, 4, 20, 0, 54, 26)}
[WEB_SQL][PrenameService][2022-08-06 05:23:23][INFO]: {'prename_id': 1, 'prename_text': 'นาย', 'enable': 'Y', 'created_at': datetime.datetime(2022, 4, 20, 0, 54, 26), 'updated_at': datetime.datetime(2022, 4, 20, 0, 54, 26)}
[WEB_SQL][PrenameService][2022-08-06 05:23:23][INFO]: {'prenameId': 1, 'prenameText': 'นาย'}
[WEB_SQL][PrenameService][2022-08-06 05:23:23][INFO]: {'prenameId': 1, 'prenameText': 'นาย'}
[WEB_SQL][PrenameService][2022-08-06 05:23:23][INFO]: {'prename_id': 2, 'prename_text': 'นาง', 'enable': 'Y', 'created_at': datetime.datetime(2022, 4, 20, 0, 54, 26), 'updated_at': datetime.datetime(2022, 4, 20, 0, 54, 26)}
[WEB_SQL][PrenameService][2022-08-06 05:23:23][INFO]: {'prename_id': 2, 'prename_text': 'นาง', 'enable': 'Y', 'created_at': datetime.datetime(2022, 4, 20, 0, 54, 26), 'updated_at': datetime.datetime(2022, 4, 20, 0, 54, 26)}
[WEB_SQL][PrenameService][2022-08-06 05:23:23][INFO]: {'prenameId': 2, 'prenameText': 'นาง'}
[WEB_SQL][PrenameService][2022-08-06 05:23:23][INFO]: {'prenameId': 2, 'prenameText': 'นาง'}
[WEB_SQL][PrenameService][2022-08-06 05:23:23][INFO]: {'prename_id': 3, 'prename_text': 'นางสาว', 'enable': 'Y', 'created_at': datetime.datetime(2022, 4, 20, 0, 54, 55), 'updated_at': datetime.datetime(2022, 4, 20, 0, 54, 55)}
[WEB_SQL][PrenameService][2022-08-06 05:23:23][INFO]: {'prename_id': 3, 'prename_text': 'นางสาว', 'enable': 'Y', 'created_at': datetime.datetime(2022, 4, 20, 0, 54, 55), 'updated_at': datetime.datetime(2022, 4, 20, 0, 54, 55)}
[WEB_SQL][PrenameService][2022-08-06 05:23:23][INFO]: {'prenameId': 3, 'prenameText': 'นางสาว'}
[WEB_SQL][PrenameService][2022-08-06 05:23:23][INFO]: {'prenameId': 3, 'prenameText': 'นางสาว'}
[WEB_SQL][PrenameService][2022-08-06 05:23:23][INFO]: {'prename_id': 4, 'prename_text': 'อ.ดร', 'enable': 'Y', 'created_at': datetime.datetime(2022, 4, 20, 0, 54, 55), 'updated_at': datetime.datetime(2022, 4, 20, 0, 54, 55)}
[WEB_SQL][PrenameService][2022-08-06 05:23:23][INFO]: {'prename_id': 4, 'prename_text': 'อ.ดร', 'enable': 'Y', 'created_at': datetime.datetime(2022, 4, 20, 0, 54, 55), 'updated_at': datetime.datetime(2022, 4, 20, 0, 54, 55)}
[WEB_SQL][PrenameService][2022-08-06 05:23:23][INFO]: {'prenameId': 4, 'prenameText': 'อ.ดร'}
[WEB_SQL][PrenameService][2022-08-06 05:23:23][INFO]: {'prenameId': 4, 'prenameText': 'อ.ดร'}
[WEB_SQL][PrenameService][2022-08-06 05:23:23][INFO]: {'prename_id': 5, 'prename_text': 'ผศ.ดร', 'enable': 'Y', 'created_at': datetime.datetime(2022, 4, 20, 0, 55, 29), 'updated_at': datetime.datetime(2022, 4, 20, 0, 55, 29)}
[WEB_SQL][PrenameService][2022-08-06 05:23:23][INFO]: {'prename_id': 5, 'prename_text': 'ผศ.ดร', 'enable': 'Y', 'created_at': datetime.datetime(2022, 4, 20, 0, 55, 29), 'updated_at': datetime.datetime(2022, 4, 20, 0, 55, 29)}
[WEB_SQL][PrenameService][2022-08-06 05:23:23][INFO]: {'prenameId': 5, 'prenameText': 'ผศ.ดร'}
[WEB_SQL][PrenameService][2022-08-06 05:23:23][INFO]: {'prenameId': 5, 'prenameText': 'ผศ.ดร'}
[WEB_SQL][PrenameService][2022-08-06 05:23:23][INFO]: {'prename_id': 6, 'prename_text': 'ศ.ดร', 'enable': 'Y', 'created_at': datetime.datetime(2022, 4, 20, 0, 55, 29), 'updated_at': datetime.datetime(2022, 4, 20, 0, 55, 29)}
[WEB_SQL][PrenameService][2022-08-06 05:23:23][INFO]: {'prename_id': 6, 'prename_text': 'ศ.ดร', 'enable': 'Y', 'created_at': datetime.datetime(2022, 4, 20, 0, 55, 29), 'updated_at': datetime.datetime(2022, 4, 20, 0, 55, 29)}
[WEB_SQL][PrenameService][2022-08-06 05:23:23][INFO]: {'prenameId': 6, 'prenameText': 'ศ.ดร'}
[WEB_SQL][PrenameService][2022-08-06 05:23:23][INFO]: {'prenameId': 6, 'prenameText': 'ศ.ดร'}
[WEB_SQL][UserRepository][2022-08-06 05:23:25][INFO]: QUERY : (SELECT u.user_id,u.user_username, u.user_firstname, u.user_lastname,u.user_prename,pt.prename_text, u.user_email, u.user_type,  IF((SELECT COUNT(*) FROM users u WHERE u.user_username='test')>0,1,0) AS USER_EXIST , IF((SELECT COUNT(*) FROM users u WHERE u.user_username = 'test' AND u.user_password='test' )>0, 1,0) AS USER_LOGIN FROM users u INNER JOIN prename_list pt ON pt.prename_id = u.user_prename WHERE u.enable='Y' AND pt.enable='Y' AND u.user_username='test' AND u.user_password='test' LIMIT 1) 
[WEB_SQL][UserRepository][2022-08-06 05:23:48][INFO]: QUERY : (SELECT u.user_id,u.user_username, u.user_firstname, u.user_lastname,u.user_prename,pt.prename_text, u.user_email, u.user_type,  IF((SELECT COUNT(*) FROM users u WHERE u.user_username='test_teacher')>0,1,0) AS USER_EXIST , IF((SELECT COUNT(*) FROM users u WHERE u.user_username = 'test_teacher' AND u.user_password='test_teacher' )>0, 1,0) AS USER_LOGIN FROM users u INNER JOIN prename_list pt ON pt.prename_id = u.user_prename WHERE u.enable='Y' AND pt.enable='Y' AND u.user_username='test_teacher' AND u.user_password='test_teacher' LIMIT 1) 
[WEB_SQL][UserRepository][2022-08-06 05:23:53][INFO]: QUERY : (SELECT u.user_id,u.user_username, u.user_firstname, u.user_lastname,u.user_prename,pt.prename_text, u.user_email, u.user_type,  IF((SELECT COUNT(*) FROM users u WHERE u.user_username='test')>0,1,0) AS USER_EXIST , IF((SELECT COUNT(*) FROM users u WHERE u.user_username = 'test' AND u.user_password='test' )>0, 1,0) AS USER_LOGIN FROM users u INNER JOIN prename_list pt ON pt.prename_id = u.user_prename WHERE u.enable='Y' AND pt.enable='Y' AND u.user_username='test' AND u.user_password='test' LIMIT 1) 
[WEB_SQL][UserRepository][2022-08-06 05:23:54][INFO]: QUERY : (SELECT u.user_id,u.user_username, u.user_firstname, u.user_lastname,u.user_prename,pt.prename_text, u.user_email, u.user_type,  IF((SELECT COUNT(*) FROM users u WHERE u.user_username='test')>0,1,0) AS USER_EXIST , IF((SELECT COUNT(*) FROM users u WHERE u.user_username = 'test' AND u.user_password='test' )>0, 1,0) AS USER_LOGIN FROM users u INNER JOIN prename_list pt ON pt.prename_id = u.user_prename WHERE u.enable='Y' AND pt.enable='Y' AND u.user_username='test' AND u.user_password='test' LIMIT 1) 
[WEB_SQL][UserRepository][2022-08-06 05:23:55][INFO]: QUERY : (SELECT u.user_id,u.user_username, u.user_firstname, u.user_lastname,u.user_prename,pt.prename_text, u.user_email, u.user_type,  IF((SELECT COUNT(*) FROM users u WHERE u.user_username='test')>0,1,0) AS USER_EXIST , IF((SELECT COUNT(*) FROM users u WHERE u.user_username = 'test' AND u.user_password='test' )>0, 1,0) AS USER_LOGIN FROM users u INNER JOIN prename_list pt ON pt.prename_id = u.user_prename WHERE u.enable='Y' AND pt.enable='Y' AND u.user_username='test' AND u.user_password='test' LIMIT 1) 
[WEB_SQL][UserRepository][2022-08-06 05:23:56][INFO]: QUERY : (SELECT u.user_id,u.user_username, u.user_firstname, u.user_lastname,u.user_prename,pt.prename_text, u.user_email, u.user_type,  IF((SELECT COUNT(*) FROM users u WHERE u.user_username='test')>0,1,0) AS USER_EXIST , IF((SELECT COUNT(*) FROM users u WHERE u.user_username = 'test' AND u.user_password='test' )>0, 1,0) AS USER_LOGIN FROM users u INNER JOIN prename_list pt ON pt.prename_id = u.user_prename WHERE u.enable='Y' AND pt.enable='Y' AND u.user_username='test' AND u.user_password='test' LIMIT 1) 
[WEB_SQL][UserRepository][2022-08-06 05:23:57][INFO]: QUERY : (SELECT u.user_id,u.user_username, u.user_firstname, u.user_lastname,u.user_prename,pt.prename_text, u.user_email, u.user_type,  IF((SELECT COUNT(*) FROM users u WHERE u.user_username='test')>0,1,0) AS USER_EXIST , IF((SELECT COUNT(*) FROM users u WHERE u.user_username = 'test' AND u.user_password='test' )>0, 1,0) AS USER_LOGIN FROM users u INNER JOIN prename_list pt ON pt.prename_id = u.user_prename WHERE u.enable='Y' AND pt.enable='Y' AND u.user_username='test' AND u.user_password='test' LIMIT 1) 
[WEB_SQL][UserRepository][2022-08-06 05:23:58][INFO]: QUERY : (SELECT u.user_id,u.user_username, u.user_firstname, u.user_lastname,u.user_prename,pt.prename_text, u.user_email, u.user_type,  IF((SELECT COUNT(*) FROM users u WHERE u.user_username='test')>0,1,0) AS USER_EXIST , IF((SELECT COUNT(*) FROM users u WHERE u.user_username = 'test' AND u.user_password='test' )>0, 1,0) AS USER_LOGIN FROM users u INNER JOIN prename_list pt ON pt.prename_id = u.user_prename WHERE u.enable='Y' AND pt.enable='Y' AND u.user_username='test' AND u.user_password='test' LIMIT 1) 
[WEB_SQL][UserRepository][2022-08-06 05:24:05][INFO]: QUERY : (SELECT u.user_id,u.user_username, u.user_firstname, u.user_lastname,u.user_prename,pt.prename_text, u.user_email, u.user_type,  IF((SELECT COUNT(*) FROM users u WHERE u.user_username='test')>0,1,0) AS USER_EXIST , IF((SELECT COUNT(*) FROM users u WHERE u.user_username = 'test' AND u.user_password='test' )>0, 1,0) AS USER_LOGIN FROM users u INNER JOIN prename_list pt ON pt.prename_id = u.user_prename WHERE u.enable='Y' AND pt.enable='Y' AND u.user_username='test' AND u.user_password='test' LIMIT 1) 
[WEB_SQL][UserRepository][2022-08-06 05:24:07][INFO]: QUERY : (SELECT u.user_id,u.user_username, u.user_firstname, u.user_lastname,u.user_prename,pt.prename_text, u.user_email, u.user_type,  IF((SELECT COUNT(*) FROM users u WHERE u.user_username='test')>0,1,0) AS USER_EXIST , IF((SELECT COUNT(*) FROM users u WHERE u.user_username = 'test' AND u.user_password='test' )>0, 1,0) AS USER_LOGIN FROM users u INNER JOIN prename_list pt ON pt.prename_id = u.user_prename WHERE u.enable='Y' AND pt.enable='Y' AND u.user_username='test' AND u.user_password='test' LIMIT 1) 
[WEB_SQL][UserRepository][2022-08-06 05:25:46][INFO]: QUERY : (SELECT u.user_id,u.user_username, u.user_firstname, u.user_lastname,u.user_prename,pt.prename_text, u.user_email, u.user_type,  IF((SELECT COUNT(*) FROM users u WHERE u.user_username='test')>0,1,0) AS USER_EXIST , IF((SELECT COUNT(*) FROM users u WHERE u.user_username = 'test' AND u.user_password='test' )>0, 1,0) AS USER_LOGIN FROM users u INNER JOIN prename_list pt ON pt.prename_id = u.user_prename WHERE u.enable='Y' AND pt.enable='Y' AND u.user_username='test' AND u.user_password='test' LIMIT 1) 
[WEB_SQL][UserRepository][2022-08-06 05:25:52][INFO]: QUERY : (SELECT u.user_id,u.user_username, u.user_firstname, u.user_lastname,u.user_prename,pt.prename_text, u.user_email, u.user_type,  IF((SELECT COUNT(*) FROM users u WHERE u.user_username='test_teacher')>0,1,0) AS USER_EXIST , IF((SELECT COUNT(*) FROM users u WHERE u.user_username = 'test_teacher' AND u.user_password='test_teacher' )>0, 1,0) AS USER_LOGIN FROM users u INNER JOIN prename_list pt ON pt.prename_id = u.user_prename WHERE u.enable='Y' AND pt.enable='Y' AND u.user_username='test_teacher' AND u.user_password='test_teacher' LIMIT 1) 
[WEB_SQL][UserRepository][2022-08-06 05:26:09][INFO]: QUERY : (SELECT u.user_id,u.user_username, u.user_firstname, u.user_lastname,u.user_prename,pt.prename_text, u.user_email, u.user_type,  IF((SELECT COUNT(*) FROM users u WHERE u.user_username='test_teacher')>0,1,0) AS USER_EXIST , IF((SELECT COUNT(*) FROM users u WHERE u.user_username = 'test_teacher' AND u.user_password='test_teacher' )>0, 1,0) AS USER_LOGIN FROM users u INNER JOIN prename_list pt ON pt.prename_id = u.user_prename WHERE u.enable='Y' AND pt.enable='Y' AND u.user_username='test_teacher' AND u.user_password='test_teacher' LIMIT 1) 
[WEB_SQL][UserRepository][2022-08-06 05:26:38][INFO]: QUERY : (SELECT u.user_id,u.user_username, u.user_firstname, u.user_lastname,u.user_prename,pt.prename_text, u.user_email, u.user_type,  IF((SELECT COUNT(*) FROM users u WHERE u.user_username='test_teacher')>0,1,0) AS USER_EXIST , IF((SELECT COUNT(*) FROM users u WHERE u.user_username = 'test_teacher' AND u.user_password='test_teacher' )>0, 1,0) AS USER_LOGIN FROM users u INNER JOIN prename_list pt ON pt.prename_id = u.user_prename WHERE u.enable='Y' AND pt.enable='Y' AND u.user_username='test_teacher' AND u.user_password='test_teacher' LIMIT 1) 
[WEB_SQL][UserRepository][2022-08-06 05:26:55][INFO]: QUERY : (SELECT u.user_id,u.user_username, u.user_firstname, u.user_lastname,u.user_prename,pt.prename_text, u.user_email, u.user_type,  IF((SELECT COUNT(*) FROM users u WHERE u.user_username='test_teacher')>0,1,0) AS USER_EXIST , IF((SELECT COUNT(*) FROM users u WHERE u.user_username = 'test_teacher' AND u.user_password='test_teacher' )>0, 1,0) AS USER_LOGIN FROM users u INNER JOIN prename_list pt ON pt.prename_id = u.user_prename WHERE u.enable='Y' AND pt.enable='Y' AND u.user_username='test_teacher' AND u.user_password='test_teacher' LIMIT 1) 
[WEB_SQL][UserRepository][2022-08-06 05:28:18][INFO]: QUERY : (SELECT u.user_id,u.user_username, u.user_firstname, u.user_lastname,u.user_prename,pt.prename_text, u.user_email, u.user_type,  IF((SELECT COUNT(*) FROM users u WHERE u.user_username='test_teacher')>0,1,0) AS USER_EXIST , IF((SELECT COUNT(*) FROM users u WHERE u.user_username = 'test_teacher' AND u.user_password='test_teacher' )>0, 1,0) AS USER_LOGIN FROM users u INNER JOIN prename_list pt ON pt.prename_id = u.user_prename WHERE u.enable='Y' AND pt.enable='Y' AND u.user_username='test_teacher' AND u.user_password='test_teacher' LIMIT 1) 
[WEB_SQL][UserRepository][2022-08-06 05:30:13][INFO]: QUERY : (SELECT u.user_id,u.user_username, u.user_firstname, u.user_lastname,u.user_prename,pt.prename_text, u.user_email, u.user_type,  IF((SELECT COUNT(*) FROM users u WHERE u.user_username='test_teacher')>0,1,0) AS USER_EXIST , IF((SELECT COUNT(*) FROM users u WHERE u.user_username = 'test_teacher' AND u.user_password='test_teacher' )>0, 1,0) AS USER_LOGIN FROM users u INNER JOIN prename_list pt ON pt.prename_id = u.user_prename WHERE u.enable='Y' AND pt.enable='Y' AND u.user_username='test_teacher' AND u.user_password='test_teacher' LIMIT 1) 
[WEB_SQL][UserRepository][2022-08-06 05:30:41][INFO]: QUERY : (SELECT u.user_id,u.user_username, u.user_firstname, u.user_lastname,u.user_prename,pt.prename_text, u.user_email, u.user_type,  IF((SELECT COUNT(*) FROM users u WHERE u.user_username='test_teacher')>0,1,0) AS USER_EXIST , IF((SELECT COUNT(*) FROM users u WHERE u.user_username = 'test_teacher' AND u.user_password='test_teacher' )>0, 1,0) AS USER_LOGIN FROM users u INNER JOIN prename_list pt ON pt.prename_id = u.user_prename WHERE u.enable='Y' AND pt.enable='Y' AND u.user_username='test_teacher' AND u.user_password='test_teacher' LIMIT 1) 
[WEB_SQL][UserRepository][2022-08-06 05:30:57][INFO]: QUERY : (SELECT u.user_id,u.user_username, u.user_firstname, u.user_lastname,u.user_prename,pt.prename_text, u.user_email, u.user_type,  IF((SELECT COUNT(*) FROM users u WHERE u.user_username='test_teacher')>0,1,0) AS USER_EXIST , IF((SELECT COUNT(*) FROM users u WHERE u.user_username = 'test_teacher' AND u.user_password='test_teacher' )>0, 1,0) AS USER_LOGIN FROM users u INNER JOIN prename_list pt ON pt.prename_id = u.user_prename WHERE u.enable='Y' AND pt.enable='Y' AND u.user_username='test_teacher' AND u.user_password='test_teacher' LIMIT 1) 
[WEB_SQL][UserRepository][2022-08-06 05:31:17][INFO]: QUERY : (SELECT u.user_id,u.user_username, u.user_firstname, u.user_lastname,u.user_prename,pt.prename_text, u.user_email, u.user_type,  IF((SELECT COUNT(*) FROM users u WHERE u.user_username='test_teacher')>0,1,0) AS USER_EXIST , IF((SELECT COUNT(*) FROM users u WHERE u.user_username = 'test_teacher' AND u.user_password='test_teacher' )>0, 1,0) AS USER_LOGIN FROM users u INNER JOIN prename_list pt ON pt.prename_id = u.user_prename WHERE u.enable='Y' AND pt.enable='Y' AND u.user_username='test_teacher' AND u.user_password='test_teacher' LIMIT 1) 
[WEB_SQL][UserRepository][2022-08-06 05:31:21][INFO]: QUERY : (SELECT u.user_id,u.user_username, u.user_firstname, u.user_lastname,u.user_prename,pt.prename_text, u.user_email, u.user_type,  IF((SELECT COUNT(*) FROM users u WHERE u.user_username='test_teacher')>0,1,0) AS USER_EXIST , IF((SELECT COUNT(*) FROM users u WHERE u.user_username = 'test_teacher' AND u.user_password='test_teacher' )>0, 1,0) AS USER_LOGIN FROM users u INNER JOIN prename_list pt ON pt.prename_id = u.user_prename WHERE u.enable='Y' AND pt.enable='Y' AND u.user_username='test_teacher' AND u.user_password='test_teacher' LIMIT 1) 
[WEB_SQL][UserRepository][2022-08-06 05:31:46][INFO]: QUERY : (SELECT u.user_id,u.user_username, u.user_firstname, u.user_lastname,u.user_prename,pt.prename_text, u.user_email, u.user_type,  IF((SELECT COUNT(*) FROM users u WHERE u.user_username='test_teacher')>0,1,0) AS USER_EXIST , IF((SELECT COUNT(*) FROM users u WHERE u.user_username = 'test_teacher' AND u.user_password='test_teacher' )>0, 1,0) AS USER_LOGIN FROM users u INNER JOIN prename_list pt ON pt.prename_id = u.user_prename WHERE u.enable='Y' AND pt.enable='Y' AND u.user_username='test_teacher' AND u.user_password='test_teacher' LIMIT 1) 
[WEB_SQL][UserRepository][2022-08-06 05:32:30][INFO]: QUERY : (SELECT u.user_id,u.user_username, u.user_firstname, u.user_lastname,u.user_prename,pt.prename_text, u.user_email, u.user_type,  IF((SELECT COUNT(*) FROM users u WHERE u.user_username='test_teacher')>0,1,0) AS USER_EXIST , IF((SELECT COUNT(*) FROM users u WHERE u.user_username = 'test_teacher' AND u.user_password='test_teacher' )>0, 1,0) AS USER_LOGIN FROM users u INNER JOIN prename_list pt ON pt.prename_id = u.user_prename WHERE u.enable='Y' AND pt.enable='Y' AND u.user_username='test_teacher' AND u.user_password='test_teacher' LIMIT 1) 
[WEB_SQL][UserRepository][2022-08-06 05:33:23][INFO]: QUERY : (SELECT u.user_id,u.user_username, u.user_firstname, u.user_lastname,u.user_prename,pt.prename_text, u.user_email, u.user_type,  IF((SELECT COUNT(*) FROM users u WHERE u.user_username='test_teacher')>0,1,0) AS USER_EXIST , IF((SELECT COUNT(*) FROM users u WHERE u.user_username = 'test_teacher' AND u.user_password='test_teacher' )>0, 1,0) AS USER_LOGIN FROM users u INNER JOIN prename_list pt ON pt.prename_id = u.user_prename WHERE u.enable='Y' AND pt.enable='Y' AND u.user_username='test_teacher' AND u.user_password='test_teacher' LIMIT 1) 
[WEB_SQL][UserRepository][2022-08-06 05:33:39][INFO]: QUERY : (SELECT u.user_id,u.user_username, u.user_firstname, u.user_lastname,u.user_prename,pt.prename_text, u.user_email, u.user_type,  IF((SELECT COUNT(*) FROM users u WHERE u.user_username='test_teacher')>0,1,0) AS USER_EXIST , IF((SELECT COUNT(*) FROM users u WHERE u.user_username = 'test_teacher' AND u.user_password='test_teacher' )>0, 1,0) AS USER_LOGIN FROM users u INNER JOIN prename_list pt ON pt.prename_id = u.user_prename WHERE u.enable='Y' AND pt.enable='Y' AND u.user_username='test_teacher' AND u.user_password='test_teacher' LIMIT 1) 
[WEB_SQL][UserRepository][2022-08-06 05:34:31][INFO]: QUERY : (SELECT u.user_id,u.user_username, u.user_firstname, u.user_lastname,u.user_prename,pt.prename_text, u.user_email, u.user_type,  IF((SELECT COUNT(*) FROM users u WHERE u.user_username='test_teacher')>0,1,0) AS USER_EXIST , IF((SELECT COUNT(*) FROM users u WHERE u.user_username = 'test_teacher' AND u.user_password='test_teacher' )>0, 1,0) AS USER_LOGIN FROM users u INNER JOIN prename_list pt ON pt.prename_id = u.user_prename WHERE u.enable='Y' AND pt.enable='Y' AND u.user_username='test_teacher' AND u.user_password='test_teacher' LIMIT 1) 
[WEB_SQL][UserRepository][2022-08-06 05:34:55][INFO]: QUERY : (SELECT u.user_id,u.user_username, u.user_firstname, u.user_lastname,u.user_prename,pt.prename_text, u.user_email, u.user_type,  IF((SELECT COUNT(*) FROM users u WHERE u.user_username='test_teacher')>0,1,0) AS USER_EXIST , IF((SELECT COUNT(*) FROM users u WHERE u.user_username = 'test_teacher' AND u.user_password='test_teacher' )>0, 1,0) AS USER_LOGIN FROM users u INNER JOIN prename_list pt ON pt.prename_id = u.user_prename WHERE u.enable='Y' AND pt.enable='Y' AND u.user_username='test_teacher' AND u.user_password='test_teacher' LIMIT 1) 
[WEB_SQL][UserRepository][2022-08-06 05:36:24][INFO]: QUERY : (SELECT u.user_id,u.user_username, u.user_firstname, u.user_lastname,u.user_prename,pt.prename_text, u.user_email, u.user_type,  IF((SELECT COUNT(*) FROM users u WHERE u.user_username='test_teacher')>0,1,0) AS USER_EXIST , IF((SELECT COUNT(*) FROM users u WHERE u.user_username = 'test_teacher' AND u.user_password='test_teacher' )>0, 1,0) AS USER_LOGIN FROM users u INNER JOIN prename_list pt ON pt.prename_id = u.user_prename WHERE u.enable='Y' AND pt.enable='Y' AND u.user_username='test_teacher' AND u.user_password='test_teacher' LIMIT 1) 
[WEB_SQL][UserRepository][2022-08-06 05:36:35][INFO]: QUERY : (SELECT u.user_id,u.user_username, u.user_firstname, u.user_lastname,u.user_prename,pt.prename_text, u.user_email, u.user_type,  IF((SELECT COUNT(*) FROM users u WHERE u.user_username='')>0,1,0) AS USER_EXIST , IF((SELECT COUNT(*) FROM users u WHERE u.user_username = '' AND u.user_password='' )>0, 1,0) AS USER_LOGIN FROM users u INNER JOIN prename_list pt ON pt.prename_id = u.user_prename WHERE u.enable='Y' AND pt.enable='Y' AND u.user_username='' AND u.user_password='' LIMIT 1) 
[WEB_SQL][UserRepository][2022-08-06 05:37:35][INFO]: QUERY : (SELECT u.user_id,u.user_username, u.user_firstname, u.user_lastname,u.user_prename,pt.prename_text, u.user_email, u.user_type,  IF((SELECT COUNT(*) FROM users u WHERE u.user_username='test_teacher')>0,1,0) AS USER_EXIST , IF((SELECT COUNT(*) FROM users u WHERE u.user_username = 'test_teacher' AND u.user_password='test_teacher' )>0, 1,0) AS USER_LOGIN FROM users u INNER JOIN prename_list pt ON pt.prename_id = u.user_prename WHERE u.enable='Y' AND pt.enable='Y' AND u.user_username='test_teacher' AND u.user_password='test_teacher' LIMIT 1) 
[WEB_SQL][UserRepository][2022-08-06 05:37:42][INFO]: QUERY : (SELECT u.user_id,u.user_username, u.user_firstname, u.user_lastname,u.user_prename,pt.prename_text, u.user_email, u.user_type,  IF((SELECT COUNT(*) FROM users u WHERE u.user_username='')>0,1,0) AS USER_EXIST , IF((SELECT COUNT(*) FROM users u WHERE u.user_username = '' AND u.user_password='' )>0, 1,0) AS USER_LOGIN FROM users u INNER JOIN prename_list pt ON pt.prename_id = u.user_prename WHERE u.enable='Y' AND pt.enable='Y' AND u.user_username='' AND u.user_password='' LIMIT 1) 
[WEB_SQL][UserRepository][2022-08-06 05:39:16][INFO]: QUERY : (SELECT u.user_id,u.user_username, u.user_firstname, u.user_lastname,u.user_prename,pt.prename_text, u.user_email, u.user_type,  IF((SELECT COUNT(*) FROM users u WHERE u.user_username='test_teacher')>0,1,0) AS USER_EXIST , IF((SELECT COUNT(*) FROM users u WHERE u.user_username = 'test_teacher' AND u.user_password='test_teacher' )>0, 1,0) AS USER_LOGIN FROM users u INNER JOIN prename_list pt ON pt.prename_id = u.user_prename WHERE u.enable='Y' AND pt.enable='Y' AND u.user_username='test_teacher' AND u.user_password='test_teacher' LIMIT 1) 
[WEB_SQL][UserRepository][2022-08-06 05:39:18][INFO]: QUERY : (SELECT u.user_id,u.user_username, u.user_firstname, u.user_lastname,u.user_prename,pt.prename_text, u.user_email, u.user_type,  IF((SELECT COUNT(*) FROM users u WHERE u.user_username='test_teacher')>0,1,0) AS USER_EXIST , IF((SELECT COUNT(*) FROM users u WHERE u.user_username = 'test_teacher' AND u.user_password='test_teacher' )>0, 1,0) AS USER_LOGIN FROM users u INNER JOIN prename_list pt ON pt.prename_id = u.user_prename WHERE u.enable='Y' AND pt.enable='Y' AND u.user_username='test_teacher' AND u.user_password='test_teacher' LIMIT 1) 
[WEB_SQL][UserRepository][2022-08-06 05:39:23][INFO]: QUERY : (SELECT u.user_id,u.user_username, u.user_firstname, u.user_lastname,u.user_prename,pt.prename_text, u.user_email, u.user_type,  IF((SELECT COUNT(*) FROM users u WHERE u.user_username='test_teacher')>0,1,0) AS USER_EXIST , IF((SELECT COUNT(*) FROM users u WHERE u.user_username = 'test_teacher' AND u.user_password='test_teacher' )>0, 1,0) AS USER_LOGIN FROM users u INNER JOIN prename_list pt ON pt.prename_id = u.user_prename WHERE u.enable='Y' AND pt.enable='Y' AND u.user_username='test_teacher' AND u.user_password='test_teacher' LIMIT 1) 
[WEB_SQL][UserRepository][2022-08-06 05:40:04][INFO]: QUERY : (SELECT u.user_id,u.user_username, u.user_firstname, u.user_lastname,u.user_prename,pt.prename_text, u.user_email, u.user_type,  IF((SELECT COUNT(*) FROM users u WHERE u.user_username='test_teacher')>0,1,0) AS USER_EXIST , IF((SELECT COUNT(*) FROM users u WHERE u.user_username = 'test_teacher' AND u.user_password='test_teacher' )>0, 1,0) AS USER_LOGIN FROM users u INNER JOIN prename_list pt ON pt.prename_id = u.user_prename WHERE u.enable='Y' AND pt.enable='Y' AND u.user_username='test_teacher' AND u.user_password='test_teacher' LIMIT 1) 
[WEB_SQL][UserRepository][2022-08-06 05:40:05][INFO]: QUERY : (SELECT u.user_id,u.user_username, u.user_firstname, u.user_lastname,u.user_prename,pt.prename_text, u.user_email, u.user_type,  IF((SELECT COUNT(*) FROM users u WHERE u.user_username='test_teacher')>0,1,0) AS USER_EXIST , IF((SELECT COUNT(*) FROM users u WHERE u.user_username = 'test_teacher' AND u.user_password='test_teacher' )>0, 1,0) AS USER_LOGIN FROM users u INNER JOIN prename_list pt ON pt.prename_id = u.user_prename WHERE u.enable='Y' AND pt.enable='Y' AND u.user_username='test_teacher' AND u.user_password='test_teacher' LIMIT 1) 
[WEB_SQL][UserRepository][2022-08-06 05:40:11][INFO]: QUERY : (SELECT u.user_id,u.user_username, u.user_firstname, u.user_lastname,u.user_prename,pt.prename_text, u.user_email, u.user_type,  IF((SELECT COUNT(*) FROM users u WHERE u.user_username='test_teacher')>0,1,0) AS USER_EXIST , IF((SELECT COUNT(*) FROM users u WHERE u.user_username = 'test_teacher' AND u.user_password='test_teacher' )>0, 1,0) AS USER_LOGIN FROM users u INNER JOIN prename_list pt ON pt.prename_id = u.user_prename WHERE u.enable='Y' AND pt.enable='Y' AND u.user_username='test_teacher' AND u.user_password='test_teacher' LIMIT 1) 
[WEB_SQL][UserRepository][2022-08-06 05:40:29][INFO]: QUERY : (SELECT u.user_id,u.user_username, u.user_firstname, u.user_lastname,u.user_prename,pt.prename_text, u.user_email, u.user_type,  IF((SELECT COUNT(*) FROM users u WHERE u.user_username='test_teacher')>0,1,0) AS USER_EXIST , IF((SELECT COUNT(*) FROM users u WHERE u.user_username = 'test_teacher' AND u.user_password='test_teacher' )>0, 1,0) AS USER_LOGIN FROM users u INNER JOIN prename_list pt ON pt.prename_id = u.user_prename WHERE u.enable='Y' AND pt.enable='Y' AND u.user_username='test_teacher' AND u.user_password='test_teacher' LIMIT 1) 
[WEB_SQL][UserRepository][2022-08-06 05:44:29][INFO]: QUERY : (SELECT u.user_id,u.user_username, u.user_firstname, u.user_lastname,u.user_prename,pt.prename_text, u.user_email, u.user_type,  IF((SELECT COUNT(*) FROM users u WHERE u.user_username='test_teacher')>0,1,0) AS USER_EXIST , IF((SELECT COUNT(*) FROM users u WHERE u.user_username = 'test_teacher' AND u.user_password='test_teacher' )>0, 1,0) AS USER_LOGIN FROM users u INNER JOIN prename_list pt ON pt.prename_id = u.user_prename WHERE u.enable='Y' AND pt.enable='Y' AND u.user_username='test_teacher' AND u.user_password='test_teacher' LIMIT 1) 
[WEB_SQL][UserRepository][2022-08-06 05:44:47][INFO]: QUERY : (SELECT u.user_id,u.user_username, u.user_firstname, u.user_lastname,u.user_prename,pt.prename_text, u.user_email, u.user_type,  IF((SELECT COUNT(*) FROM users u WHERE u.user_username='test_teacher')>0,1,0) AS USER_EXIST , IF((SELECT COUNT(*) FROM users u WHERE u.user_username = 'test_teacher' AND u.user_password='test_teacher' )>0, 1,0) AS USER_LOGIN FROM users u INNER JOIN prename_list pt ON pt.prename_id = u.user_prename WHERE u.enable='Y' AND pt.enable='Y' AND u.user_username='test_teacher' AND u.user_password='test_teacher' LIMIT 1) 
[WEB_SQL][UserRepository][2022-08-06 05:44:59][INFO]: QUERY : (SELECT u.user_id,u.user_username, u.user_firstname, u.user_lastname,u.user_prename,pt.prename_text, u.user_email, u.user_type,  IF((SELECT COUNT(*) FROM users u WHERE u.user_username='test_teacher')>0,1,0) AS USER_EXIST , IF((SELECT COUNT(*) FROM users u WHERE u.user_username = 'test_teacher' AND u.user_password='test_teacher' )>0, 1,0) AS USER_LOGIN FROM users u INNER JOIN prename_list pt ON pt.prename_id = u.user_prename WHERE u.enable='Y' AND pt.enable='Y' AND u.user_username='test_teacher' AND u.user_password='test_teacher' LIMIT 1) 
[WEB_SQL][UserRepository][2022-08-06 05:45:43][INFO]: QUERY : (SELECT u.user_id,u.user_username, u.user_firstname, u.user_lastname,u.user_prename,pt.prename_text, u.user_email, u.user_type,  IF((SELECT COUNT(*) FROM users u WHERE u.user_username='test_teacher')>0,1,0) AS USER_EXIST , IF((SELECT COUNT(*) FROM users u WHERE u.user_username = 'test_teacher' AND u.user_password='test_teacher' )>0, 1,0) AS USER_LOGIN FROM users u INNER JOIN prename_list pt ON pt.prename_id = u.user_prename WHERE u.enable='Y' AND pt.enable='Y' AND u.user_username='test_teacher' AND u.user_password='test_teacher' LIMIT 1) 
[WEB_SQL][UserRepository][2022-08-06 05:45:59][INFO]: QUERY : (SELECT u.user_id,u.user_username, u.user_firstname, u.user_lastname,u.user_prename,pt.prename_text, u.user_email, u.user_type,  IF((SELECT COUNT(*) FROM users u WHERE u.user_username='test_teacher')>0,1,0) AS USER_EXIST , IF((SELECT COUNT(*) FROM users u WHERE u.user_username = 'test_teacher' AND u.user_password='test_teacher' )>0, 1,0) AS USER_LOGIN FROM users u INNER JOIN prename_list pt ON pt.prename_id = u.user_prename WHERE u.enable='Y' AND pt.enable='Y' AND u.user_username='test_teacher' AND u.user_password='test_teacher' LIMIT 1) 
[WEB_SQL][UserRepository][2022-08-06 05:46:52][INFO]: QUERY : (SELECT u.user_id,u.user_username, u.user_firstname, u.user_lastname,u.user_prename,pt.prename_text, u.user_email, u.user_type,  IF((SELECT COUNT(*) FROM users u WHERE u.user_username='test_teacher')>0,1,0) AS USER_EXIST , IF((SELECT COUNT(*) FROM users u WHERE u.user_username = 'test_teacher' AND u.user_password='test_teacher' )>0, 1,0) AS USER_LOGIN FROM users u INNER JOIN prename_list pt ON pt.prename_id = u.user_prename WHERE u.enable='Y' AND pt.enable='Y' AND u.user_username='test_teacher' AND u.user_password='test_teacher' LIMIT 1) 
[WEB_SQL][UserRepository][2022-08-06 05:47:18][INFO]: QUERY : (SELECT u.user_id,u.user_username, u.user_firstname, u.user_lastname,u.user_prename,pt.prename_text, u.user_email, u.user_type,  IF((SELECT COUNT(*) FROM users u WHERE u.user_username='test_teacher')>0,1,0) AS USER_EXIST , IF((SELECT COUNT(*) FROM users u WHERE u.user_username = 'test_teacher' AND u.user_password='test_teacher' )>0, 1,0) AS USER_LOGIN FROM users u INNER JOIN prename_list pt ON pt.prename_id = u.user_prename WHERE u.enable='Y' AND pt.enable='Y' AND u.user_username='test_teacher' AND u.user_password='test_teacher' LIMIT 1) 
[WEB_SQL][UserRepository][2022-08-06 05:51:10][INFO]: QUERY : (SELECT u.user_id,u.user_username, u.user_firstname, u.user_lastname,u.user_prename,pt.prename_text, u.user_email, u.user_type,  IF((SELECT COUNT(*) FROM users u WHERE u.user_username='test_teacher')>0,1,0) AS USER_EXIST , IF((SELECT COUNT(*) FROM users u WHERE u.user_username = 'test_teacher' AND u.user_password='test_teacher' )>0, 1,0) AS USER_LOGIN FROM users u INNER JOIN prename_list pt ON pt.prename_id = u.user_prename WHERE u.enable='Y' AND pt.enable='Y' AND u.user_username='test_teacher' AND u.user_password='test_teacher' LIMIT 1) 
[WEB_SQL][UserRepository][2022-08-06 05:51:13][INFO]: QUERY : (SELECT u.user_id,u.user_username, u.user_firstname, u.user_lastname,u.user_prename,pt.prename_text, u.user_email, u.user_type,  IF((SELECT COUNT(*) FROM users u WHERE u.user_username='test_teacher')>0,1,0) AS USER_EXIST , IF((SELECT COUNT(*) FROM users u WHERE u.user_username = 'test_teacher' AND u.user_password='test_teacher' )>0, 1,0) AS USER_LOGIN FROM users u INNER JOIN prename_list pt ON pt.prename_id = u.user_prename WHERE u.enable='Y' AND pt.enable='Y' AND u.user_username='test_teacher' AND u.user_password='test_teacher' LIMIT 1) 
[WEB_SQL][UserRepository][2022-08-06 05:51:37][INFO]: QUERY : (SELECT u.user_id,u.user_username, u.user_firstname, u.user_lastname,u.user_prename,pt.prename_text, u.user_email, u.user_type,  IF((SELECT COUNT(*) FROM users u WHERE u.user_username='test_teacher')>0,1,0) AS USER_EXIST , IF((SELECT COUNT(*) FROM users u WHERE u.user_username = 'test_teacher' AND u.user_password='test_teacher' )>0, 1,0) AS USER_LOGIN FROM users u INNER JOIN prename_list pt ON pt.prename_id = u.user_prename WHERE u.enable='Y' AND pt.enable='Y' AND u.user_username='test_teacher' AND u.user_password='test_teacher' LIMIT 1) 
[WEB_SQL][UserRepository][2022-08-06 05:55:42][INFO]: QUERY : (SELECT u.user_id,u.user_username, u.user_firstname, u.user_lastname,u.user_prename,pt.prename_text, u.user_email, u.user_type,  IF((SELECT COUNT(*) FROM users u WHERE u.user_username='test_teacher')>0,1,0) AS USER_EXIST , IF((SELECT COUNT(*) FROM users u WHERE u.user_username = 'test_teacher' AND u.user_password='test_teacher' )>0, 1,0) AS USER_LOGIN FROM users u INNER JOIN prename_list pt ON pt.prename_id = u.user_prename WHERE u.enable='Y' AND pt.enable='Y' AND u.user_username='test_teacher' AND u.user_password='test_teacher' LIMIT 1) 
[WEB_SQL][UserRepository][2022-08-06 05:55:48][INFO]: QUERY : (SELECT u.user_id,u.user_username, u.user_firstname, u.user_lastname,u.user_prename,pt.prename_text, u.user_email, u.user_type,  IF((SELECT COUNT(*) FROM users u WHERE u.user_username='test_teacher')>0,1,0) AS USER_EXIST , IF((SELECT COUNT(*) FROM users u WHERE u.user_username = 'test_teacher' AND u.user_password='test_teacher' )>0, 1,0) AS USER_LOGIN FROM users u INNER JOIN prename_list pt ON pt.prename_id = u.user_prename WHERE u.enable='Y' AND pt.enable='Y' AND u.user_username='test_teacher' AND u.user_password='test_teacher' LIMIT 1) 
[WEB_SQL][UserRepository][2022-08-06 05:56:09][INFO]: QUERY : (SELECT u.user_id,u.user_username, u.user_firstname, u.user_lastname,u.user_prename,pt.prename_text, u.user_email, u.user_type,  IF((SELECT COUNT(*) FROM users u WHERE u.user_username='test_teacher')>0,1,0) AS USER_EXIST , IF((SELECT COUNT(*) FROM users u WHERE u.user_username = 'test_teacher' AND u.user_password='test_teacher' )>0, 1,0) AS USER_LOGIN FROM users u INNER JOIN prename_list pt ON pt.prename_id = u.user_prename WHERE u.enable='Y' AND pt.enable='Y' AND u.user_username='test_teacher' AND u.user_password='test_teacher' LIMIT 1) 
[WEB_SQL][UserRepository][2022-08-06 05:56:32][INFO]: QUERY : (SELECT u.user_id,u.user_username, u.user_firstname, u.user_lastname,u.user_prename,pt.prename_text, u.user_email, u.user_type,  IF((SELECT COUNT(*) FROM users u WHERE u.user_username='test_teacher')>0,1,0) AS USER_EXIST , IF((SELECT COUNT(*) FROM users u WHERE u.user_username = 'test_teacher' AND u.user_password='test_teacher' )>0, 1,0) AS USER_LOGIN FROM users u INNER JOIN prename_list pt ON pt.prename_id = u.user_prename WHERE u.enable='Y' AND pt.enable='Y' AND u.user_username='test_teacher' AND u.user_password='test_teacher' LIMIT 1) 
[WEB_SQL][UserRepository][2022-08-06 05:57:04][INFO]: QUERY : (SELECT u.user_id,u.user_username, u.user_firstname, u.user_lastname,u.user_prename,pt.prename_text, u.user_email, u.user_type,  IF((SELECT COUNT(*) FROM users u WHERE u.user_username='test_teacher')>0,1,0) AS USER_EXIST , IF((SELECT COUNT(*) FROM users u WHERE u.user_username = 'test_teacher' AND u.user_password='test_teacher' )>0, 1,0) AS USER_LOGIN FROM users u INNER JOIN prename_list pt ON pt.prename_id = u.user_prename WHERE u.enable='Y' AND pt.enable='Y' AND u.user_username='test_teacher' AND u.user_password='test_teacher' LIMIT 1) 
[WEB_SQL][UserRepository][2022-08-06 05:58:04][INFO]: QUERY : (SELECT u.user_id,u.user_username, u.user_firstname, u.user_lastname,u.user_prename,pt.prename_text, u.user_email, u.user_type,  IF((SELECT COUNT(*) FROM users u WHERE u.user_username='test_teacher')>0,1,0) AS USER_EXIST , IF((SELECT COUNT(*) FROM users u WHERE u.user_username = 'test_teacher' AND u.user_password='test_teacher' )>0, 1,0) AS USER_LOGIN FROM users u INNER JOIN prename_list pt ON pt.prename_id = u.user_prename WHERE u.enable='Y' AND pt.enable='Y' AND u.user_username='test_teacher' AND u.user_password='test_teacher' LIMIT 1) 
[WEB_SQL][UserRepository][2022-08-06 05:58:55][INFO]: QUERY : (SELECT u.user_id,u.user_username, u.user_firstname, u.user_lastname,u.user_prename,pt.prename_text, u.user_email, u.user_type,  IF((SELECT COUNT(*) FROM users u WHERE u.user_username='test_teacher')>0,1,0) AS USER_EXIST , IF((SELECT COUNT(*) FROM users u WHERE u.user_username = 'test_teacher' AND u.user_password='test_teacher' )>0, 1,0) AS USER_LOGIN FROM users u INNER JOIN prename_list pt ON pt.prename_id = u.user_prename WHERE u.enable='Y' AND pt.enable='Y' AND u.user_username='test_teacher' AND u.user_password='test_teacher' LIMIT 1) 
[WEB_SQL][UserRepository][2022-08-06 05:59:16][INFO]: QUERY : (SELECT u.user_id,u.user_username, u.user_firstname, u.user_lastname,u.user_prename,pt.prename_text, u.user_email, u.user_type,  IF((SELECT COUNT(*) FROM users u WHERE u.user_username='test_teacher')>0,1,0) AS USER_EXIST , IF((SELECT COUNT(*) FROM users u WHERE u.user_username = 'test_teacher' AND u.user_password='test_teacher' )>0, 1,0) AS USER_LOGIN FROM users u INNER JOIN prename_list pt ON pt.prename_id = u.user_prename WHERE u.enable='Y' AND pt.enable='Y' AND u.user_username='test_teacher' AND u.user_password='test_teacher' LIMIT 1) 
[WEB_SQL][UserRepository][2022-08-06 05:59:32][INFO]: QUERY : (SELECT u.user_id,u.user_username, u.user_firstname, u.user_lastname,u.user_prename,pt.prename_text, u.user_email, u.user_type,  IF((SELECT COUNT(*) FROM users u WHERE u.user_username='test_teacher')>0,1,0) AS USER_EXIST , IF((SELECT COUNT(*) FROM users u WHERE u.user_username = 'test_teacher' AND u.user_password='test_teacher' )>0, 1,0) AS USER_LOGIN FROM users u INNER JOIN prename_list pt ON pt.prename_id = u.user_prename WHERE u.enable='Y' AND pt.enable='Y' AND u.user_username='test_teacher' AND u.user_password='test_teacher' LIMIT 1) 
[WEB_SQL][UserRepository][2022-08-06 05:59:54][INFO]: QUERY : (SELECT u.user_id,u.user_username, u.user_firstname, u.user_lastname,u.user_prename,pt.prename_text, u.user_email, u.user_type,  IF((SELECT COUNT(*) FROM users u WHERE u.user_username='test_teacher')>0,1,0) AS USER_EXIST , IF((SELECT COUNT(*) FROM users u WHERE u.user_username = 'test_teacher' AND u.user_password='test_teacher' )>0, 1,0) AS USER_LOGIN FROM users u INNER JOIN prename_list pt ON pt.prename_id = u.user_prename WHERE u.enable='Y' AND pt.enable='Y' AND u.user_username='test_teacher' AND u.user_password='test_teacher' LIMIT 1) 
[WEB_SQL][UserRepository][2022-08-06 05:59:56][INFO]: QUERY : (SELECT u.user_id,u.user_username, u.user_firstname, u.user_lastname,u.user_prename,pt.prename_text, u.user_email, u.user_type,  IF((SELECT COUNT(*) FROM users u WHERE u.user_username='test_teacher')>0,1,0) AS USER_EXIST , IF((SELECT COUNT(*) FROM users u WHERE u.user_username = 'test_teacher' AND u.user_password='test_teacher' )>0, 1,0) AS USER_LOGIN FROM users u INNER JOIN prename_list pt ON pt.prename_id = u.user_prename WHERE u.enable='Y' AND pt.enable='Y' AND u.user_username='test_teacher' AND u.user_password='test_teacher' LIMIT 1) 
[WEB_SQL][UserRepository][2022-08-06 06:00:35][INFO]: QUERY : (SELECT u.user_id,u.user_username, u.user_firstname, u.user_lastname,u.user_prename,pt.prename_text, u.user_email, u.user_type,  IF((SELECT COUNT(*) FROM users u WHERE u.user_username='test_teacher')>0,1,0) AS USER_EXIST , IF((SELECT COUNT(*) FROM users u WHERE u.user_username = 'test_teacher' AND u.user_password='test_teacher' )>0, 1,0) AS USER_LOGIN FROM users u INNER JOIN prename_list pt ON pt.prename_id = u.user_prename WHERE u.enable='Y' AND pt.enable='Y' AND u.user_username='test_teacher' AND u.user_password='test_teacher' LIMIT 1) 
[WEB_SQL][UserRepository][2022-08-06 06:00:51][INFO]: QUERY : (SELECT u.user_id,u.user_username, u.user_firstname, u.user_lastname,u.user_prename,pt.prename_text, u.user_email, u.user_type,  IF((SELECT COUNT(*) FROM users u WHERE u.user_username='test_teacher')>0,1,0) AS USER_EXIST , IF((SELECT COUNT(*) FROM users u WHERE u.user_username = 'test_teacher' AND u.user_password='test_teacher' )>0, 1,0) AS USER_LOGIN FROM users u INNER JOIN prename_list pt ON pt.prename_id = u.user_prename WHERE u.enable='Y' AND pt.enable='Y' AND u.user_username='test_teacher' AND u.user_password='test_teacher' LIMIT 1) 
