[WEB_SQL][SubjectRepository][2022-08-07 08:02:15][ERROR]: UserRepository deleteSubject Exception: {"msg": "Could not process parameters: str(7), it must be of type list, tuple or dict", "_full_msg": "Could not process parameters: str(7), it must be of type list, tuple or dict", "errno": -1, "sqlstate": null}
[WEB_SQL][SubjectService][2022-08-07 08:02:15][ERROR]: SubjectService deleteSubject() Exception: {"statusCode": 500, "message": "INTERNAL SERVER ERROR", "httpCode": [500], "stack": "Could not process parameters: str(7), it must be of type list, tuple or dict"}
[WEB_SQL][SubjectController][2022-08-07 08:02:15][ERROR]: SubjectController deleteSubject Exception: {"statusCode": 500, "message": "INTERNAL SERVER ERROR", "httpCode": [500], "stack": "Could not process parameters: str(7), it must be of type list, tuple or dict"}
[WEB_SQL][SubjectEventRouter][2022-08-07 08:02:15][ERROR]: SubjectEventRouter deleteSubject() Exception : (500, 'INTERNAL SERVER ERROR', 'Could not process parameters: str(7), it must be of type list, tuple or dict')
[WEB_SQL][SubjectRouter][2022-08-07 08:02:15][ERROR]: SubjectRouter subject() Exception : (500, 'INTERNAL SERVER ERROR', 'Could not process parameters: str(7), it must be of type list, tuple or dict')
[WEB_SQL][SubjectRepository][2022-08-07 08:02:17][ERROR]: UserRepository deleteSubject Exception: {"msg": "Could not process parameters: str(7), it must be of type list, tuple or dict", "_full_msg": "Could not process parameters: str(7), it must be of type list, tuple or dict", "errno": -1, "sqlstate": null}
[WEB_SQL][SubjectService][2022-08-07 08:02:17][ERROR]: SubjectService deleteSubject() Exception: {"statusCode": 500, "message": "INTERNAL SERVER ERROR", "httpCode": [500], "stack": "Could not process parameters: str(7), it must be of type list, tuple or dict"}
[WEB_SQL][SubjectController][2022-08-07 08:02:17][ERROR]: SubjectController deleteSubject Exception: {"statusCode": 500, "message": "INTERNAL SERVER ERROR", "httpCode": [500], "stack": "Could not process parameters: str(7), it must be of type list, tuple or dict"}
[WEB_SQL][SubjectEventRouter][2022-08-07 08:02:17][ERROR]: SubjectEventRouter deleteSubject() Exception : (500, 'INTERNAL SERVER ERROR', 'Could not process parameters: str(7), it must be of type list, tuple or dict')
[WEB_SQL][SubjectRouter][2022-08-07 08:02:17][ERROR]: SubjectRouter subject() Exception : (500, 'INTERNAL SERVER ERROR', 'Could not process parameters: str(7), it must be of type list, tuple or dict')
[WEB_SQL][SubjectRepository][2022-08-07 08:02:26][ERROR]: UserRepository deleteSubject Exception: {"msg": "Could not process parameters: str(7), it must be of type list, tuple or dict", "_full_msg": "Could not process parameters: str(7), it must be of type list, tuple or dict", "errno": -1, "sqlstate": null}
[WEB_SQL][SubjectService][2022-08-07 08:02:26][ERROR]: SubjectService deleteSubject() Exception: {"statusCode": 500, "message": "INTERNAL SERVER ERROR", "httpCode": [500], "stack": "Could not process parameters: str(7), it must be of type list, tuple or dict"}
[WEB_SQL][SubjectController][2022-08-07 08:02:26][ERROR]: SubjectController deleteSubject Exception: {"statusCode": 500, "message": "INTERNAL SERVER ERROR", "httpCode": [500], "stack": "Could not process parameters: str(7), it must be of type list, tuple or dict"}
[WEB_SQL][SubjectEventRouter][2022-08-07 08:02:26][ERROR]: SubjectEventRouter deleteSubject() Exception : (500, 'INTERNAL SERVER ERROR', 'Could not process parameters: str(7), it must be of type list, tuple or dict')
[WEB_SQL][SubjectRouter][2022-08-07 08:02:26][ERROR]: SubjectRouter subject() Exception : (500, 'INTERNAL SERVER ERROR', 'Could not process parameters: str(7), it must be of type list, tuple or dict')
[WEB_SQL][SubjectRepository][2022-08-07 08:03:06][ERROR]: UserRepository deleteSubject Exception: {"msg": "Could not process parameters: str(7), it must be of type list, tuple or dict", "_full_msg": "Could not process parameters: str(7), it must be of type list, tuple or dict", "errno": -1, "sqlstate": null}
[WEB_SQL][SubjectService][2022-08-07 08:03:06][ERROR]: SubjectService deleteSubject() Exception: {"statusCode": 500, "message": "INTERNAL SERVER ERROR", "httpCode": [500], "stack": "Could not process parameters: str(7), it must be of type list, tuple or dict"}
[WEB_SQL][SubjectController][2022-08-07 08:03:06][ERROR]: SubjectController deleteSubject Exception: {"statusCode": 500, "message": "INTERNAL SERVER ERROR", "httpCode": [500], "stack": "Could not process parameters: str(7), it must be of type list, tuple or dict"}
[WEB_SQL][SubjectEventRouter][2022-08-07 08:03:06][ERROR]: SubjectEventRouter deleteSubject() Exception : (500, 'INTERNAL SERVER ERROR', 'Could not process parameters: str(7), it must be of type list, tuple or dict')
[WEB_SQL][SubjectRouter][2022-08-07 08:03:06][ERROR]: SubjectRouter subject() Exception : (500, 'INTERNAL SERVER ERROR', 'Could not process parameters: str(7), it must be of type list, tuple or dict')
[WEB_SQL][SubjectRepository][2022-08-07 08:04:53][INFO]: 7
[WEB_SQL][SubjectRepository][2022-08-07 08:04:53][ERROR]: UserRepository deleteSubject Exception: {"msg": "Could not process parameters: str(7), it must be of type list, tuple or dict", "_full_msg": "Could not process parameters: str(7), it must be of type list, tuple or dict", "errno": -1, "sqlstate": null}
[WEB_SQL][SubjectService][2022-08-07 08:04:53][ERROR]: SubjectService deleteSubject() Exception: {"statusCode": 500, "message": "INTERNAL SERVER ERROR", "httpCode": [500], "stack": "Could not process parameters: str(7), it must be of type list, tuple or dict"}
[WEB_SQL][SubjectController][2022-08-07 08:04:53][ERROR]: SubjectController deleteSubject Exception: {"statusCode": 500, "message": "INTERNAL SERVER ERROR", "httpCode": [500], "stack": "Could not process parameters: str(7), it must be of type list, tuple or dict"}
[WEB_SQL][SubjectEventRouter][2022-08-07 08:04:53][ERROR]: SubjectEventRouter deleteSubject() Exception : (500, 'INTERNAL SERVER ERROR', 'Could not process parameters: str(7), it must be of type list, tuple or dict')
[WEB_SQL][SubjectRouter][2022-08-07 08:04:53][ERROR]: SubjectRouter subject() Exception : (500, 'INTERNAL SERVER ERROR', 'Could not process parameters: str(7), it must be of type list, tuple or dict')
[WEB_SQL][SubjectRepository][2022-08-07 08:05:22][INFO]: 7
[WEB_SQL][PrenameService][2022-08-07 08:23:43][INFO]: <V1.models.teacherModel.TeacherModel object at 0x0000014A02BD7700>
[WEB_SQL][PrenameService][2022-08-07 08:23:43][INFO]: <V1.models.teacherModel.TeacherModel object at 0x0000014A02BD7700>
[WEB_SQL][UserRepository][2022-08-07 08:39:59][INFO]: QUERY : (SELECT u.user_id,u.user_username, u.user_firstname, u.user_lastname,u.user_prename,pt.prename_text, u.user_email, u.user_type,  IF((SELECT COUNT(*) FROM users u WHERE u.user_username='test_admin')>0,1,0) AS USER_EXIST , IF((SELECT COUNT(*) FROM users u WHERE u.user_username = 'test_admin' AND u.user_password='test_password' )>0, 1,0) AS USER_LOGIN FROM users u INNER JOIN prename_list pt ON pt.prename_id = u.user_prename WHERE u.enable='Y' AND pt.enable='Y' AND u.user_username='test_admin' AND u.user_password='test_password' LIMIT 1) 
[WEB_SQL][PrenameService][2022-08-07 08:39:59][INFO]: <V1.models.teacherModel.TeacherModel object at 0x0000014A02C48C70>
[WEB_SQL][PrenameService][2022-08-07 08:39:59][INFO]: <V1.models.teacherModel.TeacherModel object at 0x0000014A02C48C70>
[WEB_SQL][UserRepository][2022-08-07 09:12:44][INFO]: QUERY : (SELECT u.user_id,u.user_username, u.user_firstname, u.user_lastname,u.user_prename,pt.prename_text, u.user_email, u.user_type,  IF((SELECT COUNT(*) FROM users u WHERE u.user_username='test_admin')>0,1,0) AS USER_EXIST , IF((SELECT COUNT(*) FROM users u WHERE u.user_username = 'test_admin' AND u.user_password='test_password' )>0, 1,0) AS USER_LOGIN FROM users u INNER JOIN prename_list pt ON pt.prename_id = u.user_prename WHERE u.enable='Y' AND pt.enable='Y' AND u.user_username='test_admin' AND u.user_password='test_password' LIMIT 1) 
[WEB_SQL][UserRepository][2022-08-07 09:12:45][INFO]: QUERY : (SELECT u.user_id,u.user_username, u.user_firstname, u.user_lastname,u.user_prename,pt.prename_text, u.user_email, u.user_type,  IF((SELECT COUNT(*) FROM users u WHERE u.user_username='test_admin')>0,1,0) AS USER_EXIST , IF((SELECT COUNT(*) FROM users u WHERE u.user_username = 'test_admin' AND u.user_password='test_password' )>0, 1,0) AS USER_LOGIN FROM users u INNER JOIN prename_list pt ON pt.prename_id = u.user_prename WHERE u.enable='Y' AND pt.enable='Y' AND u.user_username='test_admin' AND u.user_password='test_password' LIMIT 1) 
[WEB_SQL][UserRepository][2022-08-07 09:12:54][INFO]: QUERY : (SELECT u.user_id,u.user_username, u.user_firstname, u.user_lastname,u.user_prename,pt.prename_text, u.user_email, u.user_type,  IF((SELECT COUNT(*) FROM users u WHERE u.user_username='test')>0,1,0) AS USER_EXIST , IF((SELECT COUNT(*) FROM users u WHERE u.user_username = 'test' AND u.user_password='test' )>0, 1,0) AS USER_LOGIN FROM users u INNER JOIN prename_list pt ON pt.prename_id = u.user_prename WHERE u.enable='Y' AND pt.enable='Y' AND u.user_username='test' AND u.user_password='test' LIMIT 1) 
[WEB_SQL][UserRepository][2022-08-07 09:12:59][INFO]: QUERY : (SELECT u.user_id,u.user_username, u.user_firstname, u.user_lastname,u.user_prename,pt.prename_text, u.user_email, u.user_type,  IF((SELECT COUNT(*) FROM users u WHERE u.user_username='test_admin')>0,1,0) AS USER_EXIST , IF((SELECT COUNT(*) FROM users u WHERE u.user_username = 'test_admin' AND u.user_password='test_password' )>0, 1,0) AS USER_LOGIN FROM users u INNER JOIN prename_list pt ON pt.prename_id = u.user_prename WHERE u.enable='Y' AND pt.enable='Y' AND u.user_username='test_admin' AND u.user_password='test_password' LIMIT 1) 
