[WEB_SQL][PrenameService][2022-08-06 04:11:09][ERROR]: PrenameService getPrenames() Exception: {}
[WEB_SQL][PrenameService][2022-08-06 04:11:09][ERROR]: PrenameService getPrenames() Exception: {}
[WEB_SQL][PrenameController][2022-08-06 04:11:09][ERROR]: PrenameController getPrenames Exception: {"statusCode": 500, "message": "INTERNAL SERVER ERROR", "httpCode": [500], "stack": null}
[WEB_SQL][PrenameEventRouter][2022-08-06 04:11:09][ERROR]: PrenameEventRouter getPrenames() Exception : (500, 'INTERNAL SERVER ERROR', None)
[WEB_SQL][PrenameRouter][2022-08-06 04:11:09][ERROR]: Exception PrenameRouter prenames() Exception : (500, 'INTERNAL SERVER ERROR', None)
[WEB_SQL][PrenameService][2022-08-06 04:13:15][ERROR]: PrenameService getPrenames() Exception: {}
[WEB_SQL][PrenameService][2022-08-06 04:13:15][ERROR]: PrenameService getPrenames() Exception: {}
[WEB_SQL][PrenameController][2022-08-06 04:13:15][ERROR]: PrenameController getPrenames Exception: {"statusCode": 500, "message": "INTERNAL SERVER ERROR", "httpCode": [500], "stack": null}
[WEB_SQL][PrenameEventRouter][2022-08-06 04:13:15][ERROR]: PrenameEventRouter getPrenames() Exception : (500, 'INTERNAL SERVER ERROR', None)
[WEB_SQL][PrenameService][2022-08-06 04:14:01][ERROR]: PrenameService getPrenames() Exception: {}
[WEB_SQL][PrenameService][2022-08-06 04:14:01][ERROR]: PrenameService getPrenames() Exception: {}
[WEB_SQL][PrenameController][2022-08-06 04:14:01][ERROR]: PrenameController getPrenames Exception: {"statusCode": 500, "message": "INTERNAL SERVER ERROR", "httpCode": [500], "stack": null}
[WEB_SQL][PrenameEventRouter][2022-08-06 04:14:01][ERROR]: PrenameEventRouter getPrenames() Exception : (500, 'INTERNAL SERVER ERROR', None)
[WEB_SQL][PrenameService][2022-08-06 04:14:49][ERROR]: PrenameService getPrenames() Exception: {}
[WEB_SQL][PrenameService][2022-08-06 04:14:49][ERROR]: PrenameService getPrenames() Exception: {}
[WEB_SQL][PrenameController][2022-08-06 04:14:49][ERROR]: PrenameController getPrenames Exception: {"statusCode": 500, "message": "INTERNAL SERVER ERROR", "httpCode": [500], "stack": null}
[WEB_SQL][PrenameEventRouter][2022-08-06 04:14:49][ERROR]: PrenameEventRouter getPrenames() Exception : (500, 'INTERNAL SERVER ERROR', None)
[WEB_SQL][PrenameService][2022-08-06 04:15:14][ERROR]: PrenameService getPrenames() Exception: {}
[WEB_SQL][PrenameService][2022-08-06 04:15:14][ERROR]: PrenameService getPrenames() Exception: {}
[WEB_SQL][PrenameController][2022-08-06 04:15:14][ERROR]: PrenameController getPrenames Exception: {"statusCode": 500, "message": "INTERNAL SERVER ERROR", "httpCode": [500], "stack": null}
[WEB_SQL][PrenameEventRouter][2022-08-06 04:15:14][ERROR]: PrenameEventRouter getPrenames() Exception : (500, 'INTERNAL SERVER ERROR', None)
[WEB_SQL][PrenameService][2022-08-06 04:16:05][ERROR]: PrenameService getPrenames() Exception: {}
[WEB_SQL][PrenameService][2022-08-06 04:16:05][ERROR]: PrenameService getPrenames() Exception: {}
[WEB_SQL][PrenameController][2022-08-06 04:16:05][ERROR]: PrenameController getPrenames Exception: {"statusCode": 500, "message": "INTERNAL SERVER ERROR", "httpCode": [500], "stack": null}
[WEB_SQL][PrenameEventRouter][2022-08-06 04:16:05][ERROR]: PrenameEventRouter getPrenames() Exception : (500, 'INTERNAL SERVER ERROR', None)
[WEB_SQL][PrenameRouter][2022-08-06 04:16:05][ERROR]: EROR : (500, 'INTERNAL SERVER ERROR', None)
[WEB_SQL][PrenameRouter][2022-08-06 04:16:05][ERROR]: PrenameRouter prenames() Exception : (500, 'INTERNAL SERVER ERROR', None)
[WEB_SQL][PrenameService][2022-08-06 04:17:38][ERROR]: PrenameService getPrenames() Exception: {}
[WEB_SQL][PrenameService][2022-08-06 04:17:38][ERROR]: PrenameService getPrenames() Exception: {}
[WEB_SQL][PrenameController][2022-08-06 04:17:38][ERROR]: PrenameController getPrenames Exception: {"statusCode": 500, "message": "INTERNAL SERVER ERROR", "httpCode": [500], "stack": null}
[WEB_SQL][PrenameEventRouter][2022-08-06 04:17:38][ERROR]: PrenameEventRouter getPrenames() Exception : (500, 'INTERNAL SERVER ERROR', None)
[WEB_SQL][PrenameRouter][2022-08-06 04:17:38][ERROR]: EROR : (500, 'INTERNAL SERVER ERROR', None)
[WEB_SQL][PrenameRouter][2022-08-06 04:17:38][ERROR]: PrenameRouter prenames() Exception : (500, 'INTERNAL SERVER ERROR', None)
[WEB_SQL][PrenameService][2022-08-06 04:20:59][INFO]: try1
[WEB_SQL][PrenameService][2022-08-06 04:20:59][INFO]: try1
[WEB_SQL][PrenameService][2022-08-06 04:20:59][INFO]: try2
[WEB_SQL][PrenameService][2022-08-06 04:20:59][INFO]: try2
[WEB_SQL][PrenameService][2022-08-06 04:20:59][ERROR]: PrenameService getPrenames() Exception: {}
[WEB_SQL][PrenameService][2022-08-06 04:20:59][ERROR]: PrenameService getPrenames() Exception: {}
[WEB_SQL][PrenameController][2022-08-06 04:20:59][ERROR]: PrenameController getPrenames Exception: {"statusCode": 500, "message": "INTERNAL SERVER ERROR", "httpCode": [500], "stack": null}
[WEB_SQL][PrenameEventRouter][2022-08-06 04:20:59][ERROR]: PrenameEventRouter getPrenames() Exception : (500, 'INTERNAL SERVER ERROR', None)
[WEB_SQL][PrenameRouter][2022-08-06 04:20:59][ERROR]: PrenameRouter prenames() Exception : (500, 'INTERNAL SERVER ERROR', None)
[WEB_SQL][PrenameRepository][2022-08-06 04:21:53][INFO]: try
[WEB_SQL][PrenameRepository][2022-08-06 04:21:53][INFO]: finally
[WEB_SQL][PrenameService][2022-08-06 04:21:53][ERROR]: PrenameService getPrenames() Exception: {}
[WEB_SQL][PrenameService][2022-08-06 04:21:53][ERROR]: PrenameService getPrenames() Exception: {}
[WEB_SQL][PrenameController][2022-08-06 04:21:53][ERROR]: PrenameController getPrenames Exception: {"statusCode": 500, "message": "INTERNAL SERVER ERROR", "httpCode": [500], "stack": null}
[WEB_SQL][PrenameEventRouter][2022-08-06 04:21:53][ERROR]: PrenameEventRouter getPrenames() Exception : (500, 'INTERNAL SERVER ERROR', None)
[WEB_SQL][PrenameRouter][2022-08-06 04:21:53][ERROR]: PrenameRouter prenames() Exception : (500, 'INTERNAL SERVER ERROR', None)
[WEB_SQL][PrenameRepository][2022-08-06 04:22:21][INFO]: try1
[WEB_SQL][PrenameRepository][2022-08-06 04:22:21][INFO]: try2
[WEB_SQL][PrenameRepository][2022-08-06 04:22:21][INFO]: finally
[WEB_SQL][PrenameService][2022-08-06 04:22:21][ERROR]: PrenameService getPrenames() Exception: {}
[WEB_SQL][PrenameService][2022-08-06 04:22:21][ERROR]: PrenameService getPrenames() Exception: {}
[WEB_SQL][PrenameController][2022-08-06 04:22:21][ERROR]: PrenameController getPrenames Exception: {"statusCode": 500, "message": "INTERNAL SERVER ERROR", "httpCode": [500], "stack": null}
[WEB_SQL][PrenameEventRouter][2022-08-06 04:22:21][ERROR]: PrenameEventRouter getPrenames() Exception : (500, 'INTERNAL SERVER ERROR', None)
[WEB_SQL][PrenameRouter][2022-08-06 04:22:21][ERROR]: PrenameRouter prenames() Exception : (500, 'INTERNAL SERVER ERROR', None)
[WEB_SQL][PrenameService][2022-08-06 04:23:56][ERROR]: PrenameService getPrenames() Exception: {}
[WEB_SQL][PrenameService][2022-08-06 04:23:56][ERROR]: PrenameService getPrenames() Exception: {}
[WEB_SQL][PrenameController][2022-08-06 04:23:56][ERROR]: PrenameController getPrenames Exception: {"statusCode": 500, "message": "INTERNAL SERVER ERROR", "httpCode": [500], "stack": null}
[WEB_SQL][PrenameEventRouter][2022-08-06 04:23:56][ERROR]: PrenameEventRouter getPrenames() Exception : (500, 'INTERNAL SERVER ERROR', None)
[WEB_SQL][PrenameRouter][2022-08-06 04:23:56][ERROR]: PrenameRouter prenames() Exception : (500, 'INTERNAL SERVER ERROR', None)
[WEB_SQL][PrenameService][2022-08-06 04:24:32][ERROR]: PrenameService getPrenames() Exception: {}
[WEB_SQL][PrenameService][2022-08-06 04:24:32][ERROR]: PrenameService getPrenames() Exception: {}
[WEB_SQL][PrenameController][2022-08-06 04:24:32][ERROR]: PrenameController getPrenames Exception: {"statusCode": 500, "message": "INTERNAL SERVER ERROR", "httpCode": [500], "stack": null}
[WEB_SQL][PrenameEventRouter][2022-08-06 04:24:32][ERROR]: PrenameEventRouter getPrenames() Exception : (500, 'INTERNAL SERVER ERROR', None)
[WEB_SQL][PrenameRouter][2022-08-06 04:24:32][ERROR]: PrenameRouter prenames() Exception : (500, 'INTERNAL SERVER ERROR', None)
[WEB_SQL][PrenameService][2022-08-06 04:24:34][ERROR]: PrenameService getPrenames() Exception: {}
[WEB_SQL][PrenameService][2022-08-06 04:24:34][ERROR]: PrenameService getPrenames() Exception: {}
[WEB_SQL][PrenameController][2022-08-06 04:24:34][ERROR]: PrenameController getPrenames Exception: {"statusCode": 500, "message": "INTERNAL SERVER ERROR", "httpCode": [500], "stack": null}
[WEB_SQL][PrenameEventRouter][2022-08-06 04:24:34][ERROR]: PrenameEventRouter getPrenames() Exception : (500, 'INTERNAL SERVER ERROR', None)
[WEB_SQL][PrenameRouter][2022-08-06 04:24:34][ERROR]: PrenameRouter prenames() Exception : (500, 'INTERNAL SERVER ERROR', None)
[WEB_SQL][PrenameService][2022-08-06 04:27:34][INFO]: result : True
[WEB_SQL][PrenameService][2022-08-06 04:27:34][INFO]: result : True
[WEB_SQL][PrenameService][2022-08-06 04:27:34][INFO]: resultList : []
[WEB_SQL][PrenameService][2022-08-06 04:27:34][INFO]: resultList : []
[WEB_SQL][PrenameService][2022-08-06 04:27:34][ERROR]: PrenameService getPrenames() Exception: {}
[WEB_SQL][PrenameService][2022-08-06 04:27:34][ERROR]: PrenameService getPrenames() Exception: {}
[WEB_SQL][PrenameController][2022-08-06 04:27:34][ERROR]: PrenameController getPrenames Exception: {"statusCode": 500, "message": "INTERNAL SERVER ERROR", "httpCode": [500], "stack": null}
[WEB_SQL][PrenameEventRouter][2022-08-06 04:27:34][ERROR]: PrenameEventRouter getPrenames() Exception : (500, 'INTERNAL SERVER ERROR', None)
[WEB_SQL][PrenameRouter][2022-08-06 04:27:34][ERROR]: PrenameRouter prenames() Exception : (500, 'INTERNAL SERVER ERROR', None)
[WEB_SQL][PrenameService][2022-08-06 04:29:07][INFO]: result : [{'prename_id': 1, 'prename_text': 'นาย', 'enable': 'Y', 'created_at': datetime.datetime(2022, 4, 20, 0, 54, 26), 'updated_at': datetime.datetime(2022, 4, 20, 0, 54, 26)}, {'prename_id': 2, 'prename_text': 'นาง', 'enable': 'Y', 'created_at': datetime.datetime(2022, 4, 20, 0, 54, 26), 'updated_at': datetime.datetime(2022, 4, 20, 0, 54, 26)}, {'prename_id': 3, 'prename_text': 'นางสาว', 'enable': 'Y', 'created_at': datetime.datetime(2022, 4, 20, 0, 54, 55), 'updated_at': datetime.datetime(2022, 4, 20, 0, 54, 55)}, {'prename_id': 4, 'prename_text': 'อ.ดร', 'enable': 'Y', 'created_at': datetime.datetime(2022, 4, 20, 0, 54, 55), 'updated_at': datetime.datetime(2022, 4, 20, 0, 54, 55)}, {'prename_id': 5, 'prename_text': 'ผศ.ดร', 'enable': 'Y', 'created_at': datetime.datetime(2022, 4, 20, 0, 55, 29), 'updated_at': datetime.datetime(2022, 4, 20, 0, 55, 29)}, {'prename_id': 6, 'prename_text': 'ศ.ดร', 'enable': 'Y', 'created_at': datetime.datetime(2022, 4, 20, 0, 55, 29), 'updated_at': datetime.datetime(2022, 4, 20, 0, 55, 29)}]
[WEB_SQL][PrenameService][2022-08-06 04:29:07][INFO]: result : [{'prename_id': 1, 'prename_text': 'นาย', 'enable': 'Y', 'created_at': datetime.datetime(2022, 4, 20, 0, 54, 26), 'updated_at': datetime.datetime(2022, 4, 20, 0, 54, 26)}, {'prename_id': 2, 'prename_text': 'นาง', 'enable': 'Y', 'created_at': datetime.datetime(2022, 4, 20, 0, 54, 26), 'updated_at': datetime.datetime(2022, 4, 20, 0, 54, 26)}, {'prename_id': 3, 'prename_text': 'นางสาว', 'enable': 'Y', 'created_at': datetime.datetime(2022, 4, 20, 0, 54, 55), 'updated_at': datetime.datetime(2022, 4, 20, 0, 54, 55)}, {'prename_id': 4, 'prename_text': 'อ.ดร', 'enable': 'Y', 'created_at': datetime.datetime(2022, 4, 20, 0, 54, 55), 'updated_at': datetime.datetime(2022, 4, 20, 0, 54, 55)}, {'prename_id': 5, 'prename_text': 'ผศ.ดร', 'enable': 'Y', 'created_at': datetime.datetime(2022, 4, 20, 0, 55, 29), 'updated_at': datetime.datetime(2022, 4, 20, 0, 55, 29)}, {'prename_id': 6, 'prename_text': 'ศ.ดร', 'enable': 'Y', 'created_at': datetime.datetime(2022, 4, 20, 0, 55, 29), 'updated_at': datetime.datetime(2022, 4, 20, 0, 55, 29)}]
[WEB_SQL][PrenameService][2022-08-06 04:29:07][INFO]: resultList : []
[WEB_SQL][PrenameService][2022-08-06 04:29:07][INFO]: resultList : []
[WEB_SQL][PrenameService][2022-08-06 04:29:07][INFO]: {'prename_id': 1, 'prename_text': 'นาย', 'enable': 'Y', 'created_at': datetime.datetime(2022, 4, 20, 0, 54, 26), 'updated_at': datetime.datetime(2022, 4, 20, 0, 54, 26)}
[WEB_SQL][PrenameService][2022-08-06 04:29:07][INFO]: {'prename_id': 1, 'prename_text': 'นาย', 'enable': 'Y', 'created_at': datetime.datetime(2022, 4, 20, 0, 54, 26), 'updated_at': datetime.datetime(2022, 4, 20, 0, 54, 26)}
[WEB_SQL][PrenameService][2022-08-06 04:29:07][INFO]: {'prenameId': 1, 'prenameText': 'นาย'}
[WEB_SQL][PrenameService][2022-08-06 04:29:07][INFO]: {'prenameId': 1, 'prenameText': 'นาย'}
[WEB_SQL][PrenameService][2022-08-06 04:29:07][INFO]: {'prename_id': 2, 'prename_text': 'นาง', 'enable': 'Y', 'created_at': datetime.datetime(2022, 4, 20, 0, 54, 26), 'updated_at': datetime.datetime(2022, 4, 20, 0, 54, 26)}
[WEB_SQL][PrenameService][2022-08-06 04:29:07][INFO]: {'prename_id': 2, 'prename_text': 'นาง', 'enable': 'Y', 'created_at': datetime.datetime(2022, 4, 20, 0, 54, 26), 'updated_at': datetime.datetime(2022, 4, 20, 0, 54, 26)}
[WEB_SQL][PrenameService][2022-08-06 04:29:07][INFO]: {'prenameId': 2, 'prenameText': 'นาง'}
[WEB_SQL][PrenameService][2022-08-06 04:29:07][INFO]: {'prenameId': 2, 'prenameText': 'นาง'}
[WEB_SQL][PrenameService][2022-08-06 04:29:07][INFO]: {'prename_id': 3, 'prename_text': 'นางสาว', 'enable': 'Y', 'created_at': datetime.datetime(2022, 4, 20, 0, 54, 55), 'updated_at': datetime.datetime(2022, 4, 20, 0, 54, 55)}
[WEB_SQL][PrenameService][2022-08-06 04:29:07][INFO]: {'prename_id': 3, 'prename_text': 'นางสาว', 'enable': 'Y', 'created_at': datetime.datetime(2022, 4, 20, 0, 54, 55), 'updated_at': datetime.datetime(2022, 4, 20, 0, 54, 55)}
[WEB_SQL][PrenameService][2022-08-06 04:29:07][INFO]: {'prenameId': 3, 'prenameText': 'นางสาว'}
[WEB_SQL][PrenameService][2022-08-06 04:29:07][INFO]: {'prenameId': 3, 'prenameText': 'นางสาว'}
[WEB_SQL][PrenameService][2022-08-06 04:29:07][INFO]: {'prename_id': 4, 'prename_text': 'อ.ดร', 'enable': 'Y', 'created_at': datetime.datetime(2022, 4, 20, 0, 54, 55), 'updated_at': datetime.datetime(2022, 4, 20, 0, 54, 55)}
[WEB_SQL][PrenameService][2022-08-06 04:29:07][INFO]: {'prename_id': 4, 'prename_text': 'อ.ดร', 'enable': 'Y', 'created_at': datetime.datetime(2022, 4, 20, 0, 54, 55), 'updated_at': datetime.datetime(2022, 4, 20, 0, 54, 55)}
[WEB_SQL][PrenameService][2022-08-06 04:29:07][INFO]: {'prenameId': 4, 'prenameText': 'อ.ดร'}
[WEB_SQL][PrenameService][2022-08-06 04:29:07][INFO]: {'prenameId': 4, 'prenameText': 'อ.ดร'}
[WEB_SQL][PrenameService][2022-08-06 04:29:07][INFO]: {'prename_id': 5, 'prename_text': 'ผศ.ดร', 'enable': 'Y', 'created_at': datetime.datetime(2022, 4, 20, 0, 55, 29), 'updated_at': datetime.datetime(2022, 4, 20, 0, 55, 29)}
[WEB_SQL][PrenameService][2022-08-06 04:29:07][INFO]: {'prename_id': 5, 'prename_text': 'ผศ.ดร', 'enable': 'Y', 'created_at': datetime.datetime(2022, 4, 20, 0, 55, 29), 'updated_at': datetime.datetime(2022, 4, 20, 0, 55, 29)}
[WEB_SQL][PrenameService][2022-08-06 04:29:07][INFO]: {'prenameId': 5, 'prenameText': 'ผศ.ดร'}
[WEB_SQL][PrenameService][2022-08-06 04:29:07][INFO]: {'prenameId': 5, 'prenameText': 'ผศ.ดร'}
[WEB_SQL][PrenameService][2022-08-06 04:29:07][INFO]: {'prename_id': 6, 'prename_text': 'ศ.ดร', 'enable': 'Y', 'created_at': datetime.datetime(2022, 4, 20, 0, 55, 29), 'updated_at': datetime.datetime(2022, 4, 20, 0, 55, 29)}
[WEB_SQL][PrenameService][2022-08-06 04:29:07][INFO]: {'prename_id': 6, 'prename_text': 'ศ.ดร', 'enable': 'Y', 'created_at': datetime.datetime(2022, 4, 20, 0, 55, 29), 'updated_at': datetime.datetime(2022, 4, 20, 0, 55, 29)}
[WEB_SQL][PrenameService][2022-08-06 04:29:07][INFO]: {'prenameId': 6, 'prenameText': 'ศ.ดร'}
[WEB_SQL][PrenameService][2022-08-06 04:29:07][INFO]: {'prenameId': 6, 'prenameText': 'ศ.ดร'}
[WEB_SQL][UserRepository][2022-08-06 04:29:43][INFO]: QUERY : (SELECT u.user_id,u.user_username, u.user_firstname, u.user_lastname,u.user_prename,pt.prename_text, u.user_email, u.user_type,  IF((SELECT COUNT(*) FROM users u WHERE u.user_username='test')>0,1,0) AS USER_EXIST , IF((SELECT COUNT(*) FROM users u WHERE u.user_username = 'test' AND u.user_password='test' )>0, 1,0) AS USER_LOGIN FROM users u INNER JOIN prename_list pt ON pt.prename_id = u.user_prename WHERE u.enable='Y' AND pt.enable='Y' AND u.user_username='test' AND u.user_password='test' LIMIT 1) 
[WEB_SQL][UserService][2022-08-06 04:29:43][ERROR]: UserService userLogin() Exception: {}
[WEB_SQL][UserController][2022-08-06 04:29:43][ERROR]: UserController userLogin Exception: {"statusCode": 500, "message": "INTERNAL SERVER ERROR", "httpCode": [500], "stack": null}
[WEB_SQL][UserEventRouter][2022-08-06 04:29:43][ERROR]: UserEventRouter getAdmin() Exception : (500, 'INTERNAL SERVER ERROR', None)
[WEB_SQL][UserRouter][2022-08-06 04:29:43][ERROR]: UserRouter login() Exception : (500, 'INTERNAL SERVER ERROR', None)
[WEB_SQL][UserRepository][2022-08-06 04:29:56][INFO]: QUERY : (SELECT u.user_id,u.user_username, u.user_firstname, u.user_lastname,u.user_prename,pt.prename_text, u.user_email, u.user_type,  IF((SELECT COUNT(*) FROM users u WHERE u.user_username='test')>0,1,0) AS USER_EXIST , IF((SELECT COUNT(*) FROM users u WHERE u.user_username = 'test' AND u.user_password='test' )>0, 1,0) AS USER_LOGIN FROM users u INNER JOIN prename_list pt ON pt.prename_id = u.user_prename WHERE u.enable='Y' AND pt.enable='Y' AND u.user_username='test' AND u.user_password='test' LIMIT 1) 
[WEB_SQL][UserRepository][2022-08-06 04:29:56][ERROR]: UserRepository userLogin Exception: {}
[WEB_SQL][UserService][2022-08-06 04:29:56][ERROR]: UserService userLogin() Exception: {"statusCode": 500, "message": "INTERNAL SERVER ERROR", "httpCode": [500], "stack": "list indices must be integers or slices, not str"}
[WEB_SQL][UserController][2022-08-06 04:29:56][ERROR]: UserController userLogin Exception: {"statusCode": 500, "message": "INTERNAL SERVER ERROR", "httpCode": [500], "stack": "list indices must be integers or slices, not str"}
[WEB_SQL][UserEventRouter][2022-08-06 04:29:56][ERROR]: UserEventRouter getAdmin() Exception : (500, 'INTERNAL SERVER ERROR', 'list indices must be integers or slices, not str')
[WEB_SQL][UserRouter][2022-08-06 04:29:56][ERROR]: UserRouter login() Exception : (500, 'INTERNAL SERVER ERROR', 'list indices must be integers or slices, not str')
[WEB_SQL][UserRepository][2022-08-06 04:30:06][INFO]: QUERY : (SELECT u.user_id,u.user_username, u.user_firstname, u.user_lastname,u.user_prename,pt.prename_text, u.user_email, u.user_type,  IF((SELECT COUNT(*) FROM users u WHERE u.user_username='test')>0,1,0) AS USER_EXIST , IF((SELECT COUNT(*) FROM users u WHERE u.user_username = 'test' AND u.user_password='test' )>0, 1,0) AS USER_LOGIN FROM users u INNER JOIN prename_list pt ON pt.prename_id = u.user_prename WHERE u.enable='Y' AND pt.enable='Y' AND u.user_username='test' AND u.user_password='test' LIMIT 1) 
[WEB_SQL][UserRepository][2022-08-06 04:30:06][ERROR]: UserRepository userLogin Exception: {}
[WEB_SQL][UserService][2022-08-06 04:30:06][ERROR]: UserService userLogin() Exception: {"statusCode": 500, "message": "INTERNAL SERVER ERROR", "httpCode": [500], "stack": "list indices must be integers or slices, not str"}
[WEB_SQL][UserController][2022-08-06 04:30:06][ERROR]: UserController userLogin Exception: {"statusCode": 500, "message": "INTERNAL SERVER ERROR", "httpCode": [500], "stack": "list indices must be integers or slices, not str"}
[WEB_SQL][UserEventRouter][2022-08-06 04:30:06][ERROR]: UserEventRouter getAdmin() Exception : (500, 'INTERNAL SERVER ERROR', 'list indices must be integers or slices, not str')
[WEB_SQL][UserRouter][2022-08-06 04:30:06][ERROR]: UserRouter login() Exception : (500, 'INTERNAL SERVER ERROR', 'list indices must be integers or slices, not str')
[WEB_SQL][UserRepository][2022-08-06 04:30:08][INFO]: QUERY : (SELECT u.user_id,u.user_username, u.user_firstname, u.user_lastname,u.user_prename,pt.prename_text, u.user_email, u.user_type,  IF((SELECT COUNT(*) FROM users u WHERE u.user_username='test')>0,1,0) AS USER_EXIST , IF((SELECT COUNT(*) FROM users u WHERE u.user_username = 'test' AND u.user_password='test' )>0, 1,0) AS USER_LOGIN FROM users u INNER JOIN prename_list pt ON pt.prename_id = u.user_prename WHERE u.enable='Y' AND pt.enable='Y' AND u.user_username='test' AND u.user_password='test' LIMIT 1) 
[WEB_SQL][UserService][2022-08-06 04:30:08][ERROR]: UserService userLogin() Exception: {}
[WEB_SQL][UserController][2022-08-06 04:30:08][ERROR]: UserController userLogin Exception: {"statusCode": 500, "message": "INTERNAL SERVER ERROR", "httpCode": [500], "stack": null}
[WEB_SQL][UserEventRouter][2022-08-06 04:30:08][ERROR]: UserEventRouter getAdmin() Exception : (500, 'INTERNAL SERVER ERROR', None)
[WEB_SQL][UserRouter][2022-08-06 04:30:08][ERROR]: UserRouter login() Exception : (500, 'INTERNAL SERVER ERROR', None)
[WEB_SQL][UserRepository][2022-08-06 04:30:10][INFO]: QUERY : (SELECT u.user_id,u.user_username, u.user_firstname, u.user_lastname,u.user_prename,pt.prename_text, u.user_email, u.user_type,  IF((SELECT COUNT(*) FROM users u WHERE u.user_username='test')>0,1,0) AS USER_EXIST , IF((SELECT COUNT(*) FROM users u WHERE u.user_username = 'test' AND u.user_password='test' )>0, 1,0) AS USER_LOGIN FROM users u INNER JOIN prename_list pt ON pt.prename_id = u.user_prename WHERE u.enable='Y' AND pt.enable='Y' AND u.user_username='test' AND u.user_password='test' LIMIT 1) 
[WEB_SQL][UserService][2022-08-06 04:30:10][ERROR]: UserService userLogin() Exception: {}
[WEB_SQL][UserController][2022-08-06 04:30:10][ERROR]: UserController userLogin Exception: {"statusCode": 500, "message": "INTERNAL SERVER ERROR", "httpCode": [500], "stack": null}
[WEB_SQL][UserEventRouter][2022-08-06 04:30:10][ERROR]: UserEventRouter getAdmin() Exception : (500, 'INTERNAL SERVER ERROR', None)
[WEB_SQL][UserRouter][2022-08-06 04:30:10][ERROR]: UserRouter login() Exception : (500, 'INTERNAL SERVER ERROR', None)
[WEB_SQL][UserRepository][2022-08-06 04:31:24][INFO]: QUERY : (SELECT u.user_id,u.user_username, u.user_firstname, u.user_lastname,u.user_prename,pt.prename_text, u.user_email, u.user_type,  IF((SELECT COUNT(*) FROM users u WHERE u.user_username='test')>0,1,0) AS USER_EXIST , IF((SELECT COUNT(*) FROM users u WHERE u.user_username = 'test' AND u.user_password='test' )>0, 1,0) AS USER_LOGIN FROM users u INNER JOIN prename_list pt ON pt.prename_id = u.user_prename WHERE u.enable='Y' AND pt.enable='Y' AND u.user_username='test' AND u.user_password='test' LIMIT 1) 
[WEB_SQL][UserRepository][2022-08-06 04:31:24][ERROR]: UserRepository userLogin Exception: {}
[WEB_SQL][UserService][2022-08-06 04:31:24][ERROR]: UserService userLogin() Exception: {"statusCode": 500, "message": "INTERNAL SERVER ERROR", "httpCode": [500], "stack": "list indices must be integers or slices, not str"}
[WEB_SQL][UserController][2022-08-06 04:31:24][ERROR]: UserController userLogin Exception: {"statusCode": 500, "message": "INTERNAL SERVER ERROR", "httpCode": [500], "stack": "list indices must be integers or slices, not str"}
[WEB_SQL][UserEventRouter][2022-08-06 04:31:24][ERROR]: UserEventRouter getAdmin() Exception : (500, 'INTERNAL SERVER ERROR', 'list indices must be integers or slices, not str')
[WEB_SQL][UserRouter][2022-08-06 04:31:24][ERROR]: UserRouter login() Exception : (500, 'INTERNAL SERVER ERROR', 'list indices must be integers or slices, not str')
[WEB_SQL][UserRepository][2022-08-06 04:32:43][INFO]: QUERY : (SELECT u.user_id,u.user_username, u.user_firstname, u.user_lastname,u.user_prename,pt.prename_text, u.user_email, u.user_type,  IF((SELECT COUNT(*) FROM users u WHERE u.user_username='test')>0,1,0) AS USER_EXIST , IF((SELECT COUNT(*) FROM users u WHERE u.user_username = 'test' AND u.user_password='test' )>0, 1,0) AS USER_LOGIN FROM users u INNER JOIN prename_list pt ON pt.prename_id = u.user_prename WHERE u.enable='Y' AND pt.enable='Y' AND u.user_username='test' AND u.user_password='test' LIMIT 1) 
[WEB_SQL][UserService][2022-08-06 04:32:43][ERROR]: UserService userLogin() Exception: {}
[WEB_SQL][UserController][2022-08-06 04:32:43][ERROR]: UserController userLogin Exception: {"statusCode": 500, "message": "INTERNAL SERVER ERROR", "httpCode": [500], "stack": null}
[WEB_SQL][UserEventRouter][2022-08-06 04:32:43][ERROR]: UserEventRouter getAdmin() Exception : (500, 'INTERNAL SERVER ERROR', None)
[WEB_SQL][UserRouter][2022-08-06 04:32:43][ERROR]: UserRouter login() Exception : (500, 'INTERNAL SERVER ERROR', None)
[WEB_SQL][UserRepository][2022-08-06 04:33:02][INFO]: QUERY : (SELECT u.user_id,u.user_username, u.user_firstname, u.user_lastname,u.user_prename,pt.prename_text, u.user_email, u.user_type,  IF((SELECT COUNT(*) FROM users u WHERE u.user_username='test')>0,1,0) AS USER_EXIST , IF((SELECT COUNT(*) FROM users u WHERE u.user_username = 'test' AND u.user_password='test' )>0, 1,0) AS USER_LOGIN FROM users u INNER JOIN prename_list pt ON pt.prename_id = u.user_prename WHERE u.enable='Y' AND pt.enable='Y' AND u.user_username='test' AND u.user_password='test' LIMIT 1) 
[WEB_SQL][UserRepository][2022-08-06 04:33:02][ERROR]: UserRepository userLogin Exception: {}
[WEB_SQL][UserService][2022-08-06 04:33:02][ERROR]: UserService userLogin() Exception: {"statusCode": 500, "message": "INTERNAL SERVER ERROR", "httpCode": [500], "stack": "list indices must be integers or slices, not str"}
[WEB_SQL][UserController][2022-08-06 04:33:02][ERROR]: UserController userLogin Exception: {"statusCode": 500, "message": "INTERNAL SERVER ERROR", "httpCode": [500], "stack": "list indices must be integers or slices, not str"}
[WEB_SQL][UserEventRouter][2022-08-06 04:33:02][ERROR]: UserEventRouter getAdmin() Exception : (500, 'INTERNAL SERVER ERROR', 'list indices must be integers or slices, not str')
[WEB_SQL][UserRouter][2022-08-06 04:33:02][ERROR]: UserRouter login() Exception : (500, 'INTERNAL SERVER ERROR', 'list indices must be integers or slices, not str')
[WEB_SQL][PrenameService][2022-08-06 04:34:46][INFO]: result : [{'prename_id': 1, 'prename_text': 'นาย', 'enable': 'Y', 'created_at': datetime.datetime(2022, 4, 20, 0, 54, 26), 'updated_at': datetime.datetime(2022, 4, 20, 0, 54, 26)}, {'prename_id': 2, 'prename_text': 'นาง', 'enable': 'Y', 'created_at': datetime.datetime(2022, 4, 20, 0, 54, 26), 'updated_at': datetime.datetime(2022, 4, 20, 0, 54, 26)}, {'prename_id': 3, 'prename_text': 'นางสาว', 'enable': 'Y', 'created_at': datetime.datetime(2022, 4, 20, 0, 54, 55), 'updated_at': datetime.datetime(2022, 4, 20, 0, 54, 55)}, {'prename_id': 4, 'prename_text': 'อ.ดร', 'enable': 'Y', 'created_at': datetime.datetime(2022, 4, 20, 0, 54, 55), 'updated_at': datetime.datetime(2022, 4, 20, 0, 54, 55)}, {'prename_id': 5, 'prename_text': 'ผศ.ดร', 'enable': 'Y', 'created_at': datetime.datetime(2022, 4, 20, 0, 55, 29), 'updated_at': datetime.datetime(2022, 4, 20, 0, 55, 29)}, {'prename_id': 6, 'prename_text': 'ศ.ดร', 'enable': 'Y', 'created_at': datetime.datetime(2022, 4, 20, 0, 55, 29), 'updated_at': datetime.datetime(2022, 4, 20, 0, 55, 29)}]
[WEB_SQL][PrenameService][2022-08-06 04:34:46][INFO]: result : [{'prename_id': 1, 'prename_text': 'นาย', 'enable': 'Y', 'created_at': datetime.datetime(2022, 4, 20, 0, 54, 26), 'updated_at': datetime.datetime(2022, 4, 20, 0, 54, 26)}, {'prename_id': 2, 'prename_text': 'นาง', 'enable': 'Y', 'created_at': datetime.datetime(2022, 4, 20, 0, 54, 26), 'updated_at': datetime.datetime(2022, 4, 20, 0, 54, 26)}, {'prename_id': 3, 'prename_text': 'นางสาว', 'enable': 'Y', 'created_at': datetime.datetime(2022, 4, 20, 0, 54, 55), 'updated_at': datetime.datetime(2022, 4, 20, 0, 54, 55)}, {'prename_id': 4, 'prename_text': 'อ.ดร', 'enable': 'Y', 'created_at': datetime.datetime(2022, 4, 20, 0, 54, 55), 'updated_at': datetime.datetime(2022, 4, 20, 0, 54, 55)}, {'prename_id': 5, 'prename_text': 'ผศ.ดร', 'enable': 'Y', 'created_at': datetime.datetime(2022, 4, 20, 0, 55, 29), 'updated_at': datetime.datetime(2022, 4, 20, 0, 55, 29)}, {'prename_id': 6, 'prename_text': 'ศ.ดร', 'enable': 'Y', 'created_at': datetime.datetime(2022, 4, 20, 0, 55, 29), 'updated_at': datetime.datetime(2022, 4, 20, 0, 55, 29)}]
[WEB_SQL][PrenameService][2022-08-06 04:34:46][INFO]: resultList : []
[WEB_SQL][PrenameService][2022-08-06 04:34:46][INFO]: resultList : []
[WEB_SQL][PrenameService][2022-08-06 04:34:46][INFO]: {'prename_id': 1, 'prename_text': 'นาย', 'enable': 'Y', 'created_at': datetime.datetime(2022, 4, 20, 0, 54, 26), 'updated_at': datetime.datetime(2022, 4, 20, 0, 54, 26)}
[WEB_SQL][PrenameService][2022-08-06 04:34:46][INFO]: {'prename_id': 1, 'prename_text': 'นาย', 'enable': 'Y', 'created_at': datetime.datetime(2022, 4, 20, 0, 54, 26), 'updated_at': datetime.datetime(2022, 4, 20, 0, 54, 26)}
[WEB_SQL][PrenameService][2022-08-06 04:34:46][INFO]: {'prenameId': 1, 'prenameText': 'นาย'}
[WEB_SQL][PrenameService][2022-08-06 04:34:46][INFO]: {'prenameId': 1, 'prenameText': 'นาย'}
[WEB_SQL][PrenameService][2022-08-06 04:34:46][INFO]: {'prename_id': 2, 'prename_text': 'นาง', 'enable': 'Y', 'created_at': datetime.datetime(2022, 4, 20, 0, 54, 26), 'updated_at': datetime.datetime(2022, 4, 20, 0, 54, 26)}
[WEB_SQL][PrenameService][2022-08-06 04:34:46][INFO]: {'prename_id': 2, 'prename_text': 'นาง', 'enable': 'Y', 'created_at': datetime.datetime(2022, 4, 20, 0, 54, 26), 'updated_at': datetime.datetime(2022, 4, 20, 0, 54, 26)}
[WEB_SQL][PrenameService][2022-08-06 04:34:46][INFO]: {'prenameId': 2, 'prenameText': 'นาง'}
[WEB_SQL][PrenameService][2022-08-06 04:34:46][INFO]: {'prenameId': 2, 'prenameText': 'นาง'}
[WEB_SQL][PrenameService][2022-08-06 04:34:46][INFO]: {'prename_id': 3, 'prename_text': 'นางสาว', 'enable': 'Y', 'created_at': datetime.datetime(2022, 4, 20, 0, 54, 55), 'updated_at': datetime.datetime(2022, 4, 20, 0, 54, 55)}
[WEB_SQL][PrenameService][2022-08-06 04:34:46][INFO]: {'prename_id': 3, 'prename_text': 'นางสาว', 'enable': 'Y', 'created_at': datetime.datetime(2022, 4, 20, 0, 54, 55), 'updated_at': datetime.datetime(2022, 4, 20, 0, 54, 55)}
[WEB_SQL][PrenameService][2022-08-06 04:34:46][INFO]: {'prenameId': 3, 'prenameText': 'นางสาว'}
[WEB_SQL][PrenameService][2022-08-06 04:34:46][INFO]: {'prenameId': 3, 'prenameText': 'นางสาว'}
[WEB_SQL][PrenameService][2022-08-06 04:34:46][INFO]: {'prename_id': 4, 'prename_text': 'อ.ดร', 'enable': 'Y', 'created_at': datetime.datetime(2022, 4, 20, 0, 54, 55), 'updated_at': datetime.datetime(2022, 4, 20, 0, 54, 55)}
[WEB_SQL][PrenameService][2022-08-06 04:34:46][INFO]: {'prename_id': 4, 'prename_text': 'อ.ดร', 'enable': 'Y', 'created_at': datetime.datetime(2022, 4, 20, 0, 54, 55), 'updated_at': datetime.datetime(2022, 4, 20, 0, 54, 55)}
[WEB_SQL][PrenameService][2022-08-06 04:34:46][INFO]: {'prenameId': 4, 'prenameText': 'อ.ดร'}
[WEB_SQL][PrenameService][2022-08-06 04:34:46][INFO]: {'prenameId': 4, 'prenameText': 'อ.ดร'}
[WEB_SQL][PrenameService][2022-08-06 04:34:46][INFO]: {'prename_id': 5, 'prename_text': 'ผศ.ดร', 'enable': 'Y', 'created_at': datetime.datetime(2022, 4, 20, 0, 55, 29), 'updated_at': datetime.datetime(2022, 4, 20, 0, 55, 29)}
[WEB_SQL][PrenameService][2022-08-06 04:34:46][INFO]: {'prename_id': 5, 'prename_text': 'ผศ.ดร', 'enable': 'Y', 'created_at': datetime.datetime(2022, 4, 20, 0, 55, 29), 'updated_at': datetime.datetime(2022, 4, 20, 0, 55, 29)}
[WEB_SQL][PrenameService][2022-08-06 04:34:46][INFO]: {'prenameId': 5, 'prenameText': 'ผศ.ดร'}
[WEB_SQL][PrenameService][2022-08-06 04:34:46][INFO]: {'prenameId': 5, 'prenameText': 'ผศ.ดร'}
[WEB_SQL][PrenameService][2022-08-06 04:34:46][INFO]: {'prename_id': 6, 'prename_text': 'ศ.ดร', 'enable': 'Y', 'created_at': datetime.datetime(2022, 4, 20, 0, 55, 29), 'updated_at': datetime.datetime(2022, 4, 20, 0, 55, 29)}
[WEB_SQL][PrenameService][2022-08-06 04:34:46][INFO]: {'prename_id': 6, 'prename_text': 'ศ.ดร', 'enable': 'Y', 'created_at': datetime.datetime(2022, 4, 20, 0, 55, 29), 'updated_at': datetime.datetime(2022, 4, 20, 0, 55, 29)}
[WEB_SQL][PrenameService][2022-08-06 04:34:46][INFO]: {'prenameId': 6, 'prenameText': 'ศ.ดร'}
[WEB_SQL][PrenameService][2022-08-06 04:34:46][INFO]: {'prenameId': 6, 'prenameText': 'ศ.ดร'}
[WEB_SQL][UserRepository][2022-08-06 04:34:52][INFO]: QUERY : (SELECT u.user_id,u.user_username, u.user_firstname, u.user_lastname,u.user_prename,pt.prename_text, u.user_email, u.user_type,  IF((SELECT COUNT(*) FROM users u WHERE u.user_username='test')>0,1,0) AS USER_EXIST , IF((SELECT COUNT(*) FROM users u WHERE u.user_username = 'test' AND u.user_password='test' )>0, 1,0) AS USER_LOGIN FROM users u INNER JOIN prename_list pt ON pt.prename_id = u.user_prename WHERE u.enable='Y' AND pt.enable='Y' AND u.user_username='test' AND u.user_password='test' LIMIT 1) 
[WEB_SQL][UserService][2022-08-06 04:34:52][ERROR]: UserService userLogin() Exception: {}
[WEB_SQL][UserController][2022-08-06 04:34:52][ERROR]: UserController userLogin Exception: {"statusCode": 500, "message": "INTERNAL SERVER ERROR", "httpCode": [500], "stack": null}
[WEB_SQL][UserEventRouter][2022-08-06 04:34:52][ERROR]: UserEventRouter getAdmin() Exception : (500, 'INTERNAL SERVER ERROR', None)
[WEB_SQL][UserRouter][2022-08-06 04:34:52][ERROR]: UserRouter login() Exception : (500, 'INTERNAL SERVER ERROR', None)
[WEB_SQL][PrenameService][2022-08-06 04:35:53][INFO]: result : [{'prename_id': 1, 'prename_text': 'นาย', 'enable': 'Y', 'created_at': datetime.datetime(2022, 4, 20, 0, 54, 26), 'updated_at': datetime.datetime(2022, 4, 20, 0, 54, 26)}, {'prename_id': 2, 'prename_text': 'นาง', 'enable': 'Y', 'created_at': datetime.datetime(2022, 4, 20, 0, 54, 26), 'updated_at': datetime.datetime(2022, 4, 20, 0, 54, 26)}, {'prename_id': 3, 'prename_text': 'นางสาว', 'enable': 'Y', 'created_at': datetime.datetime(2022, 4, 20, 0, 54, 55), 'updated_at': datetime.datetime(2022, 4, 20, 0, 54, 55)}, {'prename_id': 4, 'prename_text': 'อ.ดร', 'enable': 'Y', 'created_at': datetime.datetime(2022, 4, 20, 0, 54, 55), 'updated_at': datetime.datetime(2022, 4, 20, 0, 54, 55)}, {'prename_id': 5, 'prename_text': 'ผศ.ดร', 'enable': 'Y', 'created_at': datetime.datetime(2022, 4, 20, 0, 55, 29), 'updated_at': datetime.datetime(2022, 4, 20, 0, 55, 29)}, {'prename_id': 6, 'prename_text': 'ศ.ดร', 'enable': 'Y', 'created_at': datetime.datetime(2022, 4, 20, 0, 55, 29), 'updated_at': datetime.datetime(2022, 4, 20, 0, 55, 29)}]
[WEB_SQL][PrenameService][2022-08-06 04:35:53][INFO]: result : [{'prename_id': 1, 'prename_text': 'นาย', 'enable': 'Y', 'created_at': datetime.datetime(2022, 4, 20, 0, 54, 26), 'updated_at': datetime.datetime(2022, 4, 20, 0, 54, 26)}, {'prename_id': 2, 'prename_text': 'นาง', 'enable': 'Y', 'created_at': datetime.datetime(2022, 4, 20, 0, 54, 26), 'updated_at': datetime.datetime(2022, 4, 20, 0, 54, 26)}, {'prename_id': 3, 'prename_text': 'นางสาว', 'enable': 'Y', 'created_at': datetime.datetime(2022, 4, 20, 0, 54, 55), 'updated_at': datetime.datetime(2022, 4, 20, 0, 54, 55)}, {'prename_id': 4, 'prename_text': 'อ.ดร', 'enable': 'Y', 'created_at': datetime.datetime(2022, 4, 20, 0, 54, 55), 'updated_at': datetime.datetime(2022, 4, 20, 0, 54, 55)}, {'prename_id': 5, 'prename_text': 'ผศ.ดร', 'enable': 'Y', 'created_at': datetime.datetime(2022, 4, 20, 0, 55, 29), 'updated_at': datetime.datetime(2022, 4, 20, 0, 55, 29)}, {'prename_id': 6, 'prename_text': 'ศ.ดร', 'enable': 'Y', 'created_at': datetime.datetime(2022, 4, 20, 0, 55, 29), 'updated_at': datetime.datetime(2022, 4, 20, 0, 55, 29)}]
[WEB_SQL][PrenameService][2022-08-06 04:35:53][INFO]: resultList : []
[WEB_SQL][PrenameService][2022-08-06 04:35:53][INFO]: resultList : []
[WEB_SQL][PrenameService][2022-08-06 04:35:53][INFO]: {'prename_id': 1, 'prename_text': 'นาย', 'enable': 'Y', 'created_at': datetime.datetime(2022, 4, 20, 0, 54, 26), 'updated_at': datetime.datetime(2022, 4, 20, 0, 54, 26)}
[WEB_SQL][PrenameService][2022-08-06 04:35:53][INFO]: {'prename_id': 1, 'prename_text': 'นาย', 'enable': 'Y', 'created_at': datetime.datetime(2022, 4, 20, 0, 54, 26), 'updated_at': datetime.datetime(2022, 4, 20, 0, 54, 26)}
[WEB_SQL][PrenameService][2022-08-06 04:35:53][INFO]: {'prenameId': 1, 'prenameText': 'นาย'}
[WEB_SQL][PrenameService][2022-08-06 04:35:53][INFO]: {'prenameId': 1, 'prenameText': 'นาย'}
[WEB_SQL][PrenameService][2022-08-06 04:35:53][INFO]: {'prename_id': 2, 'prename_text': 'นาง', 'enable': 'Y', 'created_at': datetime.datetime(2022, 4, 20, 0, 54, 26), 'updated_at': datetime.datetime(2022, 4, 20, 0, 54, 26)}
[WEB_SQL][PrenameService][2022-08-06 04:35:53][INFO]: {'prename_id': 2, 'prename_text': 'นาง', 'enable': 'Y', 'created_at': datetime.datetime(2022, 4, 20, 0, 54, 26), 'updated_at': datetime.datetime(2022, 4, 20, 0, 54, 26)}
[WEB_SQL][PrenameService][2022-08-06 04:35:53][INFO]: {'prenameId': 2, 'prenameText': 'นาง'}
[WEB_SQL][PrenameService][2022-08-06 04:35:53][INFO]: {'prenameId': 2, 'prenameText': 'นาง'}
[WEB_SQL][PrenameService][2022-08-06 04:35:53][INFO]: {'prename_id': 3, 'prename_text': 'นางสาว', 'enable': 'Y', 'created_at': datetime.datetime(2022, 4, 20, 0, 54, 55), 'updated_at': datetime.datetime(2022, 4, 20, 0, 54, 55)}
[WEB_SQL][PrenameService][2022-08-06 04:35:53][INFO]: {'prename_id': 3, 'prename_text': 'นางสาว', 'enable': 'Y', 'created_at': datetime.datetime(2022, 4, 20, 0, 54, 55), 'updated_at': datetime.datetime(2022, 4, 20, 0, 54, 55)}
[WEB_SQL][PrenameService][2022-08-06 04:35:53][INFO]: {'prenameId': 3, 'prenameText': 'นางสาว'}
[WEB_SQL][PrenameService][2022-08-06 04:35:53][INFO]: {'prenameId': 3, 'prenameText': 'นางสาว'}
[WEB_SQL][PrenameService][2022-08-06 04:35:53][INFO]: {'prename_id': 4, 'prename_text': 'อ.ดร', 'enable': 'Y', 'created_at': datetime.datetime(2022, 4, 20, 0, 54, 55), 'updated_at': datetime.datetime(2022, 4, 20, 0, 54, 55)}
[WEB_SQL][PrenameService][2022-08-06 04:35:53][INFO]: {'prename_id': 4, 'prename_text': 'อ.ดร', 'enable': 'Y', 'created_at': datetime.datetime(2022, 4, 20, 0, 54, 55), 'updated_at': datetime.datetime(2022, 4, 20, 0, 54, 55)}
[WEB_SQL][PrenameService][2022-08-06 04:35:53][INFO]: {'prenameId': 4, 'prenameText': 'อ.ดร'}
[WEB_SQL][PrenameService][2022-08-06 04:35:53][INFO]: {'prenameId': 4, 'prenameText': 'อ.ดร'}
[WEB_SQL][PrenameService][2022-08-06 04:35:53][INFO]: {'prename_id': 5, 'prename_text': 'ผศ.ดร', 'enable': 'Y', 'created_at': datetime.datetime(2022, 4, 20, 0, 55, 29), 'updated_at': datetime.datetime(2022, 4, 20, 0, 55, 29)}
[WEB_SQL][PrenameService][2022-08-06 04:35:53][INFO]: {'prename_id': 5, 'prename_text': 'ผศ.ดร', 'enable': 'Y', 'created_at': datetime.datetime(2022, 4, 20, 0, 55, 29), 'updated_at': datetime.datetime(2022, 4, 20, 0, 55, 29)}
[WEB_SQL][PrenameService][2022-08-06 04:35:53][INFO]: {'prenameId': 5, 'prenameText': 'ผศ.ดร'}
[WEB_SQL][PrenameService][2022-08-06 04:35:53][INFO]: {'prenameId': 5, 'prenameText': 'ผศ.ดร'}
[WEB_SQL][PrenameService][2022-08-06 04:35:53][INFO]: {'prename_id': 6, 'prename_text': 'ศ.ดร', 'enable': 'Y', 'created_at': datetime.datetime(2022, 4, 20, 0, 55, 29), 'updated_at': datetime.datetime(2022, 4, 20, 0, 55, 29)}
[WEB_SQL][PrenameService][2022-08-06 04:35:53][INFO]: {'prename_id': 6, 'prename_text': 'ศ.ดร', 'enable': 'Y', 'created_at': datetime.datetime(2022, 4, 20, 0, 55, 29), 'updated_at': datetime.datetime(2022, 4, 20, 0, 55, 29)}
[WEB_SQL][PrenameService][2022-08-06 04:35:53][INFO]: {'prenameId': 6, 'prenameText': 'ศ.ดร'}
[WEB_SQL][PrenameService][2022-08-06 04:35:53][INFO]: {'prenameId': 6, 'prenameText': 'ศ.ดร'}
[WEB_SQL][PrenameService][2022-08-06 04:38:03][INFO]: result : [{'prename_id': 1, 'prename_text': 'นาย', 'enable': 'Y', 'created_at': datetime.datetime(2022, 4, 20, 0, 54, 26), 'updated_at': datetime.datetime(2022, 4, 20, 0, 54, 26)}, {'prename_id': 2, 'prename_text': 'นาง', 'enable': 'Y', 'created_at': datetime.datetime(2022, 4, 20, 0, 54, 26), 'updated_at': datetime.datetime(2022, 4, 20, 0, 54, 26)}, {'prename_id': 3, 'prename_text': 'นางสาว', 'enable': 'Y', 'created_at': datetime.datetime(2022, 4, 20, 0, 54, 55), 'updated_at': datetime.datetime(2022, 4, 20, 0, 54, 55)}, {'prename_id': 4, 'prename_text': 'อ.ดร', 'enable': 'Y', 'created_at': datetime.datetime(2022, 4, 20, 0, 54, 55), 'updated_at': datetime.datetime(2022, 4, 20, 0, 54, 55)}, {'prename_id': 5, 'prename_text': 'ผศ.ดร', 'enable': 'Y', 'created_at': datetime.datetime(2022, 4, 20, 0, 55, 29), 'updated_at': datetime.datetime(2022, 4, 20, 0, 55, 29)}, {'prename_id': 6, 'prename_text': 'ศ.ดร', 'enable': 'Y', 'created_at': datetime.datetime(2022, 4, 20, 0, 55, 29), 'updated_at': datetime.datetime(2022, 4, 20, 0, 55, 29)}]
[WEB_SQL][PrenameService][2022-08-06 04:38:03][INFO]: result : [{'prename_id': 1, 'prename_text': 'นาย', 'enable': 'Y', 'created_at': datetime.datetime(2022, 4, 20, 0, 54, 26), 'updated_at': datetime.datetime(2022, 4, 20, 0, 54, 26)}, {'prename_id': 2, 'prename_text': 'นาง', 'enable': 'Y', 'created_at': datetime.datetime(2022, 4, 20, 0, 54, 26), 'updated_at': datetime.datetime(2022, 4, 20, 0, 54, 26)}, {'prename_id': 3, 'prename_text': 'นางสาว', 'enable': 'Y', 'created_at': datetime.datetime(2022, 4, 20, 0, 54, 55), 'updated_at': datetime.datetime(2022, 4, 20, 0, 54, 55)}, {'prename_id': 4, 'prename_text': 'อ.ดร', 'enable': 'Y', 'created_at': datetime.datetime(2022, 4, 20, 0, 54, 55), 'updated_at': datetime.datetime(2022, 4, 20, 0, 54, 55)}, {'prename_id': 5, 'prename_text': 'ผศ.ดร', 'enable': 'Y', 'created_at': datetime.datetime(2022, 4, 20, 0, 55, 29), 'updated_at': datetime.datetime(2022, 4, 20, 0, 55, 29)}, {'prename_id': 6, 'prename_text': 'ศ.ดร', 'enable': 'Y', 'created_at': datetime.datetime(2022, 4, 20, 0, 55, 29), 'updated_at': datetime.datetime(2022, 4, 20, 0, 55, 29)}]
[WEB_SQL][PrenameService][2022-08-06 04:38:03][INFO]: resultList : []
[WEB_SQL][PrenameService][2022-08-06 04:38:03][INFO]: resultList : []
[WEB_SQL][PrenameService][2022-08-06 04:38:03][INFO]: {'prename_id': 1, 'prename_text': 'นาย', 'enable': 'Y', 'created_at': datetime.datetime(2022, 4, 20, 0, 54, 26), 'updated_at': datetime.datetime(2022, 4, 20, 0, 54, 26)}
[WEB_SQL][PrenameService][2022-08-06 04:38:03][INFO]: {'prename_id': 1, 'prename_text': 'นาย', 'enable': 'Y', 'created_at': datetime.datetime(2022, 4, 20, 0, 54, 26), 'updated_at': datetime.datetime(2022, 4, 20, 0, 54, 26)}
[WEB_SQL][PrenameService][2022-08-06 04:38:03][INFO]: {'prenameId': 1, 'prenameText': 'นาย'}
[WEB_SQL][PrenameService][2022-08-06 04:38:03][INFO]: {'prenameId': 1, 'prenameText': 'นาย'}
[WEB_SQL][PrenameService][2022-08-06 04:38:03][INFO]: {'prename_id': 2, 'prename_text': 'นาง', 'enable': 'Y', 'created_at': datetime.datetime(2022, 4, 20, 0, 54, 26), 'updated_at': datetime.datetime(2022, 4, 20, 0, 54, 26)}
[WEB_SQL][PrenameService][2022-08-06 04:38:03][INFO]: {'prename_id': 2, 'prename_text': 'นาง', 'enable': 'Y', 'created_at': datetime.datetime(2022, 4, 20, 0, 54, 26), 'updated_at': datetime.datetime(2022, 4, 20, 0, 54, 26)}
[WEB_SQL][PrenameService][2022-08-06 04:38:03][INFO]: {'prenameId': 2, 'prenameText': 'นาง'}
[WEB_SQL][PrenameService][2022-08-06 04:38:03][INFO]: {'prenameId': 2, 'prenameText': 'นาง'}
[WEB_SQL][PrenameService][2022-08-06 04:38:03][INFO]: {'prename_id': 3, 'prename_text': 'นางสาว', 'enable': 'Y', 'created_at': datetime.datetime(2022, 4, 20, 0, 54, 55), 'updated_at': datetime.datetime(2022, 4, 20, 0, 54, 55)}
[WEB_SQL][PrenameService][2022-08-06 04:38:03][INFO]: {'prename_id': 3, 'prename_text': 'นางสาว', 'enable': 'Y', 'created_at': datetime.datetime(2022, 4, 20, 0, 54, 55), 'updated_at': datetime.datetime(2022, 4, 20, 0, 54, 55)}
[WEB_SQL][PrenameService][2022-08-06 04:38:03][INFO]: {'prenameId': 3, 'prenameText': 'นางสาว'}
[WEB_SQL][PrenameService][2022-08-06 04:38:03][INFO]: {'prenameId': 3, 'prenameText': 'นางสาว'}
[WEB_SQL][PrenameService][2022-08-06 04:38:03][INFO]: {'prename_id': 4, 'prename_text': 'อ.ดร', 'enable': 'Y', 'created_at': datetime.datetime(2022, 4, 20, 0, 54, 55), 'updated_at': datetime.datetime(2022, 4, 20, 0, 54, 55)}
[WEB_SQL][PrenameService][2022-08-06 04:38:03][INFO]: {'prename_id': 4, 'prename_text': 'อ.ดร', 'enable': 'Y', 'created_at': datetime.datetime(2022, 4, 20, 0, 54, 55), 'updated_at': datetime.datetime(2022, 4, 20, 0, 54, 55)}
[WEB_SQL][PrenameService][2022-08-06 04:38:03][INFO]: {'prenameId': 4, 'prenameText': 'อ.ดร'}
[WEB_SQL][PrenameService][2022-08-06 04:38:03][INFO]: {'prenameId': 4, 'prenameText': 'อ.ดร'}
[WEB_SQL][PrenameService][2022-08-06 04:38:03][INFO]: {'prename_id': 5, 'prename_text': 'ผศ.ดร', 'enable': 'Y', 'created_at': datetime.datetime(2022, 4, 20, 0, 55, 29), 'updated_at': datetime.datetime(2022, 4, 20, 0, 55, 29)}
[WEB_SQL][PrenameService][2022-08-06 04:38:03][INFO]: {'prename_id': 5, 'prename_text': 'ผศ.ดร', 'enable': 'Y', 'created_at': datetime.datetime(2022, 4, 20, 0, 55, 29), 'updated_at': datetime.datetime(2022, 4, 20, 0, 55, 29)}
[WEB_SQL][PrenameService][2022-08-06 04:38:03][INFO]: {'prenameId': 5, 'prenameText': 'ผศ.ดร'}
[WEB_SQL][PrenameService][2022-08-06 04:38:03][INFO]: {'prenameId': 5, 'prenameText': 'ผศ.ดร'}
[WEB_SQL][PrenameService][2022-08-06 04:38:03][INFO]: {'prename_id': 6, 'prename_text': 'ศ.ดร', 'enable': 'Y', 'created_at': datetime.datetime(2022, 4, 20, 0, 55, 29), 'updated_at': datetime.datetime(2022, 4, 20, 0, 55, 29)}
[WEB_SQL][PrenameService][2022-08-06 04:38:03][INFO]: {'prename_id': 6, 'prename_text': 'ศ.ดร', 'enable': 'Y', 'created_at': datetime.datetime(2022, 4, 20, 0, 55, 29), 'updated_at': datetime.datetime(2022, 4, 20, 0, 55, 29)}
[WEB_SQL][PrenameService][2022-08-06 04:38:03][INFO]: {'prenameId': 6, 'prenameText': 'ศ.ดร'}
[WEB_SQL][PrenameService][2022-08-06 04:38:03][INFO]: {'prenameId': 6, 'prenameText': 'ศ.ดร'}
[WEB_SQL][UserRepository][2022-08-06 04:38:06][INFO]: QUERY : (SELECT u.user_id,u.user_username, u.user_firstname, u.user_lastname,u.user_prename,pt.prename_text, u.user_email, u.user_type,  IF((SELECT COUNT(*) FROM users u WHERE u.user_username='test')>0,1,0) AS USER_EXIST , IF((SELECT COUNT(*) FROM users u WHERE u.user_username = 'test' AND u.user_password='test' )>0, 1,0) AS USER_LOGIN FROM users u INNER JOIN prename_list pt ON pt.prename_id = u.user_prename WHERE u.enable='Y' AND pt.enable='Y' AND u.user_username='test' AND u.user_password='test' LIMIT 1) 
[WEB_SQL][UserRepository][2022-08-06 04:38:06][ERROR]: UserRepository userLogin Exception: {}
[WEB_SQL][UserService][2022-08-06 04:38:06][ERROR]: UserService userLogin() Exception: {"statusCode": 500, "message": "INTERNAL SERVER ERROR", "httpCode": [500], "stack": "list indices must be integers or slices, not str"}
[WEB_SQL][UserController][2022-08-06 04:38:06][ERROR]: UserController userLogin Exception: {"statusCode": 500, "message": "INTERNAL SERVER ERROR", "httpCode": [500], "stack": "list indices must be integers or slices, not str"}
[WEB_SQL][UserEventRouter][2022-08-06 04:38:06][ERROR]: UserEventRouter getAdmin() Exception : (500, 'INTERNAL SERVER ERROR', 'list indices must be integers or slices, not str')
[WEB_SQL][UserRouter][2022-08-06 04:38:06][ERROR]: UserRouter login() Exception : (500, 'INTERNAL SERVER ERROR', 'list indices must be integers or slices, not str')
[WEB_SQL][UserRepository][2022-08-06 04:39:06][INFO]: QUERY : (SELECT u.user_id,u.user_username, u.user_firstname, u.user_lastname,u.user_prename,pt.prename_text, u.user_email, u.user_type,  IF((SELECT COUNT(*) FROM users u WHERE u.user_username='test')>0,1,0) AS USER_EXIST , IF((SELECT COUNT(*) FROM users u WHERE u.user_username = 'test' AND u.user_password='test' )>0, 1,0) AS USER_LOGIN FROM users u INNER JOIN prename_list pt ON pt.prename_id = u.user_prename WHERE u.enable='Y' AND pt.enable='Y' AND u.user_username='test' AND u.user_password='test' LIMIT 1) 
[WEB_SQL][UserRepository][2022-08-06 04:39:06][INFO]: try1
[WEB_SQL][UserRepository][2022-08-06 04:39:06][ERROR]: UserRepository userLogin Exception: {}
[WEB_SQL][UserService][2022-08-06 04:39:06][ERROR]: UserService userLogin() Exception: {"statusCode": 500, "message": "INTERNAL SERVER ERROR", "httpCode": [500], "stack": "list indices must be integers or slices, not str"}
[WEB_SQL][UserController][2022-08-06 04:39:06][ERROR]: UserController userLogin Exception: {"statusCode": 500, "message": "INTERNAL SERVER ERROR", "httpCode": [500], "stack": "list indices must be integers or slices, not str"}
[WEB_SQL][UserEventRouter][2022-08-06 04:39:06][ERROR]: UserEventRouter getAdmin() Exception : (500, 'INTERNAL SERVER ERROR', 'list indices must be integers or slices, not str')
[WEB_SQL][UserRouter][2022-08-06 04:39:06][ERROR]: UserRouter login() Exception : (500, 'INTERNAL SERVER ERROR', 'list indices must be integers or slices, not str')
[WEB_SQL][UserRepository][2022-08-06 04:39:45][INFO]: QUERY : (SELECT u.user_id,u.user_username, u.user_firstname, u.user_lastname,u.user_prename,pt.prename_text, u.user_email, u.user_type,  IF((SELECT COUNT(*) FROM users u WHERE u.user_username='test')>0,1,0) AS USER_EXIST , IF((SELECT COUNT(*) FROM users u WHERE u.user_username = 'test' AND u.user_password='test' )>0, 1,0) AS USER_LOGIN FROM users u INNER JOIN prename_list pt ON pt.prename_id = u.user_prename WHERE u.enable='Y' AND pt.enable='Y' AND u.user_username='test' AND u.user_password='test' LIMIT 1) 
[WEB_SQL][UserRepository][2022-08-06 04:39:45][INFO]: item : [{'user_id': 1, 'user_username': 'test', 'user_firstname': 't', 'user_lastname': 't', 'user_prename': 1, 'prename_text': 'นาย', 'user_email': None, 'user_type': 'ADMIN', 'USER_EXIST': 1, 'USER_LOGIN': 1}]
[WEB_SQL][UserRepository][2022-08-06 04:39:45][ERROR]: UserRepository userLogin Exception: {}
[WEB_SQL][UserService][2022-08-06 04:39:45][ERROR]: UserService userLogin() Exception: {"statusCode": 500, "message": "INTERNAL SERVER ERROR", "httpCode": [500], "stack": "list indices must be integers or slices, not str"}
[WEB_SQL][UserController][2022-08-06 04:39:45][ERROR]: UserController userLogin Exception: {"statusCode": 500, "message": "INTERNAL SERVER ERROR", "httpCode": [500], "stack": "list indices must be integers or slices, not str"}
[WEB_SQL][UserEventRouter][2022-08-06 04:39:45][ERROR]: UserEventRouter getAdmin() Exception : (500, 'INTERNAL SERVER ERROR', 'list indices must be integers or slices, not str')
[WEB_SQL][UserRouter][2022-08-06 04:39:45][ERROR]: UserRouter login() Exception : (500, 'INTERNAL SERVER ERROR', 'list indices must be integers or slices, not str')
[WEB_SQL][UserRepository][2022-08-06 04:42:00][INFO]: QUERY : (SELECT u.user_id,u.user_username, u.user_firstname, u.user_lastname,u.user_prename,pt.prename_text, u.user_email, u.user_type,  IF((SELECT COUNT(*) FROM users u WHERE u.user_username='test')>0,1,0) AS USER_EXIST , IF((SELECT COUNT(*) FROM users u WHERE u.user_username = 'test' AND u.user_password='test' )>0, 1,0) AS USER_LOGIN FROM users u INNER JOIN prename_list pt ON pt.prename_id = u.user_prename WHERE u.enable='Y' AND pt.enable='Y' AND u.user_username='test' AND u.user_password='test' LIMIT 1) 
[WEB_SQL][UserService][2022-08-06 04:42:00][ERROR]: UserService userLogin() Exception: {}
[WEB_SQL][UserController][2022-08-06 04:42:00][ERROR]: UserController userLogin Exception: {"statusCode": 500, "message": "INTERNAL SERVER ERROR", "httpCode": [500], "stack": null}
[WEB_SQL][UserEventRouter][2022-08-06 04:42:00][ERROR]: UserEventRouter getAdmin() Exception : (500, 'INTERNAL SERVER ERROR', None)
[WEB_SQL][UserRouter][2022-08-06 04:42:00][ERROR]: UserRouter login() Exception : (500, 'INTERNAL SERVER ERROR', None)
[WEB_SQL][UserRepository][2022-08-06 04:42:46][INFO]: QUERY : (SELECT u.user_id,u.user_username, u.user_firstname, u.user_lastname,u.user_prename,pt.prename_text, u.user_email, u.user_type,  IF((SELECT COUNT(*) FROM users u WHERE u.user_username='test')>0,1,0) AS USER_EXIST , IF((SELECT COUNT(*) FROM users u WHERE u.user_username = 'test' AND u.user_password='test' )>0, 1,0) AS USER_LOGIN FROM users u INNER JOIN prename_list pt ON pt.prename_id = u.user_prename WHERE u.enable='Y' AND pt.enable='Y' AND u.user_username='test' AND u.user_password='test' LIMIT 1) 
[WEB_SQL][UserRepository][2022-08-06 04:42:46][INFO]: item : [{'user_id': 1, 'user_username': 'test', 'user_firstname': 't', 'user_lastname': 't', 'user_prename': 1, 'prename_text': 'นาย', 'user_email': None, 'user_type': 'ADMIN', 'USER_EXIST': 1, 'USER_LOGIN': 1}]
[WEB_SQL][UserRepository][2022-08-06 04:42:46][ERROR]: UserRepository userLogin Exception: {}
[WEB_SQL][UserService][2022-08-06 04:42:46][ERROR]: UserService userLogin() Exception: {"statusCode": 500, "message": "INTERNAL SERVER ERROR", "httpCode": [500], "stack": "list indices must be integers or slices, not str"}
[WEB_SQL][UserController][2022-08-06 04:42:46][ERROR]: UserController userLogin Exception: {"statusCode": 500, "message": "INTERNAL SERVER ERROR", "httpCode": [500], "stack": "list indices must be integers or slices, not str"}
[WEB_SQL][UserEventRouter][2022-08-06 04:42:46][ERROR]: UserEventRouter getAdmin() Exception : (500, 'INTERNAL SERVER ERROR', 'list indices must be integers or slices, not str')
[WEB_SQL][UserRouter][2022-08-06 04:42:46][ERROR]: UserRouter login() Exception : (500, 'INTERNAL SERVER ERROR', 'list indices must be integers or slices, not str')
[WEB_SQL][UserRepository][2022-08-06 04:44:13][INFO]: QUERY : (SELECT u.user_id,u.user_username, u.user_firstname, u.user_lastname,u.user_prename,pt.prename_text, u.user_email, u.user_type,  IF((SELECT COUNT(*) FROM users u WHERE u.user_username='test')>0,1,0) AS USER_EXIST , IF((SELECT COUNT(*) FROM users u WHERE u.user_username = 'test' AND u.user_password='test' )>0, 1,0) AS USER_LOGIN FROM users u INNER JOIN prename_list pt ON pt.prename_id = u.user_prename WHERE u.enable='Y' AND pt.enable='Y' AND u.user_username='test' AND u.user_password='test' LIMIT 1) 
[WEB_SQL][UserRepository][2022-08-06 04:44:13][INFO]: item : [{'user_id': 1, 'user_username': 'test', 'user_firstname': 't', 'user_lastname': 't', 'user_prename': 1, 'prename_text': 'นาย', 'user_email': None, 'user_type': 'ADMIN', 'USER_EXIST': 1, 'USER_LOGIN': 1}]
[WEB_SQL][UserRepository][2022-08-06 04:44:13][ERROR]: UserRepository userLogin Exception: {}
[WEB_SQL][UserService][2022-08-06 04:44:13][ERROR]: UserService userLogin() Exception: {"statusCode": 500, "message": "INTERNAL SERVER ERROR", "httpCode": [500], "stack": "list indices must be integers or slices, not str"}
[WEB_SQL][UserController][2022-08-06 04:44:13][ERROR]: UserController userLogin Exception: {"statusCode": 500, "message": "INTERNAL SERVER ERROR", "httpCode": [500], "stack": "list indices must be integers or slices, not str"}
[WEB_SQL][UserEventRouter][2022-08-06 04:44:13][ERROR]: UserEventRouter getAdmin() Exception : (500, 'INTERNAL SERVER ERROR', 'list indices must be integers or slices, not str')
[WEB_SQL][UserRouter][2022-08-06 04:44:13][ERROR]: UserRouter login() Exception : (500, 'INTERNAL SERVER ERROR', 'list indices must be integers or slices, not str')
[WEB_SQL][UserRepository][2022-08-06 04:44:17][INFO]: QUERY : (SELECT u.user_id,u.user_username, u.user_firstname, u.user_lastname,u.user_prename,pt.prename_text, u.user_email, u.user_type,  IF((SELECT COUNT(*) FROM users u WHERE u.user_username='test')>0,1,0) AS USER_EXIST , IF((SELECT COUNT(*) FROM users u WHERE u.user_username = 'test' AND u.user_password='test' )>0, 1,0) AS USER_LOGIN FROM users u INNER JOIN prename_list pt ON pt.prename_id = u.user_prename WHERE u.enable='Y' AND pt.enable='Y' AND u.user_username='test' AND u.user_password='test' LIMIT 1) 
[WEB_SQL][UserRepository][2022-08-06 04:44:17][INFO]: item : [{'user_id': 1, 'user_username': 'test', 'user_firstname': 't', 'user_lastname': 't', 'user_prename': 1, 'prename_text': 'นาย', 'user_email': None, 'user_type': 'ADMIN', 'USER_EXIST': 1, 'USER_LOGIN': 1}]
[WEB_SQL][UserRepository][2022-08-06 04:44:17][ERROR]: UserRepository userLogin Exception: {}
[WEB_SQL][UserService][2022-08-06 04:44:17][ERROR]: UserService userLogin() Exception: {"statusCode": 500, "message": "INTERNAL SERVER ERROR", "httpCode": [500], "stack": "list indices must be integers or slices, not str"}
[WEB_SQL][UserController][2022-08-06 04:44:17][ERROR]: UserController userLogin Exception: {"statusCode": 500, "message": "INTERNAL SERVER ERROR", "httpCode": [500], "stack": "list indices must be integers or slices, not str"}
[WEB_SQL][UserEventRouter][2022-08-06 04:44:17][ERROR]: UserEventRouter getAdmin() Exception : (500, 'INTERNAL SERVER ERROR', 'list indices must be integers or slices, not str')
[WEB_SQL][UserRouter][2022-08-06 04:44:17][ERROR]: UserRouter login() Exception : (500, 'INTERNAL SERVER ERROR', 'list indices must be integers or slices, not str')
[WEB_SQL][UserRepository][2022-08-06 04:44:18][INFO]: QUERY : (SELECT u.user_id,u.user_username, u.user_firstname, u.user_lastname,u.user_prename,pt.prename_text, u.user_email, u.user_type,  IF((SELECT COUNT(*) FROM users u WHERE u.user_username='test')>0,1,0) AS USER_EXIST , IF((SELECT COUNT(*) FROM users u WHERE u.user_username = 'test' AND u.user_password='test' )>0, 1,0) AS USER_LOGIN FROM users u INNER JOIN prename_list pt ON pt.prename_id = u.user_prename WHERE u.enable='Y' AND pt.enable='Y' AND u.user_username='test' AND u.user_password='test' LIMIT 1) 
[WEB_SQL][UserRepository][2022-08-06 04:44:18][INFO]: item : [{'user_id': 1, 'user_username': 'test', 'user_firstname': 't', 'user_lastname': 't', 'user_prename': 1, 'prename_text': 'นาย', 'user_email': None, 'user_type': 'ADMIN', 'USER_EXIST': 1, 'USER_LOGIN': 1}]
[WEB_SQL][UserRepository][2022-08-06 04:44:18][ERROR]: UserRepository userLogin Exception: {}
[WEB_SQL][UserService][2022-08-06 04:44:18][ERROR]: UserService userLogin() Exception: {"statusCode": 500, "message": "INTERNAL SERVER ERROR", "httpCode": [500], "stack": "list indices must be integers or slices, not str"}
[WEB_SQL][UserController][2022-08-06 04:44:18][ERROR]: UserController userLogin Exception: {"statusCode": 500, "message": "INTERNAL SERVER ERROR", "httpCode": [500], "stack": "list indices must be integers or slices, not str"}
[WEB_SQL][UserEventRouter][2022-08-06 04:44:18][ERROR]: UserEventRouter getAdmin() Exception : (500, 'INTERNAL SERVER ERROR', 'list indices must be integers or slices, not str')
[WEB_SQL][UserRouter][2022-08-06 04:44:18][ERROR]: UserRouter login() Exception : (500, 'INTERNAL SERVER ERROR', 'list indices must be integers or slices, not str')
[WEB_SQL][UserRepository][2022-08-06 04:44:18][INFO]: QUERY : (SELECT u.user_id,u.user_username, u.user_firstname, u.user_lastname,u.user_prename,pt.prename_text, u.user_email, u.user_type,  IF((SELECT COUNT(*) FROM users u WHERE u.user_username='test')>0,1,0) AS USER_EXIST , IF((SELECT COUNT(*) FROM users u WHERE u.user_username = 'test' AND u.user_password='test' )>0, 1,0) AS USER_LOGIN FROM users u INNER JOIN prename_list pt ON pt.prename_id = u.user_prename WHERE u.enable='Y' AND pt.enable='Y' AND u.user_username='test' AND u.user_password='test' LIMIT 1) 
[WEB_SQL][UserRepository][2022-08-06 04:44:18][INFO]: item : [{'user_id': 1, 'user_username': 'test', 'user_firstname': 't', 'user_lastname': 't', 'user_prename': 1, 'prename_text': 'นาย', 'user_email': None, 'user_type': 'ADMIN', 'USER_EXIST': 1, 'USER_LOGIN': 1}]
[WEB_SQL][UserRepository][2022-08-06 04:44:18][ERROR]: UserRepository userLogin Exception: {}
[WEB_SQL][UserService][2022-08-06 04:44:18][ERROR]: UserService userLogin() Exception: {"statusCode": 500, "message": "INTERNAL SERVER ERROR", "httpCode": [500], "stack": "list indices must be integers or slices, not str"}
[WEB_SQL][UserController][2022-08-06 04:44:18][ERROR]: UserController userLogin Exception: {"statusCode": 500, "message": "INTERNAL SERVER ERROR", "httpCode": [500], "stack": "list indices must be integers or slices, not str"}
[WEB_SQL][UserEventRouter][2022-08-06 04:44:18][ERROR]: UserEventRouter getAdmin() Exception : (500, 'INTERNAL SERVER ERROR', 'list indices must be integers or slices, not str')
[WEB_SQL][UserRouter][2022-08-06 04:44:18][ERROR]: UserRouter login() Exception : (500, 'INTERNAL SERVER ERROR', 'list indices must be integers or slices, not str')
[WEB_SQL][UserRepository][2022-08-06 04:45:13][INFO]: QUERY : (SELECT u.user_id,u.user_username, u.user_firstname, u.user_lastname,u.user_prename,pt.prename_text, u.user_email, u.user_type,  IF((SELECT COUNT(*) FROM users u WHERE u.user_username='test')>0,1,0) AS USER_EXIST , IF((SELECT COUNT(*) FROM users u WHERE u.user_username = 'test' AND u.user_password='test' )>0, 1,0) AS USER_LOGIN FROM users u INNER JOIN prename_list pt ON pt.prename_id = u.user_prename WHERE u.enable='Y' AND pt.enable='Y' AND u.user_username='test' AND u.user_password='test' LIMIT 1) 
[WEB_SQL][UserService][2022-08-06 04:45:13][ERROR]: UserService userLogin() Exception: {}
[WEB_SQL][UserController][2022-08-06 04:45:13][ERROR]: UserController userLogin Exception: {"statusCode": 500, "message": "INTERNAL SERVER ERROR", "httpCode": [500], "stack": null}
[WEB_SQL][UserEventRouter][2022-08-06 04:45:13][ERROR]: UserEventRouter getAdmin() Exception : (500, 'INTERNAL SERVER ERROR', None)
[WEB_SQL][UserRouter][2022-08-06 04:45:13][ERROR]: UserRouter login() Exception : (500, 'INTERNAL SERVER ERROR', None)
[WEB_SQL][UserRepository][2022-08-06 04:45:15][INFO]: QUERY : (SELECT u.user_id,u.user_username, u.user_firstname, u.user_lastname,u.user_prename,pt.prename_text, u.user_email, u.user_type,  IF((SELECT COUNT(*) FROM users u WHERE u.user_username='test')>0,1,0) AS USER_EXIST , IF((SELECT COUNT(*) FROM users u WHERE u.user_username = 'test' AND u.user_password='test' )>0, 1,0) AS USER_LOGIN FROM users u INNER JOIN prename_list pt ON pt.prename_id = u.user_prename WHERE u.enable='Y' AND pt.enable='Y' AND u.user_username='test' AND u.user_password='test' LIMIT 1) 
[WEB_SQL][UserService][2022-08-06 04:45:15][ERROR]: UserService userLogin() Exception: {}
[WEB_SQL][UserController][2022-08-06 04:45:15][ERROR]: UserController userLogin Exception: {"statusCode": 500, "message": "INTERNAL SERVER ERROR", "httpCode": [500], "stack": null}
[WEB_SQL][UserEventRouter][2022-08-06 04:45:15][ERROR]: UserEventRouter getAdmin() Exception : (500, 'INTERNAL SERVER ERROR', None)
[WEB_SQL][UserRouter][2022-08-06 04:45:15][ERROR]: UserRouter login() Exception : (500, 'INTERNAL SERVER ERROR', None)
[WEB_SQL][UserRepository][2022-08-06 04:46:28][INFO]: QUERY : (SELECT u.user_id,u.user_username, u.user_firstname, u.user_lastname,u.user_prename,pt.prename_text, u.user_email, u.user_type,  IF((SELECT COUNT(*) FROM users u WHERE u.user_username='test')>0,1,0) AS USER_EXIST , IF((SELECT COUNT(*) FROM users u WHERE u.user_username = 'test' AND u.user_password='test' )>0, 1,0) AS USER_LOGIN FROM users u INNER JOIN prename_list pt ON pt.prename_id = u.user_prename WHERE u.enable='Y' AND pt.enable='Y' AND u.user_username='test' AND u.user_password='test' LIMIT 1) 
[WEB_SQL][UserRepository][2022-08-06 04:46:28][INFO]: item : [{'user_id': 1, 'user_username': 'test', 'user_firstname': 't', 'user_lastname': 't', 'user_prename': 1, 'prename_text': 'นาย', 'user_email': None, 'user_type': 'ADMIN', 'USER_EXIST': 1, 'USER_LOGIN': 1}]
[WEB_SQL][UserRepository][2022-08-06 04:46:28][ERROR]: UserRepository userLogin Exception: {}
[WEB_SQL][UserService][2022-08-06 04:46:28][ERROR]: UserService userLogin() Exception: {"statusCode": 500, "message": "INTERNAL SERVER ERROR", "httpCode": [500], "stack": "list indices must be integers or slices, not str"}
[WEB_SQL][UserController][2022-08-06 04:46:28][ERROR]: UserController userLogin Exception: {"statusCode": 500, "message": "INTERNAL SERVER ERROR", "httpCode": [500], "stack": "list indices must be integers or slices, not str"}
[WEB_SQL][UserEventRouter][2022-08-06 04:46:28][ERROR]: UserEventRouter getAdmin() Exception : (500, 'INTERNAL SERVER ERROR', 'list indices must be integers or slices, not str')
[WEB_SQL][UserRouter][2022-08-06 04:46:28][ERROR]: UserRouter login() Exception : (500, 'INTERNAL SERVER ERROR', 'list indices must be integers or slices, not str')
[WEB_SQL][UserRepository][2022-08-06 04:49:09][INFO]: QUERY : (SELECT u.user_id,u.user_username, u.user_firstname, u.user_lastname,u.user_prename,pt.prename_text, u.user_email, u.user_type,  IF((SELECT COUNT(*) FROM users u WHERE u.user_username='test')>0,1,0) AS USER_EXIST , IF((SELECT COUNT(*) FROM users u WHERE u.user_username = 'test' AND u.user_password='test' )>0, 1,0) AS USER_LOGIN FROM users u INNER JOIN prename_list pt ON pt.prename_id = u.user_prename WHERE u.enable='Y' AND pt.enable='Y' AND u.user_username='test' AND u.user_password='test' LIMIT 1) 
[WEB_SQL][UserRepository][2022-08-06 04:57:38][ERROR]: UserRepository userLogin Exception: {}
[WEB_SQL][UserService][2022-08-06 04:57:38][ERROR]: UserService userLogin() Exception: {}
[WEB_SQL][UserController][2022-08-06 04:57:38][ERROR]: UserController userLogin Exception: {"statusCode": 500, "message": "INTERNAL SERVER ERROR", "httpCode": [500], "stack": null}
[WEB_SQL][UserEventRouter][2022-08-06 04:57:38][ERROR]: UserEventRouter getAdmin() Exception : (500, 'INTERNAL SERVER ERROR', None)
[WEB_SQL][UserRouter][2022-08-06 04:57:38][ERROR]: UserRouter login() Exception : (500, 'INTERNAL SERVER ERROR', None)
